[4.190s] Invoking command in '/home/deepspeed/ICRA2024/f1tenth_ws/build/vesc_driver': CMAKE_PREFIX_PATH=/home/deepspeed/ICRA2024/f1tenth_ws/install/vesc_msgs:/home/deepspeed/ICRA2024/f1tenth_ws/install/vesc:/home/deepspeed/ICRA2024/f1tenth_ws/install/vesc_driver:/home/deepspeed/ICRA2024/f1tenth_ws/install/vesc_ackermann:/home/deepspeed/ICRA2024/f1tenth_ws/install/teleop_tools:/home/deepspeed/ICRA2024/f1tenth_ws/install/teleop_tools_msgs:/home/deepspeed/ICRA2024/f1tenth_ws/install/ackermann_mux:/home/deepspeed/ICRA2024/f1tenth_ws/install/f1tenth_stack:/home/deepspeed/ICRA2024/f1tenth_ws/install/joy_teleop:/home/deepspeed/ICRA2024/f1tenth_ws/install/mouse_teleop:/home/deepspeed/ICRA2024/f1tenth_ws/install/key_teleop:/home/deepspeed/ICRA2024/f1tenth_ws/install/automatic_emergency_braking:/opt/ros/foxy LD_LIBRARY_PATH=/home/deepspeed/ICRA2024/f1tenth_ws/install/vesc_msgs/lib:/home/deepspeed/ICRA2024/f1tenth_ws/install/vesc_driver/lib:/home/deepspeed/ICRA2024/f1tenth_ws/install/vesc_ackermann/lib:/home/deepspeed/ICRA2024/f1tenth_ws/install/teleop_tools_msgs/lib:/opt/ros/foxy/opt/yaml_cpp_vendor/lib:/opt/ros/foxy/opt/rviz_ogre_vendor/lib:/opt/ros/foxy/lib/aarch64-linux-gnu:/opt/ros/foxy/lib PYTHONPATH=/home/deepspeed/ICRA2024/f1tenth_ws/install/vesc_msgs/lib/python3.8/site-packages:/home/deepspeed/ICRA2024/f1tenth_ws/install/f1tenth_stack/lib/python3.8/site-packages:/home/deepspeed/ICRA2024/f1tenth_ws/install/joy_teleop/lib/python3.8/site-packages:/home/deepspeed/ICRA2024/f1tenth_ws/install/teleop_tools_msgs/lib/python3.8/site-packages:/home/deepspeed/ICRA2024/f1tenth_ws/install/mouse_teleop/lib/python3.8/site-packages:/home/deepspeed/ICRA2024/f1tenth_ws/install/key_teleop/lib/python3.8/site-packages:/home/deepspeed/ICRA2024/f1tenth_ws/install/automatic_emergency_braking/lib/python3.8/site-packages:/opt/ros/foxy/lib/python3.8/site-packages /usr/bin/cmake --build /home/deepspeed/ICRA2024/f1tenth_ws/build/vesc_driver -- -j6 -l6
[4.586s] [ 20%] Built target vesc_driver_node
[4.604s] [ 70%] Built target vesc_driver
[4.753s] [100%] Built target vesc_device_namer
[6.136s] Invoked command in '/home/deepspeed/ICRA2024/f1tenth_ws/build/vesc_driver' returned '0': CMAKE_PREFIX_PATH=/home/deepspeed/ICRA2024/f1tenth_ws/install/vesc_msgs:/home/deepspeed/ICRA2024/f1tenth_ws/install/vesc:/home/deepspeed/ICRA2024/f1tenth_ws/install/vesc_driver:/home/deepspeed/ICRA2024/f1tenth_ws/install/vesc_ackermann:/home/deepspeed/ICRA2024/f1tenth_ws/install/teleop_tools:/home/deepspeed/ICRA2024/f1tenth_ws/install/teleop_tools_msgs:/home/deepspeed/ICRA2024/f1tenth_ws/install/ackermann_mux:/home/deepspeed/ICRA2024/f1tenth_ws/install/f1tenth_stack:/home/deepspeed/ICRA2024/f1tenth_ws/install/joy_teleop:/home/deepspeed/ICRA2024/f1tenth_ws/install/mouse_teleop:/home/deepspeed/ICRA2024/f1tenth_ws/install/key_teleop:/home/deepspeed/ICRA2024/f1tenth_ws/install/automatic_emergency_braking:/opt/ros/foxy LD_LIBRARY_PATH=/home/deepspeed/ICRA2024/f1tenth_ws/install/vesc_msgs/lib:/home/deepspeed/ICRA2024/f1tenth_ws/install/vesc_driver/lib:/home/deepspeed/ICRA2024/f1tenth_ws/install/vesc_ackermann/lib:/home/deepspeed/ICRA2024/f1tenth_ws/install/teleop_tools_msgs/lib:/opt/ros/foxy/opt/yaml_cpp_vendor/lib:/opt/ros/foxy/opt/rviz_ogre_vendor/lib:/opt/ros/foxy/lib/aarch64-linux-gnu:/opt/ros/foxy/lib PYTHONPATH=/home/deepspeed/ICRA2024/f1tenth_ws/install/vesc_msgs/lib/python3.8/site-packages:/home/deepspeed/ICRA2024/f1tenth_ws/install/f1tenth_stack/lib/python3.8/site-packages:/home/deepspeed/ICRA2024/f1tenth_ws/install/joy_teleop/lib/python3.8/site-packages:/home/deepspeed/ICRA2024/f1tenth_ws/install/teleop_tools_msgs/lib/python3.8/site-packages:/home/deepspeed/ICRA2024/f1tenth_ws/install/mouse_teleop/lib/python3.8/site-packages:/home/deepspeed/ICRA2024/f1tenth_ws/install/key_teleop/lib/python3.8/site-packages:/home/deepspeed/ICRA2024/f1tenth_ws/install/automatic_emergency_braking/lib/python3.8/site-packages:/opt/ros/foxy/lib/python3.8/site-packages /usr/bin/cmake --build /home/deepspeed/ICRA2024/f1tenth_ws/build/vesc_driver -- -j6 -l6
[6.424s] Invoking command in '/home/deepspeed/ICRA2024/f1tenth_ws/build/vesc_driver': CMAKE_PREFIX_PATH=/home/deepspeed/ICRA2024/f1tenth_ws/install/vesc_msgs:/home/deepspeed/ICRA2024/f1tenth_ws/install/vesc:/home/deepspeed/ICRA2024/f1tenth_ws/install/vesc_driver:/home/deepspeed/ICRA2024/f1tenth_ws/install/vesc_ackermann:/home/deepspeed/ICRA2024/f1tenth_ws/install/teleop_tools:/home/deepspeed/ICRA2024/f1tenth_ws/install/teleop_tools_msgs:/home/deepspeed/ICRA2024/f1tenth_ws/install/ackermann_mux:/home/deepspeed/ICRA2024/f1tenth_ws/install/f1tenth_stack:/home/deepspeed/ICRA2024/f1tenth_ws/install/joy_teleop:/home/deepspeed/ICRA2024/f1tenth_ws/install/mouse_teleop:/home/deepspeed/ICRA2024/f1tenth_ws/install/key_teleop:/home/deepspeed/ICRA2024/f1tenth_ws/install/automatic_emergency_braking:/opt/ros/foxy LD_LIBRARY_PATH=/home/deepspeed/ICRA2024/f1tenth_ws/install/vesc_msgs/lib:/home/deepspeed/ICRA2024/f1tenth_ws/install/vesc_driver/lib:/home/deepspeed/ICRA2024/f1tenth_ws/install/vesc_ackermann/lib:/home/deepspeed/ICRA2024/f1tenth_ws/install/teleop_tools_msgs/lib:/opt/ros/foxy/opt/yaml_cpp_vendor/lib:/opt/ros/foxy/opt/rviz_ogre_vendor/lib:/opt/ros/foxy/lib/aarch64-linux-gnu:/opt/ros/foxy/lib PYTHONPATH=/home/deepspeed/ICRA2024/f1tenth_ws/install/vesc_msgs/lib/python3.8/site-packages:/home/deepspeed/ICRA2024/f1tenth_ws/install/f1tenth_stack/lib/python3.8/site-packages:/home/deepspeed/ICRA2024/f1tenth_ws/install/joy_teleop/lib/python3.8/site-packages:/home/deepspeed/ICRA2024/f1tenth_ws/install/teleop_tools_msgs/lib/python3.8/site-packages:/home/deepspeed/ICRA2024/f1tenth_ws/install/mouse_teleop/lib/python3.8/site-packages:/home/deepspeed/ICRA2024/f1tenth_ws/install/key_teleop/lib/python3.8/site-packages:/home/deepspeed/ICRA2024/f1tenth_ws/install/automatic_emergency_braking/lib/python3.8/site-packages:/opt/ros/foxy/lib/python3.8/site-packages /usr/bin/cmake --install /home/deepspeed/ICRA2024/f1tenth_ws/build/vesc_driver
[6.470s] -- Install configuration: ""
[6.474s] -- Up-to-date: /home/deepspeed/ICRA2024/f1tenth_ws/install/vesc_driver/lib/vesc_driver/vesc_driver_node
[6.477s] -- Up-to-date: /home/deepspeed/ICRA2024/f1tenth_ws/install/vesc_driver/include
[6.478s] -- Up-to-date: /home/deepspeed/ICRA2024/f1tenth_ws/install/vesc_driver/include/vesc_driver
[6.478s] -- Up-to-date: /home/deepspeed/ICRA2024/f1tenth_ws/install/vesc_driver/include/vesc_driver/vesc_interface.hpp
[6.479s] -- Up-to-date: /home/deepspeed/ICRA2024/f1tenth_ws/install/vesc_driver/include/vesc_driver/datatypes.hpp
[6.481s] -- Up-to-date: /home/deepspeed/ICRA2024/f1tenth_ws/install/vesc_driver/include/vesc_driver/vesc_packet.hpp
[6.482s] -- Up-to-date: /home/deepspeed/ICRA2024/f1tenth_ws/install/vesc_driver/include/vesc_driver/crc.hpp
[6.488s] -- Up-to-date: /home/deepspeed/ICRA2024/f1tenth_ws/install/vesc_driver/include/vesc_driver/vesc_device_uuid_lookup.hpp
[6.489s] -- Up-to-date: /home/deepspeed/ICRA2024/f1tenth_ws/install/vesc_driver/include/vesc_driver/vesc_packet_factory.hpp
[6.491s] -- Up-to-date: /home/deepspeed/ICRA2024/f1tenth_ws/install/vesc_driver/include/vesc_driver/vesc_driver.hpp
[6.492s] -- Up-to-date: /home/deepspeed/ICRA2024/f1tenth_ws/install/vesc_driver/share/vesc_driver/environment/library_path.sh
[6.493s] -- Up-to-date: /home/deepspeed/ICRA2024/f1tenth_ws/install/vesc_driver/share/vesc_driver/environment/library_path.dsv
[6.494s] -- Up-to-date: /home/deepspeed/ICRA2024/f1tenth_ws/install/vesc_driver/lib/libvesc_driver.so
[6.499s] -- Up-to-date: /home/deepspeed/ICRA2024/f1tenth_ws/install/vesc_driver/lib/vesc_driver/vesc_device_namer
[6.499s] -- Up-to-date: /home/deepspeed/ICRA2024/f1tenth_ws/install/vesc_driver/share/vesc_driver/launch
[6.500s] -- Up-to-date: /home/deepspeed/ICRA2024/f1tenth_ws/install/vesc_driver/share/vesc_driver/launch/vesc_driver_node.launch.py
[6.500s] -- Up-to-date: /home/deepspeed/ICRA2024/f1tenth_ws/install/vesc_driver/share/vesc_driver/params
[6.501s] -- Up-to-date: /home/deepspeed/ICRA2024/f1tenth_ws/install/vesc_driver/share/vesc_driver/params/vesc_config.yaml
[6.502s] -- Up-to-date: /home/deepspeed/ICRA2024/f1tenth_ws/install/vesc_driver/share/ament_index/resource_index/package_run_dependencies/vesc_driver
[6.503s] -- Up-to-date: /home/deepspeed/ICRA2024/f1tenth_ws/install/vesc_driver/share/ament_index/resource_index/parent_prefix_path/vesc_driver
[6.504s] -- Up-to-date: /home/deepspeed/ICRA2024/f1tenth_ws/install/vesc_driver/share/vesc_driver/environment/ament_prefix_path.sh
[6.505s] -- Up-to-date: /home/deepspeed/ICRA2024/f1tenth_ws/install/vesc_driver/share/vesc_driver/environment/ament_prefix_path.dsv
[6.506s] -- Up-to-date: /home/deepspeed/ICRA2024/f1tenth_ws/install/vesc_driver/share/vesc_driver/environment/path.sh
[6.511s] -- Up-to-date: /home/deepspeed/ICRA2024/f1tenth_ws/install/vesc_driver/share/vesc_driver/environment/path.dsv
[6.512s] -- Up-to-date: /home/deepspeed/ICRA2024/f1tenth_ws/install/vesc_driver/share/vesc_driver/local_setup.bash
[6.515s] -- Up-to-date: /home/deepspeed/ICRA2024/f1tenth_ws/install/vesc_driver/share/vesc_driver/local_setup.sh
[6.516s] -- Up-to-date: /home/deepspeed/ICRA2024/f1tenth_ws/install/vesc_driver/share/vesc_driver/local_setup.zsh
[6.517s] -- Up-to-date: /home/deepspeed/ICRA2024/f1tenth_ws/install/vesc_driver/share/vesc_driver/local_setup.dsv
[6.518s] -- Installing: /home/deepspeed/ICRA2024/f1tenth_ws/install/vesc_driver/share/vesc_driver/package.dsv
[6.519s] -- Up-to-date: /home/deepspeed/ICRA2024/f1tenth_ws/install/vesc_driver/share/ament_index/resource_index/packages/vesc_driver
[6.520s] -- Up-to-date: /home/deepspeed/ICRA2024/f1tenth_ws/install/vesc_driver/share/ament_index/resource_index/rclcpp_components/vesc_driver
[6.521s] -- Up-to-date: /home/deepspeed/ICRA2024/f1tenth_ws/install/vesc_driver/share/vesc_driver/cmake/ament_cmake_export_dependencies-extras.cmake
[6.522s] -- Up-to-date: /home/deepspeed/ICRA2024/f1tenth_ws/install/vesc_driver/share/vesc_driver/cmake/ament_cmake_export_include_directories-extras.cmake
[6.523s] -- Up-to-date: /home/deepspeed/ICRA2024/f1tenth_ws/install/vesc_driver/share/vesc_driver/cmake/ament_cmake_export_libraries-extras.cmake
[6.524s] -- Up-to-date: /home/deepspeed/ICRA2024/f1tenth_ws/install/vesc_driver/share/vesc_driver/cmake/vesc_driverConfig.cmake
[6.526s] -- Up-to-date: /home/deepspeed/ICRA2024/f1tenth_ws/install/vesc_driver/share/vesc_driver/cmake/vesc_driverConfig-version.cmake
[6.527s] -- Up-to-date: /home/deepspeed/ICRA2024/f1tenth_ws/install/vesc_driver/share/vesc_driver/package.xml
[7.286s] Invoked command in '/home/deepspeed/ICRA2024/f1tenth_ws/build/vesc_driver' returned '0': CMAKE_PREFIX_PATH=/home/deepspeed/ICRA2024/f1tenth_ws/install/vesc_msgs:/home/deepspeed/ICRA2024/f1tenth_ws/install/vesc:/home/deepspeed/ICRA2024/f1tenth_ws/install/vesc_driver:/home/deepspeed/ICRA2024/f1tenth_ws/install/vesc_ackermann:/home/deepspeed/ICRA2024/f1tenth_ws/install/teleop_tools:/home/deepspeed/ICRA2024/f1tenth_ws/install/teleop_tools_msgs:/home/deepspeed/ICRA2024/f1tenth_ws/install/ackermann_mux:/home/deepspeed/ICRA2024/f1tenth_ws/install/f1tenth_stack:/home/deepspeed/ICRA2024/f1tenth_ws/install/joy_teleop:/home/deepspeed/ICRA2024/f1tenth_ws/install/mouse_teleop:/home/deepspeed/ICRA2024/f1tenth_ws/install/key_teleop:/home/deepspeed/ICRA2024/f1tenth_ws/install/automatic_emergency_braking:/opt/ros/foxy LD_LIBRARY_PATH=/home/deepspeed/ICRA2024/f1tenth_ws/install/vesc_msgs/lib:/home/deepspeed/ICRA2024/f1tenth_ws/install/vesc_driver/lib:/home/deepspeed/ICRA2024/f1tenth_ws/install/vesc_ackermann/lib:/home/deepspeed/ICRA2024/f1tenth_ws/install/teleop_tools_msgs/lib:/opt/ros/foxy/opt/yaml_cpp_vendor/lib:/opt/ros/foxy/opt/rviz_ogre_vendor/lib:/opt/ros/foxy/lib/aarch64-linux-gnu:/opt/ros/foxy/lib PYTHONPATH=/home/deepspeed/ICRA2024/f1tenth_ws/install/vesc_msgs/lib/python3.8/site-packages:/home/deepspeed/ICRA2024/f1tenth_ws/install/f1tenth_stack/lib/python3.8/site-packages:/home/deepspeed/ICRA2024/f1tenth_ws/install/joy_teleop/lib/python3.8/site-packages:/home/deepspeed/ICRA2024/f1tenth_ws/install/teleop_tools_msgs/lib/python3.8/site-packages:/home/deepspeed/ICRA2024/f1tenth_ws/install/mouse_teleop/lib/python3.8/site-packages:/home/deepspeed/ICRA2024/f1tenth_ws/install/key_teleop/lib/python3.8/site-packages:/home/deepspeed/ICRA2024/f1tenth_ws/install/automatic_emergency_braking/lib/python3.8/site-packages:/opt/ros/foxy/lib/python3.8/site-packages /usr/bin/cmake --install /home/deepspeed/ICRA2024/f1tenth_ws/build/vesc_driver
