[3.768s] Invoking command in '/home/deepspeed/ICRA2024/f1tenth_ws/build/ackermann_mux': CMAKE_PREFIX_PATH=${CMAKE_PREFIX_PATH}:/home/deepspeed/ICRA2024/f1tenth_ws/install/f1tenth_stack:/home/deepspeed/ICRA2024/f1tenth_ws/install/joy_teleop:/home/deepspeed/ICRA2024/f1tenth_ws/install/mouse_teleop:/home/deepspeed/ICRA2024/f1tenth_ws/install/key_teleop:/home/deepspeed/ICRA2024/f1tenth_ws/install/automatic_emergency_braking:/opt/ros/foxy /usr/bin/cmake --build /home/deepspeed/ICRA2024/f1tenth_ws/build/ackermann_mux -- -j6 -l6
[8.111s] [100%] Built target ackermann_mux
[9.983s] Invoked command in '/home/deepspeed/ICRA2024/f1tenth_ws/build/ackermann_mux' returned '0': CMAKE_PREFIX_PATH=${CMAKE_PREFIX_PATH}:/home/deepspeed/ICRA2024/f1tenth_ws/install/f1tenth_stack:/home/deepspeed/ICRA2024/f1tenth_ws/install/joy_teleop:/home/deepspeed/ICRA2024/f1tenth_ws/install/mouse_teleop:/home/deepspeed/ICRA2024/f1tenth_ws/install/key_teleop:/home/deepspeed/ICRA2024/f1tenth_ws/install/automatic_emergency_braking:/opt/ros/foxy /usr/bin/cmake --build /home/deepspeed/ICRA2024/f1tenth_ws/build/ackermann_mux -- -j6 -l6
[10.294s] Invoking command in '/home/deepspeed/ICRA2024/f1tenth_ws/build/ackermann_mux': CMAKE_PREFIX_PATH=${CMAKE_PREFIX_PATH}:/home/deepspeed/ICRA2024/f1tenth_ws/install/f1tenth_stack:/home/deepspeed/ICRA2024/f1tenth_ws/install/joy_teleop:/home/deepspeed/ICRA2024/f1tenth_ws/install/mouse_teleop:/home/deepspeed/ICRA2024/f1tenth_ws/install/key_teleop:/home/deepspeed/ICRA2024/f1tenth_ws/install/automatic_emergency_braking:/opt/ros/foxy /usr/bin/cmake --install /home/deepspeed/ICRA2024/f1tenth_ws/build/ackermann_mux
[10.372s] -- Install configuration: ""
[10.373s] -- Up-to-date: /home/deepspeed/ICRA2024/f1tenth_ws/install/ackermann_mux/lib/ackermann_mux/ackermann_mux
[10.377s] -- Up-to-date: /home/deepspeed/ICRA2024/f1tenth_ws/install/ackermann_mux/share/ackermann_mux/launch
[10.379s] -- Up-to-date: /home/deepspeed/ICRA2024/f1tenth_ws/install/ackermann_mux/share/ackermann_mux/launch/ackermann_mux_launch.py
[10.379s] -- Up-to-date: /home/deepspeed/ICRA2024/f1tenth_ws/install/ackermann_mux/share/ackermann_mux/config
[10.380s] -- Up-to-date: /home/deepspeed/ICRA2024/f1tenth_ws/install/ackermann_mux/share/ackermann_mux/config/ackermann_mux_topics.yaml
[10.381s] -- Up-to-date: /home/deepspeed/ICRA2024/f1tenth_ws/install/ackermann_mux/share/ackermann_mux/config/joystick.yaml
[10.382s] -- Up-to-date: /home/deepspeed/ICRA2024/f1tenth_ws/install/ackermann_mux/share/ackermann_mux/config/ackermann_mux_locks.yaml
[10.383s] -- Up-to-date: /home/deepspeed/ICRA2024/f1tenth_ws/install/ackermann_mux/include
[10.384s] -- Up-to-date: /home/deepspeed/ICRA2024/f1tenth_ws/install/ackermann_mux/include/ackermann_mux
[10.384s] -- Up-to-date: /home/deepspeed/ICRA2024/f1tenth_ws/install/ackermann_mux/include/ackermann_mux/utils.hpp
[10.385s] -- Up-to-date: /home/deepspeed/ICRA2024/f1tenth_ws/install/ackermann_mux/include/ackermann_mux/ackermann_mux.hpp
[10.388s] -- Up-to-date: /home/deepspeed/ICRA2024/f1tenth_ws/install/ackermann_mux/include/ackermann_mux/ackermann_mux_diagnostics_status.hpp
[10.388s] -- Up-to-date: /home/deepspeed/ICRA2024/f1tenth_ws/install/ackermann_mux/include/ackermann_mux/ackermann_mux_diagnostics.hpp
[10.389s] -- Up-to-date: /home/deepspeed/ICRA2024/f1tenth_ws/install/ackermann_mux/include/ackermann_mux/topic_handle.hpp
[10.389s] -- Up-to-date: /home/deepspeed/ICRA2024/f1tenth_ws/install/ackermann_mux/include/ackermann_mux/params_helpers.hpp
[10.390s] -- Up-to-date: /home/deepspeed/ICRA2024/f1tenth_ws/install/ackermann_mux/share/ament_index/resource_index/package_run_dependencies/ackermann_mux
[10.390s] -- Up-to-date: /home/deepspeed/ICRA2024/f1tenth_ws/install/ackermann_mux/share/ament_index/resource_index/parent_prefix_path/ackermann_mux
[10.391s] -- Up-to-date: /home/deepspeed/ICRA2024/f1tenth_ws/install/ackermann_mux/share/ackermann_mux/environment/ament_prefix_path.sh
[10.391s] -- Up-to-date: /home/deepspeed/ICRA2024/f1tenth_ws/install/ackermann_mux/share/ackermann_mux/environment/ament_prefix_path.dsv
[10.391s] -- Up-to-date: /home/deepspeed/ICRA2024/f1tenth_ws/install/ackermann_mux/share/ackermann_mux/environment/path.sh
[10.404s] -- Up-to-date: /home/deepspeed/ICRA2024/f1tenth_ws/install/ackermann_mux/share/ackermann_mux/environment/path.dsv
[10.407s] -- Up-to-date: /home/deepspeed/ICRA2024/f1tenth_ws/install/ackermann_mux/share/ackermann_mux/local_setup.bash
[10.407s] -- Up-to-date: /home/deepspeed/ICRA2024/f1tenth_ws/install/ackermann_mux/share/ackermann_mux/local_setup.sh
[10.408s] -- Up-to-date: /home/deepspeed/ICRA2024/f1tenth_ws/install/ackermann_mux/share/ackermann_mux/local_setup.zsh
[10.409s] -- Up-to-date: /home/deepspeed/ICRA2024/f1tenth_ws/install/ackermann_mux/share/ackermann_mux/local_setup.dsv
[10.410s] -- Installing: /home/deepspeed/ICRA2024/f1tenth_ws/install/ackermann_mux/share/ackermann_mux/package.dsv
[10.410s] -- Up-to-date: /home/deepspeed/ICRA2024/f1tenth_ws/install/ackermann_mux/share/ament_index/resource_index/packages/ackermann_mux
[10.411s] -- Up-to-date: /home/deepspeed/ICRA2024/f1tenth_ws/install/ackermann_mux/share/ackermann_mux/cmake/ament_cmake_export_include_directories-extras.cmake
[10.412s] -- Up-to-date: /home/deepspeed/ICRA2024/f1tenth_ws/install/ackermann_mux/share/ackermann_mux/cmake/ament_cmake_export_dependencies-extras.cmake
[10.412s] -- Up-to-date: /home/deepspeed/ICRA2024/f1tenth_ws/install/ackermann_mux/share/ackermann_mux/cmake/ackermann_muxConfig.cmake
[10.412s] -- Up-to-date: /home/deepspeed/ICRA2024/f1tenth_ws/install/ackermann_mux/share/ackermann_mux/cmake/ackermann_muxConfig-version.cmake
[10.413s] -- Up-to-date: /home/deepspeed/ICRA2024/f1tenth_ws/install/ackermann_mux/share/ackermann_mux/package.xml
[10.414s] Invoked command in '/home/deepspeed/ICRA2024/f1tenth_ws/build/ackermann_mux' returned '0': CMAKE_PREFIX_PATH=${CMAKE_PREFIX_PATH}:/home/deepspeed/ICRA2024/f1tenth_ws/install/f1tenth_stack:/home/deepspeed/ICRA2024/f1tenth_ws/install/joy_teleop:/home/deepspeed/ICRA2024/f1tenth_ws/install/mouse_teleop:/home/deepspeed/ICRA2024/f1tenth_ws/install/key_teleop:/home/deepspeed/ICRA2024/f1tenth_ws/install/automatic_emergency_braking:/opt/ros/foxy /usr/bin/cmake --install /home/deepspeed/ICRA2024/f1tenth_ws/build/ackermann_mux
