[5.210s] Invoking command in '/home/deepspeed/ICRA2024/f1tenth_ws/build/vesc_msgs': CMAKE_PREFIX_PATH=${CMAKE_PREFIX_PATH}:/home/deepspeed/ICRA2024/f1tenth_ws/install/f1tenth_stack:/home/deepspeed/ICRA2024/f1tenth_ws/install/joy_teleop:/home/deepspeed/ICRA2024/f1tenth_ws/install/mouse_teleop:/home/deepspeed/ICRA2024/f1tenth_ws/install/key_teleop:/home/deepspeed/ICRA2024/f1tenth_ws/install/automatic_emergency_braking:/opt/ros/foxy /usr/bin/cmake --build /home/deepspeed/ICRA2024/f1tenth_ws/build/vesc_msgs -- -j6 -l6
[9.592s] [  1%] Built target vesc_msgs__cpp
[9.598s] [ 12%] Built target vesc_msgs__rosidl_generator_c
[9.599s] [ 23%] Built target vesc_msgs__rosidl_typesupport_fastrtps_cpp
[9.602s] [ 34%] Built target vesc_msgs__rosidl_typesupport_cpp
[9.608s] [ 45%] Built target vesc_msgs__rosidl_typesupport_introspection_cpp
[9.612s] [ 56%] Built target vesc_msgs__rosidl_typesupport_introspection_c
[9.612s] [ 67%] Built target vesc_msgs__rosidl_typesupport_fastrtps_c
[9.613s] [ 78%] Built target vesc_msgs__rosidl_typesupport_c
[9.613s] [ 78%] Built target vesc_msgs
[9.614s] [ 80%] Built target vesc_msgs__py
[9.614s] [ 89%] Built target vesc_msgs__python
[9.615s] [ 92%] Built target vesc_msgs__rosidl_typesupport_fastrtps_c__pyext
[9.615s] [ 96%] Built target vesc_msgs__rosidl_typesupport_introspection_c__pyext
[9.616s] [100%] Built target vesc_msgs__rosidl_typesupport_c__pyext
[11.454s] Invoked command in '/home/deepspeed/ICRA2024/f1tenth_ws/build/vesc_msgs' returned '0': CMAKE_PREFIX_PATH=${CMAKE_PREFIX_PATH}:/home/deepspeed/ICRA2024/f1tenth_ws/install/f1tenth_stack:/home/deepspeed/ICRA2024/f1tenth_ws/install/joy_teleop:/home/deepspeed/ICRA2024/f1tenth_ws/install/mouse_teleop:/home/deepspeed/ICRA2024/f1tenth_ws/install/key_teleop:/home/deepspeed/ICRA2024/f1tenth_ws/install/automatic_emergency_braking:/opt/ros/foxy /usr/bin/cmake --build /home/deepspeed/ICRA2024/f1tenth_ws/build/vesc_msgs -- -j6 -l6
[12.678s] Invoking command in '/home/deepspeed/ICRA2024/f1tenth_ws/build/vesc_msgs': CMAKE_PREFIX_PATH=${CMAKE_PREFIX_PATH}:/home/deepspeed/ICRA2024/f1tenth_ws/install/f1tenth_stack:/home/deepspeed/ICRA2024/f1tenth_ws/install/joy_teleop:/home/deepspeed/ICRA2024/f1tenth_ws/install/mouse_teleop:/home/deepspeed/ICRA2024/f1tenth_ws/install/key_teleop:/home/deepspeed/ICRA2024/f1tenth_ws/install/automatic_emergency_braking:/opt/ros/foxy /usr/bin/cmake --install /home/deepspeed/ICRA2024/f1tenth_ws/build/vesc_msgs
[12.702s] -- Install configuration: ""
[12.704s] -- Up-to-date: /home/deepspeed/ICRA2024/f1tenth_ws/install/vesc_msgs/share/ament_index/resource_index/rosidl_interfaces/vesc_msgs
[12.708s] -- Up-to-date: /home/deepspeed/ICRA2024/f1tenth_ws/install/vesc_msgs/include/vesc_msgs
[12.709s] -- Up-to-date: /home/deepspeed/ICRA2024/f1tenth_ws/install/vesc_msgs/include/vesc_msgs/msg
[12.710s] -- Up-to-date: /home/deepspeed/ICRA2024/f1tenth_ws/install/vesc_msgs/include/vesc_msgs/msg/vesc_state.h
[12.715s] -- Up-to-date: /home/deepspeed/ICRA2024/f1tenth_ws/install/vesc_msgs/include/vesc_msgs/msg/detail
[12.716s] -- Up-to-date: /home/deepspeed/ICRA2024/f1tenth_ws/install/vesc_msgs/include/vesc_msgs/msg/detail/vesc_state_stamped__type_support.h
[12.717s] -- Up-to-date: /home/deepspeed/ICRA2024/f1tenth_ws/install/vesc_msgs/include/vesc_msgs/msg/detail/vesc_state_stamped__struct.h
[12.724s] -- Up-to-date: /home/deepspeed/ICRA2024/f1tenth_ws/install/vesc_msgs/include/vesc_msgs/msg/detail/vesc_imu__struct.h
[12.725s] -- Up-to-date: /home/deepspeed/ICRA2024/f1tenth_ws/install/vesc_msgs/include/vesc_msgs/msg/detail/vesc_state__struct.h
[12.726s] -- Up-to-date: /home/deepspeed/ICRA2024/f1tenth_ws/install/vesc_msgs/include/vesc_msgs/msg/detail/vesc_imu__functions.c
[12.727s] -- Up-to-date: /home/deepspeed/ICRA2024/f1tenth_ws/install/vesc_msgs/include/vesc_msgs/msg/detail/vesc_state__type_support.h
[12.727s] -- Up-to-date: /home/deepspeed/ICRA2024/f1tenth_ws/install/vesc_msgs/include/vesc_msgs/msg/detail/vesc_imu_stamped__functions.c
[12.728s] -- Up-to-date: /home/deepspeed/ICRA2024/f1tenth_ws/install/vesc_msgs/include/vesc_msgs/msg/detail/vesc_imu__functions.h
[12.733s] -- Up-to-date: /home/deepspeed/ICRA2024/f1tenth_ws/install/vesc_msgs/include/vesc_msgs/msg/detail/vesc_state__functions.c
[12.734s] -- Up-to-date: /home/deepspeed/ICRA2024/f1tenth_ws/install/vesc_msgs/include/vesc_msgs/msg/detail/vesc_state_stamped__functions.c
[12.735s] -- Up-to-date: /home/deepspeed/ICRA2024/f1tenth_ws/install/vesc_msgs/include/vesc_msgs/msg/detail/vesc_imu_stamped__struct.h
[12.736s] -- Up-to-date: /home/deepspeed/ICRA2024/f1tenth_ws/install/vesc_msgs/include/vesc_msgs/msg/detail/vesc_imu_stamped__functions.h
[12.736s] -- Up-to-date: /home/deepspeed/ICRA2024/f1tenth_ws/install/vesc_msgs/include/vesc_msgs/msg/detail/vesc_imu_stamped__type_support.h
[12.737s] -- Up-to-date: /home/deepspeed/ICRA2024/f1tenth_ws/install/vesc_msgs/include/vesc_msgs/msg/detail/vesc_imu__type_support.h
[12.737s] -- Up-to-date: /home/deepspeed/ICRA2024/f1tenth_ws/install/vesc_msgs/include/vesc_msgs/msg/detail/vesc_state_stamped__functions.h
[12.744s] -- Up-to-date: /home/deepspeed/ICRA2024/f1tenth_ws/install/vesc_msgs/include/vesc_msgs/msg/detail/vesc_state__functions.h
[12.746s] -- Up-to-date: /home/deepspeed/ICRA2024/f1tenth_ws/install/vesc_msgs/include/vesc_msgs/msg/vesc_state_stamped.h
[12.746s] -- Up-to-date: /home/deepspeed/ICRA2024/f1tenth_ws/install/vesc_msgs/include/vesc_msgs/msg/rosidl_generator_c__visibility_control.h
[12.747s] -- Up-to-date: /home/deepspeed/ICRA2024/f1tenth_ws/install/vesc_msgs/include/vesc_msgs/msg/vesc_imu_stamped.h
[12.748s] -- Up-to-date: /home/deepspeed/ICRA2024/f1tenth_ws/install/vesc_msgs/include/vesc_msgs/msg/vesc_imu.h
[12.754s] -- Up-to-date: /home/deepspeed/ICRA2024/f1tenth_ws/install/vesc_msgs/share/vesc_msgs/environment/library_path.sh
[12.755s] -- Up-to-date: /home/deepspeed/ICRA2024/f1tenth_ws/install/vesc_msgs/share/vesc_msgs/environment/library_path.dsv
[12.756s] -- Up-to-date: /home/deepspeed/ICRA2024/f1tenth_ws/install/vesc_msgs/lib/libvesc_msgs__rosidl_generator_c.so
[12.756s] -- Up-to-date: /home/deepspeed/ICRA2024/f1tenth_ws/install/vesc_msgs/include/vesc_msgs
[12.757s] -- Up-to-date: /home/deepspeed/ICRA2024/f1tenth_ws/install/vesc_msgs/include/vesc_msgs/msg
[12.757s] -- Up-to-date: /home/deepspeed/ICRA2024/f1tenth_ws/install/vesc_msgs/include/vesc_msgs/msg/detail
[12.758s] -- Up-to-date: /home/deepspeed/ICRA2024/f1tenth_ws/install/vesc_msgs/include/vesc_msgs/msg/detail/vesc_state__rosidl_typesupport_fastrtps_c.h
[12.759s] -- Up-to-date: /home/deepspeed/ICRA2024/f1tenth_ws/install/vesc_msgs/include/vesc_msgs/msg/detail/vesc_imu__rosidl_typesupport_fastrtps_c.h
[12.759s] -- Up-to-date: /home/deepspeed/ICRA2024/f1tenth_ws/install/vesc_msgs/include/vesc_msgs/msg/detail/vesc_state_stamped__rosidl_typesupport_fastrtps_c.h
[12.760s] -- Up-to-date: /home/deepspeed/ICRA2024/f1tenth_ws/install/vesc_msgs/include/vesc_msgs/msg/detail/vesc_imu_stamped__rosidl_typesupport_fastrtps_c.h
[12.760s] -- Up-to-date: /home/deepspeed/ICRA2024/f1tenth_ws/install/vesc_msgs/include/vesc_msgs/msg/rosidl_typesupport_fastrtps_c__visibility_control.h
[12.761s] -- Up-to-date: /home/deepspeed/ICRA2024/f1tenth_ws/install/vesc_msgs/lib/libvesc_msgs__rosidl_typesupport_fastrtps_c.so
[12.761s] -- Up-to-date: /home/deepspeed/ICRA2024/f1tenth_ws/install/vesc_msgs/include/vesc_msgs
[12.761s] -- Up-to-date: /home/deepspeed/ICRA2024/f1tenth_ws/install/vesc_msgs/include/vesc_msgs/msg
[12.762s] -- Up-to-date: /home/deepspeed/ICRA2024/f1tenth_ws/install/vesc_msgs/include/vesc_msgs/msg/detail
[12.762s] -- Up-to-date: /home/deepspeed/ICRA2024/f1tenth_ws/install/vesc_msgs/include/vesc_msgs/msg/detail/vesc_state_stamped__rosidl_typesupport_fastrtps_cpp.hpp
[12.769s] -- Up-to-date: /home/deepspeed/ICRA2024/f1tenth_ws/install/vesc_msgs/include/vesc_msgs/msg/detail/vesc_imu__rosidl_typesupport_fastrtps_cpp.hpp
[12.769s] -- Up-to-date: /home/deepspeed/ICRA2024/f1tenth_ws/install/vesc_msgs/include/vesc_msgs/msg/detail/dds_fastrtps
[12.771s] -- Up-to-date: /home/deepspeed/ICRA2024/f1tenth_ws/install/vesc_msgs/include/vesc_msgs/msg/detail/vesc_state__rosidl_typesupport_fastrtps_cpp.hpp
[12.772s] -- Up-to-date: /home/deepspeed/ICRA2024/f1tenth_ws/install/vesc_msgs/include/vesc_msgs/msg/detail/vesc_imu_stamped__rosidl_typesupport_fastrtps_cpp.hpp
[12.772s] -- Up-to-date: /home/deepspeed/ICRA2024/f1tenth_ws/install/vesc_msgs/include/vesc_msgs/msg/rosidl_typesupport_fastrtps_cpp__visibility_control.h
[12.779s] -- Up-to-date: /home/deepspeed/ICRA2024/f1tenth_ws/install/vesc_msgs/lib/libvesc_msgs__rosidl_typesupport_fastrtps_cpp.so
[12.779s] -- Up-to-date: /home/deepspeed/ICRA2024/f1tenth_ws/install/vesc_msgs/include/vesc_msgs
[12.780s] -- Up-to-date: /home/deepspeed/ICRA2024/f1tenth_ws/install/vesc_msgs/include/vesc_msgs/msg
[12.780s] -- Up-to-date: /home/deepspeed/ICRA2024/f1tenth_ws/install/vesc_msgs/include/vesc_msgs/msg/rosidl_typesupport_introspection_c__visibility_control.h
[12.781s] -- Up-to-date: /home/deepspeed/ICRA2024/f1tenth_ws/install/vesc_msgs/include/vesc_msgs/msg/detail
[12.781s] -- Up-to-date: /home/deepspeed/ICRA2024/f1tenth_ws/install/vesc_msgs/include/vesc_msgs/msg/detail/vesc_state__rosidl_typesupport_introspection_c.h
[12.782s] -- Up-to-date: /home/deepspeed/ICRA2024/f1tenth_ws/install/vesc_msgs/include/vesc_msgs/msg/detail/vesc_imu_stamped__rosidl_typesupport_introspection_c.h
[12.782s] -- Up-to-date: /home/deepspeed/ICRA2024/f1tenth_ws/install/vesc_msgs/include/vesc_msgs/msg/detail/vesc_imu_stamped__type_support.c
[12.795s] -- Up-to-date: /home/deepspeed/ICRA2024/f1tenth_ws/install/vesc_msgs/include/vesc_msgs/msg/detail/vesc_imu__rosidl_typesupport_introspection_c.h
[12.798s] -- Up-to-date: /home/deepspeed/ICRA2024/f1tenth_ws/install/vesc_msgs/include/vesc_msgs/msg/detail/vesc_state_stamped__type_support.c
[12.799s] -- Up-to-date: /home/deepspeed/ICRA2024/f1tenth_ws/install/vesc_msgs/include/vesc_msgs/msg/detail/vesc_imu__type_support.c
[12.800s] -- Up-to-date: /home/deepspeed/ICRA2024/f1tenth_ws/install/vesc_msgs/include/vesc_msgs/msg/detail/vesc_state_stamped__rosidl_typesupport_introspection_c.h
[12.800s] -- Up-to-date: /home/deepspeed/ICRA2024/f1tenth_ws/install/vesc_msgs/include/vesc_msgs/msg/detail/vesc_state__type_support.c
[12.801s] -- Up-to-date: /home/deepspeed/ICRA2024/f1tenth_ws/install/vesc_msgs/lib/libvesc_msgs__rosidl_typesupport_introspection_c.so
[12.801s] -- Up-to-date: /home/deepspeed/ICRA2024/f1tenth_ws/install/vesc_msgs/lib/libvesc_msgs__rosidl_typesupport_c.so
[12.802s] -- Up-to-date: /home/deepspeed/ICRA2024/f1tenth_ws/install/vesc_msgs/include/vesc_msgs
[12.802s] -- Up-to-date: /home/deepspeed/ICRA2024/f1tenth_ws/install/vesc_msgs/include/vesc_msgs/msg
[12.807s] -- Up-to-date: /home/deepspeed/ICRA2024/f1tenth_ws/install/vesc_msgs/include/vesc_msgs/msg/detail
[12.808s] -- Up-to-date: /home/deepspeed/ICRA2024/f1tenth_ws/install/vesc_msgs/include/vesc_msgs/msg/detail/vesc_imu_stamped__type_support.hpp
[12.809s] -- Up-to-date: /home/deepspeed/ICRA2024/f1tenth_ws/install/vesc_msgs/include/vesc_msgs/msg/detail/vesc_imu__builder.hpp
[12.810s] -- Up-to-date: /home/deepspeed/ICRA2024/f1tenth_ws/install/vesc_msgs/include/vesc_msgs/msg/detail/vesc_imu__struct.hpp
[12.811s] -- Up-to-date: /home/deepspeed/ICRA2024/f1tenth_ws/install/vesc_msgs/include/vesc_msgs/msg/detail/vesc_imu_stamped__traits.hpp
[12.812s] -- Up-to-date: /home/deepspeed/ICRA2024/f1tenth_ws/install/vesc_msgs/include/vesc_msgs/msg/detail/vesc_imu__type_support.hpp
[12.812s] -- Up-to-date: /home/deepspeed/ICRA2024/f1tenth_ws/install/vesc_msgs/include/vesc_msgs/msg/detail/vesc_state_stamped__builder.hpp
[12.813s] -- Up-to-date: /home/deepspeed/ICRA2024/f1tenth_ws/install/vesc_msgs/include/vesc_msgs/msg/detail/vesc_state__traits.hpp
[12.813s] -- Up-to-date: /home/deepspeed/ICRA2024/f1tenth_ws/install/vesc_msgs/include/vesc_msgs/msg/detail/vesc_state__type_support.hpp
[12.814s] -- Up-to-date: /home/deepspeed/ICRA2024/f1tenth_ws/install/vesc_msgs/include/vesc_msgs/msg/detail/vesc_state_stamped__struct.hpp
[12.814s] -- Up-to-date: /home/deepspeed/ICRA2024/f1tenth_ws/install/vesc_msgs/include/vesc_msgs/msg/detail/vesc_imu__traits.hpp
[12.815s] -- Up-to-date: /home/deepspeed/ICRA2024/f1tenth_ws/install/vesc_msgs/include/vesc_msgs/msg/detail/vesc_imu_stamped__builder.hpp
[12.815s] -- Up-to-date: /home/deepspeed/ICRA2024/f1tenth_ws/install/vesc_msgs/include/vesc_msgs/msg/detail/vesc_state__struct.hpp
[12.816s] -- Up-to-date: /home/deepspeed/ICRA2024/f1tenth_ws/install/vesc_msgs/include/vesc_msgs/msg/detail/vesc_state_stamped__type_support.hpp
[12.816s] -- Up-to-date: /home/deepspeed/ICRA2024/f1tenth_ws/install/vesc_msgs/include/vesc_msgs/msg/detail/vesc_imu_stamped__struct.hpp
[12.817s] -- Up-to-date: /home/deepspeed/ICRA2024/f1tenth_ws/install/vesc_msgs/include/vesc_msgs/msg/detail/vesc_state_stamped__traits.hpp
[12.817s] -- Up-to-date: /home/deepspeed/ICRA2024/f1tenth_ws/install/vesc_msgs/include/vesc_msgs/msg/detail/vesc_state__builder.hpp
[12.818s] -- Up-to-date: /home/deepspeed/ICRA2024/f1tenth_ws/install/vesc_msgs/include/vesc_msgs/msg/vesc_imu.hpp
[12.818s] -- Up-to-date: /home/deepspeed/ICRA2024/f1tenth_ws/install/vesc_msgs/include/vesc_msgs/msg/vesc_imu_stamped.hpp
[12.821s] -- Up-to-date: /home/deepspeed/ICRA2024/f1tenth_ws/install/vesc_msgs/include/vesc_msgs/msg/vesc_state_stamped.hpp
[12.822s] -- Up-to-date: /home/deepspeed/ICRA2024/f1tenth_ws/install/vesc_msgs/include/vesc_msgs/msg/rosidl_generator_cpp__visibility_control.hpp
[12.822s] -- Up-to-date: /home/deepspeed/ICRA2024/f1tenth_ws/install/vesc_msgs/include/vesc_msgs/msg/vesc_state.hpp
[12.824s] -- Up-to-date: /home/deepspeed/ICRA2024/f1tenth_ws/install/vesc_msgs/include/vesc_msgs
[12.824s] -- Up-to-date: /home/deepspeed/ICRA2024/f1tenth_ws/install/vesc_msgs/include/vesc_msgs/msg
[12.825s] -- Up-to-date: /home/deepspeed/ICRA2024/f1tenth_ws/install/vesc_msgs/include/vesc_msgs/msg/detail
[12.827s] -- Up-to-date: /home/deepspeed/ICRA2024/f1tenth_ws/install/vesc_msgs/include/vesc_msgs/msg/detail/vesc_state_stamped__type_support.cpp
[12.827s] -- Up-to-date: /home/deepspeed/ICRA2024/f1tenth_ws/install/vesc_msgs/include/vesc_msgs/msg/detail/vesc_imu_stamped__rosidl_typesupport_introspection_cpp.hpp
[12.828s] -- Up-to-date: /home/deepspeed/ICRA2024/f1tenth_ws/install/vesc_msgs/include/vesc_msgs/msg/detail/vesc_imu__type_support.cpp
[12.829s] -- Up-to-date: /home/deepspeed/ICRA2024/f1tenth_ws/install/vesc_msgs/include/vesc_msgs/msg/detail/vesc_imu_stamped__type_support.cpp
[12.830s] -- Up-to-date: /home/deepspeed/ICRA2024/f1tenth_ws/install/vesc_msgs/include/vesc_msgs/msg/detail/vesc_state_stamped__rosidl_typesupport_introspection_cpp.hpp
[12.830s] -- Up-to-date: /home/deepspeed/ICRA2024/f1tenth_ws/install/vesc_msgs/include/vesc_msgs/msg/detail/vesc_imu__rosidl_typesupport_introspection_cpp.hpp
[12.836s] -- Up-to-date: /home/deepspeed/ICRA2024/f1tenth_ws/install/vesc_msgs/include/vesc_msgs/msg/detail/vesc_state__type_support.cpp
[12.837s] -- Up-to-date: /home/deepspeed/ICRA2024/f1tenth_ws/install/vesc_msgs/include/vesc_msgs/msg/detail/vesc_state__rosidl_typesupport_introspection_cpp.hpp
[12.838s] -- Up-to-date: /home/deepspeed/ICRA2024/f1tenth_ws/install/vesc_msgs/lib/libvesc_msgs__rosidl_typesupport_introspection_cpp.so
[12.862s] -- Up-to-date: /home/deepspeed/ICRA2024/f1tenth_ws/install/vesc_msgs/lib/libvesc_msgs__rosidl_typesupport_cpp.so
[12.863s] -- Up-to-date: /home/deepspeed/ICRA2024/f1tenth_ws/install/vesc_msgs/share/vesc_msgs/environment/pythonpath.sh
[12.864s] -- Up-to-date: /home/deepspeed/ICRA2024/f1tenth_ws/install/vesc_msgs/share/vesc_msgs/environment/pythonpath.dsv
[12.864s] -- Up-to-date: /home/deepspeed/ICRA2024/f1tenth_ws/install/vesc_msgs/lib/python3.8/site-packages/vesc_msgs/__init__.py
[12.947s] -- Up-to-date: /home/deepspeed/ICRA2024/f1tenth_ws/install/vesc_msgs/lib/python3.8/site-packages/vesc_msgs/msg
[12.948s] -- Up-to-date: /home/deepspeed/ICRA2024/f1tenth_ws/install/vesc_msgs/lib/python3.8/site-packages/vesc_msgs/msg/_vesc_state.py
[12.949s] -- Up-to-date: /home/deepspeed/ICRA2024/f1tenth_ws/install/vesc_msgs/lib/python3.8/site-packages/vesc_msgs/msg/_vesc_state_stamped_s.c
[12.949s] -- Up-to-date: /home/deepspeed/ICRA2024/f1tenth_ws/install/vesc_msgs/lib/python3.8/site-packages/vesc_msgs/msg/_vesc_imu_s.c
[12.950s] -- Up-to-date: /home/deepspeed/ICRA2024/f1tenth_ws/install/vesc_msgs/lib/python3.8/site-packages/vesc_msgs/msg/_vesc_imu.py
[12.950s] -- Up-to-date: /home/deepspeed/ICRA2024/f1tenth_ws/install/vesc_msgs/lib/python3.8/site-packages/vesc_msgs/msg/_vesc_imu_stamped.py
[12.951s] -- Up-to-date: /home/deepspeed/ICRA2024/f1tenth_ws/install/vesc_msgs/lib/python3.8/site-packages/vesc_msgs/msg/_vesc_state_s.c
[12.952s] -- Up-to-date: /home/deepspeed/ICRA2024/f1tenth_ws/install/vesc_msgs/lib/python3.8/site-packages/vesc_msgs/msg/_vesc_imu_stamped_s.c
[12.952s] -- Up-to-date: /home/deepspeed/ICRA2024/f1tenth_ws/install/vesc_msgs/lib/python3.8/site-packages/vesc_msgs/msg/_vesc_state_stamped.py
[12.953s] -- Up-to-date: /home/deepspeed/ICRA2024/f1tenth_ws/install/vesc_msgs/lib/python3.8/site-packages/vesc_msgs/msg/__init__.py
[12.953s] -- Up-to-date: /home/deepspeed/ICRA2024/f1tenth_ws/install/vesc_msgs/lib/python3.8/site-packages/vesc_msgs/vesc_msgs_s__rosidl_typesupport_fastrtps_c.cpython-38-aarch64-linux-gnu.so
[12.956s] -- Up-to-date: /home/deepspeed/ICRA2024/f1tenth_ws/install/vesc_msgs/lib/python3.8/site-packages/vesc_msgs/vesc_msgs_s__rosidl_typesupport_introspection_c.cpython-38-aarch64-linux-gnu.so
[12.960s] -- Up-to-date: /home/deepspeed/ICRA2024/f1tenth_ws/install/vesc_msgs/lib/python3.8/site-packages/vesc_msgs/vesc_msgs_s__rosidl_typesupport_c.cpython-38-aarch64-linux-gnu.so
[12.966s] -- Up-to-date: /home/deepspeed/ICRA2024/f1tenth_ws/install/vesc_msgs/lib/libvesc_msgs__python.so
[12.969s] -- Up-to-date: /home/deepspeed/ICRA2024/f1tenth_ws/install/vesc_msgs/share/vesc_msgs/msg/VescState.idl
[12.969s] -- Up-to-date: /home/deepspeed/ICRA2024/f1tenth_ws/install/vesc_msgs/share/vesc_msgs/msg/VescStateStamped.idl
[12.970s] -- Up-to-date: /home/deepspeed/ICRA2024/f1tenth_ws/install/vesc_msgs/share/vesc_msgs/msg/VescImu.idl
[12.971s] -- Up-to-date: /home/deepspeed/ICRA2024/f1tenth_ws/install/vesc_msgs/share/vesc_msgs/msg/VescImuStamped.idl
[12.973s] -- Up-to-date: /home/deepspeed/ICRA2024/f1tenth_ws/install/vesc_msgs/share/vesc_msgs/msg/VescState.msg
[12.976s] -- Up-to-date: /home/deepspeed/ICRA2024/f1tenth_ws/install/vesc_msgs/share/vesc_msgs/msg/VescStateStamped.msg
[12.976s] -- Up-to-date: /home/deepspeed/ICRA2024/f1tenth_ws/install/vesc_msgs/share/vesc_msgs/msg/VescImu.msg
[12.979s] -- Up-to-date: /home/deepspeed/ICRA2024/f1tenth_ws/install/vesc_msgs/share/vesc_msgs/msg/VescImuStamped.msg
[12.980s] -- Up-to-date: /home/deepspeed/ICRA2024/f1tenth_ws/install/vesc_msgs/share/ament_index/resource_index/package_run_dependencies/vesc_msgs
[12.981s] -- Up-to-date: /home/deepspeed/ICRA2024/f1tenth_ws/install/vesc_msgs/share/ament_index/resource_index/parent_prefix_path/vesc_msgs
[12.981s] -- Up-to-date: /home/deepspeed/ICRA2024/f1tenth_ws/install/vesc_msgs/share/vesc_msgs/environment/ament_prefix_path.sh
[12.981s] -- Up-to-date: /home/deepspeed/ICRA2024/f1tenth_ws/install/vesc_msgs/share/vesc_msgs/environment/ament_prefix_path.dsv
[12.982s] -- Up-to-date: /home/deepspeed/ICRA2024/f1tenth_ws/install/vesc_msgs/share/vesc_msgs/environment/path.sh
[12.982s] -- Up-to-date: /home/deepspeed/ICRA2024/f1tenth_ws/install/vesc_msgs/share/vesc_msgs/environment/path.dsv
[12.984s] -- Up-to-date: /home/deepspeed/ICRA2024/f1tenth_ws/install/vesc_msgs/share/vesc_msgs/local_setup.bash
[12.985s] -- Up-to-date: /home/deepspeed/ICRA2024/f1tenth_ws/install/vesc_msgs/share/vesc_msgs/local_setup.sh
[12.986s] -- Up-to-date: /home/deepspeed/ICRA2024/f1tenth_ws/install/vesc_msgs/share/vesc_msgs/local_setup.zsh
[12.986s] -- Up-to-date: /home/deepspeed/ICRA2024/f1tenth_ws/install/vesc_msgs/share/vesc_msgs/local_setup.dsv
[12.987s] -- Installing: /home/deepspeed/ICRA2024/f1tenth_ws/install/vesc_msgs/share/vesc_msgs/package.dsv
[12.988s] -- Up-to-date: /home/deepspeed/ICRA2024/f1tenth_ws/install/vesc_msgs/share/ament_index/resource_index/packages/vesc_msgs
[12.988s] -- Up-to-date: /home/deepspeed/ICRA2024/f1tenth_ws/install/vesc_msgs/share/vesc_msgs/cmake/vesc_msgs__rosidl_generator_cExport.cmake
[12.988s] -- Up-to-date: /home/deepspeed/ICRA2024/f1tenth_ws/install/vesc_msgs/share/vesc_msgs/cmake/vesc_msgs__rosidl_generator_cExport-noconfig.cmake
[12.989s] -- Up-to-date: /home/deepspeed/ICRA2024/f1tenth_ws/install/vesc_msgs/share/vesc_msgs/cmake/vesc_msgs__rosidl_typesupport_introspection_cExport.cmake
[13.026s] -- Up-to-date: /home/deepspeed/ICRA2024/f1tenth_ws/install/vesc_msgs/share/vesc_msgs/cmake/vesc_msgs__rosidl_typesupport_introspection_cExport-noconfig.cmake
[13.026s] -- Up-to-date: /home/deepspeed/ICRA2024/f1tenth_ws/install/vesc_msgs/share/vesc_msgs/cmake/vesc_msgs__rosidl_typesupport_cExport.cmake
[13.027s] -- Up-to-date: /home/deepspeed/ICRA2024/f1tenth_ws/install/vesc_msgs/share/vesc_msgs/cmake/vesc_msgs__rosidl_typesupport_cExport-noconfig.cmake
[13.028s] -- Up-to-date: /home/deepspeed/ICRA2024/f1tenth_ws/install/vesc_msgs/share/vesc_msgs/cmake/vesc_msgs__rosidl_generator_cppExport.cmake
[13.029s] -- Up-to-date: /home/deepspeed/ICRA2024/f1tenth_ws/install/vesc_msgs/share/vesc_msgs/cmake/vesc_msgs__rosidl_typesupport_introspection_cppExport.cmake
[13.029s] -- Up-to-date: /home/deepspeed/ICRA2024/f1tenth_ws/install/vesc_msgs/share/vesc_msgs/cmake/vesc_msgs__rosidl_typesupport_introspection_cppExport-noconfig.cmake
[13.029s] -- Up-to-date: /home/deepspeed/ICRA2024/f1tenth_ws/install/vesc_msgs/share/vesc_msgs/cmake/vesc_msgs__rosidl_typesupport_cppExport.cmake
[13.030s] -- Up-to-date: /home/deepspeed/ICRA2024/f1tenth_ws/install/vesc_msgs/share/vesc_msgs/cmake/vesc_msgs__rosidl_typesupport_cppExport-noconfig.cmake
[13.030s] -- Up-to-date: /home/deepspeed/ICRA2024/f1tenth_ws/install/vesc_msgs/share/vesc_msgs/cmake/rosidl_cmake-extras.cmake
[13.031s] -- Up-to-date: /home/deepspeed/ICRA2024/f1tenth_ws/install/vesc_msgs/share/vesc_msgs/cmake/ament_cmake_export_dependencies-extras.cmake
[13.031s] -- Up-to-date: /home/deepspeed/ICRA2024/f1tenth_ws/install/vesc_msgs/share/vesc_msgs/cmake/ament_cmake_export_libraries-extras.cmake
[13.032s] -- Up-to-date: /home/deepspeed/ICRA2024/f1tenth_ws/install/vesc_msgs/share/vesc_msgs/cmake/ament_cmake_export_targets-extras.cmake
[13.033s] -- Up-to-date: /home/deepspeed/ICRA2024/f1tenth_ws/install/vesc_msgs/share/vesc_msgs/cmake/ament_cmake_export_include_directories-extras.cmake
[13.036s] -- Up-to-date: /home/deepspeed/ICRA2024/f1tenth_ws/install/vesc_msgs/share/vesc_msgs/cmake/rosidl_cmake_export_typesupport_libraries-extras.cmake
[13.038s] -- Up-to-date: /home/deepspeed/ICRA2024/f1tenth_ws/install/vesc_msgs/share/vesc_msgs/cmake/rosidl_cmake_export_typesupport_targets-extras.cmake
[13.039s] -- Up-to-date: /home/deepspeed/ICRA2024/f1tenth_ws/install/vesc_msgs/share/vesc_msgs/cmake/vesc_msgsConfig.cmake
[13.043s] -- Up-to-date: /home/deepspeed/ICRA2024/f1tenth_ws/install/vesc_msgs/share/vesc_msgs/cmake/vesc_msgsConfig-version.cmake
[13.044s] -- Up-to-date: /home/deepspeed/ICRA2024/f1tenth_ws/install/vesc_msgs/share/vesc_msgs/package.xml
[13.789s] Invoked command in '/home/deepspeed/ICRA2024/f1tenth_ws/build/vesc_msgs' returned '0': CMAKE_PREFIX_PATH=${CMAKE_PREFIX_PATH}:/home/deepspeed/ICRA2024/f1tenth_ws/install/f1tenth_stack:/home/deepspeed/ICRA2024/f1tenth_ws/install/joy_teleop:/home/deepspeed/ICRA2024/f1tenth_ws/install/mouse_teleop:/home/deepspeed/ICRA2024/f1tenth_ws/install/key_teleop:/home/deepspeed/ICRA2024/f1tenth_ws/install/automatic_emergency_braking:/opt/ros/foxy /usr/bin/cmake --install /home/deepspeed/ICRA2024/f1tenth_ws/build/vesc_msgs
