[3.336s] Invoking command in '/home/deepspeed/ICRA2024/f1tenth_ws/build/ackermann_mux': CMAKE_PREFIX_PATH=${CMAKE_PREFIX_PATH}:/home/deepspeed/ICRA2024/f1tenth_ws/install/f1tenth_stack:/home/deepspeed/ICRA2024/f1tenth_ws/install/joy_teleop:/home/deepspeed/ICRA2024/f1tenth_ws/install/mouse_teleop:/home/deepspeed/ICRA2024/f1tenth_ws/install/key_teleop:/home/deepspeed/ICRA2024/f1tenth_ws/install/automatic_emergency_braking:/opt/ros/foxy /usr/bin/cmake --build /home/deepspeed/ICRA2024/f1tenth_ws/build/ackermann_mux -- -j6 -l6
[9.332s] [100%] Built target ackermann_mux
[9.341s] Invoked command in '/home/deepspeed/ICRA2024/f1tenth_ws/build/ackermann_mux' returned '0': CMAKE_PREFIX_PATH=${CMAKE_PREFIX_PATH}:/home/deepspeed/ICRA2024/f1tenth_ws/install/f1tenth_stack:/home/deepspeed/ICRA2024/f1tenth_ws/install/joy_teleop:/home/deepspeed/ICRA2024/f1tenth_ws/install/mouse_teleop:/home/deepspeed/ICRA2024/f1tenth_ws/install/key_teleop:/home/deepspeed/ICRA2024/f1tenth_ws/install/automatic_emergency_braking:/opt/ros/foxy /usr/bin/cmake --build /home/deepspeed/ICRA2024/f1tenth_ws/build/ackermann_mux -- -j6 -l6
[9.635s] Invoking command in '/home/deepspeed/ICRA2024/f1tenth_ws/build/ackermann_mux': CMAKE_PREFIX_PATH=${CMAKE_PREFIX_PATH}:/home/deepspeed/ICRA2024/f1tenth_ws/install/f1tenth_stack:/home/deepspeed/ICRA2024/f1tenth_ws/install/joy_teleop:/home/deepspeed/ICRA2024/f1tenth_ws/install/mouse_teleop:/home/deepspeed/ICRA2024/f1tenth_ws/install/key_teleop:/home/deepspeed/ICRA2024/f1tenth_ws/install/automatic_emergency_braking:/opt/ros/foxy /usr/bin/cmake --install /home/deepspeed/ICRA2024/f1tenth_ws/build/ackermann_mux
[9.724s] -- Install configuration: ""
[9.728s] -- Up-to-date: /home/deepspeed/ICRA2024/f1tenth_ws/install/ackermann_mux/lib/ackermann_mux/ackermann_mux
[9.737s] -- Up-to-date: /home/deepspeed/ICRA2024/f1tenth_ws/install/ackermann_mux/share/ackermann_mux/launch
[9.737s] -- Up-to-date: /home/deepspeed/ICRA2024/f1tenth_ws/install/ackermann_mux/share/ackermann_mux/launch/ackermann_mux_launch.py
[9.738s] -- Up-to-date: /home/deepspeed/ICRA2024/f1tenth_ws/install/ackermann_mux/share/ackermann_mux/config
[9.738s] -- Up-to-date: /home/deepspeed/ICRA2024/f1tenth_ws/install/ackermann_mux/share/ackermann_mux/config/ackermann_mux_topics.yaml
[9.738s] -- Up-to-date: /home/deepspeed/ICRA2024/f1tenth_ws/install/ackermann_mux/share/ackermann_mux/config/joystick.yaml
[9.739s] -- Up-to-date: /home/deepspeed/ICRA2024/f1tenth_ws/install/ackermann_mux/share/ackermann_mux/config/ackermann_mux_locks.yaml
[9.739s] -- Up-to-date: /home/deepspeed/ICRA2024/f1tenth_ws/install/ackermann_mux/include
[9.740s] -- Up-to-date: /home/deepspeed/ICRA2024/f1tenth_ws/install/ackermann_mux/include/ackermann_mux
[9.744s] -- Up-to-date: /home/deepspeed/ICRA2024/f1tenth_ws/install/ackermann_mux/include/ackermann_mux/utils.hpp
[9.745s] -- Up-to-date: /home/deepspeed/ICRA2024/f1tenth_ws/install/ackermann_mux/include/ackermann_mux/ackermann_mux.hpp
[9.745s] -- Up-to-date: /home/deepspeed/ICRA2024/f1tenth_ws/install/ackermann_mux/include/ackermann_mux/ackermann_mux_diagnostics_status.hpp
[9.746s] -- Up-to-date: /home/deepspeed/ICRA2024/f1tenth_ws/install/ackermann_mux/include/ackermann_mux/ackermann_mux_diagnostics.hpp
[9.746s] -- Up-to-date: /home/deepspeed/ICRA2024/f1tenth_ws/install/ackermann_mux/include/ackermann_mux/topic_handle.hpp
[9.747s] -- Up-to-date: /home/deepspeed/ICRA2024/f1tenth_ws/install/ackermann_mux/include/ackermann_mux/params_helpers.hpp
[9.747s] -- Up-to-date: /home/deepspeed/ICRA2024/f1tenth_ws/install/ackermann_mux/share/ament_index/resource_index/package_run_dependencies/ackermann_mux
[9.748s] -- Up-to-date: /home/deepspeed/ICRA2024/f1tenth_ws/install/ackermann_mux/share/ament_index/resource_index/parent_prefix_path/ackermann_mux
[9.748s] -- Up-to-date: /home/deepspeed/ICRA2024/f1tenth_ws/install/ackermann_mux/share/ackermann_mux/environment/ament_prefix_path.sh
[9.756s] -- Up-to-date: /home/deepspeed/ICRA2024/f1tenth_ws/install/ackermann_mux/share/ackermann_mux/environment/ament_prefix_path.dsv
[9.760s] -- Up-to-date: /home/deepspeed/ICRA2024/f1tenth_ws/install/ackermann_mux/share/ackermann_mux/environment/path.sh
[9.761s] -- Up-to-date: /home/deepspeed/ICRA2024/f1tenth_ws/install/ackermann_mux/share/ackermann_mux/environment/path.dsv
[9.761s] -- Up-to-date: /home/deepspeed/ICRA2024/f1tenth_ws/install/ackermann_mux/share/ackermann_mux/local_setup.bash
[9.762s] -- Up-to-date: /home/deepspeed/ICRA2024/f1tenth_ws/install/ackermann_mux/share/ackermann_mux/local_setup.sh
[9.781s] -- Up-to-date: /home/deepspeed/ICRA2024/f1tenth_ws/install/ackermann_mux/share/ackermann_mux/local_setup.zsh
[9.782s] -- Up-to-date: /home/deepspeed/ICRA2024/f1tenth_ws/install/ackermann_mux/share/ackermann_mux/local_setup.dsv
[9.782s] -- Installing: /home/deepspeed/ICRA2024/f1tenth_ws/install/ackermann_mux/share/ackermann_mux/package.dsv
[9.782s] -- Up-to-date: /home/deepspeed/ICRA2024/f1tenth_ws/install/ackermann_mux/share/ament_index/resource_index/packages/ackermann_mux
[9.783s] -- Up-to-date: /home/deepspeed/ICRA2024/f1tenth_ws/install/ackermann_mux/share/ackermann_mux/cmake/ament_cmake_export_include_directories-extras.cmake
[9.783s] -- Up-to-date: /home/deepspeed/ICRA2024/f1tenth_ws/install/ackermann_mux/share/ackermann_mux/cmake/ament_cmake_export_dependencies-extras.cmake
[9.784s] -- Up-to-date: /home/deepspeed/ICRA2024/f1tenth_ws/install/ackermann_mux/share/ackermann_mux/cmake/ackermann_muxConfig.cmake
[9.788s] -- Up-to-date: /home/deepspeed/ICRA2024/f1tenth_ws/install/ackermann_mux/share/ackermann_mux/cmake/ackermann_muxConfig-version.cmake
[9.797s] -- Up-to-date: /home/deepspeed/ICRA2024/f1tenth_ws/install/ackermann_mux/share/ackermann_mux/package.xml
[9.856s] Invoked command in '/home/deepspeed/ICRA2024/f1tenth_ws/build/ackermann_mux' returned '0': CMAKE_PREFIX_PATH=${CMAKE_PREFIX_PATH}:/home/deepspeed/ICRA2024/f1tenth_ws/install/f1tenth_stack:/home/deepspeed/ICRA2024/f1tenth_ws/install/joy_teleop:/home/deepspeed/ICRA2024/f1tenth_ws/install/mouse_teleop:/home/deepspeed/ICRA2024/f1tenth_ws/install/key_teleop:/home/deepspeed/ICRA2024/f1tenth_ws/install/automatic_emergency_braking:/opt/ros/foxy /usr/bin/cmake --install /home/deepspeed/ICRA2024/f1tenth_ws/build/ackermann_mux
