[9.242s] DEBUG:colcon:Command line arguments: ['/usr/bin/colcon', 'build', '--packages-select', 'vesc_msgs', 'vesc_driver', 'vesc_ackermann']
[9.242s] DEBUG:colcon:Parsed command line arguments: Namespace(allow_overriding=[], ament_cmake_args=None, base_paths=['.'], build_base='build', catkin_cmake_args=None, catkin_skip_building_tests=False, cmake_args=None, cmake_clean_cache=False, cmake_clean_first=False, cmake_force_configure=False, cmake_target=None, cmake_target_skip_unavailable=False, continue_on_error=False, event_handlers=None, executor='parallel', ignore_user_meta=False, install_base='install', log_base=None, log_level=None, main=<bound method BuildVerb.main of <colcon_core.verb.build.BuildVerb object at 0xffffad7762e0>>, merge_install=False, metas=['./colcon.meta'], packages_above=None, packages_above_and_dependencies=None, packages_above_depth=None, packages_end=None, packages_ignore=None, packages_ignore_regex=None, packages_select=['vesc_msgs', 'vesc_driver', 'vesc_ackermann'], packages_select_build_failed=False, packages_select_by_dep=None, packages_select_regex=None, packages_select_test_failures=False, packages_skip=None, packages_skip_build_finished=False, packages_skip_by_dep=None, packages_skip_regex=None, packages_skip_test_passed=False, packages_skip_up_to=None, packages_start=None, packages_up_to=None, packages_up_to_regex=None, parallel_workers=6, paths=None, symlink_install=False, test_result_base=None, verb_extension=<colcon_core.verb.build.BuildVerb object at 0xffffad7762e0>, verb_name='build', verb_parser=<colcon_defaults.argument_parser.defaults.DefaultArgumentsDecorator object at 0xffffad3655b0>)
[9.640s] Level 1:colcon.colcon_core.package_discovery:discover_packages(colcon_meta) check parameters
[9.641s] Level 1:colcon.colcon_core.package_discovery:discover_packages(recursive) check parameters
[9.641s] Level 1:colcon.colcon_core.package_discovery:discover_packages(ignore) check parameters
[9.641s] Level 1:colcon.colcon_core.package_discovery:discover_packages(path) check parameters
[9.641s] Level 1:colcon.colcon_core.package_discovery:discover_packages(colcon_meta) discover
[9.642s] Level 1:colcon.colcon_core.package_discovery:discover_packages(recursive) discover
[9.642s] INFO:colcon.colcon_core.package_discovery:Crawling recursively for packages in '/home/deepspeed/ICRA2024/f1tenth_ws'
[9.642s] Level 1:colcon.colcon_core.package_identification:_identify(.) by extensions ['ignore', 'ignore_ament_install']
[9.643s] Level 1:colcon.colcon_core.package_identification:_identify(.) by extension 'ignore'
[9.643s] Level 1:colcon.colcon_core.package_identification:_identify(.) by extension 'ignore_ament_install'
[9.643s] Level 1:colcon.colcon_core.package_identification:_identify(.) by extensions ['colcon_pkg']
[9.644s] Level 1:colcon.colcon_core.package_identification:_identify(.) by extension 'colcon_pkg'
[9.644s] Level 1:colcon.colcon_core.package_identification:_identify(.) by extensions ['colcon_meta']
[9.644s] Level 1:colcon.colcon_core.package_identification:_identify(.) by extension 'colcon_meta'
[9.644s] Level 1:colcon.colcon_core.package_identification:_identify(.) by extensions ['ros']
[9.644s] Level 1:colcon.colcon_core.package_identification:_identify(.) by extension 'ros'
[9.698s] Level 1:colcon.colcon_core.package_identification:_identify(.) by extensions ['cmake', 'python']
[9.698s] Level 1:colcon.colcon_core.package_identification:_identify(.) by extension 'cmake'
[9.699s] Level 1:colcon.colcon_core.package_identification:_identify(.) by extension 'python'
[9.699s] Level 1:colcon.colcon_core.package_identification:_identify(.) by extensions ['python_setup_py']
[9.699s] Level 1:colcon.colcon_core.package_identification:_identify(.) by extension 'python_setup_py'
[9.700s] Level 1:colcon.colcon_core.package_identification:_identify(build) by extensions ['ignore', 'ignore_ament_install']
[9.700s] Level 1:colcon.colcon_core.package_identification:_identify(build) by extension 'ignore'
[9.700s] Level 1:colcon.colcon_core.package_identification:_identify(build) ignored
[9.701s] Level 1:colcon.colcon_core.package_identification:_identify(install) by extensions ['ignore', 'ignore_ament_install']
[9.702s] Level 1:colcon.colcon_core.package_identification:_identify(install) by extension 'ignore'
[9.702s] Level 1:colcon.colcon_core.package_identification:_identify(install) ignored
[9.703s] Level 1:colcon.colcon_core.package_identification:_identify(log) by extensions ['ignore', 'ignore_ament_install']
[9.703s] Level 1:colcon.colcon_core.package_identification:_identify(log) by extension 'ignore'
[9.703s] Level 1:colcon.colcon_core.package_identification:_identify(log) ignored
[9.704s] Level 1:colcon.colcon_core.package_identification:_identify(src) by extensions ['ignore', 'ignore_ament_install']
[9.704s] Level 1:colcon.colcon_core.package_identification:_identify(src) by extension 'ignore'
[9.704s] Level 1:colcon.colcon_core.package_identification:_identify(src) by extension 'ignore_ament_install'
[9.705s] Level 1:colcon.colcon_core.package_identification:_identify(src) by extensions ['colcon_pkg']
[9.705s] Level 1:colcon.colcon_core.package_identification:_identify(src) by extension 'colcon_pkg'
[9.705s] Level 1:colcon.colcon_core.package_identification:_identify(src) by extensions ['colcon_meta']
[9.705s] Level 1:colcon.colcon_core.package_identification:_identify(src) by extension 'colcon_meta'
[9.706s] Level 1:colcon.colcon_core.package_identification:_identify(src) by extensions ['ros']
[9.706s] Level 1:colcon.colcon_core.package_identification:_identify(src) by extension 'ros'
[9.706s] Level 1:colcon.colcon_core.package_identification:_identify(src) by extensions ['cmake', 'python']
[9.707s] Level 1:colcon.colcon_core.package_identification:_identify(src) by extension 'cmake'
[9.707s] Level 1:colcon.colcon_core.package_identification:_identify(src) by extension 'python'
[9.707s] Level 1:colcon.colcon_core.package_identification:_identify(src) by extensions ['python_setup_py']
[9.707s] Level 1:colcon.colcon_core.package_identification:_identify(src) by extension 'python_setup_py'
[9.708s] Level 1:colcon.colcon_core.package_identification:_identify(src/automatic_emergency_braking) by extensions ['ignore', 'ignore_ament_install']
[9.708s] Level 1:colcon.colcon_core.package_identification:_identify(src/automatic_emergency_braking) by extension 'ignore'
[9.709s] Level 1:colcon.colcon_core.package_identification:_identify(src/automatic_emergency_braking) by extension 'ignore_ament_install'
[9.709s] Level 1:colcon.colcon_core.package_identification:_identify(src/automatic_emergency_braking) by extensions ['colcon_pkg']
[9.709s] Level 1:colcon.colcon_core.package_identification:_identify(src/automatic_emergency_braking) by extension 'colcon_pkg'
[9.709s] Level 1:colcon.colcon_core.package_identification:_identify(src/automatic_emergency_braking) by extensions ['colcon_meta']
[9.710s] Level 1:colcon.colcon_core.package_identification:_identify(src/automatic_emergency_braking) by extension 'colcon_meta'
[9.710s] Level 1:colcon.colcon_core.package_identification:_identify(src/automatic_emergency_braking) by extensions ['ros']
[9.710s] Level 1:colcon.colcon_core.package_identification:_identify(src/automatic_emergency_braking) by extension 'ros'
[9.722s] DEBUG:colcon.colcon_core.package_identification:Package 'src/automatic_emergency_braking' with type 'ros.ament_python' and name 'automatic_emergency_braking'
[9.723s] Level 1:colcon.colcon_core.package_identification:_identify(src/f1tenth_system) by extensions ['ignore', 'ignore_ament_install']
[9.723s] Level 1:colcon.colcon_core.package_identification:_identify(src/f1tenth_system) by extension 'ignore'
[9.723s] Level 1:colcon.colcon_core.package_identification:_identify(src/f1tenth_system) by extension 'ignore_ament_install'
[9.724s] Level 1:colcon.colcon_core.package_identification:_identify(src/f1tenth_system) by extensions ['colcon_pkg']
[9.724s] Level 1:colcon.colcon_core.package_identification:_identify(src/f1tenth_system) by extension 'colcon_pkg'
[9.724s] Level 1:colcon.colcon_core.package_identification:_identify(src/f1tenth_system) by extensions ['colcon_meta']
[9.724s] Level 1:colcon.colcon_core.package_identification:_identify(src/f1tenth_system) by extension 'colcon_meta'
[9.725s] Level 1:colcon.colcon_core.package_identification:_identify(src/f1tenth_system) by extensions ['ros']
[9.725s] Level 1:colcon.colcon_core.package_identification:_identify(src/f1tenth_system) by extension 'ros'
[9.725s] Level 1:colcon.colcon_core.package_identification:_identify(src/f1tenth_system) by extensions ['cmake', 'python']
[9.725s] Level 1:colcon.colcon_core.package_identification:_identify(src/f1tenth_system) by extension 'cmake'
[9.726s] Level 1:colcon.colcon_core.package_identification:_identify(src/f1tenth_system) by extension 'python'
[9.726s] Level 1:colcon.colcon_core.package_identification:_identify(src/f1tenth_system) by extensions ['python_setup_py']
[9.726s] Level 1:colcon.colcon_core.package_identification:_identify(src/f1tenth_system) by extension 'python_setup_py'
[9.727s] Level 1:colcon.colcon_core.package_identification:_identify(src/f1tenth_system/ackermann_mux) by extensions ['ignore', 'ignore_ament_install']
[9.727s] Level 1:colcon.colcon_core.package_identification:_identify(src/f1tenth_system/ackermann_mux) by extension 'ignore'
[9.727s] Level 1:colcon.colcon_core.package_identification:_identify(src/f1tenth_system/ackermann_mux) by extension 'ignore_ament_install'
[9.728s] Level 1:colcon.colcon_core.package_identification:_identify(src/f1tenth_system/ackermann_mux) by extensions ['colcon_pkg']
[9.728s] Level 1:colcon.colcon_core.package_identification:_identify(src/f1tenth_system/ackermann_mux) by extension 'colcon_pkg'
[9.728s] Level 1:colcon.colcon_core.package_identification:_identify(src/f1tenth_system/ackermann_mux) by extensions ['colcon_meta']
[9.728s] Level 1:colcon.colcon_core.package_identification:_identify(src/f1tenth_system/ackermann_mux) by extension 'colcon_meta'
[9.729s] Level 1:colcon.colcon_core.package_identification:_identify(src/f1tenth_system/ackermann_mux) by extensions ['ros']
[9.729s] Level 1:colcon.colcon_core.package_identification:_identify(src/f1tenth_system/ackermann_mux) by extension 'ros'
[9.733s] DEBUG:colcon.colcon_core.package_identification:Package 'src/f1tenth_system/ackermann_mux' with type 'ros.ament_cmake' and name 'ackermann_mux'
[9.734s] Level 1:colcon.colcon_core.package_identification:_identify(src/f1tenth_system/f1tenth_stack) by extensions ['ignore', 'ignore_ament_install']
[9.734s] Level 1:colcon.colcon_core.package_identification:_identify(src/f1tenth_system/f1tenth_stack) by extension 'ignore'
[9.734s] Level 1:colcon.colcon_core.package_identification:_identify(src/f1tenth_system/f1tenth_stack) by extension 'ignore_ament_install'
[9.735s] Level 1:colcon.colcon_core.package_identification:_identify(src/f1tenth_system/f1tenth_stack) by extensions ['colcon_pkg']
[9.735s] Level 1:colcon.colcon_core.package_identification:_identify(src/f1tenth_system/f1tenth_stack) by extension 'colcon_pkg'
[9.735s] Level 1:colcon.colcon_core.package_identification:_identify(src/f1tenth_system/f1tenth_stack) by extensions ['colcon_meta']
[9.735s] Level 1:colcon.colcon_core.package_identification:_identify(src/f1tenth_system/f1tenth_stack) by extension 'colcon_meta'
[9.735s] Level 1:colcon.colcon_core.package_identification:_identify(src/f1tenth_system/f1tenth_stack) by extensions ['ros']
[9.736s] Level 1:colcon.colcon_core.package_identification:_identify(src/f1tenth_system/f1tenth_stack) by extension 'ros'
[9.741s] DEBUG:colcon.colcon_core.package_identification:Package 'src/f1tenth_system/f1tenth_stack' with type 'ros.ament_python' and name 'f1tenth_stack'
[9.742s] Level 1:colcon.colcon_core.package_identification:_identify(src/f1tenth_system/scripts) by extensions ['ignore', 'ignore_ament_install']
[9.742s] Level 1:colcon.colcon_core.package_identification:_identify(src/f1tenth_system/scripts) by extension 'ignore'
[9.742s] Level 1:colcon.colcon_core.package_identification:_identify(src/f1tenth_system/scripts) by extension 'ignore_ament_install'
[9.743s] Level 1:colcon.colcon_core.package_identification:_identify(src/f1tenth_system/scripts) by extensions ['colcon_pkg']
[9.743s] Level 1:colcon.colcon_core.package_identification:_identify(src/f1tenth_system/scripts) by extension 'colcon_pkg'
[9.743s] Level 1:colcon.colcon_core.package_identification:_identify(src/f1tenth_system/scripts) by extensions ['colcon_meta']
[9.743s] Level 1:colcon.colcon_core.package_identification:_identify(src/f1tenth_system/scripts) by extension 'colcon_meta'
[9.744s] Level 1:colcon.colcon_core.package_identification:_identify(src/f1tenth_system/scripts) by extensions ['ros']
[9.744s] Level 1:colcon.colcon_core.package_identification:_identify(src/f1tenth_system/scripts) by extension 'ros'
[9.744s] Level 1:colcon.colcon_core.package_identification:_identify(src/f1tenth_system/scripts) by extensions ['cmake', 'python']
[9.744s] Level 1:colcon.colcon_core.package_identification:_identify(src/f1tenth_system/scripts) by extension 'cmake'
[9.745s] Level 1:colcon.colcon_core.package_identification:_identify(src/f1tenth_system/scripts) by extension 'python'
[9.745s] Level 1:colcon.colcon_core.package_identification:_identify(src/f1tenth_system/scripts) by extensions ['python_setup_py']
[9.745s] Level 1:colcon.colcon_core.package_identification:_identify(src/f1tenth_system/scripts) by extension 'python_setup_py'
[9.746s] Level 1:colcon.colcon_core.package_identification:_identify(src/f1tenth_system/teleop_tools) by extensions ['ignore', 'ignore_ament_install']
[9.746s] Level 1:colcon.colcon_core.package_identification:_identify(src/f1tenth_system/teleop_tools) by extension 'ignore'
[9.746s] Level 1:colcon.colcon_core.package_identification:_identify(src/f1tenth_system/teleop_tools) by extension 'ignore_ament_install'
[9.747s] Level 1:colcon.colcon_core.package_identification:_identify(src/f1tenth_system/teleop_tools) by extensions ['colcon_pkg']
[9.747s] Level 1:colcon.colcon_core.package_identification:_identify(src/f1tenth_system/teleop_tools) by extension 'colcon_pkg'
[9.747s] Level 1:colcon.colcon_core.package_identification:_identify(src/f1tenth_system/teleop_tools) by extensions ['colcon_meta']
[9.747s] Level 1:colcon.colcon_core.package_identification:_identify(src/f1tenth_system/teleop_tools) by extension 'colcon_meta'
[9.747s] Level 1:colcon.colcon_core.package_identification:_identify(src/f1tenth_system/teleop_tools) by extensions ['ros']
[9.748s] Level 1:colcon.colcon_core.package_identification:_identify(src/f1tenth_system/teleop_tools) by extension 'ros'
[9.748s] Level 1:colcon.colcon_core.package_identification:_identify(src/f1tenth_system/teleop_tools) by extensions ['cmake', 'python']
[9.748s] Level 1:colcon.colcon_core.package_identification:_identify(src/f1tenth_system/teleop_tools) by extension 'cmake'
[9.748s] Level 1:colcon.colcon_core.package_identification:_identify(src/f1tenth_system/teleop_tools) by extension 'python'
[9.749s] Level 1:colcon.colcon_core.package_identification:_identify(src/f1tenth_system/teleop_tools) by extensions ['python_setup_py']
[9.749s] Level 1:colcon.colcon_core.package_identification:_identify(src/f1tenth_system/teleop_tools) by extension 'python_setup_py'
[9.749s] Level 1:colcon.colcon_core.package_identification:_identify(src/f1tenth_system/teleop_tools/joy_teleop) by extensions ['ignore', 'ignore_ament_install']
[9.750s] Level 1:colcon.colcon_core.package_identification:_identify(src/f1tenth_system/teleop_tools/joy_teleop) by extension 'ignore'
[9.750s] Level 1:colcon.colcon_core.package_identification:_identify(src/f1tenth_system/teleop_tools/joy_teleop) by extension 'ignore_ament_install'
[9.750s] Level 1:colcon.colcon_core.package_identification:_identify(src/f1tenth_system/teleop_tools/joy_teleop) by extensions ['colcon_pkg']
[9.750s] Level 1:colcon.colcon_core.package_identification:_identify(src/f1tenth_system/teleop_tools/joy_teleop) by extension 'colcon_pkg'
[9.751s] Level 1:colcon.colcon_core.package_identification:_identify(src/f1tenth_system/teleop_tools/joy_teleop) by extensions ['colcon_meta']
[9.751s] Level 1:colcon.colcon_core.package_identification:_identify(src/f1tenth_system/teleop_tools/joy_teleop) by extension 'colcon_meta'
[9.751s] Level 1:colcon.colcon_core.package_identification:_identify(src/f1tenth_system/teleop_tools/joy_teleop) by extensions ['ros']
[9.751s] Level 1:colcon.colcon_core.package_identification:_identify(src/f1tenth_system/teleop_tools/joy_teleop) by extension 'ros'
[9.754s] DEBUG:colcon.colcon_core.package_identification:Package 'src/f1tenth_system/teleop_tools/joy_teleop' with type 'ros.ament_python' and name 'joy_teleop'
[9.755s] Level 1:colcon.colcon_core.package_identification:_identify(src/f1tenth_system/teleop_tools/key_teleop) by extensions ['ignore', 'ignore_ament_install']
[9.755s] Level 1:colcon.colcon_core.package_identification:_identify(src/f1tenth_system/teleop_tools/key_teleop) by extension 'ignore'
[9.756s] Level 1:colcon.colcon_core.package_identification:_identify(src/f1tenth_system/teleop_tools/key_teleop) by extension 'ignore_ament_install'
[9.756s] Level 1:colcon.colcon_core.package_identification:_identify(src/f1tenth_system/teleop_tools/key_teleop) by extensions ['colcon_pkg']
[9.756s] Level 1:colcon.colcon_core.package_identification:_identify(src/f1tenth_system/teleop_tools/key_teleop) by extension 'colcon_pkg'
[9.756s] Level 1:colcon.colcon_core.package_identification:_identify(src/f1tenth_system/teleop_tools/key_teleop) by extensions ['colcon_meta']
[9.756s] Level 1:colcon.colcon_core.package_identification:_identify(src/f1tenth_system/teleop_tools/key_teleop) by extension 'colcon_meta'
[9.757s] Level 1:colcon.colcon_core.package_identification:_identify(src/f1tenth_system/teleop_tools/key_teleop) by extensions ['ros']
[9.757s] Level 1:colcon.colcon_core.package_identification:_identify(src/f1tenth_system/teleop_tools/key_teleop) by extension 'ros'
[9.760s] DEBUG:colcon.colcon_core.package_identification:Package 'src/f1tenth_system/teleop_tools/key_teleop' with type 'ros.ament_python' and name 'key_teleop'
[9.760s] Level 1:colcon.colcon_core.package_identification:_identify(src/f1tenth_system/teleop_tools/mouse_teleop) by extensions ['ignore', 'ignore_ament_install']
[9.761s] Level 1:colcon.colcon_core.package_identification:_identify(src/f1tenth_system/teleop_tools/mouse_teleop) by extension 'ignore'
[9.761s] Level 1:colcon.colcon_core.package_identification:_identify(src/f1tenth_system/teleop_tools/mouse_teleop) by extension 'ignore_ament_install'
[9.761s] Level 1:colcon.colcon_core.package_identification:_identify(src/f1tenth_system/teleop_tools/mouse_teleop) by extensions ['colcon_pkg']
[9.761s] Level 1:colcon.colcon_core.package_identification:_identify(src/f1tenth_system/teleop_tools/mouse_teleop) by extension 'colcon_pkg'
[9.762s] Level 1:colcon.colcon_core.package_identification:_identify(src/f1tenth_system/teleop_tools/mouse_teleop) by extensions ['colcon_meta']
[9.762s] Level 1:colcon.colcon_core.package_identification:_identify(src/f1tenth_system/teleop_tools/mouse_teleop) by extension 'colcon_meta'
[9.762s] Level 1:colcon.colcon_core.package_identification:_identify(src/f1tenth_system/teleop_tools/mouse_teleop) by extensions ['ros']
[9.762s] Level 1:colcon.colcon_core.package_identification:_identify(src/f1tenth_system/teleop_tools/mouse_teleop) by extension 'ros'
[9.764s] DEBUG:colcon.colcon_core.package_identification:Package 'src/f1tenth_system/teleop_tools/mouse_teleop' with type 'ros.ament_python' and name 'mouse_teleop'
[9.765s] Level 1:colcon.colcon_core.package_identification:_identify(src/f1tenth_system/teleop_tools/teleop_tools) by extensions ['ignore', 'ignore_ament_install']
[9.765s] Level 1:colcon.colcon_core.package_identification:_identify(src/f1tenth_system/teleop_tools/teleop_tools) by extension 'ignore'
[9.766s] Level 1:colcon.colcon_core.package_identification:_identify(src/f1tenth_system/teleop_tools/teleop_tools) by extension 'ignore_ament_install'
[9.766s] Level 1:colcon.colcon_core.package_identification:_identify(src/f1tenth_system/teleop_tools/teleop_tools) by extensions ['colcon_pkg']
[9.766s] Level 1:colcon.colcon_core.package_identification:_identify(src/f1tenth_system/teleop_tools/teleop_tools) by extension 'colcon_pkg'
[9.766s] Level 1:colcon.colcon_core.package_identification:_identify(src/f1tenth_system/teleop_tools/teleop_tools) by extensions ['colcon_meta']
[9.767s] Level 1:colcon.colcon_core.package_identification:_identify(src/f1tenth_system/teleop_tools/teleop_tools) by extension 'colcon_meta'
[9.767s] Level 1:colcon.colcon_core.package_identification:_identify(src/f1tenth_system/teleop_tools/teleop_tools) by extensions ['ros']
[9.767s] Level 1:colcon.colcon_core.package_identification:_identify(src/f1tenth_system/teleop_tools/teleop_tools) by extension 'ros'
[9.769s] DEBUG:colcon.colcon_core.package_identification:Package 'src/f1tenth_system/teleop_tools/teleop_tools' with type 'ros.ament_cmake' and name 'teleop_tools'
[9.770s] Level 1:colcon.colcon_core.package_identification:_identify(src/f1tenth_system/teleop_tools/teleop_tools_msgs) by extensions ['ignore', 'ignore_ament_install']
[9.770s] Level 1:colcon.colcon_core.package_identification:_identify(src/f1tenth_system/teleop_tools/teleop_tools_msgs) by extension 'ignore'
[9.770s] Level 1:colcon.colcon_core.package_identification:_identify(src/f1tenth_system/teleop_tools/teleop_tools_msgs) by extension 'ignore_ament_install'
[9.771s] Level 1:colcon.colcon_core.package_identification:_identify(src/f1tenth_system/teleop_tools/teleop_tools_msgs) by extensions ['colcon_pkg']
[9.771s] Level 1:colcon.colcon_core.package_identification:_identify(src/f1tenth_system/teleop_tools/teleop_tools_msgs) by extension 'colcon_pkg'
[9.771s] Level 1:colcon.colcon_core.package_identification:_identify(src/f1tenth_system/teleop_tools/teleop_tools_msgs) by extensions ['colcon_meta']
[9.771s] Level 1:colcon.colcon_core.package_identification:_identify(src/f1tenth_system/teleop_tools/teleop_tools_msgs) by extension 'colcon_meta'
[9.771s] Level 1:colcon.colcon_core.package_identification:_identify(src/f1tenth_system/teleop_tools/teleop_tools_msgs) by extensions ['ros']
[9.772s] Level 1:colcon.colcon_core.package_identification:_identify(src/f1tenth_system/teleop_tools/teleop_tools_msgs) by extension 'ros'
[9.774s] DEBUG:colcon.colcon_core.package_identification:Package 'src/f1tenth_system/teleop_tools/teleop_tools_msgs' with type 'ros.ament_cmake' and name 'teleop_tools_msgs'
[9.775s] Level 1:colcon.colcon_core.package_identification:_identify(src/f1tenth_system/vesc) by extensions ['ignore', 'ignore_ament_install']
[9.775s] Level 1:colcon.colcon_core.package_identification:_identify(src/f1tenth_system/vesc) by extension 'ignore'
[9.776s] Level 1:colcon.colcon_core.package_identification:_identify(src/f1tenth_system/vesc) by extension 'ignore_ament_install'
[9.776s] Level 1:colcon.colcon_core.package_identification:_identify(src/f1tenth_system/vesc) by extensions ['colcon_pkg']
[9.776s] Level 1:colcon.colcon_core.package_identification:_identify(src/f1tenth_system/vesc) by extension 'colcon_pkg'
[9.776s] Level 1:colcon.colcon_core.package_identification:_identify(src/f1tenth_system/vesc) by extensions ['colcon_meta']
[9.777s] Level 1:colcon.colcon_core.package_identification:_identify(src/f1tenth_system/vesc) by extension 'colcon_meta'
[9.777s] Level 1:colcon.colcon_core.package_identification:_identify(src/f1tenth_system/vesc) by extensions ['ros']
[9.777s] Level 1:colcon.colcon_core.package_identification:_identify(src/f1tenth_system/vesc) by extension 'ros'
[9.778s] Level 1:colcon.colcon_core.package_identification:_identify(src/f1tenth_system/vesc) by extensions ['cmake', 'python']
[9.778s] Level 1:colcon.colcon_core.package_identification:_identify(src/f1tenth_system/vesc) by extension 'cmake'
[9.778s] Level 1:colcon.colcon_core.package_identification:_identify(src/f1tenth_system/vesc) by extension 'python'
[9.778s] Level 1:colcon.colcon_core.package_identification:_identify(src/f1tenth_system/vesc) by extensions ['python_setup_py']
[9.778s] Level 1:colcon.colcon_core.package_identification:_identify(src/f1tenth_system/vesc) by extension 'python_setup_py'
[9.779s] Level 1:colcon.colcon_core.package_identification:_identify(src/f1tenth_system/vesc/vesc) by extensions ['ignore', 'ignore_ament_install']
[9.779s] Level 1:colcon.colcon_core.package_identification:_identify(src/f1tenth_system/vesc/vesc) by extension 'ignore'
[9.780s] Level 1:colcon.colcon_core.package_identification:_identify(src/f1tenth_system/vesc/vesc) by extension 'ignore_ament_install'
[9.780s] Level 1:colcon.colcon_core.package_identification:_identify(src/f1tenth_system/vesc/vesc) by extensions ['colcon_pkg']
[9.780s] Level 1:colcon.colcon_core.package_identification:_identify(src/f1tenth_system/vesc/vesc) by extension 'colcon_pkg'
[9.780s] Level 1:colcon.colcon_core.package_identification:_identify(src/f1tenth_system/vesc/vesc) by extensions ['colcon_meta']
[9.780s] Level 1:colcon.colcon_core.package_identification:_identify(src/f1tenth_system/vesc/vesc) by extension 'colcon_meta'
[9.781s] Level 1:colcon.colcon_core.package_identification:_identify(src/f1tenth_system/vesc/vesc) by extensions ['ros']
[9.781s] Level 1:colcon.colcon_core.package_identification:_identify(src/f1tenth_system/vesc/vesc) by extension 'ros'
[9.783s] DEBUG:colcon.colcon_core.package_identification:Package 'src/f1tenth_system/vesc/vesc' with type 'ros.ament_cmake' and name 'vesc'
[9.784s] Level 1:colcon.colcon_core.package_identification:_identify(src/f1tenth_system/vesc/vesc_ackermann) by extensions ['ignore', 'ignore_ament_install']
[9.785s] Level 1:colcon.colcon_core.package_identification:_identify(src/f1tenth_system/vesc/vesc_ackermann) by extension 'ignore'
[9.785s] Level 1:colcon.colcon_core.package_identification:_identify(src/f1tenth_system/vesc/vesc_ackermann) by extension 'ignore_ament_install'
[9.785s] Level 1:colcon.colcon_core.package_identification:_identify(src/f1tenth_system/vesc/vesc_ackermann) by extensions ['colcon_pkg']
[9.785s] Level 1:colcon.colcon_core.package_identification:_identify(src/f1tenth_system/vesc/vesc_ackermann) by extension 'colcon_pkg'
[9.786s] Level 1:colcon.colcon_core.package_identification:_identify(src/f1tenth_system/vesc/vesc_ackermann) by extensions ['colcon_meta']
[9.786s] Level 1:colcon.colcon_core.package_identification:_identify(src/f1tenth_system/vesc/vesc_ackermann) by extension 'colcon_meta'
[9.786s] Level 1:colcon.colcon_core.package_identification:_identify(src/f1tenth_system/vesc/vesc_ackermann) by extensions ['ros']
[9.786s] Level 1:colcon.colcon_core.package_identification:_identify(src/f1tenth_system/vesc/vesc_ackermann) by extension 'ros'
[9.795s] DEBUG:colcon.colcon_core.package_identification:Package 'src/f1tenth_system/vesc/vesc_ackermann' with type 'ros.ament_cmake' and name 'vesc_ackermann'
[9.795s] Level 1:colcon.colcon_core.package_identification:_identify(src/f1tenth_system/vesc/vesc_driver) by extensions ['ignore', 'ignore_ament_install']
[9.796s] Level 1:colcon.colcon_core.package_identification:_identify(src/f1tenth_system/vesc/vesc_driver) by extension 'ignore'
[9.796s] Level 1:colcon.colcon_core.package_identification:_identify(src/f1tenth_system/vesc/vesc_driver) by extension 'ignore_ament_install'
[9.796s] Level 1:colcon.colcon_core.package_identification:_identify(src/f1tenth_system/vesc/vesc_driver) by extensions ['colcon_pkg']
[9.797s] Level 1:colcon.colcon_core.package_identification:_identify(src/f1tenth_system/vesc/vesc_driver) by extension 'colcon_pkg'
[9.797s] Level 1:colcon.colcon_core.package_identification:_identify(src/f1tenth_system/vesc/vesc_driver) by extensions ['colcon_meta']
[9.797s] Level 1:colcon.colcon_core.package_identification:_identify(src/f1tenth_system/vesc/vesc_driver) by extension 'colcon_meta'
[9.797s] Level 1:colcon.colcon_core.package_identification:_identify(src/f1tenth_system/vesc/vesc_driver) by extensions ['ros']
[9.798s] Level 1:colcon.colcon_core.package_identification:_identify(src/f1tenth_system/vesc/vesc_driver) by extension 'ros'
[9.802s] DEBUG:colcon.colcon_core.package_identification:Package 'src/f1tenth_system/vesc/vesc_driver' with type 'ros.ament_cmake' and name 'vesc_driver'
[9.803s] Level 1:colcon.colcon_core.package_identification:_identify(src/f1tenth_system/vesc/vesc_msgs) by extensions ['ignore', 'ignore_ament_install']
[9.803s] Level 1:colcon.colcon_core.package_identification:_identify(src/f1tenth_system/vesc/vesc_msgs) by extension 'ignore'
[9.804s] Level 1:colcon.colcon_core.package_identification:_identify(src/f1tenth_system/vesc/vesc_msgs) by extension 'ignore_ament_install'
[9.804s] Level 1:colcon.colcon_core.package_identification:_identify(src/f1tenth_system/vesc/vesc_msgs) by extensions ['colcon_pkg']
[9.804s] Level 1:colcon.colcon_core.package_identification:_identify(src/f1tenth_system/vesc/vesc_msgs) by extension 'colcon_pkg'
[9.804s] Level 1:colcon.colcon_core.package_identification:_identify(src/f1tenth_system/vesc/vesc_msgs) by extensions ['colcon_meta']
[9.804s] Level 1:colcon.colcon_core.package_identification:_identify(src/f1tenth_system/vesc/vesc_msgs) by extension 'colcon_meta'
[9.805s] Level 1:colcon.colcon_core.package_identification:_identify(src/f1tenth_system/vesc/vesc_msgs) by extensions ['ros']
[9.805s] Level 1:colcon.colcon_core.package_identification:_identify(src/f1tenth_system/vesc/vesc_msgs) by extension 'ros'
[9.808s] DEBUG:colcon.colcon_core.package_identification:Package 'src/f1tenth_system/vesc/vesc_msgs' with type 'ros.ament_cmake' and name 'vesc_msgs'
[9.809s] Level 1:colcon.colcon_core.package_discovery:discover_packages(recursive) using defaults
[9.809s] Level 1:colcon.colcon_core.package_discovery:discover_packages(ignore) discover
[9.809s] Level 1:colcon.colcon_core.package_discovery:discover_packages(ignore) using defaults
[9.809s] Level 1:colcon.colcon_core.package_discovery:discover_packages(path) discover
[9.810s] Level 1:colcon.colcon_core.package_discovery:discover_packages(path) using defaults
[10.382s] INFO:colcon.colcon_core.package_selection:Skipping not selected package 'ackermann_mux' in 'src/f1tenth_system/ackermann_mux'
[10.382s] INFO:colcon.colcon_core.package_selection:Skipping not selected package 'automatic_emergency_braking' in 'src/automatic_emergency_braking'
[10.383s] INFO:colcon.colcon_core.package_selection:Skipping not selected package 'key_teleop' in 'src/f1tenth_system/teleop_tools/key_teleop'
[10.383s] INFO:colcon.colcon_core.package_selection:Skipping not selected package 'mouse_teleop' in 'src/f1tenth_system/teleop_tools/mouse_teleop'
[10.383s] INFO:colcon.colcon_core.package_selection:Skipping not selected package 'teleop_tools_msgs' in 'src/f1tenth_system/teleop_tools/teleop_tools_msgs'
[10.383s] INFO:colcon.colcon_core.package_selection:Skipping not selected package 'joy_teleop' in 'src/f1tenth_system/teleop_tools/joy_teleop'
[10.383s] INFO:colcon.colcon_core.package_selection:Skipping not selected package 'teleop_tools' in 'src/f1tenth_system/teleop_tools/teleop_tools'
[10.383s] INFO:colcon.colcon_core.package_selection:Skipping not selected package 'vesc' in 'src/f1tenth_system/vesc/vesc'
[10.383s] INFO:colcon.colcon_core.package_selection:Skipping not selected package 'f1tenth_stack' in 'src/f1tenth_system/f1tenth_stack'
[10.684s] Level 1:colcon.colcon_core.package_discovery:discover_packages(prefix_path) check parameters
[10.685s] Level 1:colcon.colcon_core.package_discovery:discover_packages(prefix_path) discover
[11.000s] DEBUG:colcon.colcon_installed_package_information.package_discovery:Found 12 installed packages in /home/deepspeed/ICRA2024/f1tenth_ws/install
[11.156s] DEBUG:colcon.colcon_installed_package_information.package_discovery:Found 272 installed packages in /opt/ros/foxy
[11.163s] Level 1:colcon.colcon_core.package_discovery:discover_packages(prefix_path) using defaults
[11.673s] WARNING:colcon.colcon_core.package_selection:Some selected packages are already built in one or more underlay workspaces:
	'vesc_ackermann' is in: /home/deepspeed/ICRA2024/f1tenth_ws/install/vesc_ackermann
	'vesc_msgs' is in: /home/deepspeed/ICRA2024/f1tenth_ws/install/vesc_msgs
	'vesc_driver' is in: /home/deepspeed/ICRA2024/f1tenth_ws/install/vesc_driver
If a package in a merged underlay workspace is overridden and it installs headers, then all packages in the overlay must sort their include directories by workspace order. Failure to do so may result in build failures or undefined behavior at run time.
If the overridden package is used by another package in any underlay, then the overriding package in the overlay must be API and ABI compatible or undefined behavior at run time may occur.

If you understand the risks and want to override a package anyways, add the following to the command line:
	--allow-overriding vesc_ackermann vesc_driver vesc_msgs

This may be promoted to an error in a future release of colcon-override-check.
[11.824s] Level 5:colcon.colcon_core.verb:set package 'vesc_msgs' build argument 'cmake_args' from command line to 'None'
[11.824s] Level 5:colcon.colcon_core.verb:set package 'vesc_msgs' build argument 'cmake_target' from command line to 'None'
[11.824s] Level 5:colcon.colcon_core.verb:set package 'vesc_msgs' build argument 'cmake_target_skip_unavailable' from command line to 'False'
[11.825s] Level 5:colcon.colcon_core.verb:set package 'vesc_msgs' build argument 'cmake_clean_cache' from command line to 'False'
[11.825s] Level 5:colcon.colcon_core.verb:set package 'vesc_msgs' build argument 'cmake_clean_first' from command line to 'False'
[11.825s] Level 5:colcon.colcon_core.verb:set package 'vesc_msgs' build argument 'cmake_force_configure' from command line to 'False'
[11.825s] Level 5:colcon.colcon_core.verb:set package 'vesc_msgs' build argument 'ament_cmake_args' from command line to 'None'
[11.825s] Level 5:colcon.colcon_core.verb:set package 'vesc_msgs' build argument 'catkin_cmake_args' from command line to 'None'
[11.826s] Level 5:colcon.colcon_core.verb:set package 'vesc_msgs' build argument 'catkin_skip_building_tests' from command line to 'False'
[11.826s] DEBUG:colcon.colcon_core.verb:Building package 'vesc_msgs' with the following arguments: {'ament_cmake_args': None, 'build_base': '/home/deepspeed/ICRA2024/f1tenth_ws/build/vesc_msgs', 'catkin_cmake_args': None, 'catkin_skip_building_tests': False, 'cmake_args': None, 'cmake_clean_cache': False, 'cmake_clean_first': False, 'cmake_force_configure': False, 'cmake_target': None, 'cmake_target_skip_unavailable': False, 'install_base': '/home/deepspeed/ICRA2024/f1tenth_ws/install/vesc_msgs', 'merge_install': False, 'path': '/home/deepspeed/ICRA2024/f1tenth_ws/src/f1tenth_system/vesc/vesc_msgs', 'symlink_install': False, 'test_result_base': None}
[11.974s] Level 5:colcon.colcon_core.verb:set package 'vesc_ackermann' build argument 'cmake_args' from command line to 'None'
[11.974s] Level 5:colcon.colcon_core.verb:set package 'vesc_ackermann' build argument 'cmake_target' from command line to 'None'
[11.974s] Level 5:colcon.colcon_core.verb:set package 'vesc_ackermann' build argument 'cmake_target_skip_unavailable' from command line to 'False'
[11.974s] Level 5:colcon.colcon_core.verb:set package 'vesc_ackermann' build argument 'cmake_clean_cache' from command line to 'False'
[11.975s] Level 5:colcon.colcon_core.verb:set package 'vesc_ackermann' build argument 'cmake_clean_first' from command line to 'False'
[11.975s] Level 5:colcon.colcon_core.verb:set package 'vesc_ackermann' build argument 'cmake_force_configure' from command line to 'False'
[11.975s] Level 5:colcon.colcon_core.verb:set package 'vesc_ackermann' build argument 'ament_cmake_args' from command line to 'None'
[11.975s] Level 5:colcon.colcon_core.verb:set package 'vesc_ackermann' build argument 'catkin_cmake_args' from command line to 'None'
[11.975s] Level 5:colcon.colcon_core.verb:set package 'vesc_ackermann' build argument 'catkin_skip_building_tests' from command line to 'False'
[11.975s] DEBUG:colcon.colcon_core.verb:Building package 'vesc_ackermann' with the following arguments: {'ament_cmake_args': None, 'build_base': '/home/deepspeed/ICRA2024/f1tenth_ws/build/vesc_ackermann', 'catkin_cmake_args': None, 'catkin_skip_building_tests': False, 'cmake_args': None, 'cmake_clean_cache': False, 'cmake_clean_first': False, 'cmake_force_configure': False, 'cmake_target': None, 'cmake_target_skip_unavailable': False, 'install_base': '/home/deepspeed/ICRA2024/f1tenth_ws/install/vesc_ackermann', 'merge_install': False, 'path': '/home/deepspeed/ICRA2024/f1tenth_ws/src/f1tenth_system/vesc/vesc_ackermann', 'symlink_install': False, 'test_result_base': None}
[12.122s] Level 5:colcon.colcon_core.verb:set package 'vesc_driver' build argument 'cmake_args' from command line to 'None'
[12.123s] Level 5:colcon.colcon_core.verb:set package 'vesc_driver' build argument 'cmake_target' from command line to 'None'
[12.123s] Level 5:colcon.colcon_core.verb:set package 'vesc_driver' build argument 'cmake_target_skip_unavailable' from command line to 'False'
[12.123s] Level 5:colcon.colcon_core.verb:set package 'vesc_driver' build argument 'cmake_clean_cache' from command line to 'False'
[12.123s] Level 5:colcon.colcon_core.verb:set package 'vesc_driver' build argument 'cmake_clean_first' from command line to 'False'
[12.123s] Level 5:colcon.colcon_core.verb:set package 'vesc_driver' build argument 'cmake_force_configure' from command line to 'False'
[12.123s] Level 5:colcon.colcon_core.verb:set package 'vesc_driver' build argument 'ament_cmake_args' from command line to 'None'
[12.124s] Level 5:colcon.colcon_core.verb:set package 'vesc_driver' build argument 'catkin_cmake_args' from command line to 'None'
[12.124s] Level 5:colcon.colcon_core.verb:set package 'vesc_driver' build argument 'catkin_skip_building_tests' from command line to 'False'
[12.124s] DEBUG:colcon.colcon_core.verb:Building package 'vesc_driver' with the following arguments: {'ament_cmake_args': None, 'build_base': '/home/deepspeed/ICRA2024/f1tenth_ws/build/vesc_driver', 'catkin_cmake_args': None, 'catkin_skip_building_tests': False, 'cmake_args': None, 'cmake_clean_cache': False, 'cmake_clean_first': False, 'cmake_force_configure': False, 'cmake_target': None, 'cmake_target_skip_unavailable': False, 'install_base': '/home/deepspeed/ICRA2024/f1tenth_ws/install/vesc_driver', 'merge_install': False, 'path': '/home/deepspeed/ICRA2024/f1tenth_ws/src/f1tenth_system/vesc/vesc_driver', 'symlink_install': False, 'test_result_base': None}
[12.276s] INFO:colcon.colcon_core.executor:Executing jobs using 'parallel' executor
[12.468s] DEBUG:colcon.colcon_parallel_executor.executor.parallel:run_until_complete
[12.470s] INFO:colcon.colcon_ros.task.ament_cmake.build:Building ROS package in '/home/deepspeed/ICRA2024/f1tenth_ws/src/f1tenth_system/vesc/vesc_msgs' with build type 'ament_cmake'
[12.470s] INFO:colcon.colcon_cmake.task.cmake.build:Building CMake package in '/home/deepspeed/ICRA2024/f1tenth_ws/src/f1tenth_system/vesc/vesc_msgs'
[12.634s] INFO:colcon.colcon_core.plugin_system:Skipping extension 'colcon_core.shell.bat': Not used on non-Windows systems
[12.635s] INFO:colcon.colcon_core.shell:Skip shell extension 'powershell' for command environment: Not usable outside of PowerShell
[12.635s] DEBUG:colcon.colcon_core.shell:Skip shell extension 'dsv' for command environment
[13.167s] DEBUG:colcon.colcon_core.event_handler.log_command:Invoking command in '/home/deepspeed/ICRA2024/f1tenth_ws/build/vesc_msgs': CMAKE_PREFIX_PATH=${CMAKE_PREFIX_PATH}:/home/deepspeed/ICRA2024/f1tenth_ws/install/f1tenth_stack:/home/deepspeed/ICRA2024/f1tenth_ws/install/joy_teleop:/home/deepspeed/ICRA2024/f1tenth_ws/install/mouse_teleop:/home/deepspeed/ICRA2024/f1tenth_ws/install/key_teleop:/home/deepspeed/ICRA2024/f1tenth_ws/install/automatic_emergency_braking:/opt/ros/foxy /usr/bin/cmake --build /home/deepspeed/ICRA2024/f1tenth_ws/build/vesc_msgs -- -j6 -l6
[14.638s] DEBUG:colcon.colcon_core.event_handler.log_command:Invoked command in '/home/deepspeed/ICRA2024/f1tenth_ws/build/vesc_msgs' returned '0': CMAKE_PREFIX_PATH=${CMAKE_PREFIX_PATH}:/home/deepspeed/ICRA2024/f1tenth_ws/install/f1tenth_stack:/home/deepspeed/ICRA2024/f1tenth_ws/install/joy_teleop:/home/deepspeed/ICRA2024/f1tenth_ws/install/mouse_teleop:/home/deepspeed/ICRA2024/f1tenth_ws/install/key_teleop:/home/deepspeed/ICRA2024/f1tenth_ws/install/automatic_emergency_braking:/opt/ros/foxy /usr/bin/cmake --build /home/deepspeed/ICRA2024/f1tenth_ws/build/vesc_msgs -- -j6 -l6
[15.419s] DEBUG:colcon.colcon_core.event_handler.log_command:Invoking command in '/home/deepspeed/ICRA2024/f1tenth_ws/build/vesc_msgs': CMAKE_PREFIX_PATH=${CMAKE_PREFIX_PATH}:/home/deepspeed/ICRA2024/f1tenth_ws/install/f1tenth_stack:/home/deepspeed/ICRA2024/f1tenth_ws/install/joy_teleop:/home/deepspeed/ICRA2024/f1tenth_ws/install/mouse_teleop:/home/deepspeed/ICRA2024/f1tenth_ws/install/key_teleop:/home/deepspeed/ICRA2024/f1tenth_ws/install/automatic_emergency_braking:/opt/ros/foxy /usr/bin/cmake --install /home/deepspeed/ICRA2024/f1tenth_ws/build/vesc_msgs
[15.749s] Level 1:colcon.colcon_core.environment:create_environment_scripts_only(vesc_msgs)
[15.752s] DEBUG:colcon.colcon_core.event_handler.log_command:Invoked command in '/home/deepspeed/ICRA2024/f1tenth_ws/build/vesc_msgs' returned '0': CMAKE_PREFIX_PATH=${CMAKE_PREFIX_PATH}:/home/deepspeed/ICRA2024/f1tenth_ws/install/f1tenth_stack:/home/deepspeed/ICRA2024/f1tenth_ws/install/joy_teleop:/home/deepspeed/ICRA2024/f1tenth_ws/install/mouse_teleop:/home/deepspeed/ICRA2024/f1tenth_ws/install/key_teleop:/home/deepspeed/ICRA2024/f1tenth_ws/install/automatic_emergency_braking:/opt/ros/foxy /usr/bin/cmake --install /home/deepspeed/ICRA2024/f1tenth_ws/build/vesc_msgs
[15.929s] Level 1:colcon.colcon_core.environment:checking '/home/deepspeed/ICRA2024/f1tenth_ws/install/vesc_msgs' for CMake module files
[15.933s] Level 1:colcon.colcon_core.environment:checking '/home/deepspeed/ICRA2024/f1tenth_ws/install/vesc_msgs' for CMake config files
[15.935s] Level 1:colcon.colcon_core.shell:create_environment_hook('vesc_msgs', 'cmake_prefix_path')
[16.090s] INFO:colcon.colcon_core.shell:Creating environment hook '/home/deepspeed/ICRA2024/f1tenth_ws/install/vesc_msgs/share/vesc_msgs/hook/cmake_prefix_path.ps1'
[16.094s] INFO:colcon.colcon_core.shell:Creating environment descriptor '/home/deepspeed/ICRA2024/f1tenth_ws/install/vesc_msgs/share/vesc_msgs/hook/cmake_prefix_path.dsv'
[16.098s] INFO:colcon.colcon_core.shell:Creating environment hook '/home/deepspeed/ICRA2024/f1tenth_ws/install/vesc_msgs/share/vesc_msgs/hook/cmake_prefix_path.sh'
[16.103s] Level 1:colcon.colcon_core.environment:checking '/home/deepspeed/ICRA2024/f1tenth_ws/install/vesc_msgs/lib'
[16.103s] Level 1:colcon.colcon_core.shell:create_environment_hook('vesc_msgs', 'ld_library_path_lib')
[16.265s] INFO:colcon.colcon_core.shell:Creating environment hook '/home/deepspeed/ICRA2024/f1tenth_ws/install/vesc_msgs/share/vesc_msgs/hook/ld_library_path_lib.ps1'
[16.267s] INFO:colcon.colcon_core.shell:Creating environment descriptor '/home/deepspeed/ICRA2024/f1tenth_ws/install/vesc_msgs/share/vesc_msgs/hook/ld_library_path_lib.dsv'
[16.270s] INFO:colcon.colcon_core.shell:Creating environment hook '/home/deepspeed/ICRA2024/f1tenth_ws/install/vesc_msgs/share/vesc_msgs/hook/ld_library_path_lib.sh'
[16.275s] Level 1:colcon.colcon_core.environment:checking '/home/deepspeed/ICRA2024/f1tenth_ws/install/vesc_msgs/bin'
[16.276s] Level 1:colcon.colcon_core.environment:checking '/home/deepspeed/ICRA2024/f1tenth_ws/install/vesc_msgs/lib/pkgconfig/vesc_msgs.pc'
[16.277s] Level 1:colcon.colcon_core.environment:checking '/home/deepspeed/ICRA2024/f1tenth_ws/install/vesc_msgs/lib/python3.8/site-packages'
[16.278s] Level 1:colcon.colcon_core.shell:create_environment_hook('vesc_msgs', 'pythonpath')
[16.431s] INFO:colcon.colcon_core.shell:Creating environment hook '/home/deepspeed/ICRA2024/f1tenth_ws/install/vesc_msgs/share/vesc_msgs/hook/pythonpath.ps1'
[16.433s] INFO:colcon.colcon_core.shell:Creating environment descriptor '/home/deepspeed/ICRA2024/f1tenth_ws/install/vesc_msgs/share/vesc_msgs/hook/pythonpath.dsv'
[16.436s] INFO:colcon.colcon_core.shell:Creating environment hook '/home/deepspeed/ICRA2024/f1tenth_ws/install/vesc_msgs/share/vesc_msgs/hook/pythonpath.sh'
[16.440s] Level 1:colcon.colcon_core.environment:checking '/home/deepspeed/ICRA2024/f1tenth_ws/install/vesc_msgs/bin'
[16.599s] INFO:colcon.colcon_core.shell:Creating package script '/home/deepspeed/ICRA2024/f1tenth_ws/install/vesc_msgs/share/vesc_msgs/package.ps1'
[16.603s] INFO:colcon.colcon_core.shell:Creating package descriptor '/home/deepspeed/ICRA2024/f1tenth_ws/install/vesc_msgs/share/vesc_msgs/package.dsv'
[16.610s] INFO:colcon.colcon_core.shell:Creating package script '/home/deepspeed/ICRA2024/f1tenth_ws/install/vesc_msgs/share/vesc_msgs/package.sh'
[16.615s] INFO:colcon.colcon_core.shell:Creating package script '/home/deepspeed/ICRA2024/f1tenth_ws/install/vesc_msgs/share/vesc_msgs/package.bash'
[16.618s] INFO:colcon.colcon_core.shell:Creating package script '/home/deepspeed/ICRA2024/f1tenth_ws/install/vesc_msgs/share/vesc_msgs/package.zsh'
[16.621s] Level 1:colcon.colcon_core.environment:create_file_with_runtime_dependencies(/home/deepspeed/ICRA2024/f1tenth_ws/install/vesc_msgs/share/colcon-core/packages/vesc_msgs)
[17.474s] Level 1:colcon.colcon_core.environment:create_environment_scripts_only(vesc_msgs)
[17.626s] Level 1:colcon.colcon_core.environment:checking '/home/deepspeed/ICRA2024/f1tenth_ws/install/vesc_msgs' for CMake module files
[17.630s] Level 1:colcon.colcon_core.environment:checking '/home/deepspeed/ICRA2024/f1tenth_ws/install/vesc_msgs' for CMake config files
[17.631s] Level 1:colcon.colcon_core.shell:create_environment_hook('vesc_msgs', 'cmake_prefix_path')
[17.783s] INFO:colcon.colcon_core.shell:Creating environment hook '/home/deepspeed/ICRA2024/f1tenth_ws/install/vesc_msgs/share/vesc_msgs/hook/cmake_prefix_path.ps1'
[17.787s] INFO:colcon.colcon_core.shell:Creating environment descriptor '/home/deepspeed/ICRA2024/f1tenth_ws/install/vesc_msgs/share/vesc_msgs/hook/cmake_prefix_path.dsv'
[17.789s] INFO:colcon.colcon_core.shell:Creating environment hook '/home/deepspeed/ICRA2024/f1tenth_ws/install/vesc_msgs/share/vesc_msgs/hook/cmake_prefix_path.sh'
[17.797s] Level 1:colcon.colcon_core.environment:checking '/home/deepspeed/ICRA2024/f1tenth_ws/install/vesc_msgs/lib'
[17.797s] Level 1:colcon.colcon_core.shell:create_environment_hook('vesc_msgs', 'ld_library_path_lib')
[17.966s] INFO:colcon.colcon_core.shell:Creating environment hook '/home/deepspeed/ICRA2024/f1tenth_ws/install/vesc_msgs/share/vesc_msgs/hook/ld_library_path_lib.ps1'
[17.969s] INFO:colcon.colcon_core.shell:Creating environment descriptor '/home/deepspeed/ICRA2024/f1tenth_ws/install/vesc_msgs/share/vesc_msgs/hook/ld_library_path_lib.dsv'
[17.974s] INFO:colcon.colcon_core.shell:Creating environment hook '/home/deepspeed/ICRA2024/f1tenth_ws/install/vesc_msgs/share/vesc_msgs/hook/ld_library_path_lib.sh'
[17.976s] Level 1:colcon.colcon_core.environment:checking '/home/deepspeed/ICRA2024/f1tenth_ws/install/vesc_msgs/bin'
[17.976s] Level 1:colcon.colcon_core.environment:checking '/home/deepspeed/ICRA2024/f1tenth_ws/install/vesc_msgs/lib/pkgconfig/vesc_msgs.pc'
[17.977s] Level 1:colcon.colcon_core.environment:checking '/home/deepspeed/ICRA2024/f1tenth_ws/install/vesc_msgs/lib/python3.8/site-packages'
[17.978s] Level 1:colcon.colcon_core.shell:create_environment_hook('vesc_msgs', 'pythonpath')
[18.134s] INFO:colcon.colcon_core.shell:Creating environment hook '/home/deepspeed/ICRA2024/f1tenth_ws/install/vesc_msgs/share/vesc_msgs/hook/pythonpath.ps1'
[18.136s] INFO:colcon.colcon_core.shell:Creating environment descriptor '/home/deepspeed/ICRA2024/f1tenth_ws/install/vesc_msgs/share/vesc_msgs/hook/pythonpath.dsv'
[18.139s] INFO:colcon.colcon_core.shell:Creating environment hook '/home/deepspeed/ICRA2024/f1tenth_ws/install/vesc_msgs/share/vesc_msgs/hook/pythonpath.sh'
[18.143s] Level 1:colcon.colcon_core.environment:checking '/home/deepspeed/ICRA2024/f1tenth_ws/install/vesc_msgs/bin'
[18.301s] INFO:colcon.colcon_core.shell:Creating package script '/home/deepspeed/ICRA2024/f1tenth_ws/install/vesc_msgs/share/vesc_msgs/package.ps1'
[18.304s] INFO:colcon.colcon_core.shell:Creating package descriptor '/home/deepspeed/ICRA2024/f1tenth_ws/install/vesc_msgs/share/vesc_msgs/package.dsv'
[18.310s] INFO:colcon.colcon_core.shell:Creating package script '/home/deepspeed/ICRA2024/f1tenth_ws/install/vesc_msgs/share/vesc_msgs/package.sh'
[18.313s] INFO:colcon.colcon_core.shell:Creating package script '/home/deepspeed/ICRA2024/f1tenth_ws/install/vesc_msgs/share/vesc_msgs/package.bash'
[18.315s] INFO:colcon.colcon_core.shell:Creating package script '/home/deepspeed/ICRA2024/f1tenth_ws/install/vesc_msgs/share/vesc_msgs/package.zsh'
[18.317s] Level 1:colcon.colcon_core.environment:create_file_with_runtime_dependencies(/home/deepspeed/ICRA2024/f1tenth_ws/install/vesc_msgs/share/colcon-core/packages/vesc_msgs)
[18.319s] INFO:colcon.colcon_ros.task.ament_cmake.build:Building ROS package in '/home/deepspeed/ICRA2024/f1tenth_ws/src/f1tenth_system/vesc/vesc_ackermann' with build type 'ament_cmake'
[18.320s] INFO:colcon.colcon_cmake.task.cmake.build:Building CMake package in '/home/deepspeed/ICRA2024/f1tenth_ws/src/f1tenth_system/vesc/vesc_ackermann'
[18.475s] INFO:colcon.colcon_core.shell:Skip shell extension 'powershell' for command environment: Not usable outside of PowerShell
[18.476s] DEBUG:colcon.colcon_core.shell:Skip shell extension 'dsv' for command environment
[18.959s] INFO:colcon.colcon_ros.task.ament_cmake.build:Building ROS package in '/home/deepspeed/ICRA2024/f1tenth_ws/src/f1tenth_system/vesc/vesc_driver' with build type 'ament_cmake'
[18.963s] INFO:colcon.colcon_cmake.task.cmake.build:Building CMake package in '/home/deepspeed/ICRA2024/f1tenth_ws/src/f1tenth_system/vesc/vesc_driver'
[19.131s] INFO:colcon.colcon_core.shell:Skip shell extension 'powershell' for command environment: Not usable outside of PowerShell
[19.131s] DEBUG:colcon.colcon_core.shell:Skip shell extension 'dsv' for command environment
[19.670s] DEBUG:colcon.colcon_core.event_handler.log_command:Invoking command in '/home/deepspeed/ICRA2024/f1tenth_ws/build/vesc_ackermann': CMAKE_PREFIX_PATH=/home/deepspeed/ICRA2024/f1tenth_ws/install/vesc_msgs:/home/deepspeed/ICRA2024/f1tenth_ws/install/vesc:/home/deepspeed/ICRA2024/f1tenth_ws/install/vesc_driver:/home/deepspeed/ICRA2024/f1tenth_ws/install/vesc_ackermann:/home/deepspeed/ICRA2024/f1tenth_ws/install/teleop_tools:/home/deepspeed/ICRA2024/f1tenth_ws/install/teleop_tools_msgs:/home/deepspeed/ICRA2024/f1tenth_ws/install/ackermann_mux:/home/deepspeed/ICRA2024/f1tenth_ws/install/f1tenth_stack:/home/deepspeed/ICRA2024/f1tenth_ws/install/joy_teleop:/home/deepspeed/ICRA2024/f1tenth_ws/install/mouse_teleop:/home/deepspeed/ICRA2024/f1tenth_ws/install/key_teleop:/home/deepspeed/ICRA2024/f1tenth_ws/install/automatic_emergency_braking:/opt/ros/foxy LD_LIBRARY_PATH=/home/deepspeed/ICRA2024/f1tenth_ws/install/vesc_msgs/lib:/home/deepspeed/ICRA2024/f1tenth_ws/install/vesc_driver/lib:/home/deepspeed/ICRA2024/f1tenth_ws/install/vesc_ackermann/lib:/home/deepspeed/ICRA2024/f1tenth_ws/install/teleop_tools_msgs/lib:/opt/ros/foxy/opt/yaml_cpp_vendor/lib:/opt/ros/foxy/opt/rviz_ogre_vendor/lib:/opt/ros/foxy/lib/aarch64-linux-gnu:/opt/ros/foxy/lib PYTHONPATH=/home/deepspeed/ICRA2024/f1tenth_ws/install/vesc_msgs/lib/python3.8/site-packages:/home/deepspeed/ICRA2024/f1tenth_ws/install/f1tenth_stack/lib/python3.8/site-packages:/home/deepspeed/ICRA2024/f1tenth_ws/install/joy_teleop/lib/python3.8/site-packages:/home/deepspeed/ICRA2024/f1tenth_ws/install/teleop_tools_msgs/lib/python3.8/site-packages:/home/deepspeed/ICRA2024/f1tenth_ws/install/mouse_teleop/lib/python3.8/site-packages:/home/deepspeed/ICRA2024/f1tenth_ws/install/key_teleop/lib/python3.8/site-packages:/home/deepspeed/ICRA2024/f1tenth_ws/install/automatic_emergency_braking/lib/python3.8/site-packages:/opt/ros/foxy/lib/python3.8/site-packages /usr/bin/cmake --build /home/deepspeed/ICRA2024/f1tenth_ws/build/vesc_ackermann -- -j6 -l6
[19.685s] DEBUG:colcon.colcon_core.event_handler.log_command:Invoking command in '/home/deepspeed/ICRA2024/f1tenth_ws/build/vesc_driver': CMAKE_PREFIX_PATH=/home/deepspeed/ICRA2024/f1tenth_ws/install/vesc_msgs:/home/deepspeed/ICRA2024/f1tenth_ws/install/vesc:/home/deepspeed/ICRA2024/f1tenth_ws/install/vesc_driver:/home/deepspeed/ICRA2024/f1tenth_ws/install/vesc_ackermann:/home/deepspeed/ICRA2024/f1tenth_ws/install/teleop_tools:/home/deepspeed/ICRA2024/f1tenth_ws/install/teleop_tools_msgs:/home/deepspeed/ICRA2024/f1tenth_ws/install/ackermann_mux:/home/deepspeed/ICRA2024/f1tenth_ws/install/f1tenth_stack:/home/deepspeed/ICRA2024/f1tenth_ws/install/joy_teleop:/home/deepspeed/ICRA2024/f1tenth_ws/install/mouse_teleop:/home/deepspeed/ICRA2024/f1tenth_ws/install/key_teleop:/home/deepspeed/ICRA2024/f1tenth_ws/install/automatic_emergency_braking:/opt/ros/foxy LD_LIBRARY_PATH=/home/deepspeed/ICRA2024/f1tenth_ws/install/vesc_msgs/lib:/home/deepspeed/ICRA2024/f1tenth_ws/install/vesc_driver/lib:/home/deepspeed/ICRA2024/f1tenth_ws/install/vesc_ackermann/lib:/home/deepspeed/ICRA2024/f1tenth_ws/install/teleop_tools_msgs/lib:/opt/ros/foxy/opt/yaml_cpp_vendor/lib:/opt/ros/foxy/opt/rviz_ogre_vendor/lib:/opt/ros/foxy/lib/aarch64-linux-gnu:/opt/ros/foxy/lib PYTHONPATH=/home/deepspeed/ICRA2024/f1tenth_ws/install/vesc_msgs/lib/python3.8/site-packages:/home/deepspeed/ICRA2024/f1tenth_ws/install/f1tenth_stack/lib/python3.8/site-packages:/home/deepspeed/ICRA2024/f1tenth_ws/install/joy_teleop/lib/python3.8/site-packages:/home/deepspeed/ICRA2024/f1tenth_ws/install/teleop_tools_msgs/lib/python3.8/site-packages:/home/deepspeed/ICRA2024/f1tenth_ws/install/mouse_teleop/lib/python3.8/site-packages:/home/deepspeed/ICRA2024/f1tenth_ws/install/key_teleop/lib/python3.8/site-packages:/home/deepspeed/ICRA2024/f1tenth_ws/install/automatic_emergency_braking/lib/python3.8/site-packages:/opt/ros/foxy/lib/python3.8/site-packages /usr/bin/cmake --build /home/deepspeed/ICRA2024/f1tenth_ws/build/vesc_driver -- -j6 -l6
[20.131s] DEBUG:colcon.colcon_core.event_handler.log_command:Invoked command in '/home/deepspeed/ICRA2024/f1tenth_ws/build/vesc_ackermann' returned '0': CMAKE_PREFIX_PATH=/home/deepspeed/ICRA2024/f1tenth_ws/install/vesc_msgs:/home/deepspeed/ICRA2024/f1tenth_ws/install/vesc:/home/deepspeed/ICRA2024/f1tenth_ws/install/vesc_driver:/home/deepspeed/ICRA2024/f1tenth_ws/install/vesc_ackermann:/home/deepspeed/ICRA2024/f1tenth_ws/install/teleop_tools:/home/deepspeed/ICRA2024/f1tenth_ws/install/teleop_tools_msgs:/home/deepspeed/ICRA2024/f1tenth_ws/install/ackermann_mux:/home/deepspeed/ICRA2024/f1tenth_ws/install/f1tenth_stack:/home/deepspeed/ICRA2024/f1tenth_ws/install/joy_teleop:/home/deepspeed/ICRA2024/f1tenth_ws/install/mouse_teleop:/home/deepspeed/ICRA2024/f1tenth_ws/install/key_teleop:/home/deepspeed/ICRA2024/f1tenth_ws/install/automatic_emergency_braking:/opt/ros/foxy LD_LIBRARY_PATH=/home/deepspeed/ICRA2024/f1tenth_ws/install/vesc_msgs/lib:/home/deepspeed/ICRA2024/f1tenth_ws/install/vesc_driver/lib:/home/deepspeed/ICRA2024/f1tenth_ws/install/vesc_ackermann/lib:/home/deepspeed/ICRA2024/f1tenth_ws/install/teleop_tools_msgs/lib:/opt/ros/foxy/opt/yaml_cpp_vendor/lib:/opt/ros/foxy/opt/rviz_ogre_vendor/lib:/opt/ros/foxy/lib/aarch64-linux-gnu:/opt/ros/foxy/lib PYTHONPATH=/home/deepspeed/ICRA2024/f1tenth_ws/install/vesc_msgs/lib/python3.8/site-packages:/home/deepspeed/ICRA2024/f1tenth_ws/install/f1tenth_stack/lib/python3.8/site-packages:/home/deepspeed/ICRA2024/f1tenth_ws/install/joy_teleop/lib/python3.8/site-packages:/home/deepspeed/ICRA2024/f1tenth_ws/install/teleop_tools_msgs/lib/python3.8/site-packages:/home/deepspeed/ICRA2024/f1tenth_ws/install/mouse_teleop/lib/python3.8/site-packages:/home/deepspeed/ICRA2024/f1tenth_ws/install/key_teleop/lib/python3.8/site-packages:/home/deepspeed/ICRA2024/f1tenth_ws/install/automatic_emergency_braking/lib/python3.8/site-packages:/opt/ros/foxy/lib/python3.8/site-packages /usr/bin/cmake --build /home/deepspeed/ICRA2024/f1tenth_ws/build/vesc_ackermann -- -j6 -l6
[20.311s] DEBUG:colcon.colcon_core.event_handler.log_command:Invoked command in '/home/deepspeed/ICRA2024/f1tenth_ws/build/vesc_driver' returned '0': CMAKE_PREFIX_PATH=/home/deepspeed/ICRA2024/f1tenth_ws/install/vesc_msgs:/home/deepspeed/ICRA2024/f1tenth_ws/install/vesc:/home/deepspeed/ICRA2024/f1tenth_ws/install/vesc_driver:/home/deepspeed/ICRA2024/f1tenth_ws/install/vesc_ackermann:/home/deepspeed/ICRA2024/f1tenth_ws/install/teleop_tools:/home/deepspeed/ICRA2024/f1tenth_ws/install/teleop_tools_msgs:/home/deepspeed/ICRA2024/f1tenth_ws/install/ackermann_mux:/home/deepspeed/ICRA2024/f1tenth_ws/install/f1tenth_stack:/home/deepspeed/ICRA2024/f1tenth_ws/install/joy_teleop:/home/deepspeed/ICRA2024/f1tenth_ws/install/mouse_teleop:/home/deepspeed/ICRA2024/f1tenth_ws/install/key_teleop:/home/deepspeed/ICRA2024/f1tenth_ws/install/automatic_emergency_braking:/opt/ros/foxy LD_LIBRARY_PATH=/home/deepspeed/ICRA2024/f1tenth_ws/install/vesc_msgs/lib:/home/deepspeed/ICRA2024/f1tenth_ws/install/vesc_driver/lib:/home/deepspeed/ICRA2024/f1tenth_ws/install/vesc_ackermann/lib:/home/deepspeed/ICRA2024/f1tenth_ws/install/teleop_tools_msgs/lib:/opt/ros/foxy/opt/yaml_cpp_vendor/lib:/opt/ros/foxy/opt/rviz_ogre_vendor/lib:/opt/ros/foxy/lib/aarch64-linux-gnu:/opt/ros/foxy/lib PYTHONPATH=/home/deepspeed/ICRA2024/f1tenth_ws/install/vesc_msgs/lib/python3.8/site-packages:/home/deepspeed/ICRA2024/f1tenth_ws/install/f1tenth_stack/lib/python3.8/site-packages:/home/deepspeed/ICRA2024/f1tenth_ws/install/joy_teleop/lib/python3.8/site-packages:/home/deepspeed/ICRA2024/f1tenth_ws/install/teleop_tools_msgs/lib/python3.8/site-packages:/home/deepspeed/ICRA2024/f1tenth_ws/install/mouse_teleop/lib/python3.8/site-packages:/home/deepspeed/ICRA2024/f1tenth_ws/install/key_teleop/lib/python3.8/site-packages:/home/deepspeed/ICRA2024/f1tenth_ws/install/automatic_emergency_braking/lib/python3.8/site-packages:/opt/ros/foxy/lib/python3.8/site-packages /usr/bin/cmake --build /home/deepspeed/ICRA2024/f1tenth_ws/build/vesc_driver -- -j6 -l6
[20.365s] DEBUG:colcon.colcon_core.event_handler.log_command:Invoking command in '/home/deepspeed/ICRA2024/f1tenth_ws/build/vesc_ackermann': CMAKE_PREFIX_PATH=/home/deepspeed/ICRA2024/f1tenth_ws/install/vesc_msgs:/home/deepspeed/ICRA2024/f1tenth_ws/install/vesc:/home/deepspeed/ICRA2024/f1tenth_ws/install/vesc_driver:/home/deepspeed/ICRA2024/f1tenth_ws/install/vesc_ackermann:/home/deepspeed/ICRA2024/f1tenth_ws/install/teleop_tools:/home/deepspeed/ICRA2024/f1tenth_ws/install/teleop_tools_msgs:/home/deepspeed/ICRA2024/f1tenth_ws/install/ackermann_mux:/home/deepspeed/ICRA2024/f1tenth_ws/install/f1tenth_stack:/home/deepspeed/ICRA2024/f1tenth_ws/install/joy_teleop:/home/deepspeed/ICRA2024/f1tenth_ws/install/mouse_teleop:/home/deepspeed/ICRA2024/f1tenth_ws/install/key_teleop:/home/deepspeed/ICRA2024/f1tenth_ws/install/automatic_emergency_braking:/opt/ros/foxy LD_LIBRARY_PATH=/home/deepspeed/ICRA2024/f1tenth_ws/install/vesc_msgs/lib:/home/deepspeed/ICRA2024/f1tenth_ws/install/vesc_driver/lib:/home/deepspeed/ICRA2024/f1tenth_ws/install/vesc_ackermann/lib:/home/deepspeed/ICRA2024/f1tenth_ws/install/teleop_tools_msgs/lib:/opt/ros/foxy/opt/yaml_cpp_vendor/lib:/opt/ros/foxy/opt/rviz_ogre_vendor/lib:/opt/ros/foxy/lib/aarch64-linux-gnu:/opt/ros/foxy/lib PYTHONPATH=/home/deepspeed/ICRA2024/f1tenth_ws/install/vesc_msgs/lib/python3.8/site-packages:/home/deepspeed/ICRA2024/f1tenth_ws/install/f1tenth_stack/lib/python3.8/site-packages:/home/deepspeed/ICRA2024/f1tenth_ws/install/joy_teleop/lib/python3.8/site-packages:/home/deepspeed/ICRA2024/f1tenth_ws/install/teleop_tools_msgs/lib/python3.8/site-packages:/home/deepspeed/ICRA2024/f1tenth_ws/install/mouse_teleop/lib/python3.8/site-packages:/home/deepspeed/ICRA2024/f1tenth_ws/install/key_teleop/lib/python3.8/site-packages:/home/deepspeed/ICRA2024/f1tenth_ws/install/automatic_emergency_braking/lib/python3.8/site-packages:/opt/ros/foxy/lib/python3.8/site-packages /usr/bin/cmake --install /home/deepspeed/ICRA2024/f1tenth_ws/build/vesc_ackermann
[20.442s] Level 1:colcon.colcon_core.environment:create_environment_scripts_only(vesc_ackermann)
[20.445s] DEBUG:colcon.colcon_core.event_handler.log_command:Invoked command in '/home/deepspeed/ICRA2024/f1tenth_ws/build/vesc_ackermann' returned '0': CMAKE_PREFIX_PATH=/home/deepspeed/ICRA2024/f1tenth_ws/install/vesc_msgs:/home/deepspeed/ICRA2024/f1tenth_ws/install/vesc:/home/deepspeed/ICRA2024/f1tenth_ws/install/vesc_driver:/home/deepspeed/ICRA2024/f1tenth_ws/install/vesc_ackermann:/home/deepspeed/ICRA2024/f1tenth_ws/install/teleop_tools:/home/deepspeed/ICRA2024/f1tenth_ws/install/teleop_tools_msgs:/home/deepspeed/ICRA2024/f1tenth_ws/install/ackermann_mux:/home/deepspeed/ICRA2024/f1tenth_ws/install/f1tenth_stack:/home/deepspeed/ICRA2024/f1tenth_ws/install/joy_teleop:/home/deepspeed/ICRA2024/f1tenth_ws/install/mouse_teleop:/home/deepspeed/ICRA2024/f1tenth_ws/install/key_teleop:/home/deepspeed/ICRA2024/f1tenth_ws/install/automatic_emergency_braking:/opt/ros/foxy LD_LIBRARY_PATH=/home/deepspeed/ICRA2024/f1tenth_ws/install/vesc_msgs/lib:/home/deepspeed/ICRA2024/f1tenth_ws/install/vesc_driver/lib:/home/deepspeed/ICRA2024/f1tenth_ws/install/vesc_ackermann/lib:/home/deepspeed/ICRA2024/f1tenth_ws/install/teleop_tools_msgs/lib:/opt/ros/foxy/opt/yaml_cpp_vendor/lib:/opt/ros/foxy/opt/rviz_ogre_vendor/lib:/opt/ros/foxy/lib/aarch64-linux-gnu:/opt/ros/foxy/lib PYTHONPATH=/home/deepspeed/ICRA2024/f1tenth_ws/install/vesc_msgs/lib/python3.8/site-packages:/home/deepspeed/ICRA2024/f1tenth_ws/install/f1tenth_stack/lib/python3.8/site-packages:/home/deepspeed/ICRA2024/f1tenth_ws/install/joy_teleop/lib/python3.8/site-packages:/home/deepspeed/ICRA2024/f1tenth_ws/install/teleop_tools_msgs/lib/python3.8/site-packages:/home/deepspeed/ICRA2024/f1tenth_ws/install/mouse_teleop/lib/python3.8/site-packages:/home/deepspeed/ICRA2024/f1tenth_ws/install/key_teleop/lib/python3.8/site-packages:/home/deepspeed/ICRA2024/f1tenth_ws/install/automatic_emergency_braking/lib/python3.8/site-packages:/opt/ros/foxy/lib/python3.8/site-packages /usr/bin/cmake --install /home/deepspeed/ICRA2024/f1tenth_ws/build/vesc_ackermann
[20.610s] Level 1:colcon.colcon_core.environment:checking '/home/deepspeed/ICRA2024/f1tenth_ws/install/vesc_ackermann' for CMake module files
[20.613s] Level 1:colcon.colcon_core.environment:checking '/home/deepspeed/ICRA2024/f1tenth_ws/install/vesc_ackermann' for CMake config files
[20.615s] Level 1:colcon.colcon_core.shell:create_environment_hook('vesc_ackermann', 'cmake_prefix_path')
[20.768s] INFO:colcon.colcon_core.shell:Creating environment hook '/home/deepspeed/ICRA2024/f1tenth_ws/install/vesc_ackermann/share/vesc_ackermann/hook/cmake_prefix_path.ps1'
[20.771s] INFO:colcon.colcon_core.shell:Creating environment descriptor '/home/deepspeed/ICRA2024/f1tenth_ws/install/vesc_ackermann/share/vesc_ackermann/hook/cmake_prefix_path.dsv'
[20.773s] INFO:colcon.colcon_core.shell:Creating environment hook '/home/deepspeed/ICRA2024/f1tenth_ws/install/vesc_ackermann/share/vesc_ackermann/hook/cmake_prefix_path.sh'
[20.780s] Level 1:colcon.colcon_core.environment:checking '/home/deepspeed/ICRA2024/f1tenth_ws/install/vesc_ackermann/lib'
[20.781s] Level 1:colcon.colcon_core.shell:create_environment_hook('vesc_ackermann', 'ld_library_path_lib')
[20.953s] INFO:colcon.colcon_core.shell:Creating environment hook '/home/deepspeed/ICRA2024/f1tenth_ws/install/vesc_ackermann/share/vesc_ackermann/hook/ld_library_path_lib.ps1'
[20.957s] INFO:colcon.colcon_core.shell:Creating environment descriptor '/home/deepspeed/ICRA2024/f1tenth_ws/install/vesc_ackermann/share/vesc_ackermann/hook/ld_library_path_lib.dsv'
[20.966s] INFO:colcon.colcon_core.shell:Creating environment hook '/home/deepspeed/ICRA2024/f1tenth_ws/install/vesc_ackermann/share/vesc_ackermann/hook/ld_library_path_lib.sh'
[20.968s] Level 1:colcon.colcon_core.environment:checking '/home/deepspeed/ICRA2024/f1tenth_ws/install/vesc_ackermann/bin'
[20.968s] Level 1:colcon.colcon_core.environment:checking '/home/deepspeed/ICRA2024/f1tenth_ws/install/vesc_ackermann/lib/pkgconfig/vesc_ackermann.pc'
[20.970s] Level 1:colcon.colcon_core.environment:checking '/home/deepspeed/ICRA2024/f1tenth_ws/install/vesc_ackermann/lib/python3.8/site-packages'
[20.971s] Level 1:colcon.colcon_core.environment:checking '/home/deepspeed/ICRA2024/f1tenth_ws/install/vesc_ackermann/bin'
[21.124s] INFO:colcon.colcon_core.shell:Creating package script '/home/deepspeed/ICRA2024/f1tenth_ws/install/vesc_ackermann/share/vesc_ackermann/package.ps1'
[21.127s] INFO:colcon.colcon_core.shell:Creating package descriptor '/home/deepspeed/ICRA2024/f1tenth_ws/install/vesc_ackermann/share/vesc_ackermann/package.dsv'
[21.138s] INFO:colcon.colcon_core.shell:Creating package script '/home/deepspeed/ICRA2024/f1tenth_ws/install/vesc_ackermann/share/vesc_ackermann/package.sh'
[21.141s] INFO:colcon.colcon_core.shell:Creating package script '/home/deepspeed/ICRA2024/f1tenth_ws/install/vesc_ackermann/share/vesc_ackermann/package.bash'
[21.143s] INFO:colcon.colcon_core.shell:Creating package script '/home/deepspeed/ICRA2024/f1tenth_ws/install/vesc_ackermann/share/vesc_ackermann/package.zsh'
[21.145s] Level 1:colcon.colcon_core.environment:create_file_with_runtime_dependencies(/home/deepspeed/ICRA2024/f1tenth_ws/install/vesc_ackermann/share/colcon-core/packages/vesc_ackermann)
[21.175s] DEBUG:colcon.colcon_core.event_handler.log_command:Invoking command in '/home/deepspeed/ICRA2024/f1tenth_ws/build/vesc_driver': CMAKE_PREFIX_PATH=/home/deepspeed/ICRA2024/f1tenth_ws/install/vesc_msgs:/home/deepspeed/ICRA2024/f1tenth_ws/install/vesc:/home/deepspeed/ICRA2024/f1tenth_ws/install/vesc_driver:/home/deepspeed/ICRA2024/f1tenth_ws/install/vesc_ackermann:/home/deepspeed/ICRA2024/f1tenth_ws/install/teleop_tools:/home/deepspeed/ICRA2024/f1tenth_ws/install/teleop_tools_msgs:/home/deepspeed/ICRA2024/f1tenth_ws/install/ackermann_mux:/home/deepspeed/ICRA2024/f1tenth_ws/install/f1tenth_stack:/home/deepspeed/ICRA2024/f1tenth_ws/install/joy_teleop:/home/deepspeed/ICRA2024/f1tenth_ws/install/mouse_teleop:/home/deepspeed/ICRA2024/f1tenth_ws/install/key_teleop:/home/deepspeed/ICRA2024/f1tenth_ws/install/automatic_emergency_braking:/opt/ros/foxy LD_LIBRARY_PATH=/home/deepspeed/ICRA2024/f1tenth_ws/install/vesc_msgs/lib:/home/deepspeed/ICRA2024/f1tenth_ws/install/vesc_driver/lib:/home/deepspeed/ICRA2024/f1tenth_ws/install/vesc_ackermann/lib:/home/deepspeed/ICRA2024/f1tenth_ws/install/teleop_tools_msgs/lib:/opt/ros/foxy/opt/yaml_cpp_vendor/lib:/opt/ros/foxy/opt/rviz_ogre_vendor/lib:/opt/ros/foxy/lib/aarch64-linux-gnu:/opt/ros/foxy/lib PYTHONPATH=/home/deepspeed/ICRA2024/f1tenth_ws/install/vesc_msgs/lib/python3.8/site-packages:/home/deepspeed/ICRA2024/f1tenth_ws/install/f1tenth_stack/lib/python3.8/site-packages:/home/deepspeed/ICRA2024/f1tenth_ws/install/joy_teleop/lib/python3.8/site-packages:/home/deepspeed/ICRA2024/f1tenth_ws/install/teleop_tools_msgs/lib/python3.8/site-packages:/home/deepspeed/ICRA2024/f1tenth_ws/install/mouse_teleop/lib/python3.8/site-packages:/home/deepspeed/ICRA2024/f1tenth_ws/install/key_teleop/lib/python3.8/site-packages:/home/deepspeed/ICRA2024/f1tenth_ws/install/automatic_emergency_braking/lib/python3.8/site-packages:/opt/ros/foxy/lib/python3.8/site-packages /usr/bin/cmake --install /home/deepspeed/ICRA2024/f1tenth_ws/build/vesc_driver
[21.266s] Level 1:colcon.colcon_core.environment:create_environment_scripts_only(vesc_driver)
[21.271s] DEBUG:colcon.colcon_core.event_handler.log_command:Invoked command in '/home/deepspeed/ICRA2024/f1tenth_ws/build/vesc_driver' returned '0': CMAKE_PREFIX_PATH=/home/deepspeed/ICRA2024/f1tenth_ws/install/vesc_msgs:/home/deepspeed/ICRA2024/f1tenth_ws/install/vesc:/home/deepspeed/ICRA2024/f1tenth_ws/install/vesc_driver:/home/deepspeed/ICRA2024/f1tenth_ws/install/vesc_ackermann:/home/deepspeed/ICRA2024/f1tenth_ws/install/teleop_tools:/home/deepspeed/ICRA2024/f1tenth_ws/install/teleop_tools_msgs:/home/deepspeed/ICRA2024/f1tenth_ws/install/ackermann_mux:/home/deepspeed/ICRA2024/f1tenth_ws/install/f1tenth_stack:/home/deepspeed/ICRA2024/f1tenth_ws/install/joy_teleop:/home/deepspeed/ICRA2024/f1tenth_ws/install/mouse_teleop:/home/deepspeed/ICRA2024/f1tenth_ws/install/key_teleop:/home/deepspeed/ICRA2024/f1tenth_ws/install/automatic_emergency_braking:/opt/ros/foxy LD_LIBRARY_PATH=/home/deepspeed/ICRA2024/f1tenth_ws/install/vesc_msgs/lib:/home/deepspeed/ICRA2024/f1tenth_ws/install/vesc_driver/lib:/home/deepspeed/ICRA2024/f1tenth_ws/install/vesc_ackermann/lib:/home/deepspeed/ICRA2024/f1tenth_ws/install/teleop_tools_msgs/lib:/opt/ros/foxy/opt/yaml_cpp_vendor/lib:/opt/ros/foxy/opt/rviz_ogre_vendor/lib:/opt/ros/foxy/lib/aarch64-linux-gnu:/opt/ros/foxy/lib PYTHONPATH=/home/deepspeed/ICRA2024/f1tenth_ws/install/vesc_msgs/lib/python3.8/site-packages:/home/deepspeed/ICRA2024/f1tenth_ws/install/f1tenth_stack/lib/python3.8/site-packages:/home/deepspeed/ICRA2024/f1tenth_ws/install/joy_teleop/lib/python3.8/site-packages:/home/deepspeed/ICRA2024/f1tenth_ws/install/teleop_tools_msgs/lib/python3.8/site-packages:/home/deepspeed/ICRA2024/f1tenth_ws/install/mouse_teleop/lib/python3.8/site-packages:/home/deepspeed/ICRA2024/f1tenth_ws/install/key_teleop/lib/python3.8/site-packages:/home/deepspeed/ICRA2024/f1tenth_ws/install/automatic_emergency_braking/lib/python3.8/site-packages:/opt/ros/foxy/lib/python3.8/site-packages /usr/bin/cmake --install /home/deepspeed/ICRA2024/f1tenth_ws/build/vesc_driver
[21.434s] Level 1:colcon.colcon_core.environment:checking '/home/deepspeed/ICRA2024/f1tenth_ws/install/vesc_driver' for CMake module files
[21.437s] Level 1:colcon.colcon_core.environment:checking '/home/deepspeed/ICRA2024/f1tenth_ws/install/vesc_driver' for CMake config files
[21.439s] Level 1:colcon.colcon_core.shell:create_environment_hook('vesc_driver', 'cmake_prefix_path')
[21.592s] INFO:colcon.colcon_core.shell:Creating environment hook '/home/deepspeed/ICRA2024/f1tenth_ws/install/vesc_driver/share/vesc_driver/hook/cmake_prefix_path.ps1'
[21.595s] INFO:colcon.colcon_core.shell:Creating environment descriptor '/home/deepspeed/ICRA2024/f1tenth_ws/install/vesc_driver/share/vesc_driver/hook/cmake_prefix_path.dsv'
[21.597s] INFO:colcon.colcon_core.shell:Creating environment hook '/home/deepspeed/ICRA2024/f1tenth_ws/install/vesc_driver/share/vesc_driver/hook/cmake_prefix_path.sh'
[21.605s] Level 1:colcon.colcon_core.environment:checking '/home/deepspeed/ICRA2024/f1tenth_ws/install/vesc_driver/lib'
[21.605s] Level 1:colcon.colcon_core.shell:create_environment_hook('vesc_driver', 'ld_library_path_lib')
[21.815s] INFO:colcon.colcon_core.shell:Creating environment hook '/home/deepspeed/ICRA2024/f1tenth_ws/install/vesc_driver/share/vesc_driver/hook/ld_library_path_lib.ps1'
[21.817s] INFO:colcon.colcon_core.shell:Creating environment descriptor '/home/deepspeed/ICRA2024/f1tenth_ws/install/vesc_driver/share/vesc_driver/hook/ld_library_path_lib.dsv'
[21.819s] INFO:colcon.colcon_core.shell:Creating environment hook '/home/deepspeed/ICRA2024/f1tenth_ws/install/vesc_driver/share/vesc_driver/hook/ld_library_path_lib.sh'
[21.823s] Level 1:colcon.colcon_core.environment:checking '/home/deepspeed/ICRA2024/f1tenth_ws/install/vesc_driver/bin'
[21.824s] Level 1:colcon.colcon_core.environment:checking '/home/deepspeed/ICRA2024/f1tenth_ws/install/vesc_driver/lib/pkgconfig/vesc_driver.pc'
[21.825s] Level 1:colcon.colcon_core.environment:checking '/home/deepspeed/ICRA2024/f1tenth_ws/install/vesc_driver/lib/python3.8/site-packages'
[21.826s] Level 1:colcon.colcon_core.environment:checking '/home/deepspeed/ICRA2024/f1tenth_ws/install/vesc_driver/bin'
[21.977s] INFO:colcon.colcon_core.shell:Creating package script '/home/deepspeed/ICRA2024/f1tenth_ws/install/vesc_driver/share/vesc_driver/package.ps1'
[21.980s] INFO:colcon.colcon_core.shell:Creating package descriptor '/home/deepspeed/ICRA2024/f1tenth_ws/install/vesc_driver/share/vesc_driver/package.dsv'
[21.988s] INFO:colcon.colcon_core.shell:Creating package script '/home/deepspeed/ICRA2024/f1tenth_ws/install/vesc_driver/share/vesc_driver/package.sh'
[21.990s] INFO:colcon.colcon_core.shell:Creating package script '/home/deepspeed/ICRA2024/f1tenth_ws/install/vesc_driver/share/vesc_driver/package.bash'
[21.992s] INFO:colcon.colcon_core.shell:Creating package script '/home/deepspeed/ICRA2024/f1tenth_ws/install/vesc_driver/share/vesc_driver/package.zsh'
[21.993s] Level 1:colcon.colcon_core.environment:create_file_with_runtime_dependencies(/home/deepspeed/ICRA2024/f1tenth_ws/install/vesc_driver/share/colcon-core/packages/vesc_driver)
[22.195s] Level 1:colcon.colcon_core.environment:create_environment_scripts_only(vesc_ackermann)
[22.354s] Level 1:colcon.colcon_core.environment:checking '/home/deepspeed/ICRA2024/f1tenth_ws/install/vesc_ackermann' for CMake module files
[22.358s] Level 1:colcon.colcon_core.environment:checking '/home/deepspeed/ICRA2024/f1tenth_ws/install/vesc_ackermann' for CMake config files
[22.360s] Level 1:colcon.colcon_core.shell:create_environment_hook('vesc_ackermann', 'cmake_prefix_path')
[22.512s] INFO:colcon.colcon_core.shell:Creating environment hook '/home/deepspeed/ICRA2024/f1tenth_ws/install/vesc_ackermann/share/vesc_ackermann/hook/cmake_prefix_path.ps1'
[22.515s] INFO:colcon.colcon_core.shell:Creating environment descriptor '/home/deepspeed/ICRA2024/f1tenth_ws/install/vesc_ackermann/share/vesc_ackermann/hook/cmake_prefix_path.dsv'
[22.522s] INFO:colcon.colcon_core.shell:Creating environment hook '/home/deepspeed/ICRA2024/f1tenth_ws/install/vesc_ackermann/share/vesc_ackermann/hook/cmake_prefix_path.sh'
[22.525s] Level 1:colcon.colcon_core.environment:checking '/home/deepspeed/ICRA2024/f1tenth_ws/install/vesc_ackermann/lib'
[22.526s] Level 1:colcon.colcon_core.shell:create_environment_hook('vesc_ackermann', 'ld_library_path_lib')
[22.676s] INFO:colcon.colcon_core.shell:Creating environment hook '/home/deepspeed/ICRA2024/f1tenth_ws/install/vesc_ackermann/share/vesc_ackermann/hook/ld_library_path_lib.ps1'
[22.678s] INFO:colcon.colcon_core.shell:Creating environment descriptor '/home/deepspeed/ICRA2024/f1tenth_ws/install/vesc_ackermann/share/vesc_ackermann/hook/ld_library_path_lib.dsv'
[22.681s] INFO:colcon.colcon_core.shell:Creating environment hook '/home/deepspeed/ICRA2024/f1tenth_ws/install/vesc_ackermann/share/vesc_ackermann/hook/ld_library_path_lib.sh'
[22.687s] Level 1:colcon.colcon_core.environment:checking '/home/deepspeed/ICRA2024/f1tenth_ws/install/vesc_ackermann/bin'
[22.687s] Level 1:colcon.colcon_core.environment:checking '/home/deepspeed/ICRA2024/f1tenth_ws/install/vesc_ackermann/lib/pkgconfig/vesc_ackermann.pc'
[22.689s] Level 1:colcon.colcon_core.environment:checking '/home/deepspeed/ICRA2024/f1tenth_ws/install/vesc_ackermann/lib/python3.8/site-packages'
[22.689s] Level 1:colcon.colcon_core.environment:checking '/home/deepspeed/ICRA2024/f1tenth_ws/install/vesc_ackermann/bin'
[22.844s] INFO:colcon.colcon_core.shell:Creating package script '/home/deepspeed/ICRA2024/f1tenth_ws/install/vesc_ackermann/share/vesc_ackermann/package.ps1'
[22.848s] INFO:colcon.colcon_core.shell:Creating package descriptor '/home/deepspeed/ICRA2024/f1tenth_ws/install/vesc_ackermann/share/vesc_ackermann/package.dsv'
[22.854s] INFO:colcon.colcon_core.shell:Creating package script '/home/deepspeed/ICRA2024/f1tenth_ws/install/vesc_ackermann/share/vesc_ackermann/package.sh'
[22.857s] INFO:colcon.colcon_core.shell:Creating package script '/home/deepspeed/ICRA2024/f1tenth_ws/install/vesc_ackermann/share/vesc_ackermann/package.bash'
[22.858s] INFO:colcon.colcon_core.shell:Creating package script '/home/deepspeed/ICRA2024/f1tenth_ws/install/vesc_ackermann/share/vesc_ackermann/package.zsh'
[22.860s] Level 1:colcon.colcon_core.environment:create_file_with_runtime_dependencies(/home/deepspeed/ICRA2024/f1tenth_ws/install/vesc_ackermann/share/colcon-core/packages/vesc_ackermann)
[23.036s] Level 1:colcon.colcon_core.environment:create_environment_scripts_only(vesc_driver)
[23.199s] Level 1:colcon.colcon_core.environment:checking '/home/deepspeed/ICRA2024/f1tenth_ws/install/vesc_driver' for CMake module files
[23.202s] Level 1:colcon.colcon_core.environment:checking '/home/deepspeed/ICRA2024/f1tenth_ws/install/vesc_driver' for CMake config files
[23.203s] Level 1:colcon.colcon_core.shell:create_environment_hook('vesc_driver', 'cmake_prefix_path')
[23.362s] INFO:colcon.colcon_core.shell:Creating environment hook '/home/deepspeed/ICRA2024/f1tenth_ws/install/vesc_driver/share/vesc_driver/hook/cmake_prefix_path.ps1'
[23.364s] INFO:colcon.colcon_core.shell:Creating environment descriptor '/home/deepspeed/ICRA2024/f1tenth_ws/install/vesc_driver/share/vesc_driver/hook/cmake_prefix_path.dsv'
[23.367s] INFO:colcon.colcon_core.shell:Creating environment hook '/home/deepspeed/ICRA2024/f1tenth_ws/install/vesc_driver/share/vesc_driver/hook/cmake_prefix_path.sh'
[23.374s] Level 1:colcon.colcon_core.environment:checking '/home/deepspeed/ICRA2024/f1tenth_ws/install/vesc_driver/lib'
[23.374s] Level 1:colcon.colcon_core.shell:create_environment_hook('vesc_driver', 'ld_library_path_lib')
[23.528s] INFO:colcon.colcon_core.shell:Creating environment hook '/home/deepspeed/ICRA2024/f1tenth_ws/install/vesc_driver/share/vesc_driver/hook/ld_library_path_lib.ps1'
[23.530s] INFO:colcon.colcon_core.shell:Creating environment descriptor '/home/deepspeed/ICRA2024/f1tenth_ws/install/vesc_driver/share/vesc_driver/hook/ld_library_path_lib.dsv'
[23.533s] INFO:colcon.colcon_core.shell:Creating environment hook '/home/deepspeed/ICRA2024/f1tenth_ws/install/vesc_driver/share/vesc_driver/hook/ld_library_path_lib.sh'
[23.541s] Level 1:colcon.colcon_core.environment:checking '/home/deepspeed/ICRA2024/f1tenth_ws/install/vesc_driver/bin'
[23.541s] Level 1:colcon.colcon_core.environment:checking '/home/deepspeed/ICRA2024/f1tenth_ws/install/vesc_driver/lib/pkgconfig/vesc_driver.pc'
[23.542s] Level 1:colcon.colcon_core.environment:checking '/home/deepspeed/ICRA2024/f1tenth_ws/install/vesc_driver/lib/python3.8/site-packages'
[23.543s] Level 1:colcon.colcon_core.environment:checking '/home/deepspeed/ICRA2024/f1tenth_ws/install/vesc_driver/bin'
[23.696s] INFO:colcon.colcon_core.shell:Creating package script '/home/deepspeed/ICRA2024/f1tenth_ws/install/vesc_driver/share/vesc_driver/package.ps1'
[23.699s] INFO:colcon.colcon_core.shell:Creating package descriptor '/home/deepspeed/ICRA2024/f1tenth_ws/install/vesc_driver/share/vesc_driver/package.dsv'
[23.702s] INFO:colcon.colcon_core.shell:Creating package script '/home/deepspeed/ICRA2024/f1tenth_ws/install/vesc_driver/share/vesc_driver/package.sh'
[23.704s] INFO:colcon.colcon_core.shell:Creating package script '/home/deepspeed/ICRA2024/f1tenth_ws/install/vesc_driver/share/vesc_driver/package.bash'
[23.706s] INFO:colcon.colcon_core.shell:Creating package script '/home/deepspeed/ICRA2024/f1tenth_ws/install/vesc_driver/share/vesc_driver/package.zsh'
[23.708s] Level 1:colcon.colcon_core.environment:create_file_with_runtime_dependencies(/home/deepspeed/ICRA2024/f1tenth_ws/install/vesc_driver/share/colcon-core/packages/vesc_driver)
[23.710s] DEBUG:colcon.colcon_parallel_executor.executor.parallel:closing loop
[23.712s] DEBUG:colcon.colcon_parallel_executor.executor.parallel:loop closed
[23.713s] DEBUG:colcon.colcon_parallel_executor.executor.parallel:run_until_complete finished with '0'
[23.714s] DEBUG:colcon.colcon_core.event_reactor:joining thread
[23.907s] INFO:colcon.colcon_core.plugin_system:Skipping extension 'colcon_notification.desktop_notification.terminal_notifier': Not used on non-Darwin systems
[23.908s] INFO:colcon.colcon_core.plugin_system:Skipping extension 'colcon_notification.desktop_notification.win32': Not used on non-Windows systems
[23.908s] INFO:colcon.colcon_notification.desktop_notification:Sending desktop notification using 'notify2'
[23.988s] DEBUG:colcon.colcon_core.event_reactor:joined thread
[24.137s] INFO:colcon.colcon_core.shell:Creating prefix script '/home/deepspeed/ICRA2024/f1tenth_ws/install/local_setup.ps1'
[24.141s] INFO:colcon.colcon_core.shell:Creating prefix util module '/home/deepspeed/ICRA2024/f1tenth_ws/install/_local_setup_util_ps1.py'
[24.149s] INFO:colcon.colcon_core.shell:Creating prefix chain script '/home/deepspeed/ICRA2024/f1tenth_ws/install/setup.ps1'
[24.449s] INFO:colcon.colcon_core.shell:Creating prefix script '/home/deepspeed/ICRA2024/f1tenth_ws/install/local_setup.sh'
[24.452s] INFO:colcon.colcon_core.shell:Creating prefix util module '/home/deepspeed/ICRA2024/f1tenth_ws/install/_local_setup_util_sh.py'
[24.455s] INFO:colcon.colcon_core.shell:Creating prefix chain script '/home/deepspeed/ICRA2024/f1tenth_ws/install/setup.sh'
[24.611s] INFO:colcon.colcon_core.shell:Creating prefix script '/home/deepspeed/ICRA2024/f1tenth_ws/install/local_setup.bash'
[24.615s] INFO:colcon.colcon_core.shell:Creating prefix chain script '/home/deepspeed/ICRA2024/f1tenth_ws/install/setup.bash'
[24.785s] INFO:colcon.colcon_core.shell:Creating prefix script '/home/deepspeed/ICRA2024/f1tenth_ws/install/local_setup.zsh'
[24.792s] INFO:colcon.colcon_core.shell:Creating prefix chain script '/home/deepspeed/ICRA2024/f1tenth_ws/install/setup.zsh'
