[0.657s] Invoking command in '/home/deepspeed/ICRA2024/f1tenth_ws/build/vesc_driver': AMENT_PREFIX_PATH=/home/deepspeed/ICRA2024/f1tenth_ws/install/vesc_msgs:${AMENT_PREFIX_PATH} CMAKE_PREFIX_PATH=/home/deepspeed/ICRA2024/f1tenth_ws/install/vesc_msgs:/opt/ros/foxy LD_LIBRARY_PATH=/home/deepspeed/ICRA2024/f1tenth_ws/install/vesc_msgs/lib:${LD_LIBRARY_PATH} PYTHONPATH=/home/deepspeed/ICRA2024/f1tenth_ws/install/vesc_msgs/lib/python3.8/site-packages:${PYTHONPATH} /usr/bin/cmake /home/deepspeed/ICRA2024/f1tenth_ws/src/f1tenth_system/vesc/vesc_driver -DCMAKE_INSTALL_PREFIX=/home/deepspeed/ICRA2024/f1tenth_ws/install/vesc_driver
[1.021s] -- The C compiler identification is GNU 9.4.0
[1.425s] -- The CXX compiler identification is GNU 9.4.0
[1.462s] -- Check for working C compiler: /usr/bin/cc
[1.946s] -- Check for working C compiler: /usr/bin/cc -- works
[1.955s] -- Detecting C compiler ABI info
[2.530s] -- Detecting C compiler ABI info - done
[2.611s] -- Detecting C compile features
[2.613s] -- Detecting C compile features - done
[2.627s] -- Check for working CXX compiler: /usr/bin/c++
[3.254s] -- Check for working CXX compiler: /usr/bin/c++ -- works
[3.261s] -- Detecting CXX compiler ABI info
[3.858s] -- Detecting CXX compiler ABI info - done
[3.929s] -- Detecting CXX compile features
[3.931s] -- Detecting CXX compile features - done
[3.943s] -- Found ament_cmake_auto: 0.9.12 (/opt/ros/foxy/share/ament_cmake_auto/cmake)
[4.091s] -- Found PythonInterp: /usr/bin/python3 (found suitable version "3.8.10", minimum required is "3") 
[4.092s] -- Using PYTHON_EXECUTABLE: /usr/bin/python3
[5.942s] -- Using all available rosidl_typesupport_c: rosidl_typesupport_fastrtps_c;rosidl_typesupport_introspection_c
[5.967s] -- Found rosidl_adapter: 1.3.1 (/opt/ros/foxy/share/rosidl_adapter/cmake)
[6.523s] -- Found OpenSSL: /usr/lib/aarch64-linux-gnu/libcrypto.so (found version "1.1.1f")  
[6.693s] -- Found FastRTPS: /opt/ros/foxy/include  
[7.126s] -- Using all available rosidl_typesupport_cpp: rosidl_typesupport_fastrtps_cpp;rosidl_typesupport_introspection_cpp
[7.475s] -- Found rmw_implementation_cmake: 1.0.4 (/opt/ros/foxy/share/rmw_implementation_cmake/cmake)
[7.483s] -- Using RMW implementation 'rmw_fastrtps_cpp' as default
[7.487s] -- Looking for pthread.h
[8.189s] -- Looking for pthread.h - found
[8.191s] -- Performing Test CMAKE_HAVE_LIBC_PTHREAD
[8.901s] -- Performing Test CMAKE_HAVE_LIBC_PTHREAD - Failed
[8.902s] -- Looking for pthread_create in pthreads
[9.290s] -- Looking for pthread_create in pthreads - not found
[9.291s] -- Looking for pthread_create in pthread
[9.736s] -- Looking for pthread_create in pthread - found
[9.744s] -- Found Threads: TRUE  
[13.548s] -- Found ament_lint_auto: 0.9.8 (/opt/ros/foxy/share/ament_lint_auto/cmake)
[13.654s] -- Added test 'copyright' to check source files copyright and LICENSE
[13.667s] -- Added test 'cppcheck' to perform static code analysis on C / C++ code
[13.668s] -- Configured cppcheck include dirs: /home/deepspeed/ICRA2024/f1tenth_ws/src/f1tenth_system/vesc/vesc_driver/include
[13.668s] -- Configured cppcheck exclude dirs and/or files: 
[13.680s] -- Added test 'cpplint' to check C / C++ code against the Google style
[13.680s] -- Configured cpplint exclude dirs and/or files: 
[13.683s] -- Added test 'flake8' to check Python code syntax and style conventions
[13.688s] -- Added test 'lint_cmake' to check CMake code style
[13.691s] -- Added test 'pep257' to check Python code against some of the style conventions in PEP 257
[13.702s] -- Added test 'uncrustify' to check C / C++ code style
[13.703s] -- Configured uncrustify additional arguments: 
[13.706s] -- Added test 'xmllint' to check XML markup files
[13.748s] -- Configuring done
[14.135s] -- Generating done
[14.140s] -- Build files have been written to: /home/deepspeed/ICRA2024/f1tenth_ws/build/vesc_driver
[14.198s] Invoked command in '/home/deepspeed/ICRA2024/f1tenth_ws/build/vesc_driver' returned '0': AMENT_PREFIX_PATH=/home/deepspeed/ICRA2024/f1tenth_ws/install/vesc_msgs:${AMENT_PREFIX_PATH} CMAKE_PREFIX_PATH=/home/deepspeed/ICRA2024/f1tenth_ws/install/vesc_msgs:/opt/ros/foxy LD_LIBRARY_PATH=/home/deepspeed/ICRA2024/f1tenth_ws/install/vesc_msgs/lib:${LD_LIBRARY_PATH} PYTHONPATH=/home/deepspeed/ICRA2024/f1tenth_ws/install/vesc_msgs/lib/python3.8/site-packages:${PYTHONPATH} /usr/bin/cmake /home/deepspeed/ICRA2024/f1tenth_ws/src/f1tenth_system/vesc/vesc_driver -DCMAKE_INSTALL_PREFIX=/home/deepspeed/ICRA2024/f1tenth_ws/install/vesc_driver
[14.204s] Invoking command in '/home/deepspeed/ICRA2024/f1tenth_ws/build/vesc_driver': AMENT_PREFIX_PATH=/home/deepspeed/ICRA2024/f1tenth_ws/install/vesc_msgs:${AMENT_PREFIX_PATH} CMAKE_PREFIX_PATH=/home/deepspeed/ICRA2024/f1tenth_ws/install/vesc_msgs:/opt/ros/foxy LD_LIBRARY_PATH=/home/deepspeed/ICRA2024/f1tenth_ws/install/vesc_msgs/lib:${LD_LIBRARY_PATH} PYTHONPATH=/home/deepspeed/ICRA2024/f1tenth_ws/install/vesc_msgs/lib/python3.8/site-packages:${PYTHONPATH} /usr/bin/cmake --build /home/deepspeed/ICRA2024/f1tenth_ws/build/vesc_driver -- -j6 -l6
[14.484s] [35m[1mScanning dependencies of target vesc_driver_node[0m
[14.495s] [35m[1mScanning dependencies of target vesc_driver[0m
[14.913s] [ 10%] [32mBuilding CXX object CMakeFiles/vesc_driver_node.dir/rclcpp_components/node_main_vesc_driver_node.cpp.o[0m
[14.928s] [ 20%] [32mBuilding CXX object CMakeFiles/vesc_driver.dir/src/vesc_driver.cpp.o[0m
[14.965s] [ 30%] [32mBuilding CXX object CMakeFiles/vesc_driver.dir/src/vesc_packet.cpp.o[0m
[14.974s] [ 40%] [32mBuilding CXX object CMakeFiles/vesc_driver.dir/src/vesc_interface.cpp.o[0m
[14.981s] [ 50%] [32mBuilding CXX object CMakeFiles/vesc_driver.dir/src/vesc_packet_factory.cpp.o[0m
[32.211s] [ 60%] [32m[1mLinking CXX executable vesc_driver_node[0m
[32.971s] [ 60%] Built target vesc_driver_node
[52.533s] [ 70%] [32m[1mLinking CXX shared library libvesc_driver.so[0m
[54.738s] [ 70%] Built target vesc_driver
[54.799s] [35m[1mScanning dependencies of target vesc_device_namer[0m
[54.869s] [ 80%] [32mBuilding CXX object CMakeFiles/vesc_device_namer.dir/src/vesc_device_namer.cpp.o[0m
[54.870s] [ 90%] [32mBuilding CXX object CMakeFiles/vesc_device_namer.dir/src/vesc_device_uuid_lookup.cpp.o[0m
[57.981s] [100%] [32m[1mLinking CXX executable vesc_device_namer[0m
[59.011s] [100%] Built target vesc_device_namer
[59.642s] Invoked command in '/home/deepspeed/ICRA2024/f1tenth_ws/build/vesc_driver' returned '0': AMENT_PREFIX_PATH=/home/deepspeed/ICRA2024/f1tenth_ws/install/vesc_msgs:${AMENT_PREFIX_PATH} CMAKE_PREFIX_PATH=/home/deepspeed/ICRA2024/f1tenth_ws/install/vesc_msgs:/opt/ros/foxy LD_LIBRARY_PATH=/home/deepspeed/ICRA2024/f1tenth_ws/install/vesc_msgs/lib:${LD_LIBRARY_PATH} PYTHONPATH=/home/deepspeed/ICRA2024/f1tenth_ws/install/vesc_msgs/lib/python3.8/site-packages:${PYTHONPATH} /usr/bin/cmake --build /home/deepspeed/ICRA2024/f1tenth_ws/build/vesc_driver -- -j6 -l6
[59.852s] Invoking command in '/home/deepspeed/ICRA2024/f1tenth_ws/build/vesc_driver': AMENT_PREFIX_PATH=/home/deepspeed/ICRA2024/f1tenth_ws/install/vesc_msgs:${AMENT_PREFIX_PATH} CMAKE_PREFIX_PATH=/home/deepspeed/ICRA2024/f1tenth_ws/install/vesc_msgs:/opt/ros/foxy LD_LIBRARY_PATH=/home/deepspeed/ICRA2024/f1tenth_ws/install/vesc_msgs/lib:${LD_LIBRARY_PATH} PYTHONPATH=/home/deepspeed/ICRA2024/f1tenth_ws/install/vesc_msgs/lib/python3.8/site-packages:${PYTHONPATH} /usr/bin/cmake --install /home/deepspeed/ICRA2024/f1tenth_ws/build/vesc_driver
[59.900s] -- Install configuration: ""
[59.902s] -- Installing: /home/deepspeed/ICRA2024/f1tenth_ws/install/vesc_driver/lib/vesc_driver/vesc_driver_node
[59.908s] -- Set runtime path of "/home/deepspeed/ICRA2024/f1tenth_ws/install/vesc_driver/lib/vesc_driver/vesc_driver_node" to ""
[59.908s] -- Installing: /home/deepspeed/ICRA2024/f1tenth_ws/install/vesc_driver/include
[59.909s] -- Installing: /home/deepspeed/ICRA2024/f1tenth_ws/install/vesc_driver/include/vesc_driver
[59.909s] -- Installing: /home/deepspeed/ICRA2024/f1tenth_ws/install/vesc_driver/include/vesc_driver/vesc_interface.hpp
[59.910s] -- Installing: /home/deepspeed/ICRA2024/f1tenth_ws/install/vesc_driver/include/vesc_driver/datatypes.hpp
[59.911s] -- Installing: /home/deepspeed/ICRA2024/f1tenth_ws/install/vesc_driver/include/vesc_driver/vesc_packet.hpp
[59.912s] -- Installing: /home/deepspeed/ICRA2024/f1tenth_ws/install/vesc_driver/include/vesc_driver/crc.hpp
[59.913s] -- Installing: /home/deepspeed/ICRA2024/f1tenth_ws/install/vesc_driver/include/vesc_driver/vesc_device_uuid_lookup.hpp
[59.914s] -- Installing: /home/deepspeed/ICRA2024/f1tenth_ws/install/vesc_driver/include/vesc_driver/vesc_packet_factory.hpp
[59.915s] -- Installing: /home/deepspeed/ICRA2024/f1tenth_ws/install/vesc_driver/include/vesc_driver/vesc_driver.hpp
[59.916s] -- Installing: /home/deepspeed/ICRA2024/f1tenth_ws/install/vesc_driver/share/vesc_driver/environment/library_path.sh
[59.918s] -- Installing: /home/deepspeed/ICRA2024/f1tenth_ws/install/vesc_driver/share/vesc_driver/environment/library_path.dsv
[59.919s] -- Installing: /home/deepspeed/ICRA2024/f1tenth_ws/install/vesc_driver/lib/libvesc_driver.so
[59.965s] -- Set runtime path of "/home/deepspeed/ICRA2024/f1tenth_ws/install/vesc_driver/lib/libvesc_driver.so" to ""
[59.966s] -- Installing: /home/deepspeed/ICRA2024/f1tenth_ws/install/vesc_driver/lib/vesc_driver/vesc_device_namer
[59.970s] -- Set runtime path of "/home/deepspeed/ICRA2024/f1tenth_ws/install/vesc_driver/lib/vesc_driver/vesc_device_namer" to ""
[59.970s] -- Installing: /home/deepspeed/ICRA2024/f1tenth_ws/install/vesc_driver/share/vesc_driver/launch
[59.971s] -- Installing: /home/deepspeed/ICRA2024/f1tenth_ws/install/vesc_driver/share/vesc_driver/launch/vesc_driver_node.launch.py
[59.972s] -- Installing: /home/deepspeed/ICRA2024/f1tenth_ws/install/vesc_driver/share/vesc_driver/params
[59.972s] -- Installing: /home/deepspeed/ICRA2024/f1tenth_ws/install/vesc_driver/share/vesc_driver/params/vesc_config.yaml
[59.974s] -- Installing: /home/deepspeed/ICRA2024/f1tenth_ws/install/vesc_driver/share/ament_index/resource_index/package_run_dependencies/vesc_driver
[59.975s] -- Installing: /home/deepspeed/ICRA2024/f1tenth_ws/install/vesc_driver/share/ament_index/resource_index/parent_prefix_path/vesc_driver
[59.976s] -- Installing: /home/deepspeed/ICRA2024/f1tenth_ws/install/vesc_driver/share/vesc_driver/environment/ament_prefix_path.sh
[59.977s] -- Installing: /home/deepspeed/ICRA2024/f1tenth_ws/install/vesc_driver/share/vesc_driver/environment/ament_prefix_path.dsv
[59.978s] -- Installing: /home/deepspeed/ICRA2024/f1tenth_ws/install/vesc_driver/share/vesc_driver/environment/path.sh
[59.979s] -- Installing: /home/deepspeed/ICRA2024/f1tenth_ws/install/vesc_driver/share/vesc_driver/environment/path.dsv
[59.980s] -- Installing: /home/deepspeed/ICRA2024/f1tenth_ws/install/vesc_driver/share/vesc_driver/local_setup.bash
[59.981s] -- Installing: /home/deepspeed/ICRA2024/f1tenth_ws/install/vesc_driver/share/vesc_driver/local_setup.sh
[59.982s] -- Installing: /home/deepspeed/ICRA2024/f1tenth_ws/install/vesc_driver/share/vesc_driver/local_setup.zsh
[59.983s] -- Installing: /home/deepspeed/ICRA2024/f1tenth_ws/install/vesc_driver/share/vesc_driver/local_setup.dsv
[59.984s] -- Installing: /home/deepspeed/ICRA2024/f1tenth_ws/install/vesc_driver/share/vesc_driver/package.dsv
[59.985s] -- Installing: /home/deepspeed/ICRA2024/f1tenth_ws/install/vesc_driver/share/ament_index/resource_index/packages/vesc_driver
[59.986s] -- Installing: /home/deepspeed/ICRA2024/f1tenth_ws/install/vesc_driver/share/ament_index/resource_index/rclcpp_components/vesc_driver
[59.987s] -- Installing: /home/deepspeed/ICRA2024/f1tenth_ws/install/vesc_driver/share/vesc_driver/cmake/ament_cmake_export_dependencies-extras.cmake
[59.988s] -- Installing: /home/deepspeed/ICRA2024/f1tenth_ws/install/vesc_driver/share/vesc_driver/cmake/ament_cmake_export_include_directories-extras.cmake
[59.989s] -- Installing: /home/deepspeed/ICRA2024/f1tenth_ws/install/vesc_driver/share/vesc_driver/cmake/ament_cmake_export_libraries-extras.cmake
[59.990s] -- Installing: /home/deepspeed/ICRA2024/f1tenth_ws/install/vesc_driver/share/vesc_driver/cmake/vesc_driverConfig.cmake
[59.991s] -- Installing: /home/deepspeed/ICRA2024/f1tenth_ws/install/vesc_driver/share/vesc_driver/cmake/vesc_driverConfig-version.cmake
[59.992s] -- Installing: /home/deepspeed/ICRA2024/f1tenth_ws/install/vesc_driver/share/vesc_driver/package.xml
[60.004s] Invoked command in '/home/deepspeed/ICRA2024/f1tenth_ws/build/vesc_driver' returned '0': AMENT_PREFIX_PATH=/home/deepspeed/ICRA2024/f1tenth_ws/install/vesc_msgs:${AMENT_PREFIX_PATH} CMAKE_PREFIX_PATH=/home/deepspeed/ICRA2024/f1tenth_ws/install/vesc_msgs:/opt/ros/foxy LD_LIBRARY_PATH=/home/deepspeed/ICRA2024/f1tenth_ws/install/vesc_msgs/lib:${LD_LIBRARY_PATH} PYTHONPATH=/home/deepspeed/ICRA2024/f1tenth_ws/install/vesc_msgs/lib/python3.8/site-packages:${PYTHONPATH} /usr/bin/cmake --install /home/deepspeed/ICRA2024/f1tenth_ws/build/vesc_driver
