[6.867s] Invoking command in '/home/deepspeed/ICRA2024/f1tenth_ws/src/f1tenth_system/teleop_tools/joy_teleop': CMAKE_PREFIX_PATH=/home/deepspeed/ICRA2024/f1tenth_ws/install/teleop_tools_msgs:/home/deepspeed/ICRA2024/f1tenth_ws/install/vesc:/home/deepspeed/ICRA2024/f1tenth_ws/install/vesc_driver:/home/deepspeed/ICRA2024/f1tenth_ws/install/vesc_ackermann:/home/deepspeed/ICRA2024/f1tenth_ws/install/vesc_msgs:/home/deepspeed/ICRA2024/f1tenth_ws/install/teleop_tools:/home/deepspeed/ICRA2024/f1tenth_ws/install/ackermann_mux LD_LIBRARY_PATH=/home/deepspeed/ICRA2024/f1tenth_ws/install/teleop_tools_msgs/lib:/home/deepspeed/ICRA2024/f1tenth_ws/install/vesc_driver/lib:/home/deepspeed/ICRA2024/f1tenth_ws/install/vesc_ackermann/lib:/home/deepspeed/ICRA2024/f1tenth_ws/install/vesc_msgs/lib:/opt/ros/foxy/opt/yaml_cpp_vendor/lib:/opt/ros/foxy/opt/rviz_ogre_vendor/lib:/opt/ros/foxy/lib/aarch64-linux-gnu:/opt/ros/foxy/lib PYTHONPATH=/home/deepspeed/ICRA2024/f1tenth_ws/build/joy_teleop/prefix_override:/home/deepspeed/ICRA2024/f1tenth_ws/install/joy_teleop/lib/python3.8/site-packages:/home/deepspeed/ICRA2024/f1tenth_ws/install/teleop_tools_msgs/lib/python3.8/site-packages:/home/deepspeed/ICRA2024/f1tenth_ws/install/f1tenth_stack/lib/python3.8/site-packages:/home/deepspeed/ICRA2024/f1tenth_ws/install/vesc_msgs/lib/python3.8/site-packages:/home/deepspeed/ICRA2024/f1tenth_ws/install/joy_teleop/lib/python3.8/site-packages:/home/deepspeed/ICRA2024/f1tenth_ws/install/mouse_teleop/lib/python3.8/site-packages:/home/deepspeed/ICRA2024/f1tenth_ws/install/key_teleop/lib/python3.8/site-packages:/home/deepspeed/ICRA2024/f1tenth_ws/install/automatic_emergency_braking/lib/python3.8/site-packages:/opt/ros/foxy/lib/python3.8/site-packages /usr/bin/python3 setup.py egg_info --egg-base ../../../../build/joy_teleop build --build-base /home/deepspeed/ICRA2024/f1tenth_ws/build/joy_teleop/build install --record /home/deepspeed/ICRA2024/f1tenth_ws/build/joy_teleop/install.log --install-scripts $base/lib/joy_teleop --single-version-externally-managed
[8.047s] running egg_info
[8.051s] writing ../../../../build/joy_teleop/joy_teleop.egg-info/PKG-INFO
[8.053s] writing dependency_links to ../../../../build/joy_teleop/joy_teleop.egg-info/dependency_links.txt
[8.055s] writing entry points to ../../../../build/joy_teleop/joy_teleop.egg-info/entry_points.txt
[8.057s] writing requirements to ../../../../build/joy_teleop/joy_teleop.egg-info/requires.txt
[8.058s] writing top-level names to ../../../../build/joy_teleop/joy_teleop.egg-info/top_level.txt
[8.222s] reading manifest file '../../../../build/joy_teleop/joy_teleop.egg-info/SOURCES.txt'
[8.228s] writing manifest file '../../../../build/joy_teleop/joy_teleop.egg-info/SOURCES.txt'
[8.230s] running build
[8.231s] running build_py
[8.233s] running install
[8.237s] running install_lib
[8.245s] running install_data
[8.250s] running install_egg_info
[8.254s] removing '/home/deepspeed/ICRA2024/f1tenth_ws/install/joy_teleop/lib/python3.8/site-packages/joy_teleop-0.3.0-py3.8.egg-info' (and everything under it)
[8.256s] Copying ../../../../build/joy_teleop/joy_teleop.egg-info to /home/deepspeed/ICRA2024/f1tenth_ws/install/joy_teleop/lib/python3.8/site-packages/joy_teleop-0.3.0-py3.8.egg-info
[8.263s] running install_scripts
[8.352s] Installing incrementer_server script to /home/deepspeed/ICRA2024/f1tenth_ws/install/joy_teleop/lib/joy_teleop
[8.354s] Installing joy_teleop script to /home/deepspeed/ICRA2024/f1tenth_ws/install/joy_teleop/lib/joy_teleop
[8.356s] writing list of installed files to '/home/deepspeed/ICRA2024/f1tenth_ws/build/joy_teleop/install.log'
[8.534s] Invoked command in '/home/deepspeed/ICRA2024/f1tenth_ws/src/f1tenth_system/teleop_tools/joy_teleop' returned '0': CMAKE_PREFIX_PATH=/home/deepspeed/ICRA2024/f1tenth_ws/install/teleop_tools_msgs:/home/deepspeed/ICRA2024/f1tenth_ws/install/vesc:/home/deepspeed/ICRA2024/f1tenth_ws/install/vesc_driver:/home/deepspeed/ICRA2024/f1tenth_ws/install/vesc_ackermann:/home/deepspeed/ICRA2024/f1tenth_ws/install/vesc_msgs:/home/deepspeed/ICRA2024/f1tenth_ws/install/teleop_tools:/home/deepspeed/ICRA2024/f1tenth_ws/install/ackermann_mux LD_LIBRARY_PATH=/home/deepspeed/ICRA2024/f1tenth_ws/install/teleop_tools_msgs/lib:/home/deepspeed/ICRA2024/f1tenth_ws/install/vesc_driver/lib:/home/deepspeed/ICRA2024/f1tenth_ws/install/vesc_ackermann/lib:/home/deepspeed/ICRA2024/f1tenth_ws/install/vesc_msgs/lib:/opt/ros/foxy/opt/yaml_cpp_vendor/lib:/opt/ros/foxy/opt/rviz_ogre_vendor/lib:/opt/ros/foxy/lib/aarch64-linux-gnu:/opt/ros/foxy/lib PYTHONPATH=/home/deepspeed/ICRA2024/f1tenth_ws/build/joy_teleop/prefix_override:/home/deepspeed/ICRA2024/f1tenth_ws/install/joy_teleop/lib/python3.8/site-packages:/home/deepspeed/ICRA2024/f1tenth_ws/install/teleop_tools_msgs/lib/python3.8/site-packages:/home/deepspeed/ICRA2024/f1tenth_ws/install/f1tenth_stack/lib/python3.8/site-packages:/home/deepspeed/ICRA2024/f1tenth_ws/install/vesc_msgs/lib/python3.8/site-packages:/home/deepspeed/ICRA2024/f1tenth_ws/install/joy_teleop/lib/python3.8/site-packages:/home/deepspeed/ICRA2024/f1tenth_ws/install/mouse_teleop/lib/python3.8/site-packages:/home/deepspeed/ICRA2024/f1tenth_ws/install/key_teleop/lib/python3.8/site-packages:/home/deepspeed/ICRA2024/f1tenth_ws/install/automatic_emergency_braking/lib/python3.8/site-packages:/opt/ros/foxy/lib/python3.8/site-packages /usr/bin/python3 setup.py egg_info --egg-base ../../../../build/joy_teleop build --build-base /home/deepspeed/ICRA2024/f1tenth_ws/build/joy_teleop/build install --record /home/deepspeed/ICRA2024/f1tenth_ws/build/joy_teleop/install.log --install-scripts $base/lib/joy_teleop --single-version-externally-managed
