[2.562s] Invoking command in '/home/deepspeed/ICRA2024/f1tenth_ws/build/vesc_driver': CMAKE_PREFIX_PATH=/home/deepspeed/ICRA2024/f1tenth_ws/install/vesc_msgs:/home/deepspeed/ICRA2024/f1tenth_ws/install/vesc:/home/deepspeed/ICRA2024/f1tenth_ws/install/vesc_driver:/home/deepspeed/ICRA2024/f1tenth_ws/install/vesc_ackermann:/home/deepspeed/ICRA2024/f1tenth_ws/install/teleop_tools:/home/deepspeed/ICRA2024/f1tenth_ws/install/teleop_tools_msgs:/home/deepspeed/ICRA2024/f1tenth_ws/install/ackermann_mux:/home/deepspeed/ICRA2024/f1tenth_ws/install/f1tenth_stack:/home/deepspeed/ICRA2024/f1tenth_ws/install/joy_teleop:/home/deepspeed/ICRA2024/f1tenth_ws/install/mouse_teleop:/home/deepspeed/ICRA2024/f1tenth_ws/install/key_teleop:/home/deepspeed/ICRA2024/f1tenth_ws/install/automatic_emergency_braking:/opt/ros/foxy LD_LIBRARY_PATH=/home/deepspeed/ICRA2024/f1tenth_ws/install/vesc_msgs/lib:/home/deepspeed/ICRA2024/f1tenth_ws/install/vesc_driver/lib:/home/deepspeed/ICRA2024/f1tenth_ws/install/vesc_ackermann/lib:/home/deepspeed/ICRA2024/f1tenth_ws/install/teleop_tools_msgs/lib:/opt/ros/foxy/opt/yaml_cpp_vendor/lib:/opt/ros/foxy/opt/rviz_ogre_vendor/lib:/opt/ros/foxy/lib/aarch64-linux-gnu:/opt/ros/foxy/lib PYTHONPATH=/home/deepspeed/ICRA2024/f1tenth_ws/install/vesc_msgs/lib/python3.8/site-packages:/home/deepspeed/ICRA2024/f1tenth_ws/install/f1tenth_stack/lib/python3.8/site-packages:/home/deepspeed/ICRA2024/f1tenth_ws/install/joy_teleop/lib/python3.8/site-packages:/home/deepspeed/ICRA2024/f1tenth_ws/install/teleop_tools_msgs/lib/python3.8/site-packages:/home/deepspeed/ICRA2024/f1tenth_ws/install/mouse_teleop/lib/python3.8/site-packages:/home/deepspeed/ICRA2024/f1tenth_ws/install/key_teleop/lib/python3.8/site-packages:/home/deepspeed/ICRA2024/f1tenth_ws/install/automatic_emergency_braking/lib/python3.8/site-packages:/opt/ros/foxy/lib/python3.8/site-packages /usr/bin/cmake --build /home/deepspeed/ICRA2024/f1tenth_ws/build/vesc_driver -- -j6 -l6
[3.012s] [ 60%] Built target vesc_driver_node
[3.013s] [ 70%] Built target vesc_driver
[3.162s] [100%] Built target vesc_device_namer
[3.227s] Invoked command in '/home/deepspeed/ICRA2024/f1tenth_ws/build/vesc_driver' returned '0': CMAKE_PREFIX_PATH=/home/deepspeed/ICRA2024/f1tenth_ws/install/vesc_msgs:/home/deepspeed/ICRA2024/f1tenth_ws/install/vesc:/home/deepspeed/ICRA2024/f1tenth_ws/install/vesc_driver:/home/deepspeed/ICRA2024/f1tenth_ws/install/vesc_ackermann:/home/deepspeed/ICRA2024/f1tenth_ws/install/teleop_tools:/home/deepspeed/ICRA2024/f1tenth_ws/install/teleop_tools_msgs:/home/deepspeed/ICRA2024/f1tenth_ws/install/ackermann_mux:/home/deepspeed/ICRA2024/f1tenth_ws/install/f1tenth_stack:/home/deepspeed/ICRA2024/f1tenth_ws/install/joy_teleop:/home/deepspeed/ICRA2024/f1tenth_ws/install/mouse_teleop:/home/deepspeed/ICRA2024/f1tenth_ws/install/key_teleop:/home/deepspeed/ICRA2024/f1tenth_ws/install/automatic_emergency_braking:/opt/ros/foxy LD_LIBRARY_PATH=/home/deepspeed/ICRA2024/f1tenth_ws/install/vesc_msgs/lib:/home/deepspeed/ICRA2024/f1tenth_ws/install/vesc_driver/lib:/home/deepspeed/ICRA2024/f1tenth_ws/install/vesc_ackermann/lib:/home/deepspeed/ICRA2024/f1tenth_ws/install/teleop_tools_msgs/lib:/opt/ros/foxy/opt/yaml_cpp_vendor/lib:/opt/ros/foxy/opt/rviz_ogre_vendor/lib:/opt/ros/foxy/lib/aarch64-linux-gnu:/opt/ros/foxy/lib PYTHONPATH=/home/deepspeed/ICRA2024/f1tenth_ws/install/vesc_msgs/lib/python3.8/site-packages:/home/deepspeed/ICRA2024/f1tenth_ws/install/f1tenth_stack/lib/python3.8/site-packages:/home/deepspeed/ICRA2024/f1tenth_ws/install/joy_teleop/lib/python3.8/site-packages:/home/deepspeed/ICRA2024/f1tenth_ws/install/teleop_tools_msgs/lib/python3.8/site-packages:/home/deepspeed/ICRA2024/f1tenth_ws/install/mouse_teleop/lib/python3.8/site-packages:/home/deepspeed/ICRA2024/f1tenth_ws/install/key_teleop/lib/python3.8/site-packages:/home/deepspeed/ICRA2024/f1tenth_ws/install/automatic_emergency_braking/lib/python3.8/site-packages:/opt/ros/foxy/lib/python3.8/site-packages /usr/bin/cmake --build /home/deepspeed/ICRA2024/f1tenth_ws/build/vesc_driver -- -j6 -l6
[4.114s] Invoking command in '/home/deepspeed/ICRA2024/f1tenth_ws/build/vesc_driver': CMAKE_PREFIX_PATH=/home/deepspeed/ICRA2024/f1tenth_ws/install/vesc_msgs:/home/deepspeed/ICRA2024/f1tenth_ws/install/vesc:/home/deepspeed/ICRA2024/f1tenth_ws/install/vesc_driver:/home/deepspeed/ICRA2024/f1tenth_ws/install/vesc_ackermann:/home/deepspeed/ICRA2024/f1tenth_ws/install/teleop_tools:/home/deepspeed/ICRA2024/f1tenth_ws/install/teleop_tools_msgs:/home/deepspeed/ICRA2024/f1tenth_ws/install/ackermann_mux:/home/deepspeed/ICRA2024/f1tenth_ws/install/f1tenth_stack:/home/deepspeed/ICRA2024/f1tenth_ws/install/joy_teleop:/home/deepspeed/ICRA2024/f1tenth_ws/install/mouse_teleop:/home/deepspeed/ICRA2024/f1tenth_ws/install/key_teleop:/home/deepspeed/ICRA2024/f1tenth_ws/install/automatic_emergency_braking:/opt/ros/foxy LD_LIBRARY_PATH=/home/deepspeed/ICRA2024/f1tenth_ws/install/vesc_msgs/lib:/home/deepspeed/ICRA2024/f1tenth_ws/install/vesc_driver/lib:/home/deepspeed/ICRA2024/f1tenth_ws/install/vesc_ackermann/lib:/home/deepspeed/ICRA2024/f1tenth_ws/install/teleop_tools_msgs/lib:/opt/ros/foxy/opt/yaml_cpp_vendor/lib:/opt/ros/foxy/opt/rviz_ogre_vendor/lib:/opt/ros/foxy/lib/aarch64-linux-gnu:/opt/ros/foxy/lib PYTHONPATH=/home/deepspeed/ICRA2024/f1tenth_ws/install/vesc_msgs/lib/python3.8/site-packages:/home/deepspeed/ICRA2024/f1tenth_ws/install/f1tenth_stack/lib/python3.8/site-packages:/home/deepspeed/ICRA2024/f1tenth_ws/install/joy_teleop/lib/python3.8/site-packages:/home/deepspeed/ICRA2024/f1tenth_ws/install/teleop_tools_msgs/lib/python3.8/site-packages:/home/deepspeed/ICRA2024/f1tenth_ws/install/mouse_teleop/lib/python3.8/site-packages:/home/deepspeed/ICRA2024/f1tenth_ws/install/key_teleop/lib/python3.8/site-packages:/home/deepspeed/ICRA2024/f1tenth_ws/install/automatic_emergency_braking/lib/python3.8/site-packages:/opt/ros/foxy/lib/python3.8/site-packages /usr/bin/cmake --install /home/deepspeed/ICRA2024/f1tenth_ws/build/vesc_driver
[4.180s] -- Install configuration: ""
[4.182s] -- Up-to-date: /home/deepspeed/ICRA2024/f1tenth_ws/install/vesc_driver/lib/vesc_driver/vesc_driver_node
[4.183s] -- Up-to-date: /home/deepspeed/ICRA2024/f1tenth_ws/install/vesc_driver/include
[4.184s] -- Up-to-date: /home/deepspeed/ICRA2024/f1tenth_ws/install/vesc_driver/include/vesc_driver
[4.185s] -- Up-to-date: /home/deepspeed/ICRA2024/f1tenth_ws/install/vesc_driver/include/vesc_driver/vesc_interface.hpp
[4.186s] -- Up-to-date: /home/deepspeed/ICRA2024/f1tenth_ws/install/vesc_driver/include/vesc_driver/datatypes.hpp
[4.186s] -- Up-to-date: /home/deepspeed/ICRA2024/f1tenth_ws/install/vesc_driver/include/vesc_driver/vesc_packet.hpp
[4.187s] -- Up-to-date: /home/deepspeed/ICRA2024/f1tenth_ws/install/vesc_driver/include/vesc_driver/crc.hpp
[4.187s] -- Up-to-date: /home/deepspeed/ICRA2024/f1tenth_ws/install/vesc_driver/include/vesc_driver/vesc_device_uuid_lookup.hpp
[4.188s] -- Up-to-date: /home/deepspeed/ICRA2024/f1tenth_ws/install/vesc_driver/include/vesc_driver/vesc_packet_factory.hpp
[4.188s] -- Up-to-date: /home/deepspeed/ICRA2024/f1tenth_ws/install/vesc_driver/include/vesc_driver/vesc_driver.hpp
[4.189s] -- Up-to-date: /home/deepspeed/ICRA2024/f1tenth_ws/install/vesc_driver/share/vesc_driver/environment/library_path.sh
[4.189s] -- Up-to-date: /home/deepspeed/ICRA2024/f1tenth_ws/install/vesc_driver/share/vesc_driver/environment/library_path.dsv
[4.189s] -- Up-to-date: /home/deepspeed/ICRA2024/f1tenth_ws/install/vesc_driver/lib/libvesc_driver.so
[4.192s] -- Up-to-date: /home/deepspeed/ICRA2024/f1tenth_ws/install/vesc_driver/lib/vesc_driver/vesc_device_namer
[4.194s] -- Up-to-date: /home/deepspeed/ICRA2024/f1tenth_ws/install/vesc_driver/share/vesc_driver/launch
[4.195s] -- Up-to-date: /home/deepspeed/ICRA2024/f1tenth_ws/install/vesc_driver/share/vesc_driver/launch/vesc_driver_node.launch.py
[4.197s] -- Up-to-date: /home/deepspeed/ICRA2024/f1tenth_ws/install/vesc_driver/share/vesc_driver/params
[4.198s] -- Up-to-date: /home/deepspeed/ICRA2024/f1tenth_ws/install/vesc_driver/share/vesc_driver/params/vesc_config.yaml
[4.198s] -- Up-to-date: /home/deepspeed/ICRA2024/f1tenth_ws/install/vesc_driver/share/ament_index/resource_index/package_run_dependencies/vesc_driver
[4.199s] -- Up-to-date: /home/deepspeed/ICRA2024/f1tenth_ws/install/vesc_driver/share/ament_index/resource_index/parent_prefix_path/vesc_driver
[4.200s] -- Up-to-date: /home/deepspeed/ICRA2024/f1tenth_ws/install/vesc_driver/share/vesc_driver/environment/ament_prefix_path.sh
[4.201s] -- Up-to-date: /home/deepspeed/ICRA2024/f1tenth_ws/install/vesc_driver/share/vesc_driver/environment/ament_prefix_path.dsv
[4.202s] -- Up-to-date: /home/deepspeed/ICRA2024/f1tenth_ws/install/vesc_driver/share/vesc_driver/environment/path.sh
[4.202s] -- Up-to-date: /home/deepspeed/ICRA2024/f1tenth_ws/install/vesc_driver/share/vesc_driver/environment/path.dsv
[4.203s] -- Up-to-date: /home/deepspeed/ICRA2024/f1tenth_ws/install/vesc_driver/share/vesc_driver/local_setup.bash
[4.203s] -- Up-to-date: /home/deepspeed/ICRA2024/f1tenth_ws/install/vesc_driver/share/vesc_driver/local_setup.sh
[4.204s] -- Up-to-date: /home/deepspeed/ICRA2024/f1tenth_ws/install/vesc_driver/share/vesc_driver/local_setup.zsh
[4.205s] -- Up-to-date: /home/deepspeed/ICRA2024/f1tenth_ws/install/vesc_driver/share/vesc_driver/local_setup.dsv
[4.206s] -- Installing: /home/deepspeed/ICRA2024/f1tenth_ws/install/vesc_driver/share/vesc_driver/package.dsv
[4.206s] -- Up-to-date: /home/deepspeed/ICRA2024/f1tenth_ws/install/vesc_driver/share/ament_index/resource_index/packages/vesc_driver
[4.207s] -- Up-to-date: /home/deepspeed/ICRA2024/f1tenth_ws/install/vesc_driver/share/ament_index/resource_index/rclcpp_components/vesc_driver
[4.208s] -- Up-to-date: /home/deepspeed/ICRA2024/f1tenth_ws/install/vesc_driver/share/vesc_driver/cmake/ament_cmake_export_dependencies-extras.cmake
[4.208s] -- Up-to-date: /home/deepspeed/ICRA2024/f1tenth_ws/install/vesc_driver/share/vesc_driver/cmake/ament_cmake_export_include_directories-extras.cmake
[4.209s] -- Up-to-date: /home/deepspeed/ICRA2024/f1tenth_ws/install/vesc_driver/share/vesc_driver/cmake/ament_cmake_export_libraries-extras.cmake
[4.209s] -- Up-to-date: /home/deepspeed/ICRA2024/f1tenth_ws/install/vesc_driver/share/vesc_driver/cmake/vesc_driverConfig.cmake
[4.210s] -- Up-to-date: /home/deepspeed/ICRA2024/f1tenth_ws/install/vesc_driver/share/vesc_driver/cmake/vesc_driverConfig-version.cmake
[4.210s] -- Up-to-date: /home/deepspeed/ICRA2024/f1tenth_ws/install/vesc_driver/share/vesc_driver/package.xml
[4.222s] Invoked command in '/home/deepspeed/ICRA2024/f1tenth_ws/build/vesc_driver' returned '0': CMAKE_PREFIX_PATH=/home/deepspeed/ICRA2024/f1tenth_ws/install/vesc_msgs:/home/deepspeed/ICRA2024/f1tenth_ws/install/vesc:/home/deepspeed/ICRA2024/f1tenth_ws/install/vesc_driver:/home/deepspeed/ICRA2024/f1tenth_ws/install/vesc_ackermann:/home/deepspeed/ICRA2024/f1tenth_ws/install/teleop_tools:/home/deepspeed/ICRA2024/f1tenth_ws/install/teleop_tools_msgs:/home/deepspeed/ICRA2024/f1tenth_ws/install/ackermann_mux:/home/deepspeed/ICRA2024/f1tenth_ws/install/f1tenth_stack:/home/deepspeed/ICRA2024/f1tenth_ws/install/joy_teleop:/home/deepspeed/ICRA2024/f1tenth_ws/install/mouse_teleop:/home/deepspeed/ICRA2024/f1tenth_ws/install/key_teleop:/home/deepspeed/ICRA2024/f1tenth_ws/install/automatic_emergency_braking:/opt/ros/foxy LD_LIBRARY_PATH=/home/deepspeed/ICRA2024/f1tenth_ws/install/vesc_msgs/lib:/home/deepspeed/ICRA2024/f1tenth_ws/install/vesc_driver/lib:/home/deepspeed/ICRA2024/f1tenth_ws/install/vesc_ackermann/lib:/home/deepspeed/ICRA2024/f1tenth_ws/install/teleop_tools_msgs/lib:/opt/ros/foxy/opt/yaml_cpp_vendor/lib:/opt/ros/foxy/opt/rviz_ogre_vendor/lib:/opt/ros/foxy/lib/aarch64-linux-gnu:/opt/ros/foxy/lib PYTHONPATH=/home/deepspeed/ICRA2024/f1tenth_ws/install/vesc_msgs/lib/python3.8/site-packages:/home/deepspeed/ICRA2024/f1tenth_ws/install/f1tenth_stack/lib/python3.8/site-packages:/home/deepspeed/ICRA2024/f1tenth_ws/install/joy_teleop/lib/python3.8/site-packages:/home/deepspeed/ICRA2024/f1tenth_ws/install/teleop_tools_msgs/lib/python3.8/site-packages:/home/deepspeed/ICRA2024/f1tenth_ws/install/mouse_teleop/lib/python3.8/site-packages:/home/deepspeed/ICRA2024/f1tenth_ws/install/key_teleop/lib/python3.8/site-packages:/home/deepspeed/ICRA2024/f1tenth_ws/install/automatic_emergency_braking/lib/python3.8/site-packages:/opt/ros/foxy/lib/python3.8/site-packages /usr/bin/cmake --install /home/deepspeed/ICRA2024/f1tenth_ws/build/vesc_driver
