[4.862s] Invoking command in '/home/deepspeed/ICRA2024/f1tenth_ws/build/vesc_driver': CMAKE_PREFIX_PATH=/home/deepspeed/ICRA2024/f1tenth_ws/install/vesc_msgs:/home/deepspeed/ICRA2024/f1tenth_ws/install/vesc:/home/deepspeed/ICRA2024/f1tenth_ws/install/vesc_driver:/home/deepspeed/ICRA2024/f1tenth_ws/install/vesc_ackermann:/home/deepspeed/ICRA2024/f1tenth_ws/install/teleop_tools:/home/deepspeed/ICRA2024/f1tenth_ws/install/teleop_tools_msgs:/home/deepspeed/ICRA2024/f1tenth_ws/install/ackermann_mux:/home/deepspeed/ICRA2024/f1tenth_ws/install/f1tenth_stack:/home/deepspeed/ICRA2024/f1tenth_ws/install/joy_teleop:/home/deepspeed/ICRA2024/f1tenth_ws/install/mouse_teleop:/home/deepspeed/ICRA2024/f1tenth_ws/install/key_teleop:/home/deepspeed/ICRA2024/f1tenth_ws/install/automatic_emergency_braking:/opt/ros/foxy LD_LIBRARY_PATH=/home/deepspeed/ICRA2024/f1tenth_ws/install/vesc_msgs/lib:/home/deepspeed/ICRA2024/f1tenth_ws/install/vesc_driver/lib:/home/deepspeed/ICRA2024/f1tenth_ws/install/vesc_ackermann/lib:/home/deepspeed/ICRA2024/f1tenth_ws/install/teleop_tools_msgs/lib:/opt/ros/foxy/opt/yaml_cpp_vendor/lib:/opt/ros/foxy/opt/rviz_ogre_vendor/lib:/opt/ros/foxy/lib/aarch64-linux-gnu:/opt/ros/foxy/lib PYTHONPATH=/home/deepspeed/ICRA2024/f1tenth_ws/install/vesc_msgs/lib/python3.8/site-packages:/home/deepspeed/ICRA2024/f1tenth_ws/install/f1tenth_stack/lib/python3.8/site-packages:/home/deepspeed/ICRA2024/f1tenth_ws/install/joy_teleop/lib/python3.8/site-packages:/home/deepspeed/ICRA2024/f1tenth_ws/install/teleop_tools_msgs/lib/python3.8/site-packages:/home/deepspeed/ICRA2024/f1tenth_ws/install/mouse_teleop/lib/python3.8/site-packages:/home/deepspeed/ICRA2024/f1tenth_ws/install/key_teleop/lib/python3.8/site-packages:/home/deepspeed/ICRA2024/f1tenth_ws/install/automatic_emergency_braking/lib/python3.8/site-packages:/opt/ros/foxy/lib/python3.8/site-packages /usr/bin/cmake --build /home/deepspeed/ICRA2024/f1tenth_ws/build/vesc_driver -- -j6 -l6
[5.505s] [ 20%] Built target vesc_driver_node
[5.677s] [ 70%] Built target vesc_driver
[6.115s] [100%] Built target vesc_device_namer
[6.638s] Invoked command in '/home/deepspeed/ICRA2024/f1tenth_ws/build/vesc_driver' returned '0': CMAKE_PREFIX_PATH=/home/deepspeed/ICRA2024/f1tenth_ws/install/vesc_msgs:/home/deepspeed/ICRA2024/f1tenth_ws/install/vesc:/home/deepspeed/ICRA2024/f1tenth_ws/install/vesc_driver:/home/deepspeed/ICRA2024/f1tenth_ws/install/vesc_ackermann:/home/deepspeed/ICRA2024/f1tenth_ws/install/teleop_tools:/home/deepspeed/ICRA2024/f1tenth_ws/install/teleop_tools_msgs:/home/deepspeed/ICRA2024/f1tenth_ws/install/ackermann_mux:/home/deepspeed/ICRA2024/f1tenth_ws/install/f1tenth_stack:/home/deepspeed/ICRA2024/f1tenth_ws/install/joy_teleop:/home/deepspeed/ICRA2024/f1tenth_ws/install/mouse_teleop:/home/deepspeed/ICRA2024/f1tenth_ws/install/key_teleop:/home/deepspeed/ICRA2024/f1tenth_ws/install/automatic_emergency_braking:/opt/ros/foxy LD_LIBRARY_PATH=/home/deepspeed/ICRA2024/f1tenth_ws/install/vesc_msgs/lib:/home/deepspeed/ICRA2024/f1tenth_ws/install/vesc_driver/lib:/home/deepspeed/ICRA2024/f1tenth_ws/install/vesc_ackermann/lib:/home/deepspeed/ICRA2024/f1tenth_ws/install/teleop_tools_msgs/lib:/opt/ros/foxy/opt/yaml_cpp_vendor/lib:/opt/ros/foxy/opt/rviz_ogre_vendor/lib:/opt/ros/foxy/lib/aarch64-linux-gnu:/opt/ros/foxy/lib PYTHONPATH=/home/deepspeed/ICRA2024/f1tenth_ws/install/vesc_msgs/lib/python3.8/site-packages:/home/deepspeed/ICRA2024/f1tenth_ws/install/f1tenth_stack/lib/python3.8/site-packages:/home/deepspeed/ICRA2024/f1tenth_ws/install/joy_teleop/lib/python3.8/site-packages:/home/deepspeed/ICRA2024/f1tenth_ws/install/teleop_tools_msgs/lib/python3.8/site-packages:/home/deepspeed/ICRA2024/f1tenth_ws/install/mouse_teleop/lib/python3.8/site-packages:/home/deepspeed/ICRA2024/f1tenth_ws/install/key_teleop/lib/python3.8/site-packages:/home/deepspeed/ICRA2024/f1tenth_ws/install/automatic_emergency_braking/lib/python3.8/site-packages:/opt/ros/foxy/lib/python3.8/site-packages /usr/bin/cmake --build /home/deepspeed/ICRA2024/f1tenth_ws/build/vesc_driver -- -j6 -l6
[7.707s] Invoking command in '/home/deepspeed/ICRA2024/f1tenth_ws/build/vesc_driver': CMAKE_PREFIX_PATH=/home/deepspeed/ICRA2024/f1tenth_ws/install/vesc_msgs:/home/deepspeed/ICRA2024/f1tenth_ws/install/vesc:/home/deepspeed/ICRA2024/f1tenth_ws/install/vesc_driver:/home/deepspeed/ICRA2024/f1tenth_ws/install/vesc_ackermann:/home/deepspeed/ICRA2024/f1tenth_ws/install/teleop_tools:/home/deepspeed/ICRA2024/f1tenth_ws/install/teleop_tools_msgs:/home/deepspeed/ICRA2024/f1tenth_ws/install/ackermann_mux:/home/deepspeed/ICRA2024/f1tenth_ws/install/f1tenth_stack:/home/deepspeed/ICRA2024/f1tenth_ws/install/joy_teleop:/home/deepspeed/ICRA2024/f1tenth_ws/install/mouse_teleop:/home/deepspeed/ICRA2024/f1tenth_ws/install/key_teleop:/home/deepspeed/ICRA2024/f1tenth_ws/install/automatic_emergency_braking:/opt/ros/foxy LD_LIBRARY_PATH=/home/deepspeed/ICRA2024/f1tenth_ws/install/vesc_msgs/lib:/home/deepspeed/ICRA2024/f1tenth_ws/install/vesc_driver/lib:/home/deepspeed/ICRA2024/f1tenth_ws/install/vesc_ackermann/lib:/home/deepspeed/ICRA2024/f1tenth_ws/install/teleop_tools_msgs/lib:/opt/ros/foxy/opt/yaml_cpp_vendor/lib:/opt/ros/foxy/opt/rviz_ogre_vendor/lib:/opt/ros/foxy/lib/aarch64-linux-gnu:/opt/ros/foxy/lib PYTHONPATH=/home/deepspeed/ICRA2024/f1tenth_ws/install/vesc_msgs/lib/python3.8/site-packages:/home/deepspeed/ICRA2024/f1tenth_ws/install/f1tenth_stack/lib/python3.8/site-packages:/home/deepspeed/ICRA2024/f1tenth_ws/install/joy_teleop/lib/python3.8/site-packages:/home/deepspeed/ICRA2024/f1tenth_ws/install/teleop_tools_msgs/lib/python3.8/site-packages:/home/deepspeed/ICRA2024/f1tenth_ws/install/mouse_teleop/lib/python3.8/site-packages:/home/deepspeed/ICRA2024/f1tenth_ws/install/key_teleop/lib/python3.8/site-packages:/home/deepspeed/ICRA2024/f1tenth_ws/install/automatic_emergency_braking/lib/python3.8/site-packages:/opt/ros/foxy/lib/python3.8/site-packages /usr/bin/cmake --install /home/deepspeed/ICRA2024/f1tenth_ws/build/vesc_driver
[7.818s] -- Install configuration: ""
[7.820s] -- Up-to-date: /home/deepspeed/ICRA2024/f1tenth_ws/install/vesc_driver/lib/vesc_driver/vesc_driver_node
[7.822s] -- Up-to-date: /home/deepspeed/ICRA2024/f1tenth_ws/install/vesc_driver/include
[7.824s] -- Up-to-date: /home/deepspeed/ICRA2024/f1tenth_ws/install/vesc_driver/include/vesc_driver
[7.825s] -- Up-to-date: /home/deepspeed/ICRA2024/f1tenth_ws/install/vesc_driver/include/vesc_driver/vesc_interface.hpp
[7.826s] -- Up-to-date: /home/deepspeed/ICRA2024/f1tenth_ws/install/vesc_driver/include/vesc_driver/datatypes.hpp
[7.827s] -- Up-to-date: /home/deepspeed/ICRA2024/f1tenth_ws/install/vesc_driver/include/vesc_driver/vesc_packet.hpp
[7.827s] -- Up-to-date: /home/deepspeed/ICRA2024/f1tenth_ws/install/vesc_driver/include/vesc_driver/crc.hpp
[7.828s] -- Up-to-date: /home/deepspeed/ICRA2024/f1tenth_ws/install/vesc_driver/include/vesc_driver/vesc_device_uuid_lookup.hpp
[7.828s] -- Up-to-date: /home/deepspeed/ICRA2024/f1tenth_ws/install/vesc_driver/include/vesc_driver/vesc_packet_factory.hpp
[7.828s] -- Up-to-date: /home/deepspeed/ICRA2024/f1tenth_ws/install/vesc_driver/include/vesc_driver/vesc_driver.hpp
[7.829s] -- Up-to-date: /home/deepspeed/ICRA2024/f1tenth_ws/install/vesc_driver/share/vesc_driver/environment/library_path.sh
[7.830s] -- Up-to-date: /home/deepspeed/ICRA2024/f1tenth_ws/install/vesc_driver/share/vesc_driver/environment/library_path.dsv
[7.830s] -- Up-to-date: /home/deepspeed/ICRA2024/f1tenth_ws/install/vesc_driver/lib/libvesc_driver.so
[7.835s] -- Up-to-date: /home/deepspeed/ICRA2024/f1tenth_ws/install/vesc_driver/lib/vesc_driver/vesc_device_namer
[7.837s] -- Up-to-date: /home/deepspeed/ICRA2024/f1tenth_ws/install/vesc_driver/share/vesc_driver/launch
[7.839s] -- Up-to-date: /home/deepspeed/ICRA2024/f1tenth_ws/install/vesc_driver/share/vesc_driver/launch/vesc_driver_node.launch.py
[7.839s] -- Up-to-date: /home/deepspeed/ICRA2024/f1tenth_ws/install/vesc_driver/share/vesc_driver/params
[7.840s] -- Up-to-date: /home/deepspeed/ICRA2024/f1tenth_ws/install/vesc_driver/share/vesc_driver/params/vesc_config.yaml
[7.841s] -- Up-to-date: /home/deepspeed/ICRA2024/f1tenth_ws/install/vesc_driver/share/ament_index/resource_index/package_run_dependencies/vesc_driver
[7.842s] -- Up-to-date: /home/deepspeed/ICRA2024/f1tenth_ws/install/vesc_driver/share/ament_index/resource_index/parent_prefix_path/vesc_driver
[7.844s] -- Up-to-date: /home/deepspeed/ICRA2024/f1tenth_ws/install/vesc_driver/share/vesc_driver/environment/ament_prefix_path.sh
[7.844s] -- Up-to-date: /home/deepspeed/ICRA2024/f1tenth_ws/install/vesc_driver/share/vesc_driver/environment/ament_prefix_path.dsv
[7.845s] -- Up-to-date: /home/deepspeed/ICRA2024/f1tenth_ws/install/vesc_driver/share/vesc_driver/environment/path.sh
[7.845s] -- Up-to-date: /home/deepspeed/ICRA2024/f1tenth_ws/install/vesc_driver/share/vesc_driver/environment/path.dsv
[7.846s] -- Up-to-date: /home/deepspeed/ICRA2024/f1tenth_ws/install/vesc_driver/share/vesc_driver/local_setup.bash
[7.847s] -- Up-to-date: /home/deepspeed/ICRA2024/f1tenth_ws/install/vesc_driver/share/vesc_driver/local_setup.sh
[7.847s] -- Up-to-date: /home/deepspeed/ICRA2024/f1tenth_ws/install/vesc_driver/share/vesc_driver/local_setup.zsh
[7.848s] -- Up-to-date: /home/deepspeed/ICRA2024/f1tenth_ws/install/vesc_driver/share/vesc_driver/local_setup.dsv
[7.848s] -- Installing: /home/deepspeed/ICRA2024/f1tenth_ws/install/vesc_driver/share/vesc_driver/package.dsv
[7.849s] -- Up-to-date: /home/deepspeed/ICRA2024/f1tenth_ws/install/vesc_driver/share/ament_index/resource_index/packages/vesc_driver
[7.850s] -- Up-to-date: /home/deepspeed/ICRA2024/f1tenth_ws/install/vesc_driver/share/ament_index/resource_index/rclcpp_components/vesc_driver
[7.851s] -- Up-to-date: /home/deepspeed/ICRA2024/f1tenth_ws/install/vesc_driver/share/vesc_driver/cmake/ament_cmake_export_dependencies-extras.cmake
[7.852s] -- Up-to-date: /home/deepspeed/ICRA2024/f1tenth_ws/install/vesc_driver/share/vesc_driver/cmake/ament_cmake_export_include_directories-extras.cmake
[7.853s] -- Up-to-date: /home/deepspeed/ICRA2024/f1tenth_ws/install/vesc_driver/share/vesc_driver/cmake/ament_cmake_export_libraries-extras.cmake
[7.853s] -- Up-to-date: /home/deepspeed/ICRA2024/f1tenth_ws/install/vesc_driver/share/vesc_driver/cmake/vesc_driverConfig.cmake
[7.854s] -- Up-to-date: /home/deepspeed/ICRA2024/f1tenth_ws/install/vesc_driver/share/vesc_driver/cmake/vesc_driverConfig-version.cmake
[7.854s] -- Up-to-date: /home/deepspeed/ICRA2024/f1tenth_ws/install/vesc_driver/share/vesc_driver/package.xml
[7.865s] Invoked command in '/home/deepspeed/ICRA2024/f1tenth_ws/build/vesc_driver' returned '0': CMAKE_PREFIX_PATH=/home/deepspeed/ICRA2024/f1tenth_ws/install/vesc_msgs:/home/deepspeed/ICRA2024/f1tenth_ws/install/vesc:/home/deepspeed/ICRA2024/f1tenth_ws/install/vesc_driver:/home/deepspeed/ICRA2024/f1tenth_ws/install/vesc_ackermann:/home/deepspeed/ICRA2024/f1tenth_ws/install/teleop_tools:/home/deepspeed/ICRA2024/f1tenth_ws/install/teleop_tools_msgs:/home/deepspeed/ICRA2024/f1tenth_ws/install/ackermann_mux:/home/deepspeed/ICRA2024/f1tenth_ws/install/f1tenth_stack:/home/deepspeed/ICRA2024/f1tenth_ws/install/joy_teleop:/home/deepspeed/ICRA2024/f1tenth_ws/install/mouse_teleop:/home/deepspeed/ICRA2024/f1tenth_ws/install/key_teleop:/home/deepspeed/ICRA2024/f1tenth_ws/install/automatic_emergency_braking:/opt/ros/foxy LD_LIBRARY_PATH=/home/deepspeed/ICRA2024/f1tenth_ws/install/vesc_msgs/lib:/home/deepspeed/ICRA2024/f1tenth_ws/install/vesc_driver/lib:/home/deepspeed/ICRA2024/f1tenth_ws/install/vesc_ackermann/lib:/home/deepspeed/ICRA2024/f1tenth_ws/install/teleop_tools_msgs/lib:/opt/ros/foxy/opt/yaml_cpp_vendor/lib:/opt/ros/foxy/opt/rviz_ogre_vendor/lib:/opt/ros/foxy/lib/aarch64-linux-gnu:/opt/ros/foxy/lib PYTHONPATH=/home/deepspeed/ICRA2024/f1tenth_ws/install/vesc_msgs/lib/python3.8/site-packages:/home/deepspeed/ICRA2024/f1tenth_ws/install/f1tenth_stack/lib/python3.8/site-packages:/home/deepspeed/ICRA2024/f1tenth_ws/install/joy_teleop/lib/python3.8/site-packages:/home/deepspeed/ICRA2024/f1tenth_ws/install/teleop_tools_msgs/lib/python3.8/site-packages:/home/deepspeed/ICRA2024/f1tenth_ws/install/mouse_teleop/lib/python3.8/site-packages:/home/deepspeed/ICRA2024/f1tenth_ws/install/key_teleop/lib/python3.8/site-packages:/home/deepspeed/ICRA2024/f1tenth_ws/install/automatic_emergency_braking/lib/python3.8/site-packages:/opt/ros/foxy/lib/python3.8/site-packages /usr/bin/cmake --install /home/deepspeed/ICRA2024/f1tenth_ws/build/vesc_driver
