[16.979s] Invoking command in '/home/deepspeed/ICRA2024/f1tenth_ws/src/f1tenth_system/teleop_tools/key_teleop': PYTHONPATH=/home/deepspeed/ICRA2024/f1tenth_ws/build/key_teleop/prefix_override:/home/deepspeed/ICRA2024/f1tenth_ws/install/key_teleop/lib/python3.8/site-packages:${PYTHONPATH} /usr/bin/python3 setup.py egg_info --egg-base ../../../../build/key_teleop build --build-base /home/deepspeed/ICRA2024/f1tenth_ws/build/key_teleop/build install --record /home/deepspeed/ICRA2024/f1tenth_ws/build/key_teleop/install.log --install-scripts $base/lib/key_teleop --single-version-externally-managed
[18.209s] running egg_info
[18.212s] writing ../../../../build/key_teleop/key_teleop.egg-info/PKG-INFO
[18.250s] writing dependency_links to ../../../../build/key_teleop/key_teleop.egg-info/dependency_links.txt
[18.254s] writing entry points to ../../../../build/key_teleop/key_teleop.egg-info/entry_points.txt
[18.255s] writing requirements to ../../../../build/key_teleop/key_teleop.egg-info/requires.txt
[18.272s] writing top-level names to ../../../../build/key_teleop/key_teleop.egg-info/top_level.txt
[18.439s] reading manifest file '../../../../build/key_teleop/key_teleop.egg-info/SOURCES.txt'
[18.479s] writing manifest file '../../../../build/key_teleop/key_teleop.egg-info/SOURCES.txt'
[18.483s] running build
[18.485s] running build_py
[18.505s] running install
[18.508s] running install_lib
[18.516s] running install_data
[18.520s] running install_egg_info
[18.527s] removing '/home/deepspeed/ICRA2024/f1tenth_ws/install/key_teleop/lib/python3.8/site-packages/key_teleop-0.3.0-py3.8.egg-info' (and everything under it)
[18.530s] Copying ../../../../build/key_teleop/key_teleop.egg-info to /home/deepspeed/ICRA2024/f1tenth_ws/install/key_teleop/lib/python3.8/site-packages/key_teleop-0.3.0-py3.8.egg-info
[18.538s] running install_scripts
[18.607s] Installing key_teleop script to /home/deepspeed/ICRA2024/f1tenth_ws/install/key_teleop/lib/key_teleop
[18.750s] writing list of installed files to '/home/deepspeed/ICRA2024/f1tenth_ws/build/key_teleop/install.log'
[22.147s] Invoked command in '/home/deepspeed/ICRA2024/f1tenth_ws/src/f1tenth_system/teleop_tools/key_teleop' returned '0': PYTHONPATH=/home/deepspeed/ICRA2024/f1tenth_ws/build/key_teleop/prefix_override:/home/deepspeed/ICRA2024/f1tenth_ws/install/key_teleop/lib/python3.8/site-packages:${PYTHONPATH} /usr/bin/python3 setup.py egg_info --egg-base ../../../../build/key_teleop build --build-base /home/deepspeed/ICRA2024/f1tenth_ws/build/key_teleop/build install --record /home/deepspeed/ICRA2024/f1tenth_ws/build/key_teleop/install.log --install-scripts $base/lib/key_teleop --single-version-externally-managed
