[12.062s] Invoking command in '/home/deepspeed/ICRA2024/f1tenth_ws/src/automatic_emergency_braking': PYTHONPATH=/home/deepspeed/ICRA2024/f1tenth_ws/build/automatic_emergency_braking/prefix_override:/home/deepspeed/ICRA2024/f1tenth_ws/install/automatic_emergency_braking/lib/python3.8/site-packages:${PYTHONPATH} /usr/bin/python3 setup.py egg_info --egg-base ../../build/automatic_emergency_braking build --build-base /home/deepspeed/ICRA2024/f1tenth_ws/build/automatic_emergency_braking/build install --record /home/deepspeed/ICRA2024/f1tenth_ws/build/automatic_emergency_braking/install.log --install-scripts $base/lib/automatic_emergency_braking --single-version-externally-managed
[13.283s] running egg_info
[13.286s] writing ../../build/automatic_emergency_braking/automatic_emergency_braking.egg-info/PKG-INFO
[13.288s] writing dependency_links to ../../build/automatic_emergency_braking/automatic_emergency_braking.egg-info/dependency_links.txt
[13.289s] writing entry points to ../../build/automatic_emergency_braking/automatic_emergency_braking.egg-info/entry_points.txt
[13.290s] writing requirements to ../../build/automatic_emergency_braking/automatic_emergency_braking.egg-info/requires.txt
[13.291s] writing top-level names to ../../build/automatic_emergency_braking/automatic_emergency_braking.egg-info/top_level.txt
[13.470s] reading manifest file '../../build/automatic_emergency_braking/automatic_emergency_braking.egg-info/SOURCES.txt'
[13.473s] writing manifest file '../../build/automatic_emergency_braking/automatic_emergency_braking.egg-info/SOURCES.txt'
[13.473s] running build
[13.474s] running build_py
[13.476s] running install
[13.480s] running install_lib
[13.487s] running install_data
[13.494s] running install_egg_info
[13.498s] removing '/home/deepspeed/ICRA2024/f1tenth_ws/install/automatic_emergency_braking/lib/python3.8/site-packages/automatic_emergency_braking-0.0.0-py3.8.egg-info' (and everything under it)
[13.502s] Copying ../../build/automatic_emergency_braking/automatic_emergency_braking.egg-info to /home/deepspeed/ICRA2024/f1tenth_ws/install/automatic_emergency_braking/lib/python3.8/site-packages/automatic_emergency_braking-0.0.0-py3.8.egg-info
[13.508s] running install_scripts
[13.596s] Installing AEB script to /home/deepspeed/ICRA2024/f1tenth_ws/install/automatic_emergency_braking/lib/automatic_emergency_braking
[13.598s] writing list of installed files to '/home/deepspeed/ICRA2024/f1tenth_ws/build/automatic_emergency_braking/install.log'
[16.494s] Invoked command in '/home/deepspeed/ICRA2024/f1tenth_ws/src/automatic_emergency_braking' returned '0': PYTHONPATH=/home/deepspeed/ICRA2024/f1tenth_ws/build/automatic_emergency_braking/prefix_override:/home/deepspeed/ICRA2024/f1tenth_ws/install/automatic_emergency_braking/lib/python3.8/site-packages:${PYTHONPATH} /usr/bin/python3 setup.py egg_info --egg-base ../../build/automatic_emergency_braking build --build-base /home/deepspeed/ICRA2024/f1tenth_ws/build/automatic_emergency_braking/build install --record /home/deepspeed/ICRA2024/f1tenth_ws/build/automatic_emergency_braking/install.log --install-scripts $base/lib/automatic_emergency_braking --single-version-externally-managed
