[1.167s] Invoking command in '/home/deepspeed/ICRA2024/f1tenth_ws/build/vesc_ackermann': AMENT_PREFIX_PATH=/home/deepspeed/ICRA2024/f1tenth_ws/install/vesc_msgs:${AMENT_PREFIX_PATH} CMAKE_PREFIX_PATH=/home/deepspeed/ICRA2024/f1tenth_ws/install/vesc_msgs:/opt/ros/foxy LD_LIBRARY_PATH=/home/deepspeed/ICRA2024/f1tenth_ws/install/vesc_msgs/lib:${LD_LIBRARY_PATH} PYTHONPATH=/home/deepspeed/ICRA2024/f1tenth_ws/install/vesc_msgs/lib/python3.8/site-packages:${PYTHONPATH} /usr/bin/cmake /home/deepspeed/ICRA2024/f1tenth_ws/src/f1tenth_system/vesc/vesc_ackermann -DCMAKE_INSTALL_PREFIX=/home/deepspeed/ICRA2024/f1tenth_ws/install/vesc_ackermann
[1.602s] -- The C compiler identification is GNU 9.4.0
[1.990s] -- The CXX compiler identification is GNU 9.4.0
[2.017s] -- Check for working C compiler: /usr/bin/cc
[2.557s] -- Check for working C compiler: /usr/bin/cc -- works
[2.562s] -- Detecting C compiler ABI info
[3.069s] -- Detecting C compiler ABI info - done
[3.139s] -- Detecting C compile features
[3.144s] -- Detecting C compile features - done
[3.155s] -- Check for working CXX compiler: /usr/bin/c++
[3.769s] -- Check for working CXX compiler: /usr/bin/c++ -- works
[3.779s] -- Detecting CXX compiler ABI info
[4.403s] -- Detecting CXX compiler ABI info - done
[4.477s] -- Detecting CXX compile features
[4.480s] -- Detecting CXX compile features - done
[4.495s] -- Found ament_cmake_auto: 0.9.12 (/opt/ros/foxy/share/ament_cmake_auto/cmake)
[4.643s] -- Found PythonInterp: /usr/bin/python3 (found suitable version "3.8.10", minimum required is "3") 
[4.644s] -- Using PYTHON_EXECUTABLE: /usr/bin/python3
[6.260s] -- Using all available rosidl_typesupport_c: rosidl_typesupport_fastrtps_c;rosidl_typesupport_introspection_c
[6.295s] -- Found rosidl_adapter: 1.3.1 (/opt/ros/foxy/share/rosidl_adapter/cmake)
[6.905s] -- Found OpenSSL: /usr/lib/aarch64-linux-gnu/libcrypto.so (found version "1.1.1f")  
[7.066s] -- Found FastRTPS: /opt/ros/foxy/include  
[7.508s] -- Using all available rosidl_typesupport_cpp: rosidl_typesupport_fastrtps_cpp;rosidl_typesupport_introspection_cpp
[8.905s] -- Found rmw_implementation_cmake: 1.0.4 (/opt/ros/foxy/share/rmw_implementation_cmake/cmake)
[8.913s] -- Using RMW implementation 'rmw_fastrtps_cpp' as default
[8.918s] -- Looking for pthread.h
[9.449s] -- Looking for pthread.h - found
[9.451s] -- Performing Test CMAKE_HAVE_LIBC_PTHREAD
[10.019s] -- Performing Test CMAKE_HAVE_LIBC_PTHREAD - Failed
[10.022s] -- Looking for pthread_create in pthreads
[10.551s] -- Looking for pthread_create in pthreads - not found
[10.552s] -- Looking for pthread_create in pthread
[11.015s] -- Looking for pthread_create in pthread - found
[11.022s] -- Found Threads: TRUE  
[13.754s] -- Found ament_lint_auto: 0.9.8 (/opt/ros/foxy/share/ament_lint_auto/cmake)
[13.851s] -- Added test 'copyright' to check source files copyright and LICENSE
[13.860s] -- Added test 'cppcheck' to perform static code analysis on C / C++ code
[13.862s] -- Configured cppcheck include dirs: /home/deepspeed/ICRA2024/f1tenth_ws/src/f1tenth_system/vesc/vesc_ackermann/include
[13.864s] -- Configured cppcheck exclude dirs and/or files: 
[13.879s] -- Added test 'cpplint' to check C / C++ code against the Google style
[13.880s] -- Configured cpplint exclude dirs and/or files: 
[13.880s] -- Added test 'lint_cmake' to check CMake code style
[13.885s] -- Added test 'uncrustify' to check C / C++ code style
[13.887s] -- Configured uncrustify additional arguments: 
[13.888s] -- Added test 'xmllint' to check XML markup files
[13.929s] -- Configuring done
[14.058s] -- Generating done
[14.070s] -- Build files have been written to: /home/deepspeed/ICRA2024/f1tenth_ws/build/vesc_ackermann
[14.113s] Invoked command in '/home/deepspeed/ICRA2024/f1tenth_ws/build/vesc_ackermann' returned '0': AMENT_PREFIX_PATH=/home/deepspeed/ICRA2024/f1tenth_ws/install/vesc_msgs:${AMENT_PREFIX_PATH} CMAKE_PREFIX_PATH=/home/deepspeed/ICRA2024/f1tenth_ws/install/vesc_msgs:/opt/ros/foxy LD_LIBRARY_PATH=/home/deepspeed/ICRA2024/f1tenth_ws/install/vesc_msgs/lib:${LD_LIBRARY_PATH} PYTHONPATH=/home/deepspeed/ICRA2024/f1tenth_ws/install/vesc_msgs/lib/python3.8/site-packages:${PYTHONPATH} /usr/bin/cmake /home/deepspeed/ICRA2024/f1tenth_ws/src/f1tenth_system/vesc/vesc_ackermann -DCMAKE_INSTALL_PREFIX=/home/deepspeed/ICRA2024/f1tenth_ws/install/vesc_ackermann
[14.127s] Invoking command in '/home/deepspeed/ICRA2024/f1tenth_ws/build/vesc_ackermann': AMENT_PREFIX_PATH=/home/deepspeed/ICRA2024/f1tenth_ws/install/vesc_msgs:${AMENT_PREFIX_PATH} CMAKE_PREFIX_PATH=/home/deepspeed/ICRA2024/f1tenth_ws/install/vesc_msgs:/opt/ros/foxy LD_LIBRARY_PATH=/home/deepspeed/ICRA2024/f1tenth_ws/install/vesc_msgs/lib:${LD_LIBRARY_PATH} PYTHONPATH=/home/deepspeed/ICRA2024/f1tenth_ws/install/vesc_msgs/lib/python3.8/site-packages:${PYTHONPATH} /usr/bin/cmake --build /home/deepspeed/ICRA2024/f1tenth_ws/build/vesc_ackermann -- -j6 -l6
[14.360s] [35m[1mScanning dependencies of target vesc_to_odom_node[0m
[14.361s] [35m[1mScanning dependencies of target ackermann_to_vesc_node[0m
[14.363s] [35m[1mScanning dependencies of target vesc_ackermann[0m
[14.620s] [ 14%] [32mBuilding CXX object CMakeFiles/ackermann_to_vesc_node.dir/rclcpp_components/node_main_ackermann_to_vesc_node.cpp.o[0m
[14.666s] [ 28%] [32mBuilding CXX object CMakeFiles/vesc_to_odom_node.dir/rclcpp_components/node_main_vesc_to_odom_node.cpp.o[0m
[14.733s] [ 42%] [32mBuilding CXX object CMakeFiles/vesc_ackermann.dir/src/ackermann_to_vesc.cpp.o[0m
[14.754s] [ 57%] [32mBuilding CXX object CMakeFiles/vesc_ackermann.dir/src/vesc_to_odom.cpp.o[0m
[31.653s] [ 71%] [32m[1mLinking CXX executable vesc_to_odom_node[0m
[32.439s] [ 85%] [32m[1mLinking CXX executable ackermann_to_vesc_node[0m
[32.837s] [ 85%] Built target vesc_to_odom_node
[33.326s] [ 85%] Built target ackermann_to_vesc_node
[55.266s] [100%] [32m[1mLinking CXX shared library libvesc_ackermann.so[0m
[57.832s] [100%] Built target vesc_ackermann
[57.995s] Invoked command in '/home/deepspeed/ICRA2024/f1tenth_ws/build/vesc_ackermann' returned '0': AMENT_PREFIX_PATH=/home/deepspeed/ICRA2024/f1tenth_ws/install/vesc_msgs:${AMENT_PREFIX_PATH} CMAKE_PREFIX_PATH=/home/deepspeed/ICRA2024/f1tenth_ws/install/vesc_msgs:/opt/ros/foxy LD_LIBRARY_PATH=/home/deepspeed/ICRA2024/f1tenth_ws/install/vesc_msgs/lib:${LD_LIBRARY_PATH} PYTHONPATH=/home/deepspeed/ICRA2024/f1tenth_ws/install/vesc_msgs/lib/python3.8/site-packages:${PYTHONPATH} /usr/bin/cmake --build /home/deepspeed/ICRA2024/f1tenth_ws/build/vesc_ackermann -- -j6 -l6
[58.186s] Invoking command in '/home/deepspeed/ICRA2024/f1tenth_ws/build/vesc_ackermann': AMENT_PREFIX_PATH=/home/deepspeed/ICRA2024/f1tenth_ws/install/vesc_msgs:${AMENT_PREFIX_PATH} CMAKE_PREFIX_PATH=/home/deepspeed/ICRA2024/f1tenth_ws/install/vesc_msgs:/opt/ros/foxy LD_LIBRARY_PATH=/home/deepspeed/ICRA2024/f1tenth_ws/install/vesc_msgs/lib:${LD_LIBRARY_PATH} PYTHONPATH=/home/deepspeed/ICRA2024/f1tenth_ws/install/vesc_msgs/lib/python3.8/site-packages:${PYTHONPATH} /usr/bin/cmake --install /home/deepspeed/ICRA2024/f1tenth_ws/build/vesc_ackermann
[58.230s] -- Install configuration: ""
[58.232s] -- Installing: /home/deepspeed/ICRA2024/f1tenth_ws/install/vesc_ackermann/lib/vesc_ackermann/ackermann_to_vesc_node
[58.238s] -- Set runtime path of "/home/deepspeed/ICRA2024/f1tenth_ws/install/vesc_ackermann/lib/vesc_ackermann/ackermann_to_vesc_node" to ""
[58.238s] -- Installing: /home/deepspeed/ICRA2024/f1tenth_ws/install/vesc_ackermann/lib/vesc_ackermann/vesc_to_odom_node
[58.244s] -- Set runtime path of "/home/deepspeed/ICRA2024/f1tenth_ws/install/vesc_ackermann/lib/vesc_ackermann/vesc_to_odom_node" to ""
[58.245s] -- Installing: /home/deepspeed/ICRA2024/f1tenth_ws/install/vesc_ackermann/include
[58.246s] -- Installing: /home/deepspeed/ICRA2024/f1tenth_ws/install/vesc_ackermann/include/vesc_ackermann
[58.246s] -- Installing: /home/deepspeed/ICRA2024/f1tenth_ws/install/vesc_ackermann/include/vesc_ackermann/ackermann_to_vesc.hpp
[58.247s] -- Installing: /home/deepspeed/ICRA2024/f1tenth_ws/install/vesc_ackermann/include/vesc_ackermann/vesc_to_odom.hpp
[58.248s] -- Installing: /home/deepspeed/ICRA2024/f1tenth_ws/install/vesc_ackermann/share/vesc_ackermann/environment/library_path.sh
[58.249s] -- Installing: /home/deepspeed/ICRA2024/f1tenth_ws/install/vesc_ackermann/share/vesc_ackermann/environment/library_path.dsv
[58.251s] -- Installing: /home/deepspeed/ICRA2024/f1tenth_ws/install/vesc_ackermann/lib/libvesc_ackermann.so
[58.315s] -- Set runtime path of "/home/deepspeed/ICRA2024/f1tenth_ws/install/vesc_ackermann/lib/libvesc_ackermann.so" to ""
[58.315s] -- Installing: /home/deepspeed/ICRA2024/f1tenth_ws/install/vesc_ackermann/share/vesc_ackermann/launch
[58.316s] -- Installing: /home/deepspeed/ICRA2024/f1tenth_ws/install/vesc_ackermann/share/vesc_ackermann/launch/ackermann_to_vesc_node.launch.xml
[58.317s] -- Installing: /home/deepspeed/ICRA2024/f1tenth_ws/install/vesc_ackermann/share/vesc_ackermann/launch/vesc_to_odom_node.launch.xml
[58.318s] -- Installing: /home/deepspeed/ICRA2024/f1tenth_ws/install/vesc_ackermann/share/ament_index/resource_index/package_run_dependencies/vesc_ackermann
[58.319s] -- Installing: /home/deepspeed/ICRA2024/f1tenth_ws/install/vesc_ackermann/share/ament_index/resource_index/parent_prefix_path/vesc_ackermann
[58.320s] -- Installing: /home/deepspeed/ICRA2024/f1tenth_ws/install/vesc_ackermann/share/vesc_ackermann/environment/ament_prefix_path.sh
[58.321s] -- Installing: /home/deepspeed/ICRA2024/f1tenth_ws/install/vesc_ackermann/share/vesc_ackermann/environment/ament_prefix_path.dsv
[58.322s] -- Installing: /home/deepspeed/ICRA2024/f1tenth_ws/install/vesc_ackermann/share/vesc_ackermann/environment/path.sh
[58.323s] -- Installing: /home/deepspeed/ICRA2024/f1tenth_ws/install/vesc_ackermann/share/vesc_ackermann/environment/path.dsv
[58.324s] -- Installing: /home/deepspeed/ICRA2024/f1tenth_ws/install/vesc_ackermann/share/vesc_ackermann/local_setup.bash
[58.325s] -- Installing: /home/deepspeed/ICRA2024/f1tenth_ws/install/vesc_ackermann/share/vesc_ackermann/local_setup.sh
[58.326s] -- Installing: /home/deepspeed/ICRA2024/f1tenth_ws/install/vesc_ackermann/share/vesc_ackermann/local_setup.zsh
[58.327s] -- Installing: /home/deepspeed/ICRA2024/f1tenth_ws/install/vesc_ackermann/share/vesc_ackermann/local_setup.dsv
[58.329s] -- Installing: /home/deepspeed/ICRA2024/f1tenth_ws/install/vesc_ackermann/share/vesc_ackermann/package.dsv
[58.330s] -- Installing: /home/deepspeed/ICRA2024/f1tenth_ws/install/vesc_ackermann/share/ament_index/resource_index/packages/vesc_ackermann
[58.331s] -- Installing: /home/deepspeed/ICRA2024/f1tenth_ws/install/vesc_ackermann/share/ament_index/resource_index/rclcpp_components/vesc_ackermann
[58.333s] -- Installing: /home/deepspeed/ICRA2024/f1tenth_ws/install/vesc_ackermann/share/vesc_ackermann/cmake/ament_cmake_export_dependencies-extras.cmake
[58.334s] -- Installing: /home/deepspeed/ICRA2024/f1tenth_ws/install/vesc_ackermann/share/vesc_ackermann/cmake/ament_cmake_export_include_directories-extras.cmake
[58.334s] -- Installing: /home/deepspeed/ICRA2024/f1tenth_ws/install/vesc_ackermann/share/vesc_ackermann/cmake/ament_cmake_export_libraries-extras.cmake
[58.335s] -- Installing: /home/deepspeed/ICRA2024/f1tenth_ws/install/vesc_ackermann/share/vesc_ackermann/cmake/vesc_ackermannConfig.cmake
[58.336s] -- Installing: /home/deepspeed/ICRA2024/f1tenth_ws/install/vesc_ackermann/share/vesc_ackermann/cmake/vesc_ackermannConfig-version.cmake
[58.337s] -- Installing: /home/deepspeed/ICRA2024/f1tenth_ws/install/vesc_ackermann/share/vesc_ackermann/package.xml
[58.349s] Invoked command in '/home/deepspeed/ICRA2024/f1tenth_ws/build/vesc_ackermann' returned '0': AMENT_PREFIX_PATH=/home/deepspeed/ICRA2024/f1tenth_ws/install/vesc_msgs:${AMENT_PREFIX_PATH} CMAKE_PREFIX_PATH=/home/deepspeed/ICRA2024/f1tenth_ws/install/vesc_msgs:/opt/ros/foxy LD_LIBRARY_PATH=/home/deepspeed/ICRA2024/f1tenth_ws/install/vesc_msgs/lib:${LD_LIBRARY_PATH} PYTHONPATH=/home/deepspeed/ICRA2024/f1tenth_ws/install/vesc_msgs/lib/python3.8/site-packages:${PYTHONPATH} /usr/bin/cmake --install /home/deepspeed/ICRA2024/f1tenth_ws/build/vesc_ackermann
