[4.260s] Invoking command in '/home/deepspeed/ICRA2024/f1tenth_ws/build/vesc_driver': CMAKE_PREFIX_PATH=/home/deepspeed/ICRA2024/f1tenth_ws/install/vesc_msgs:/home/deepspeed/ICRA2024/f1tenth_ws/install/vesc:/home/deepspeed/ICRA2024/f1tenth_ws/install/vesc_driver:/home/deepspeed/ICRA2024/f1tenth_ws/install/vesc_ackermann:/home/deepspeed/ICRA2024/f1tenth_ws/install/teleop_tools:/home/deepspeed/ICRA2024/f1tenth_ws/install/teleop_tools_msgs:/home/deepspeed/ICRA2024/f1tenth_ws/install/ackermann_mux:/home/deepspeed/ICRA2024/f1tenth_ws/install/f1tenth_stack:/home/deepspeed/ICRA2024/f1tenth_ws/install/joy_teleop:/home/deepspeed/ICRA2024/f1tenth_ws/install/mouse_teleop:/home/deepspeed/ICRA2024/f1tenth_ws/install/key_teleop:/home/deepspeed/ICRA2024/f1tenth_ws/install/automatic_emergency_braking:/opt/ros/foxy LD_LIBRARY_PATH=/home/deepspeed/ICRA2024/f1tenth_ws/install/vesc_msgs/lib:/home/deepspeed/ICRA2024/f1tenth_ws/install/vesc_driver/lib:/home/deepspeed/ICRA2024/f1tenth_ws/install/vesc_ackermann/lib:/home/deepspeed/ICRA2024/f1tenth_ws/install/teleop_tools_msgs/lib:/opt/ros/foxy/opt/yaml_cpp_vendor/lib:/opt/ros/foxy/opt/rviz_ogre_vendor/lib:/opt/ros/foxy/lib/aarch64-linux-gnu:/opt/ros/foxy/lib PYTHONPATH=/home/deepspeed/ICRA2024/f1tenth_ws/install/vesc_msgs/lib/python3.8/site-packages:/home/deepspeed/ICRA2024/f1tenth_ws/install/f1tenth_stack/lib/python3.8/site-packages:/home/deepspeed/ICRA2024/f1tenth_ws/install/joy_teleop/lib/python3.8/site-packages:/home/deepspeed/ICRA2024/f1tenth_ws/install/teleop_tools_msgs/lib/python3.8/site-packages:/home/deepspeed/ICRA2024/f1tenth_ws/install/mouse_teleop/lib/python3.8/site-packages:/home/deepspeed/ICRA2024/f1tenth_ws/install/key_teleop/lib/python3.8/site-packages:/home/deepspeed/ICRA2024/f1tenth_ws/install/automatic_emergency_braking/lib/python3.8/site-packages:/opt/ros/foxy/lib/python3.8/site-packages /usr/bin/cmake --build /home/deepspeed/ICRA2024/f1tenth_ws/build/vesc_driver -- -j6 -l6
[4.684s] [ 20%] Built target vesc_driver_node
[4.722s] [ 70%] Built target vesc_driver
[4.870s] [100%] Built target vesc_device_namer
[4.934s] Invoked command in '/home/deepspeed/ICRA2024/f1tenth_ws/build/vesc_driver' returned '0': CMAKE_PREFIX_PATH=/home/deepspeed/ICRA2024/f1tenth_ws/install/vesc_msgs:/home/deepspeed/ICRA2024/f1tenth_ws/install/vesc:/home/deepspeed/ICRA2024/f1tenth_ws/install/vesc_driver:/home/deepspeed/ICRA2024/f1tenth_ws/install/vesc_ackermann:/home/deepspeed/ICRA2024/f1tenth_ws/install/teleop_tools:/home/deepspeed/ICRA2024/f1tenth_ws/install/teleop_tools_msgs:/home/deepspeed/ICRA2024/f1tenth_ws/install/ackermann_mux:/home/deepspeed/ICRA2024/f1tenth_ws/install/f1tenth_stack:/home/deepspeed/ICRA2024/f1tenth_ws/install/joy_teleop:/home/deepspeed/ICRA2024/f1tenth_ws/install/mouse_teleop:/home/deepspeed/ICRA2024/f1tenth_ws/install/key_teleop:/home/deepspeed/ICRA2024/f1tenth_ws/install/automatic_emergency_braking:/opt/ros/foxy LD_LIBRARY_PATH=/home/deepspeed/ICRA2024/f1tenth_ws/install/vesc_msgs/lib:/home/deepspeed/ICRA2024/f1tenth_ws/install/vesc_driver/lib:/home/deepspeed/ICRA2024/f1tenth_ws/install/vesc_ackermann/lib:/home/deepspeed/ICRA2024/f1tenth_ws/install/teleop_tools_msgs/lib:/opt/ros/foxy/opt/yaml_cpp_vendor/lib:/opt/ros/foxy/opt/rviz_ogre_vendor/lib:/opt/ros/foxy/lib/aarch64-linux-gnu:/opt/ros/foxy/lib PYTHONPATH=/home/deepspeed/ICRA2024/f1tenth_ws/install/vesc_msgs/lib/python3.8/site-packages:/home/deepspeed/ICRA2024/f1tenth_ws/install/f1tenth_stack/lib/python3.8/site-packages:/home/deepspeed/ICRA2024/f1tenth_ws/install/joy_teleop/lib/python3.8/site-packages:/home/deepspeed/ICRA2024/f1tenth_ws/install/teleop_tools_msgs/lib/python3.8/site-packages:/home/deepspeed/ICRA2024/f1tenth_ws/install/mouse_teleop/lib/python3.8/site-packages:/home/deepspeed/ICRA2024/f1tenth_ws/install/key_teleop/lib/python3.8/site-packages:/home/deepspeed/ICRA2024/f1tenth_ws/install/automatic_emergency_braking/lib/python3.8/site-packages:/opt/ros/foxy/lib/python3.8/site-packages /usr/bin/cmake --build /home/deepspeed/ICRA2024/f1tenth_ws/build/vesc_driver -- -j6 -l6
[5.841s] Invoking command in '/home/deepspeed/ICRA2024/f1tenth_ws/build/vesc_driver': CMAKE_PREFIX_PATH=/home/deepspeed/ICRA2024/f1tenth_ws/install/vesc_msgs:/home/deepspeed/ICRA2024/f1tenth_ws/install/vesc:/home/deepspeed/ICRA2024/f1tenth_ws/install/vesc_driver:/home/deepspeed/ICRA2024/f1tenth_ws/install/vesc_ackermann:/home/deepspeed/ICRA2024/f1tenth_ws/install/teleop_tools:/home/deepspeed/ICRA2024/f1tenth_ws/install/teleop_tools_msgs:/home/deepspeed/ICRA2024/f1tenth_ws/install/ackermann_mux:/home/deepspeed/ICRA2024/f1tenth_ws/install/f1tenth_stack:/home/deepspeed/ICRA2024/f1tenth_ws/install/joy_teleop:/home/deepspeed/ICRA2024/f1tenth_ws/install/mouse_teleop:/home/deepspeed/ICRA2024/f1tenth_ws/install/key_teleop:/home/deepspeed/ICRA2024/f1tenth_ws/install/automatic_emergency_braking:/opt/ros/foxy LD_LIBRARY_PATH=/home/deepspeed/ICRA2024/f1tenth_ws/install/vesc_msgs/lib:/home/deepspeed/ICRA2024/f1tenth_ws/install/vesc_driver/lib:/home/deepspeed/ICRA2024/f1tenth_ws/install/vesc_ackermann/lib:/home/deepspeed/ICRA2024/f1tenth_ws/install/teleop_tools_msgs/lib:/opt/ros/foxy/opt/yaml_cpp_vendor/lib:/opt/ros/foxy/opt/rviz_ogre_vendor/lib:/opt/ros/foxy/lib/aarch64-linux-gnu:/opt/ros/foxy/lib PYTHONPATH=/home/deepspeed/ICRA2024/f1tenth_ws/install/vesc_msgs/lib/python3.8/site-packages:/home/deepspeed/ICRA2024/f1tenth_ws/install/f1tenth_stack/lib/python3.8/site-packages:/home/deepspeed/ICRA2024/f1tenth_ws/install/joy_teleop/lib/python3.8/site-packages:/home/deepspeed/ICRA2024/f1tenth_ws/install/teleop_tools_msgs/lib/python3.8/site-packages:/home/deepspeed/ICRA2024/f1tenth_ws/install/mouse_teleop/lib/python3.8/site-packages:/home/deepspeed/ICRA2024/f1tenth_ws/install/key_teleop/lib/python3.8/site-packages:/home/deepspeed/ICRA2024/f1tenth_ws/install/automatic_emergency_braking/lib/python3.8/site-packages:/opt/ros/foxy/lib/python3.8/site-packages /usr/bin/cmake --install /home/deepspeed/ICRA2024/f1tenth_ws/build/vesc_driver
[5.908s] -- Install configuration: ""
[5.910s] -- Up-to-date: /home/deepspeed/ICRA2024/f1tenth_ws/install/vesc_driver/lib/vesc_driver/vesc_driver_node
[5.912s] -- Up-to-date: /home/deepspeed/ICRA2024/f1tenth_ws/install/vesc_driver/include
[5.913s] -- Up-to-date: /home/deepspeed/ICRA2024/f1tenth_ws/install/vesc_driver/include/vesc_driver
[5.914s] -- Up-to-date: /home/deepspeed/ICRA2024/f1tenth_ws/install/vesc_driver/include/vesc_driver/vesc_interface.hpp
[5.915s] -- Up-to-date: /home/deepspeed/ICRA2024/f1tenth_ws/install/vesc_driver/include/vesc_driver/datatypes.hpp
[5.916s] -- Up-to-date: /home/deepspeed/ICRA2024/f1tenth_ws/install/vesc_driver/include/vesc_driver/vesc_packet.hpp
[5.917s] -- Up-to-date: /home/deepspeed/ICRA2024/f1tenth_ws/install/vesc_driver/include/vesc_driver/crc.hpp
[5.917s] -- Up-to-date: /home/deepspeed/ICRA2024/f1tenth_ws/install/vesc_driver/include/vesc_driver/vesc_device_uuid_lookup.hpp
[5.918s] -- Up-to-date: /home/deepspeed/ICRA2024/f1tenth_ws/install/vesc_driver/include/vesc_driver/vesc_packet_factory.hpp
[5.918s] -- Up-to-date: /home/deepspeed/ICRA2024/f1tenth_ws/install/vesc_driver/include/vesc_driver/vesc_driver.hpp
[5.918s] -- Up-to-date: /home/deepspeed/ICRA2024/f1tenth_ws/install/vesc_driver/share/vesc_driver/environment/library_path.sh
[5.919s] -- Up-to-date: /home/deepspeed/ICRA2024/f1tenth_ws/install/vesc_driver/share/vesc_driver/environment/library_path.dsv
[5.919s] -- Up-to-date: /home/deepspeed/ICRA2024/f1tenth_ws/install/vesc_driver/lib/libvesc_driver.so
[5.921s] -- Up-to-date: /home/deepspeed/ICRA2024/f1tenth_ws/install/vesc_driver/lib/vesc_driver/vesc_device_namer
[5.922s] -- Up-to-date: /home/deepspeed/ICRA2024/f1tenth_ws/install/vesc_driver/share/vesc_driver/launch
[5.923s] -- Up-to-date: /home/deepspeed/ICRA2024/f1tenth_ws/install/vesc_driver/share/vesc_driver/launch/vesc_driver_node.launch.py
[5.924s] -- Up-to-date: /home/deepspeed/ICRA2024/f1tenth_ws/install/vesc_driver/share/vesc_driver/params
[5.925s] -- Up-to-date: /home/deepspeed/ICRA2024/f1tenth_ws/install/vesc_driver/share/vesc_driver/params/vesc_config.yaml
[5.925s] -- Up-to-date: /home/deepspeed/ICRA2024/f1tenth_ws/install/vesc_driver/share/ament_index/resource_index/package_run_dependencies/vesc_driver
[5.926s] -- Up-to-date: /home/deepspeed/ICRA2024/f1tenth_ws/install/vesc_driver/share/ament_index/resource_index/parent_prefix_path/vesc_driver
[5.927s] -- Up-to-date: /home/deepspeed/ICRA2024/f1tenth_ws/install/vesc_driver/share/vesc_driver/environment/ament_prefix_path.sh
[5.927s] -- Up-to-date: /home/deepspeed/ICRA2024/f1tenth_ws/install/vesc_driver/share/vesc_driver/environment/ament_prefix_path.dsv
[5.928s] -- Up-to-date: /home/deepspeed/ICRA2024/f1tenth_ws/install/vesc_driver/share/vesc_driver/environment/path.sh
[5.929s] -- Up-to-date: /home/deepspeed/ICRA2024/f1tenth_ws/install/vesc_driver/share/vesc_driver/environment/path.dsv
[5.930s] -- Up-to-date: /home/deepspeed/ICRA2024/f1tenth_ws/install/vesc_driver/share/vesc_driver/local_setup.bash
[5.930s] -- Up-to-date: /home/deepspeed/ICRA2024/f1tenth_ws/install/vesc_driver/share/vesc_driver/local_setup.sh
[5.931s] -- Up-to-date: /home/deepspeed/ICRA2024/f1tenth_ws/install/vesc_driver/share/vesc_driver/local_setup.zsh
[5.931s] -- Up-to-date: /home/deepspeed/ICRA2024/f1tenth_ws/install/vesc_driver/share/vesc_driver/local_setup.dsv
[5.931s] -- Installing: /home/deepspeed/ICRA2024/f1tenth_ws/install/vesc_driver/share/vesc_driver/package.dsv
[5.932s] -- Up-to-date: /home/deepspeed/ICRA2024/f1tenth_ws/install/vesc_driver/share/ament_index/resource_index/packages/vesc_driver
[5.933s] -- Up-to-date: /home/deepspeed/ICRA2024/f1tenth_ws/install/vesc_driver/share/ament_index/resource_index/rclcpp_components/vesc_driver
[5.934s] -- Up-to-date: /home/deepspeed/ICRA2024/f1tenth_ws/install/vesc_driver/share/vesc_driver/cmake/ament_cmake_export_dependencies-extras.cmake
[5.934s] -- Up-to-date: /home/deepspeed/ICRA2024/f1tenth_ws/install/vesc_driver/share/vesc_driver/cmake/ament_cmake_export_include_directories-extras.cmake
[5.935s] -- Up-to-date: /home/deepspeed/ICRA2024/f1tenth_ws/install/vesc_driver/share/vesc_driver/cmake/ament_cmake_export_libraries-extras.cmake
[5.935s] -- Up-to-date: /home/deepspeed/ICRA2024/f1tenth_ws/install/vesc_driver/share/vesc_driver/cmake/vesc_driverConfig.cmake
[5.935s] -- Up-to-date: /home/deepspeed/ICRA2024/f1tenth_ws/install/vesc_driver/share/vesc_driver/cmake/vesc_driverConfig-version.cmake
[5.936s] -- Up-to-date: /home/deepspeed/ICRA2024/f1tenth_ws/install/vesc_driver/share/vesc_driver/package.xml
[5.945s] Invoked command in '/home/deepspeed/ICRA2024/f1tenth_ws/build/vesc_driver' returned '0': CMAKE_PREFIX_PATH=/home/deepspeed/ICRA2024/f1tenth_ws/install/vesc_msgs:/home/deepspeed/ICRA2024/f1tenth_ws/install/vesc:/home/deepspeed/ICRA2024/f1tenth_ws/install/vesc_driver:/home/deepspeed/ICRA2024/f1tenth_ws/install/vesc_ackermann:/home/deepspeed/ICRA2024/f1tenth_ws/install/teleop_tools:/home/deepspeed/ICRA2024/f1tenth_ws/install/teleop_tools_msgs:/home/deepspeed/ICRA2024/f1tenth_ws/install/ackermann_mux:/home/deepspeed/ICRA2024/f1tenth_ws/install/f1tenth_stack:/home/deepspeed/ICRA2024/f1tenth_ws/install/joy_teleop:/home/deepspeed/ICRA2024/f1tenth_ws/install/mouse_teleop:/home/deepspeed/ICRA2024/f1tenth_ws/install/key_teleop:/home/deepspeed/ICRA2024/f1tenth_ws/install/automatic_emergency_braking:/opt/ros/foxy LD_LIBRARY_PATH=/home/deepspeed/ICRA2024/f1tenth_ws/install/vesc_msgs/lib:/home/deepspeed/ICRA2024/f1tenth_ws/install/vesc_driver/lib:/home/deepspeed/ICRA2024/f1tenth_ws/install/vesc_ackermann/lib:/home/deepspeed/ICRA2024/f1tenth_ws/install/teleop_tools_msgs/lib:/opt/ros/foxy/opt/yaml_cpp_vendor/lib:/opt/ros/foxy/opt/rviz_ogre_vendor/lib:/opt/ros/foxy/lib/aarch64-linux-gnu:/opt/ros/foxy/lib PYTHONPATH=/home/deepspeed/ICRA2024/f1tenth_ws/install/vesc_msgs/lib/python3.8/site-packages:/home/deepspeed/ICRA2024/f1tenth_ws/install/f1tenth_stack/lib/python3.8/site-packages:/home/deepspeed/ICRA2024/f1tenth_ws/install/joy_teleop/lib/python3.8/site-packages:/home/deepspeed/ICRA2024/f1tenth_ws/install/teleop_tools_msgs/lib/python3.8/site-packages:/home/deepspeed/ICRA2024/f1tenth_ws/install/mouse_teleop/lib/python3.8/site-packages:/home/deepspeed/ICRA2024/f1tenth_ws/install/key_teleop/lib/python3.8/site-packages:/home/deepspeed/ICRA2024/f1tenth_ws/install/automatic_emergency_braking/lib/python3.8/site-packages:/opt/ros/foxy/lib/python3.8/site-packages /usr/bin/cmake --install /home/deepspeed/ICRA2024/f1tenth_ws/build/vesc_driver
