[4.438s] Invoking command in '/home/deepspeed/ICRA2024/f1tenth_ws/build/teleop_tools_msgs': CMAKE_PREFIX_PATH=${CMAKE_PREFIX_PATH}:/home/deepspeed/ICRA2024/f1tenth_ws/install/f1tenth_stack:/home/deepspeed/ICRA2024/f1tenth_ws/install/joy_teleop:/home/deepspeed/ICRA2024/f1tenth_ws/install/mouse_teleop:/home/deepspeed/ICRA2024/f1tenth_ws/install/key_teleop:/home/deepspeed/ICRA2024/f1tenth_ws/install/automatic_emergency_braking:/opt/ros/foxy /usr/bin/cmake --build /home/deepspeed/ICRA2024/f1tenth_ws/build/teleop_tools_msgs -- -j6 -l6
[8.807s] [  3%] Built target teleop_tools_msgs__cpp
[8.807s] [ 22%] Built target teleop_tools_msgs__rosidl_generator_c
[8.808s] [ 22%] Built target teleop_tools_msgs__rosidl_typesupport_introspection_cpp
[8.808s] [ 32%] Built target teleop_tools_msgs__rosidl_typesupport_fastrtps_cpp
[8.809s] [ 41%] Built target teleop_tools_msgs__rosidl_typesupport_cpp
[8.809s] [ 51%] Built target teleop_tools_msgs__rosidl_typesupport_introspection_c
[8.810s] [ 61%] Built target teleop_tools_msgs__rosidl_typesupport_c
[8.810s] [ 70%] Built target teleop_tools_msgs__rosidl_typesupport_fastrtps_c
[8.811s] [ 70%] Built target teleop_tools_msgs
[8.811s] [ 74%] Built target teleop_tools_msgs__py
[8.812s] [ 80%] Built target teleop_tools_msgs__python
[8.812s] [ 87%] Built target teleop_tools_msgs__rosidl_typesupport_introspection_c__pyext
[8.812s] [ 93%] Built target teleop_tools_msgs__rosidl_typesupport_c__pyext
[8.813s] [100%] Built target teleop_tools_msgs__rosidl_typesupport_fastrtps_c__pyext
[10.664s] Invoked command in '/home/deepspeed/ICRA2024/f1tenth_ws/build/teleop_tools_msgs' returned '0': CMAKE_PREFIX_PATH=${CMAKE_PREFIX_PATH}:/home/deepspeed/ICRA2024/f1tenth_ws/install/f1tenth_stack:/home/deepspeed/ICRA2024/f1tenth_ws/install/joy_teleop:/home/deepspeed/ICRA2024/f1tenth_ws/install/mouse_teleop:/home/deepspeed/ICRA2024/f1tenth_ws/install/key_teleop:/home/deepspeed/ICRA2024/f1tenth_ws/install/automatic_emergency_braking:/opt/ros/foxy /usr/bin/cmake --build /home/deepspeed/ICRA2024/f1tenth_ws/build/teleop_tools_msgs -- -j6 -l6
[11.887s] Invoking command in '/home/deepspeed/ICRA2024/f1tenth_ws/build/teleop_tools_msgs': CMAKE_PREFIX_PATH=${CMAKE_PREFIX_PATH}:/home/deepspeed/ICRA2024/f1tenth_ws/install/f1tenth_stack:/home/deepspeed/ICRA2024/f1tenth_ws/install/joy_teleop:/home/deepspeed/ICRA2024/f1tenth_ws/install/mouse_teleop:/home/deepspeed/ICRA2024/f1tenth_ws/install/key_teleop:/home/deepspeed/ICRA2024/f1tenth_ws/install/automatic_emergency_braking:/opt/ros/foxy /usr/bin/cmake --install /home/deepspeed/ICRA2024/f1tenth_ws/build/teleop_tools_msgs
[12.000s] -- Install configuration: ""
[12.003s] -- Up-to-date: /home/deepspeed/ICRA2024/f1tenth_ws/install/teleop_tools_msgs/share/ament_index/resource_index/rosidl_interfaces/teleop_tools_msgs
[12.005s] -- Up-to-date: /home/deepspeed/ICRA2024/f1tenth_ws/install/teleop_tools_msgs/include/teleop_tools_msgs
[12.009s] -- Up-to-date: /home/deepspeed/ICRA2024/f1tenth_ws/install/teleop_tools_msgs/include/teleop_tools_msgs/msg
[12.011s] -- Up-to-date: /home/deepspeed/ICRA2024/f1tenth_ws/install/teleop_tools_msgs/include/teleop_tools_msgs/msg/rosidl_generator_c__visibility_control.h
[12.011s] -- Up-to-date: /home/deepspeed/ICRA2024/f1tenth_ws/install/teleop_tools_msgs/include/teleop_tools_msgs/action
[12.012s] -- Up-to-date: /home/deepspeed/ICRA2024/f1tenth_ws/install/teleop_tools_msgs/include/teleop_tools_msgs/action/detail
[12.014s] -- Up-to-date: /home/deepspeed/ICRA2024/f1tenth_ws/install/teleop_tools_msgs/include/teleop_tools_msgs/action/detail/increment__functions.c
[12.014s] -- Up-to-date: /home/deepspeed/ICRA2024/f1tenth_ws/install/teleop_tools_msgs/include/teleop_tools_msgs/action/detail/increment__struct.h
[12.016s] -- Up-to-date: /home/deepspeed/ICRA2024/f1tenth_ws/install/teleop_tools_msgs/include/teleop_tools_msgs/action/detail/increment__functions.h
[12.016s] -- Up-to-date: /home/deepspeed/ICRA2024/f1tenth_ws/install/teleop_tools_msgs/include/teleop_tools_msgs/action/detail/increment__type_support.h
[12.017s] -- Up-to-date: /home/deepspeed/ICRA2024/f1tenth_ws/install/teleop_tools_msgs/include/teleop_tools_msgs/action/increment.h
[12.028s] -- Up-to-date: /home/deepspeed/ICRA2024/f1tenth_ws/install/teleop_tools_msgs/share/teleop_tools_msgs/environment/library_path.sh
[12.028s] -- Up-to-date: /home/deepspeed/ICRA2024/f1tenth_ws/install/teleop_tools_msgs/share/teleop_tools_msgs/environment/library_path.dsv
[12.030s] -- Up-to-date: /home/deepspeed/ICRA2024/f1tenth_ws/install/teleop_tools_msgs/lib/libteleop_tools_msgs__rosidl_generator_c.so
[12.030s] -- Up-to-date: /home/deepspeed/ICRA2024/f1tenth_ws/install/teleop_tools_msgs/include/teleop_tools_msgs
[12.031s] -- Up-to-date: /home/deepspeed/ICRA2024/f1tenth_ws/install/teleop_tools_msgs/include/teleop_tools_msgs/msg
[12.048s] -- Up-to-date: /home/deepspeed/ICRA2024/f1tenth_ws/install/teleop_tools_msgs/include/teleop_tools_msgs/msg/rosidl_typesupport_fastrtps_c__visibility_control.h
[12.051s] -- Up-to-date: /home/deepspeed/ICRA2024/f1tenth_ws/install/teleop_tools_msgs/include/teleop_tools_msgs/action
[12.052s] -- Up-to-date: /home/deepspeed/ICRA2024/f1tenth_ws/install/teleop_tools_msgs/include/teleop_tools_msgs/action/detail
[12.053s] -- Up-to-date: /home/deepspeed/ICRA2024/f1tenth_ws/install/teleop_tools_msgs/include/teleop_tools_msgs/action/detail/increment__rosidl_typesupport_fastrtps_c.h
[12.056s] -- Up-to-date: /home/deepspeed/ICRA2024/f1tenth_ws/install/teleop_tools_msgs/lib/libteleop_tools_msgs__rosidl_typesupport_fastrtps_c.so
[12.056s] -- Up-to-date: /home/deepspeed/ICRA2024/f1tenth_ws/install/teleop_tools_msgs/include/teleop_tools_msgs
[12.057s] -- Up-to-date: /home/deepspeed/ICRA2024/f1tenth_ws/install/teleop_tools_msgs/include/teleop_tools_msgs/msg
[12.058s] -- Up-to-date: /home/deepspeed/ICRA2024/f1tenth_ws/install/teleop_tools_msgs/include/teleop_tools_msgs/msg/rosidl_typesupport_fastrtps_cpp__visibility_control.h
[12.058s] -- Up-to-date: /home/deepspeed/ICRA2024/f1tenth_ws/install/teleop_tools_msgs/include/teleop_tools_msgs/action
[12.059s] -- Up-to-date: /home/deepspeed/ICRA2024/f1tenth_ws/install/teleop_tools_msgs/include/teleop_tools_msgs/action/detail
[12.059s] -- Up-to-date: /home/deepspeed/ICRA2024/f1tenth_ws/install/teleop_tools_msgs/include/teleop_tools_msgs/action/detail/dds_fastrtps
[12.060s] -- Up-to-date: /home/deepspeed/ICRA2024/f1tenth_ws/install/teleop_tools_msgs/include/teleop_tools_msgs/action/detail/increment__rosidl_typesupport_fastrtps_cpp.hpp
[12.060s] -- Up-to-date: /home/deepspeed/ICRA2024/f1tenth_ws/install/teleop_tools_msgs/lib/libteleop_tools_msgs__rosidl_typesupport_fastrtps_cpp.so
[12.061s] -- Up-to-date: /home/deepspeed/ICRA2024/f1tenth_ws/install/teleop_tools_msgs/include/teleop_tools_msgs
[12.061s] -- Up-to-date: /home/deepspeed/ICRA2024/f1tenth_ws/install/teleop_tools_msgs/include/teleop_tools_msgs/msg
[12.062s] -- Up-to-date: /home/deepspeed/ICRA2024/f1tenth_ws/install/teleop_tools_msgs/include/teleop_tools_msgs/msg/rosidl_typesupport_introspection_c__visibility_control.h
[12.062s] -- Up-to-date: /home/deepspeed/ICRA2024/f1tenth_ws/install/teleop_tools_msgs/include/teleop_tools_msgs/action
[12.063s] -- Up-to-date: /home/deepspeed/ICRA2024/f1tenth_ws/install/teleop_tools_msgs/include/teleop_tools_msgs/action/detail
[12.063s] -- Up-to-date: /home/deepspeed/ICRA2024/f1tenth_ws/install/teleop_tools_msgs/include/teleop_tools_msgs/action/detail/increment__type_support.c
[12.063s] -- Up-to-date: /home/deepspeed/ICRA2024/f1tenth_ws/install/teleop_tools_msgs/include/teleop_tools_msgs/action/detail/increment__rosidl_typesupport_introspection_c.h
[12.064s] -- Up-to-date: /home/deepspeed/ICRA2024/f1tenth_ws/install/teleop_tools_msgs/lib/libteleop_tools_msgs__rosidl_typesupport_introspection_c.so
[12.064s] -- Up-to-date: /home/deepspeed/ICRA2024/f1tenth_ws/install/teleop_tools_msgs/lib/libteleop_tools_msgs__rosidl_typesupport_c.so
[12.065s] -- Up-to-date: /home/deepspeed/ICRA2024/f1tenth_ws/install/teleop_tools_msgs/include/teleop_tools_msgs
[12.065s] -- Up-to-date: /home/deepspeed/ICRA2024/f1tenth_ws/install/teleop_tools_msgs/include/teleop_tools_msgs/msg
[12.089s] -- Up-to-date: /home/deepspeed/ICRA2024/f1tenth_ws/install/teleop_tools_msgs/include/teleop_tools_msgs/msg/rosidl_generator_cpp__visibility_control.hpp
[12.089s] -- Up-to-date: /home/deepspeed/ICRA2024/f1tenth_ws/install/teleop_tools_msgs/include/teleop_tools_msgs/action
[12.091s] -- Up-to-date: /home/deepspeed/ICRA2024/f1tenth_ws/install/teleop_tools_msgs/include/teleop_tools_msgs/action/detail
[12.092s] -- Up-to-date: /home/deepspeed/ICRA2024/f1tenth_ws/install/teleop_tools_msgs/include/teleop_tools_msgs/action/detail/increment__struct.hpp
[12.092s] -- Up-to-date: /home/deepspeed/ICRA2024/f1tenth_ws/install/teleop_tools_msgs/include/teleop_tools_msgs/action/detail/increment__type_support.hpp
[12.093s] -- Up-to-date: /home/deepspeed/ICRA2024/f1tenth_ws/install/teleop_tools_msgs/include/teleop_tools_msgs/action/detail/increment__traits.hpp
[12.093s] -- Up-to-date: /home/deepspeed/ICRA2024/f1tenth_ws/install/teleop_tools_msgs/include/teleop_tools_msgs/action/detail/increment__builder.hpp
[12.094s] -- Up-to-date: /home/deepspeed/ICRA2024/f1tenth_ws/install/teleop_tools_msgs/include/teleop_tools_msgs/action/increment.hpp
[12.094s] -- Up-to-date: /home/deepspeed/ICRA2024/f1tenth_ws/install/teleop_tools_msgs/include/teleop_tools_msgs
[12.095s] -- Up-to-date: /home/deepspeed/ICRA2024/f1tenth_ws/install/teleop_tools_msgs/include/teleop_tools_msgs/action
[12.095s] -- Up-to-date: /home/deepspeed/ICRA2024/f1tenth_ws/install/teleop_tools_msgs/include/teleop_tools_msgs/action/detail
[12.095s] -- Up-to-date: /home/deepspeed/ICRA2024/f1tenth_ws/install/teleop_tools_msgs/include/teleop_tools_msgs/action/detail/increment__rosidl_typesupport_introspection_cpp.hpp
[12.096s] -- Up-to-date: /home/deepspeed/ICRA2024/f1tenth_ws/install/teleop_tools_msgs/include/teleop_tools_msgs/action/detail/increment__type_support.cpp
[12.096s] -- Up-to-date: /home/deepspeed/ICRA2024/f1tenth_ws/install/teleop_tools_msgs/lib/libteleop_tools_msgs__rosidl_typesupport_introspection_cpp.so
[12.097s] -- Up-to-date: /home/deepspeed/ICRA2024/f1tenth_ws/install/teleop_tools_msgs/lib/libteleop_tools_msgs__rosidl_typesupport_cpp.so
[12.097s] -- Up-to-date: /home/deepspeed/ICRA2024/f1tenth_ws/install/teleop_tools_msgs/share/teleop_tools_msgs/environment/pythonpath.sh
[12.098s] -- Up-to-date: /home/deepspeed/ICRA2024/f1tenth_ws/install/teleop_tools_msgs/share/teleop_tools_msgs/environment/pythonpath.dsv
[12.098s] -- Up-to-date: /home/deepspeed/ICRA2024/f1tenth_ws/install/teleop_tools_msgs/lib/python3.8/site-packages/teleop_tools_msgs/__init__.py
[12.152s] -- Up-to-date: /home/deepspeed/ICRA2024/f1tenth_ws/install/teleop_tools_msgs/lib/python3.8/site-packages/teleop_tools_msgs/action
[12.153s] -- Up-to-date: /home/deepspeed/ICRA2024/f1tenth_ws/install/teleop_tools_msgs/lib/python3.8/site-packages/teleop_tools_msgs/action/_increment.py
[12.155s] -- Up-to-date: /home/deepspeed/ICRA2024/f1tenth_ws/install/teleop_tools_msgs/lib/python3.8/site-packages/teleop_tools_msgs/action/_increment_s.c
[12.156s] -- Up-to-date: /home/deepspeed/ICRA2024/f1tenth_ws/install/teleop_tools_msgs/lib/python3.8/site-packages/teleop_tools_msgs/action/__init__.py
[12.156s] -- Up-to-date: /home/deepspeed/ICRA2024/f1tenth_ws/install/teleop_tools_msgs/lib/python3.8/site-packages/teleop_tools_msgs/teleop_tools_msgs_s__rosidl_typesupport_fastrtps_c.cpython-38-aarch64-linux-gnu.so
[12.162s] -- Up-to-date: /home/deepspeed/ICRA2024/f1tenth_ws/install/teleop_tools_msgs/lib/python3.8/site-packages/teleop_tools_msgs/teleop_tools_msgs_s__rosidl_typesupport_introspection_c.cpython-38-aarch64-linux-gnu.so
[12.174s] -- Up-to-date: /home/deepspeed/ICRA2024/f1tenth_ws/install/teleop_tools_msgs/lib/python3.8/site-packages/teleop_tools_msgs/teleop_tools_msgs_s__rosidl_typesupport_c.cpython-38-aarch64-linux-gnu.so
[12.178s] -- Up-to-date: /home/deepspeed/ICRA2024/f1tenth_ws/install/teleop_tools_msgs/lib/libteleop_tools_msgs__python.so
[12.188s] -- Up-to-date: /home/deepspeed/ICRA2024/f1tenth_ws/install/teleop_tools_msgs/share/teleop_tools_msgs/action/Increment.idl
[12.189s] -- Up-to-date: /home/deepspeed/ICRA2024/f1tenth_ws/install/teleop_tools_msgs/share/teleop_tools_msgs/action/Increment.action
[12.193s] -- Up-to-date: /home/deepspeed/ICRA2024/f1tenth_ws/install/teleop_tools_msgs/share/ament_index/resource_index/package_run_dependencies/teleop_tools_msgs
[12.194s] -- Up-to-date: /home/deepspeed/ICRA2024/f1tenth_ws/install/teleop_tools_msgs/share/ament_index/resource_index/parent_prefix_path/teleop_tools_msgs
[12.196s] -- Up-to-date: /home/deepspeed/ICRA2024/f1tenth_ws/install/teleop_tools_msgs/share/teleop_tools_msgs/environment/ament_prefix_path.sh
[12.198s] -- Up-to-date: /home/deepspeed/ICRA2024/f1tenth_ws/install/teleop_tools_msgs/share/teleop_tools_msgs/environment/ament_prefix_path.dsv
[12.210s] -- Up-to-date: /home/deepspeed/ICRA2024/f1tenth_ws/install/teleop_tools_msgs/share/teleop_tools_msgs/environment/path.sh
[12.211s] -- Up-to-date: /home/deepspeed/ICRA2024/f1tenth_ws/install/teleop_tools_msgs/share/teleop_tools_msgs/environment/path.dsv
[12.211s] -- Up-to-date: /home/deepspeed/ICRA2024/f1tenth_ws/install/teleop_tools_msgs/share/teleop_tools_msgs/local_setup.bash
[12.212s] -- Up-to-date: /home/deepspeed/ICRA2024/f1tenth_ws/install/teleop_tools_msgs/share/teleop_tools_msgs/local_setup.sh
[12.212s] -- Up-to-date: /home/deepspeed/ICRA2024/f1tenth_ws/install/teleop_tools_msgs/share/teleop_tools_msgs/local_setup.zsh
[12.213s] -- Up-to-date: /home/deepspeed/ICRA2024/f1tenth_ws/install/teleop_tools_msgs/share/teleop_tools_msgs/local_setup.dsv
[12.213s] -- Installing: /home/deepspeed/ICRA2024/f1tenth_ws/install/teleop_tools_msgs/share/teleop_tools_msgs/package.dsv
[12.214s] -- Up-to-date: /home/deepspeed/ICRA2024/f1tenth_ws/install/teleop_tools_msgs/share/ament_index/resource_index/packages/teleop_tools_msgs
[12.214s] -- Up-to-date: /home/deepspeed/ICRA2024/f1tenth_ws/install/teleop_tools_msgs/share/teleop_tools_msgs/cmake/teleop_tools_msgs__rosidl_generator_cExport.cmake
[12.236s] -- Up-to-date: /home/deepspeed/ICRA2024/f1tenth_ws/install/teleop_tools_msgs/share/teleop_tools_msgs/cmake/teleop_tools_msgs__rosidl_generator_cExport-noconfig.cmake
[12.238s] -- Up-to-date: /home/deepspeed/ICRA2024/f1tenth_ws/install/teleop_tools_msgs/share/teleop_tools_msgs/cmake/teleop_tools_msgs__rosidl_typesupport_introspection_cExport.cmake
[12.243s] -- Up-to-date: /home/deepspeed/ICRA2024/f1tenth_ws/install/teleop_tools_msgs/share/teleop_tools_msgs/cmake/teleop_tools_msgs__rosidl_typesupport_introspection_cExport-noconfig.cmake
[12.245s] -- Up-to-date: /home/deepspeed/ICRA2024/f1tenth_ws/install/teleop_tools_msgs/share/teleop_tools_msgs/cmake/teleop_tools_msgs__rosidl_typesupport_cExport.cmake
[12.246s] -- Up-to-date: /home/deepspeed/ICRA2024/f1tenth_ws/install/teleop_tools_msgs/share/teleop_tools_msgs/cmake/teleop_tools_msgs__rosidl_typesupport_cExport-noconfig.cmake
[12.249s] -- Up-to-date: /home/deepspeed/ICRA2024/f1tenth_ws/install/teleop_tools_msgs/share/teleop_tools_msgs/cmake/teleop_tools_msgs__rosidl_generator_cppExport.cmake
[12.250s] -- Up-to-date: /home/deepspeed/ICRA2024/f1tenth_ws/install/teleop_tools_msgs/share/teleop_tools_msgs/cmake/teleop_tools_msgs__rosidl_typesupport_introspection_cppExport.cmake
[12.251s] -- Up-to-date: /home/deepspeed/ICRA2024/f1tenth_ws/install/teleop_tools_msgs/share/teleop_tools_msgs/cmake/teleop_tools_msgs__rosidl_typesupport_introspection_cppExport-noconfig.cmake
[12.255s] -- Up-to-date: /home/deepspeed/ICRA2024/f1tenth_ws/install/teleop_tools_msgs/share/teleop_tools_msgs/cmake/teleop_tools_msgs__rosidl_typesupport_cppExport.cmake
[12.258s] -- Up-to-date: /home/deepspeed/ICRA2024/f1tenth_ws/install/teleop_tools_msgs/share/teleop_tools_msgs/cmake/teleop_tools_msgs__rosidl_typesupport_cppExport-noconfig.cmake
[12.264s] -- Up-to-date: /home/deepspeed/ICRA2024/f1tenth_ws/install/teleop_tools_msgs/share/teleop_tools_msgs/cmake/rosidl_cmake-extras.cmake
[12.268s] -- Up-to-date: /home/deepspeed/ICRA2024/f1tenth_ws/install/teleop_tools_msgs/share/teleop_tools_msgs/cmake/ament_cmake_export_dependencies-extras.cmake
[12.270s] -- Up-to-date: /home/deepspeed/ICRA2024/f1tenth_ws/install/teleop_tools_msgs/share/teleop_tools_msgs/cmake/ament_cmake_export_libraries-extras.cmake
[12.272s] -- Up-to-date: /home/deepspeed/ICRA2024/f1tenth_ws/install/teleop_tools_msgs/share/teleop_tools_msgs/cmake/ament_cmake_export_targets-extras.cmake
[12.275s] -- Up-to-date: /home/deepspeed/ICRA2024/f1tenth_ws/install/teleop_tools_msgs/share/teleop_tools_msgs/cmake/ament_cmake_export_include_directories-extras.cmake
[12.278s] -- Up-to-date: /home/deepspeed/ICRA2024/f1tenth_ws/install/teleop_tools_msgs/share/teleop_tools_msgs/cmake/rosidl_cmake_export_typesupport_libraries-extras.cmake
[12.282s] -- Up-to-date: /home/deepspeed/ICRA2024/f1tenth_ws/install/teleop_tools_msgs/share/teleop_tools_msgs/cmake/rosidl_cmake_export_typesupport_targets-extras.cmake
[12.284s] -- Up-to-date: /home/deepspeed/ICRA2024/f1tenth_ws/install/teleop_tools_msgs/share/teleop_tools_msgs/cmake/teleop_tools_msgsConfig.cmake
[12.287s] -- Up-to-date: /home/deepspeed/ICRA2024/f1tenth_ws/install/teleop_tools_msgs/share/teleop_tools_msgs/cmake/teleop_tools_msgsConfig-version.cmake
[12.290s] -- Up-to-date: /home/deepspeed/ICRA2024/f1tenth_ws/install/teleop_tools_msgs/share/teleop_tools_msgs/package.xml
[13.854s] Invoked command in '/home/deepspeed/ICRA2024/f1tenth_ws/build/teleop_tools_msgs' returned '0': CMAKE_PREFIX_PATH=${CMAKE_PREFIX_PATH}:/home/deepspeed/ICRA2024/f1tenth_ws/install/f1tenth_stack:/home/deepspeed/ICRA2024/f1tenth_ws/install/joy_teleop:/home/deepspeed/ICRA2024/f1tenth_ws/install/mouse_teleop:/home/deepspeed/ICRA2024/f1tenth_ws/install/key_teleop:/home/deepspeed/ICRA2024/f1tenth_ws/install/automatic_emergency_braking:/opt/ros/foxy /usr/bin/cmake --install /home/deepspeed/ICRA2024/f1tenth_ws/build/teleop_tools_msgs
