[5.271s] Invoking command in '/home/deepspeed/ICRA2024/f1tenth_ws/build/teleop_tools_msgs': CMAKE_PREFIX_PATH=${CMAKE_PREFIX_PATH}:/home/deepspeed/ICRA2024/f1tenth_ws/install/f1tenth_stack:/home/deepspeed/ICRA2024/f1tenth_ws/install/joy_teleop:/home/deepspeed/ICRA2024/f1tenth_ws/install/mouse_teleop:/home/deepspeed/ICRA2024/f1tenth_ws/install/key_teleop:/home/deepspeed/ICRA2024/f1tenth_ws/install/automatic_emergency_braking:/opt/ros/foxy /usr/bin/cmake --build /home/deepspeed/ICRA2024/f1tenth_ws/build/teleop_tools_msgs -- -j6 -l6
[11.947s] [  3%] Built target teleop_tools_msgs__cpp
[11.947s] [ 12%] Built target teleop_tools_msgs__rosidl_generator_c
[11.948s] [ 22%] Built target teleop_tools_msgs__rosidl_typesupport_c
[11.948s] [ 32%] Built target teleop_tools_msgs__rosidl_typesupport_cpp
[11.949s] [ 41%] Built target teleop_tools_msgs__rosidl_typesupport_introspection_cpp
[11.952s] [ 51%] Built target teleop_tools_msgs__rosidl_typesupport_introspection_c
[11.955s] [ 61%] Built target teleop_tools_msgs__rosidl_typesupport_fastrtps_cpp
[11.961s] [ 70%] Built target teleop_tools_msgs__rosidl_typesupport_fastrtps_c
[11.967s] [ 70%] Built target teleop_tools_msgs
[11.967s] [ 74%] Built target teleop_tools_msgs__py
[11.968s] [ 80%] Built target teleop_tools_msgs__python
[11.968s] [ 87%] Built target teleop_tools_msgs__rosidl_typesupport_c__pyext
[11.969s] [ 93%] Built target teleop_tools_msgs__rosidl_typesupport_fastrtps_c__pyext
[11.970s] [100%] Built target teleop_tools_msgs__rosidl_typesupport_introspection_c__pyext
[11.984s] Invoked command in '/home/deepspeed/ICRA2024/f1tenth_ws/build/teleop_tools_msgs' returned '0': CMAKE_PREFIX_PATH=${CMAKE_PREFIX_PATH}:/home/deepspeed/ICRA2024/f1tenth_ws/install/f1tenth_stack:/home/deepspeed/ICRA2024/f1tenth_ws/install/joy_teleop:/home/deepspeed/ICRA2024/f1tenth_ws/install/mouse_teleop:/home/deepspeed/ICRA2024/f1tenth_ws/install/key_teleop:/home/deepspeed/ICRA2024/f1tenth_ws/install/automatic_emergency_braking:/opt/ros/foxy /usr/bin/cmake --build /home/deepspeed/ICRA2024/f1tenth_ws/build/teleop_tools_msgs -- -j6 -l6
[12.507s] Invoking command in '/home/deepspeed/ICRA2024/f1tenth_ws/build/teleop_tools_msgs': CMAKE_PREFIX_PATH=${CMAKE_PREFIX_PATH}:/home/deepspeed/ICRA2024/f1tenth_ws/install/f1tenth_stack:/home/deepspeed/ICRA2024/f1tenth_ws/install/joy_teleop:/home/deepspeed/ICRA2024/f1tenth_ws/install/mouse_teleop:/home/deepspeed/ICRA2024/f1tenth_ws/install/key_teleop:/home/deepspeed/ICRA2024/f1tenth_ws/install/automatic_emergency_braking:/opt/ros/foxy /usr/bin/cmake --install /home/deepspeed/ICRA2024/f1tenth_ws/build/teleop_tools_msgs
[12.638s] -- Install configuration: ""
[12.640s] -- Up-to-date: /home/deepspeed/ICRA2024/f1tenth_ws/install/teleop_tools_msgs/share/ament_index/resource_index/rosidl_interfaces/teleop_tools_msgs
[12.641s] -- Up-to-date: /home/deepspeed/ICRA2024/f1tenth_ws/install/teleop_tools_msgs/include/teleop_tools_msgs
[12.643s] -- Up-to-date: /home/deepspeed/ICRA2024/f1tenth_ws/install/teleop_tools_msgs/include/teleop_tools_msgs/msg
[12.646s] -- Up-to-date: /home/deepspeed/ICRA2024/f1tenth_ws/install/teleop_tools_msgs/include/teleop_tools_msgs/msg/rosidl_generator_c__visibility_control.h
[12.648s] -- Up-to-date: /home/deepspeed/ICRA2024/f1tenth_ws/install/teleop_tools_msgs/include/teleop_tools_msgs/action
[12.649s] -- Up-to-date: /home/deepspeed/ICRA2024/f1tenth_ws/install/teleop_tools_msgs/include/teleop_tools_msgs/action/detail
[12.651s] -- Up-to-date: /home/deepspeed/ICRA2024/f1tenth_ws/install/teleop_tools_msgs/include/teleop_tools_msgs/action/detail/increment__functions.c
[12.652s] -- Up-to-date: /home/deepspeed/ICRA2024/f1tenth_ws/install/teleop_tools_msgs/include/teleop_tools_msgs/action/detail/increment__struct.h
[12.653s] -- Up-to-date: /home/deepspeed/ICRA2024/f1tenth_ws/install/teleop_tools_msgs/include/teleop_tools_msgs/action/detail/increment__functions.h
[12.653s] -- Up-to-date: /home/deepspeed/ICRA2024/f1tenth_ws/install/teleop_tools_msgs/include/teleop_tools_msgs/action/detail/increment__type_support.h
[12.654s] -- Up-to-date: /home/deepspeed/ICRA2024/f1tenth_ws/install/teleop_tools_msgs/include/teleop_tools_msgs/action/increment.h
[12.663s] -- Up-to-date: /home/deepspeed/ICRA2024/f1tenth_ws/install/teleop_tools_msgs/share/teleop_tools_msgs/environment/library_path.sh
[12.663s] -- Up-to-date: /home/deepspeed/ICRA2024/f1tenth_ws/install/teleop_tools_msgs/share/teleop_tools_msgs/environment/library_path.dsv
[12.687s] -- Up-to-date: /home/deepspeed/ICRA2024/f1tenth_ws/install/teleop_tools_msgs/lib/libteleop_tools_msgs__rosidl_generator_c.so
[12.689s] -- Up-to-date: /home/deepspeed/ICRA2024/f1tenth_ws/install/teleop_tools_msgs/include/teleop_tools_msgs
[12.689s] -- Up-to-date: /home/deepspeed/ICRA2024/f1tenth_ws/install/teleop_tools_msgs/include/teleop_tools_msgs/msg
[12.689s] -- Up-to-date: /home/deepspeed/ICRA2024/f1tenth_ws/install/teleop_tools_msgs/include/teleop_tools_msgs/msg/rosidl_typesupport_fastrtps_c__visibility_control.h
[12.690s] -- Up-to-date: /home/deepspeed/ICRA2024/f1tenth_ws/install/teleop_tools_msgs/include/teleop_tools_msgs/action
[12.691s] -- Up-to-date: /home/deepspeed/ICRA2024/f1tenth_ws/install/teleop_tools_msgs/include/teleop_tools_msgs/action/detail
[12.692s] -- Up-to-date: /home/deepspeed/ICRA2024/f1tenth_ws/install/teleop_tools_msgs/include/teleop_tools_msgs/action/detail/increment__rosidl_typesupport_fastrtps_c.h
[12.702s] -- Up-to-date: /home/deepspeed/ICRA2024/f1tenth_ws/install/teleop_tools_msgs/lib/libteleop_tools_msgs__rosidl_typesupport_fastrtps_c.so
[12.702s] -- Up-to-date: /home/deepspeed/ICRA2024/f1tenth_ws/install/teleop_tools_msgs/include/teleop_tools_msgs
[12.703s] -- Up-to-date: /home/deepspeed/ICRA2024/f1tenth_ws/install/teleop_tools_msgs/include/teleop_tools_msgs/msg
[12.714s] -- Up-to-date: /home/deepspeed/ICRA2024/f1tenth_ws/install/teleop_tools_msgs/include/teleop_tools_msgs/msg/rosidl_typesupport_fastrtps_cpp__visibility_control.h
[12.715s] -- Up-to-date: /home/deepspeed/ICRA2024/f1tenth_ws/install/teleop_tools_msgs/include/teleop_tools_msgs/action
[12.718s] -- Up-to-date: /home/deepspeed/ICRA2024/f1tenth_ws/install/teleop_tools_msgs/include/teleop_tools_msgs/action/detail
[12.718s] -- Up-to-date: /home/deepspeed/ICRA2024/f1tenth_ws/install/teleop_tools_msgs/include/teleop_tools_msgs/action/detail/dds_fastrtps
[12.719s] -- Up-to-date: /home/deepspeed/ICRA2024/f1tenth_ws/install/teleop_tools_msgs/include/teleop_tools_msgs/action/detail/increment__rosidl_typesupport_fastrtps_cpp.hpp
[12.719s] -- Up-to-date: /home/deepspeed/ICRA2024/f1tenth_ws/install/teleop_tools_msgs/lib/libteleop_tools_msgs__rosidl_typesupport_fastrtps_cpp.so
[12.720s] -- Up-to-date: /home/deepspeed/ICRA2024/f1tenth_ws/install/teleop_tools_msgs/include/teleop_tools_msgs
[12.720s] -- Up-to-date: /home/deepspeed/ICRA2024/f1tenth_ws/install/teleop_tools_msgs/include/teleop_tools_msgs/msg
[12.725s] -- Up-to-date: /home/deepspeed/ICRA2024/f1tenth_ws/install/teleop_tools_msgs/include/teleop_tools_msgs/msg/rosidl_typesupport_introspection_c__visibility_control.h
[12.727s] -- Up-to-date: /home/deepspeed/ICRA2024/f1tenth_ws/install/teleop_tools_msgs/include/teleop_tools_msgs/action
[12.728s] -- Up-to-date: /home/deepspeed/ICRA2024/f1tenth_ws/install/teleop_tools_msgs/include/teleop_tools_msgs/action/detail
[12.730s] -- Up-to-date: /home/deepspeed/ICRA2024/f1tenth_ws/install/teleop_tools_msgs/include/teleop_tools_msgs/action/detail/increment__type_support.c
[12.731s] -- Up-to-date: /home/deepspeed/ICRA2024/f1tenth_ws/install/teleop_tools_msgs/include/teleop_tools_msgs/action/detail/increment__rosidl_typesupport_introspection_c.h
[12.732s] -- Up-to-date: /home/deepspeed/ICRA2024/f1tenth_ws/install/teleop_tools_msgs/lib/libteleop_tools_msgs__rosidl_typesupport_introspection_c.so
[12.733s] -- Up-to-date: /home/deepspeed/ICRA2024/f1tenth_ws/install/teleop_tools_msgs/lib/libteleop_tools_msgs__rosidl_typesupport_c.so
[12.746s] -- Up-to-date: /home/deepspeed/ICRA2024/f1tenth_ws/install/teleop_tools_msgs/include/teleop_tools_msgs
[12.746s] -- Up-to-date: /home/deepspeed/ICRA2024/f1tenth_ws/install/teleop_tools_msgs/include/teleop_tools_msgs/msg
[12.747s] -- Up-to-date: /home/deepspeed/ICRA2024/f1tenth_ws/install/teleop_tools_msgs/include/teleop_tools_msgs/msg/rosidl_generator_cpp__visibility_control.hpp
[12.747s] -- Up-to-date: /home/deepspeed/ICRA2024/f1tenth_ws/install/teleop_tools_msgs/include/teleop_tools_msgs/action
[12.748s] -- Up-to-date: /home/deepspeed/ICRA2024/f1tenth_ws/install/teleop_tools_msgs/include/teleop_tools_msgs/action/detail
[12.748s] -- Up-to-date: /home/deepspeed/ICRA2024/f1tenth_ws/install/teleop_tools_msgs/include/teleop_tools_msgs/action/detail/increment__struct.hpp
[12.749s] -- Up-to-date: /home/deepspeed/ICRA2024/f1tenth_ws/install/teleop_tools_msgs/include/teleop_tools_msgs/action/detail/increment__type_support.hpp
[12.750s] -- Up-to-date: /home/deepspeed/ICRA2024/f1tenth_ws/install/teleop_tools_msgs/include/teleop_tools_msgs/action/detail/increment__traits.hpp
[12.750s] -- Up-to-date: /home/deepspeed/ICRA2024/f1tenth_ws/install/teleop_tools_msgs/include/teleop_tools_msgs/action/detail/increment__builder.hpp
[12.751s] -- Up-to-date: /home/deepspeed/ICRA2024/f1tenth_ws/install/teleop_tools_msgs/include/teleop_tools_msgs/action/increment.hpp
[12.751s] -- Up-to-date: /home/deepspeed/ICRA2024/f1tenth_ws/install/teleop_tools_msgs/include/teleop_tools_msgs
[12.751s] -- Up-to-date: /home/deepspeed/ICRA2024/f1tenth_ws/install/teleop_tools_msgs/include/teleop_tools_msgs/action
[12.752s] -- Up-to-date: /home/deepspeed/ICRA2024/f1tenth_ws/install/teleop_tools_msgs/include/teleop_tools_msgs/action/detail
[12.752s] -- Up-to-date: /home/deepspeed/ICRA2024/f1tenth_ws/install/teleop_tools_msgs/include/teleop_tools_msgs/action/detail/increment__rosidl_typesupport_introspection_cpp.hpp
[12.754s] -- Up-to-date: /home/deepspeed/ICRA2024/f1tenth_ws/install/teleop_tools_msgs/include/teleop_tools_msgs/action/detail/increment__type_support.cpp
[12.755s] -- Up-to-date: /home/deepspeed/ICRA2024/f1tenth_ws/install/teleop_tools_msgs/lib/libteleop_tools_msgs__rosidl_typesupport_introspection_cpp.so
[12.757s] -- Up-to-date: /home/deepspeed/ICRA2024/f1tenth_ws/install/teleop_tools_msgs/lib/libteleop_tools_msgs__rosidl_typesupport_cpp.so
[12.759s] -- Up-to-date: /home/deepspeed/ICRA2024/f1tenth_ws/install/teleop_tools_msgs/share/teleop_tools_msgs/environment/pythonpath.sh
[12.761s] -- Up-to-date: /home/deepspeed/ICRA2024/f1tenth_ws/install/teleop_tools_msgs/share/teleop_tools_msgs/environment/pythonpath.dsv
[12.762s] -- Up-to-date: /home/deepspeed/ICRA2024/f1tenth_ws/install/teleop_tools_msgs/lib/python3.8/site-packages/teleop_tools_msgs/__init__.py
[13.230s] -- Up-to-date: /home/deepspeed/ICRA2024/f1tenth_ws/install/teleop_tools_msgs/lib/python3.8/site-packages/teleop_tools_msgs/action
[13.367s] -- Up-to-date: /home/deepspeed/ICRA2024/f1tenth_ws/install/teleop_tools_msgs/lib/python3.8/site-packages/teleop_tools_msgs/action/_increment.py
[13.367s] -- Up-to-date: /home/deepspeed/ICRA2024/f1tenth_ws/install/teleop_tools_msgs/lib/python3.8/site-packages/teleop_tools_msgs/action/_increment_s.c
[13.368s] -- Up-to-date: /home/deepspeed/ICRA2024/f1tenth_ws/install/teleop_tools_msgs/lib/python3.8/site-packages/teleop_tools_msgs/action/__init__.py
[13.370s] -- Up-to-date: /home/deepspeed/ICRA2024/f1tenth_ws/install/teleop_tools_msgs/lib/python3.8/site-packages/teleop_tools_msgs/teleop_tools_msgs_s__rosidl_typesupport_fastrtps_c.cpython-38-aarch64-linux-gnu.so
[13.378s] -- Up-to-date: /home/deepspeed/ICRA2024/f1tenth_ws/install/teleop_tools_msgs/lib/python3.8/site-packages/teleop_tools_msgs/teleop_tools_msgs_s__rosidl_typesupport_introspection_c.cpython-38-aarch64-linux-gnu.so
[13.384s] -- Up-to-date: /home/deepspeed/ICRA2024/f1tenth_ws/install/teleop_tools_msgs/lib/python3.8/site-packages/teleop_tools_msgs/teleop_tools_msgs_s__rosidl_typesupport_c.cpython-38-aarch64-linux-gnu.so
[13.391s] -- Up-to-date: /home/deepspeed/ICRA2024/f1tenth_ws/install/teleop_tools_msgs/lib/libteleop_tools_msgs__python.so
[13.394s] -- Up-to-date: /home/deepspeed/ICRA2024/f1tenth_ws/install/teleop_tools_msgs/share/teleop_tools_msgs/action/Increment.idl
[13.395s] -- Up-to-date: /home/deepspeed/ICRA2024/f1tenth_ws/install/teleop_tools_msgs/share/teleop_tools_msgs/action/Increment.action
[13.396s] -- Up-to-date: /home/deepspeed/ICRA2024/f1tenth_ws/install/teleop_tools_msgs/share/ament_index/resource_index/package_run_dependencies/teleop_tools_msgs
[13.397s] -- Up-to-date: /home/deepspeed/ICRA2024/f1tenth_ws/install/teleop_tools_msgs/share/ament_index/resource_index/parent_prefix_path/teleop_tools_msgs
[13.399s] -- Up-to-date: /home/deepspeed/ICRA2024/f1tenth_ws/install/teleop_tools_msgs/share/teleop_tools_msgs/environment/ament_prefix_path.sh
[13.400s] -- Up-to-date: /home/deepspeed/ICRA2024/f1tenth_ws/install/teleop_tools_msgs/share/teleop_tools_msgs/environment/ament_prefix_path.dsv
[13.400s] -- Up-to-date: /home/deepspeed/ICRA2024/f1tenth_ws/install/teleop_tools_msgs/share/teleop_tools_msgs/environment/path.sh
[13.401s] -- Up-to-date: /home/deepspeed/ICRA2024/f1tenth_ws/install/teleop_tools_msgs/share/teleop_tools_msgs/environment/path.dsv
[13.404s] -- Up-to-date: /home/deepspeed/ICRA2024/f1tenth_ws/install/teleop_tools_msgs/share/teleop_tools_msgs/local_setup.bash
[13.413s] -- Up-to-date: /home/deepspeed/ICRA2024/f1tenth_ws/install/teleop_tools_msgs/share/teleop_tools_msgs/local_setup.sh
[13.417s] -- Up-to-date: /home/deepspeed/ICRA2024/f1tenth_ws/install/teleop_tools_msgs/share/teleop_tools_msgs/local_setup.zsh
[13.417s] -- Up-to-date: /home/deepspeed/ICRA2024/f1tenth_ws/install/teleop_tools_msgs/share/teleop_tools_msgs/local_setup.dsv
[13.418s] -- Installing: /home/deepspeed/ICRA2024/f1tenth_ws/install/teleop_tools_msgs/share/teleop_tools_msgs/package.dsv
[13.419s] -- Up-to-date: /home/deepspeed/ICRA2024/f1tenth_ws/install/teleop_tools_msgs/share/ament_index/resource_index/packages/teleop_tools_msgs
[13.419s] -- Up-to-date: /home/deepspeed/ICRA2024/f1tenth_ws/install/teleop_tools_msgs/share/teleop_tools_msgs/cmake/teleop_tools_msgs__rosidl_generator_cExport.cmake
[13.420s] -- Up-to-date: /home/deepspeed/ICRA2024/f1tenth_ws/install/teleop_tools_msgs/share/teleop_tools_msgs/cmake/teleop_tools_msgs__rosidl_generator_cExport-noconfig.cmake
[13.420s] -- Up-to-date: /home/deepspeed/ICRA2024/f1tenth_ws/install/teleop_tools_msgs/share/teleop_tools_msgs/cmake/teleop_tools_msgs__rosidl_typesupport_introspection_cExport.cmake
[13.421s] -- Up-to-date: /home/deepspeed/ICRA2024/f1tenth_ws/install/teleop_tools_msgs/share/teleop_tools_msgs/cmake/teleop_tools_msgs__rosidl_typesupport_introspection_cExport-noconfig.cmake
[13.422s] -- Up-to-date: /home/deepspeed/ICRA2024/f1tenth_ws/install/teleop_tools_msgs/share/teleop_tools_msgs/cmake/teleop_tools_msgs__rosidl_typesupport_cExport.cmake
[13.422s] -- Up-to-date: /home/deepspeed/ICRA2024/f1tenth_ws/install/teleop_tools_msgs/share/teleop_tools_msgs/cmake/teleop_tools_msgs__rosidl_typesupport_cExport-noconfig.cmake
[13.425s] -- Up-to-date: /home/deepspeed/ICRA2024/f1tenth_ws/install/teleop_tools_msgs/share/teleop_tools_msgs/cmake/teleop_tools_msgs__rosidl_generator_cppExport.cmake
[13.429s] -- Up-to-date: /home/deepspeed/ICRA2024/f1tenth_ws/install/teleop_tools_msgs/share/teleop_tools_msgs/cmake/teleop_tools_msgs__rosidl_typesupport_introspection_cppExport.cmake
[13.429s] -- Up-to-date: /home/deepspeed/ICRA2024/f1tenth_ws/install/teleop_tools_msgs/share/teleop_tools_msgs/cmake/teleop_tools_msgs__rosidl_typesupport_introspection_cppExport-noconfig.cmake
[13.434s] -- Up-to-date: /home/deepspeed/ICRA2024/f1tenth_ws/install/teleop_tools_msgs/share/teleop_tools_msgs/cmake/teleop_tools_msgs__rosidl_typesupport_cppExport.cmake
[13.435s] -- Up-to-date: /home/deepspeed/ICRA2024/f1tenth_ws/install/teleop_tools_msgs/share/teleop_tools_msgs/cmake/teleop_tools_msgs__rosidl_typesupport_cppExport-noconfig.cmake
[13.436s] -- Up-to-date: /home/deepspeed/ICRA2024/f1tenth_ws/install/teleop_tools_msgs/share/teleop_tools_msgs/cmake/rosidl_cmake-extras.cmake
[13.437s] -- Up-to-date: /home/deepspeed/ICRA2024/f1tenth_ws/install/teleop_tools_msgs/share/teleop_tools_msgs/cmake/ament_cmake_export_dependencies-extras.cmake
[13.438s] -- Up-to-date: /home/deepspeed/ICRA2024/f1tenth_ws/install/teleop_tools_msgs/share/teleop_tools_msgs/cmake/ament_cmake_export_libraries-extras.cmake
[13.439s] -- Up-to-date: /home/deepspeed/ICRA2024/f1tenth_ws/install/teleop_tools_msgs/share/teleop_tools_msgs/cmake/ament_cmake_export_targets-extras.cmake
[13.440s] -- Up-to-date: /home/deepspeed/ICRA2024/f1tenth_ws/install/teleop_tools_msgs/share/teleop_tools_msgs/cmake/ament_cmake_export_include_directories-extras.cmake
[13.440s] -- Up-to-date: /home/deepspeed/ICRA2024/f1tenth_ws/install/teleop_tools_msgs/share/teleop_tools_msgs/cmake/rosidl_cmake_export_typesupport_libraries-extras.cmake
[13.441s] -- Up-to-date: /home/deepspeed/ICRA2024/f1tenth_ws/install/teleop_tools_msgs/share/teleop_tools_msgs/cmake/rosidl_cmake_export_typesupport_targets-extras.cmake
[13.444s] -- Up-to-date: /home/deepspeed/ICRA2024/f1tenth_ws/install/teleop_tools_msgs/share/teleop_tools_msgs/cmake/teleop_tools_msgsConfig.cmake
[13.444s] -- Up-to-date: /home/deepspeed/ICRA2024/f1tenth_ws/install/teleop_tools_msgs/share/teleop_tools_msgs/cmake/teleop_tools_msgsConfig-version.cmake
[13.445s] -- Up-to-date: /home/deepspeed/ICRA2024/f1tenth_ws/install/teleop_tools_msgs/share/teleop_tools_msgs/package.xml
[13.698s] Invoked command in '/home/deepspeed/ICRA2024/f1tenth_ws/build/teleop_tools_msgs' returned '0': CMAKE_PREFIX_PATH=${CMAKE_PREFIX_PATH}:/home/deepspeed/ICRA2024/f1tenth_ws/install/f1tenth_stack:/home/deepspeed/ICRA2024/f1tenth_ws/install/joy_teleop:/home/deepspeed/ICRA2024/f1tenth_ws/install/mouse_teleop:/home/deepspeed/ICRA2024/f1tenth_ws/install/key_teleop:/home/deepspeed/ICRA2024/f1tenth_ws/install/automatic_emergency_braking:/opt/ros/foxy /usr/bin/cmake --install /home/deepspeed/ICRA2024/f1tenth_ws/build/teleop_tools_msgs
