[12.111s] Invoking command in '/home/deepspeed/ICRA2024/f1tenth_ws/src/f1tenth_system/teleop_tools/key_teleop': PYTHONPATH=/home/deepspeed/ICRA2024/f1tenth_ws/build/key_teleop/prefix_override:/home/deepspeed/ICRA2024/f1tenth_ws/install/key_teleop/lib/python3.8/site-packages:${PYTHONPATH} /usr/bin/python3 setup.py egg_info --egg-base ../../../../build/key_teleop build --build-base /home/deepspeed/ICRA2024/f1tenth_ws/build/key_teleop/build install --record /home/deepspeed/ICRA2024/f1tenth_ws/build/key_teleop/install.log --install-scripts $base/lib/key_teleop --single-version-externally-managed
[13.371s] running egg_info
[13.375s] writing ../../../../build/key_teleop/key_teleop.egg-info/PKG-INFO
[13.377s] writing dependency_links to ../../../../build/key_teleop/key_teleop.egg-info/dependency_links.txt
[13.378s] writing entry points to ../../../../build/key_teleop/key_teleop.egg-info/entry_points.txt
[13.382s] writing requirements to ../../../../build/key_teleop/key_teleop.egg-info/requires.txt
[13.382s] writing top-level names to ../../../../build/key_teleop/key_teleop.egg-info/top_level.txt
[13.569s] reading manifest file '../../../../build/key_teleop/key_teleop.egg-info/SOURCES.txt'
[13.585s] writing manifest file '../../../../build/key_teleop/key_teleop.egg-info/SOURCES.txt'
[13.589s] running build
[13.589s] running build_py
[13.590s] running install
[13.593s] running install_lib
[13.605s] running install_data
[13.606s] running install_egg_info
[13.612s] removing '/home/deepspeed/ICRA2024/f1tenth_ws/install/key_teleop/lib/python3.8/site-packages/key_teleop-0.3.0-py3.8.egg-info' (and everything under it)
[13.615s] Copying ../../../../build/key_teleop/key_teleop.egg-info to /home/deepspeed/ICRA2024/f1tenth_ws/install/key_teleop/lib/python3.8/site-packages/key_teleop-0.3.0-py3.8.egg-info
[13.623s] running install_scripts
[13.713s] Installing key_teleop script to /home/deepspeed/ICRA2024/f1tenth_ws/install/key_teleop/lib/key_teleop
[13.718s] writing list of installed files to '/home/deepspeed/ICRA2024/f1tenth_ws/build/key_teleop/install.log'
[15.410s] Invoked command in '/home/deepspeed/ICRA2024/f1tenth_ws/src/f1tenth_system/teleop_tools/key_teleop' returned '0': PYTHONPATH=/home/deepspeed/ICRA2024/f1tenth_ws/build/key_teleop/prefix_override:/home/deepspeed/ICRA2024/f1tenth_ws/install/key_teleop/lib/python3.8/site-packages:${PYTHONPATH} /usr/bin/python3 setup.py egg_info --egg-base ../../../../build/key_teleop build --build-base /home/deepspeed/ICRA2024/f1tenth_ws/build/key_teleop/build install --record /home/deepspeed/ICRA2024/f1tenth_ws/build/key_teleop/install.log --install-scripts $base/lib/key_teleop --single-version-externally-managed
