[0.656s] Invoking command in '/home/deepspeed/ICRA2024/f1tenth_ws/build/teleop_tools': AMENT_PREFIX_PATH=/home/deepspeed/ICRA2024/f1tenth_ws/install/joy_teleop:/home/deepspeed/ICRA2024/f1tenth_ws/install/teleop_tools_msgs:/home/deepspeed/ICRA2024/f1tenth_ws/install/key_teleop:${AMENT_PREFIX_PATH} CMAKE_PREFIX_PATH=/home/deepspeed/ICRA2024/f1tenth_ws/install/teleop_tools_msgs:/opt/ros/foxy LD_LIBRARY_PATH=/home/deepspeed/ICRA2024/f1tenth_ws/install/teleop_tools_msgs/lib:${LD_LIBRARY_PATH} PYTHONPATH=/home/deepspeed/ICRA2024/f1tenth_ws/install/joy_teleop/lib/python3.8/site-packages:/home/deepspeed/ICRA2024/f1tenth_ws/install/teleop_tools_msgs/lib/python3.8/site-packages:/home/deepspeed/ICRA2024/f1tenth_ws/install/key_teleop/lib/python3.8/site-packages:${PYTHONPATH} /usr/bin/cmake /home/deepspeed/ICRA2024/f1tenth_ws/src/f1tenth_system/teleop_tools/teleop_tools -DCMAKE_INSTALL_PREFIX=/home/deepspeed/ICRA2024/f1tenth_ws/install/teleop_tools
[0.749s] -- Found ament_cmake: 0.9.12 (/opt/ros/foxy/share/ament_cmake/cmake)
[0.898s] -- Found PythonInterp: /usr/bin/python3 (found suitable version "3.8.10", minimum required is "3") 
[0.900s] -- Using PYTHON_EXECUTABLE: /usr/bin/python3
[2.363s] -- Configuring done
[2.375s] -- Generating done
[2.380s] -- Build files have been written to: /home/deepspeed/ICRA2024/f1tenth_ws/build/teleop_tools
[2.410s] Invoked command in '/home/deepspeed/ICRA2024/f1tenth_ws/build/teleop_tools' returned '0': AMENT_PREFIX_PATH=/home/deepspeed/ICRA2024/f1tenth_ws/install/joy_teleop:/home/deepspeed/ICRA2024/f1tenth_ws/install/teleop_tools_msgs:/home/deepspeed/ICRA2024/f1tenth_ws/install/key_teleop:${AMENT_PREFIX_PATH} CMAKE_PREFIX_PATH=/home/deepspeed/ICRA2024/f1tenth_ws/install/teleop_tools_msgs:/opt/ros/foxy LD_LIBRARY_PATH=/home/deepspeed/ICRA2024/f1tenth_ws/install/teleop_tools_msgs/lib:${LD_LIBRARY_PATH} PYTHONPATH=/home/deepspeed/ICRA2024/f1tenth_ws/install/joy_teleop/lib/python3.8/site-packages:/home/deepspeed/ICRA2024/f1tenth_ws/install/teleop_tools_msgs/lib/python3.8/site-packages:/home/deepspeed/ICRA2024/f1tenth_ws/install/key_teleop/lib/python3.8/site-packages:${PYTHONPATH} /usr/bin/cmake /home/deepspeed/ICRA2024/f1tenth_ws/src/f1tenth_system/teleop_tools/teleop_tools -DCMAKE_INSTALL_PREFIX=/home/deepspeed/ICRA2024/f1tenth_ws/install/teleop_tools
[2.416s] Invoking command in '/home/deepspeed/ICRA2024/f1tenth_ws/build/teleop_tools': AMENT_PREFIX_PATH=/home/deepspeed/ICRA2024/f1tenth_ws/install/joy_teleop:/home/deepspeed/ICRA2024/f1tenth_ws/install/teleop_tools_msgs:/home/deepspeed/ICRA2024/f1tenth_ws/install/key_teleop:${AMENT_PREFIX_PATH} CMAKE_PREFIX_PATH=/home/deepspeed/ICRA2024/f1tenth_ws/install/teleop_tools_msgs:/opt/ros/foxy LD_LIBRARY_PATH=/home/deepspeed/ICRA2024/f1tenth_ws/install/teleop_tools_msgs/lib:${LD_LIBRARY_PATH} PYTHONPATH=/home/deepspeed/ICRA2024/f1tenth_ws/install/joy_teleop/lib/python3.8/site-packages:/home/deepspeed/ICRA2024/f1tenth_ws/install/teleop_tools_msgs/lib/python3.8/site-packages:/home/deepspeed/ICRA2024/f1tenth_ws/install/key_teleop/lib/python3.8/site-packages:${PYTHONPATH} /usr/bin/cmake --build /home/deepspeed/ICRA2024/f1tenth_ws/build/teleop_tools -- -j6 -l6
[2.666s] Invoked command in '/home/deepspeed/ICRA2024/f1tenth_ws/build/teleop_tools' returned '0': AMENT_PREFIX_PATH=/home/deepspeed/ICRA2024/f1tenth_ws/install/joy_teleop:/home/deepspeed/ICRA2024/f1tenth_ws/install/teleop_tools_msgs:/home/deepspeed/ICRA2024/f1tenth_ws/install/key_teleop:${AMENT_PREFIX_PATH} CMAKE_PREFIX_PATH=/home/deepspeed/ICRA2024/f1tenth_ws/install/teleop_tools_msgs:/opt/ros/foxy LD_LIBRARY_PATH=/home/deepspeed/ICRA2024/f1tenth_ws/install/teleop_tools_msgs/lib:${LD_LIBRARY_PATH} PYTHONPATH=/home/deepspeed/ICRA2024/f1tenth_ws/install/joy_teleop/lib/python3.8/site-packages:/home/deepspeed/ICRA2024/f1tenth_ws/install/teleop_tools_msgs/lib/python3.8/site-packages:/home/deepspeed/ICRA2024/f1tenth_ws/install/key_teleop/lib/python3.8/site-packages:${PYTHONPATH} /usr/bin/cmake --build /home/deepspeed/ICRA2024/f1tenth_ws/build/teleop_tools -- -j6 -l6
[2.788s] Invoking command in '/home/deepspeed/ICRA2024/f1tenth_ws/build/teleop_tools': AMENT_PREFIX_PATH=/home/deepspeed/ICRA2024/f1tenth_ws/install/joy_teleop:/home/deepspeed/ICRA2024/f1tenth_ws/install/teleop_tools_msgs:/home/deepspeed/ICRA2024/f1tenth_ws/install/key_teleop:${AMENT_PREFIX_PATH} CMAKE_PREFIX_PATH=/home/deepspeed/ICRA2024/f1tenth_ws/install/teleop_tools_msgs:/opt/ros/foxy LD_LIBRARY_PATH=/home/deepspeed/ICRA2024/f1tenth_ws/install/teleop_tools_msgs/lib:${LD_LIBRARY_PATH} PYTHONPATH=/home/deepspeed/ICRA2024/f1tenth_ws/install/joy_teleop/lib/python3.8/site-packages:/home/deepspeed/ICRA2024/f1tenth_ws/install/teleop_tools_msgs/lib/python3.8/site-packages:/home/deepspeed/ICRA2024/f1tenth_ws/install/key_teleop/lib/python3.8/site-packages:${PYTHONPATH} /usr/bin/cmake --install /home/deepspeed/ICRA2024/f1tenth_ws/build/teleop_tools
[2.833s] -- Install configuration: ""
[2.835s] -- Installing: /home/deepspeed/ICRA2024/f1tenth_ws/install/teleop_tools/share/ament_index/resource_index/package_run_dependencies/teleop_tools
[2.837s] -- Installing: /home/deepspeed/ICRA2024/f1tenth_ws/install/teleop_tools/share/ament_index/resource_index/parent_prefix_path/teleop_tools
[2.839s] -- Installing: /home/deepspeed/ICRA2024/f1tenth_ws/install/teleop_tools/share/teleop_tools/environment/ament_prefix_path.sh
[2.840s] -- Installing: /home/deepspeed/ICRA2024/f1tenth_ws/install/teleop_tools/share/teleop_tools/environment/ament_prefix_path.dsv
[2.842s] -- Installing: /home/deepspeed/ICRA2024/f1tenth_ws/install/teleop_tools/share/teleop_tools/environment/path.sh
[2.843s] -- Installing: /home/deepspeed/ICRA2024/f1tenth_ws/install/teleop_tools/share/teleop_tools/environment/path.dsv
[2.845s] -- Installing: /home/deepspeed/ICRA2024/f1tenth_ws/install/teleop_tools/share/teleop_tools/local_setup.bash
[2.846s] -- Installing: /home/deepspeed/ICRA2024/f1tenth_ws/install/teleop_tools/share/teleop_tools/local_setup.sh
[2.847s] -- Installing: /home/deepspeed/ICRA2024/f1tenth_ws/install/teleop_tools/share/teleop_tools/local_setup.zsh
[2.849s] -- Installing: /home/deepspeed/ICRA2024/f1tenth_ws/install/teleop_tools/share/teleop_tools/local_setup.dsv
[2.850s] -- Installing: /home/deepspeed/ICRA2024/f1tenth_ws/install/teleop_tools/share/teleop_tools/package.dsv
[2.852s] -- Installing: /home/deepspeed/ICRA2024/f1tenth_ws/install/teleop_tools/share/ament_index/resource_index/packages/teleop_tools
[2.853s] -- Installing: /home/deepspeed/ICRA2024/f1tenth_ws/install/teleop_tools/share/teleop_tools/cmake/teleop_toolsConfig.cmake
[2.854s] -- Installing: /home/deepspeed/ICRA2024/f1tenth_ws/install/teleop_tools/share/teleop_tools/cmake/teleop_toolsConfig-version.cmake
[2.856s] -- Installing: /home/deepspeed/ICRA2024/f1tenth_ws/install/teleop_tools/share/teleop_tools/package.xml
[2.870s] Invoked command in '/home/deepspeed/ICRA2024/f1tenth_ws/build/teleop_tools' returned '0': AMENT_PREFIX_PATH=/home/deepspeed/ICRA2024/f1tenth_ws/install/joy_teleop:/home/deepspeed/ICRA2024/f1tenth_ws/install/teleop_tools_msgs:/home/deepspeed/ICRA2024/f1tenth_ws/install/key_teleop:${AMENT_PREFIX_PATH} CMAKE_PREFIX_PATH=/home/deepspeed/ICRA2024/f1tenth_ws/install/teleop_tools_msgs:/opt/ros/foxy LD_LIBRARY_PATH=/home/deepspeed/ICRA2024/f1tenth_ws/install/teleop_tools_msgs/lib:${LD_LIBRARY_PATH} PYTHONPATH=/home/deepspeed/ICRA2024/f1tenth_ws/install/joy_teleop/lib/python3.8/site-packages:/home/deepspeed/ICRA2024/f1tenth_ws/install/teleop_tools_msgs/lib/python3.8/site-packages:/home/deepspeed/ICRA2024/f1tenth_ws/install/key_teleop/lib/python3.8/site-packages:${PYTHONPATH} /usr/bin/cmake --install /home/deepspeed/ICRA2024/f1tenth_ws/build/teleop_tools
