[11.627s] Invoking command in '/home/deepspeed/ICRA2024/f1tenth_ws/src/f1tenth_system/teleop_tools/mouse_teleop': PYTHONPATH=/home/deepspeed/ICRA2024/f1tenth_ws/build/mouse_teleop/prefix_override:/home/deepspeed/ICRA2024/f1tenth_ws/install/mouse_teleop/lib/python3.8/site-packages:${PYTHONPATH} /usr/bin/python3 setup.py egg_info --egg-base ../../../../build/mouse_teleop build --build-base /home/deepspeed/ICRA2024/f1tenth_ws/build/mouse_teleop/build install --record /home/deepspeed/ICRA2024/f1tenth_ws/build/mouse_teleop/install.log --install-scripts $base/lib/mouse_teleop --single-version-externally-managed
[12.841s] running egg_info
[12.846s] writing ../../../../build/mouse_teleop/mouse_teleop.egg-info/PKG-INFO
[12.848s] writing dependency_links to ../../../../build/mouse_teleop/mouse_teleop.egg-info/dependency_links.txt
[12.850s] writing entry points to ../../../../build/mouse_teleop/mouse_teleop.egg-info/entry_points.txt
[12.855s] writing requirements to ../../../../build/mouse_teleop/mouse_teleop.egg-info/requires.txt
[12.859s] writing top-level names to ../../../../build/mouse_teleop/mouse_teleop.egg-info/top_level.txt
[13.025s] reading manifest file '../../../../build/mouse_teleop/mouse_teleop.egg-info/SOURCES.txt'
[13.030s] writing manifest file '../../../../build/mouse_teleop/mouse_teleop.egg-info/SOURCES.txt'
[13.032s] running build
[13.035s] running build_py
[13.036s] running install
[13.040s] running install_lib
[13.046s] running install_data
[13.048s] running install_egg_info
[13.070s] removing '/home/deepspeed/ICRA2024/f1tenth_ws/install/mouse_teleop/lib/python3.8/site-packages/mouse_teleop-0.3.0-py3.8.egg-info' (and everything under it)
[13.073s] Copying ../../../../build/mouse_teleop/mouse_teleop.egg-info to /home/deepspeed/ICRA2024/f1tenth_ws/install/mouse_teleop/lib/python3.8/site-packages/mouse_teleop-0.3.0-py3.8.egg-info
[13.077s] running install_scripts
[13.145s] Installing mouse_teleop script to /home/deepspeed/ICRA2024/f1tenth_ws/install/mouse_teleop/lib/mouse_teleop
[13.147s] writing list of installed files to '/home/deepspeed/ICRA2024/f1tenth_ws/build/mouse_teleop/install.log'
[15.459s] Invoked command in '/home/deepspeed/ICRA2024/f1tenth_ws/src/f1tenth_system/teleop_tools/mouse_teleop' returned '0': PYTHONPATH=/home/deepspeed/ICRA2024/f1tenth_ws/build/mouse_teleop/prefix_override:/home/deepspeed/ICRA2024/f1tenth_ws/install/mouse_teleop/lib/python3.8/site-packages:${PYTHONPATH} /usr/bin/python3 setup.py egg_info --egg-base ../../../../build/mouse_teleop build --build-base /home/deepspeed/ICRA2024/f1tenth_ws/build/mouse_teleop/build install --record /home/deepspeed/ICRA2024/f1tenth_ws/build/mouse_teleop/install.log --install-scripts $base/lib/mouse_teleop --single-version-externally-managed
