[11.160s] Invoking command in '/home/deepspeed/ICRA2024/f1tenth_ws/src/f1tenth_system/teleop_tools/mouse_teleop': PYTHONPATH=/home/deepspeed/ICRA2024/f1tenth_ws/build/mouse_teleop/prefix_override:/home/deepspeed/ICRA2024/f1tenth_ws/install/mouse_teleop/lib/python3.8/site-packages:${PYTHONPATH} /usr/bin/python3 setup.py egg_info --egg-base ../../../../build/mouse_teleop build --build-base /home/deepspeed/ICRA2024/f1tenth_ws/build/mouse_teleop/build install --record /home/deepspeed/ICRA2024/f1tenth_ws/build/mouse_teleop/install.log --install-scripts $base/lib/mouse_teleop --single-version-externally-managed
[12.395s] running egg_info
[12.399s] writing ../../../../build/mouse_teleop/mouse_teleop.egg-info/PKG-INFO
[12.402s] writing dependency_links to ../../../../build/mouse_teleop/mouse_teleop.egg-info/dependency_links.txt
[12.404s] writing entry points to ../../../../build/mouse_teleop/mouse_teleop.egg-info/entry_points.txt
[12.407s] writing requirements to ../../../../build/mouse_teleop/mouse_teleop.egg-info/requires.txt
[12.408s] writing top-level names to ../../../../build/mouse_teleop/mouse_teleop.egg-info/top_level.txt
[12.580s] reading manifest file '../../../../build/mouse_teleop/mouse_teleop.egg-info/SOURCES.txt'
[12.583s] writing manifest file '../../../../build/mouse_teleop/mouse_teleop.egg-info/SOURCES.txt'
[12.584s] running build
[12.586s] running build_py
[12.588s] running install
[12.597s] running install_lib
[12.605s] running install_data
[12.608s] running install_egg_info
[12.617s] removing '/home/deepspeed/ICRA2024/f1tenth_ws/install/mouse_teleop/lib/python3.8/site-packages/mouse_teleop-0.3.0-py3.8.egg-info' (and everything under it)
[12.618s] Copying ../../../../build/mouse_teleop/mouse_teleop.egg-info to /home/deepspeed/ICRA2024/f1tenth_ws/install/mouse_teleop/lib/python3.8/site-packages/mouse_teleop-0.3.0-py3.8.egg-info
[12.627s] running install_scripts
[12.708s] Installing mouse_teleop script to /home/deepspeed/ICRA2024/f1tenth_ws/install/mouse_teleop/lib/mouse_teleop
[12.715s] writing list of installed files to '/home/deepspeed/ICRA2024/f1tenth_ws/build/mouse_teleop/install.log'
[16.810s] Invoked command in '/home/deepspeed/ICRA2024/f1tenth_ws/src/f1tenth_system/teleop_tools/mouse_teleop' returned '0': PYTHONPATH=/home/deepspeed/ICRA2024/f1tenth_ws/build/mouse_teleop/prefix_override:/home/deepspeed/ICRA2024/f1tenth_ws/install/mouse_teleop/lib/python3.8/site-packages:${PYTHONPATH} /usr/bin/python3 setup.py egg_info --egg-base ../../../../build/mouse_teleop build --build-base /home/deepspeed/ICRA2024/f1tenth_ws/build/mouse_teleop/build install --record /home/deepspeed/ICRA2024/f1tenth_ws/build/mouse_teleop/install.log --install-scripts $base/lib/mouse_teleop --single-version-externally-managed
