[5.141s] Invoking command in '/home/deepspeed/ICRA2024/f1tenth_ws/build/teleop_tools_msgs': CMAKE_PREFIX_PATH=${CMAKE_PREFIX_PATH}:/home/deepspeed/ICRA2024/f1tenth_ws/install/f1tenth_stack:/home/deepspeed/ICRA2024/f1tenth_ws/install/joy_teleop:/home/deepspeed/ICRA2024/f1tenth_ws/install/mouse_teleop:/home/deepspeed/ICRA2024/f1tenth_ws/install/key_teleop:/home/deepspeed/ICRA2024/f1tenth_ws/install/automatic_emergency_braking:/opt/ros/foxy /usr/bin/cmake --build /home/deepspeed/ICRA2024/f1tenth_ws/build/teleop_tools_msgs -- -j6 -l6
[11.873s] [  3%] Built target teleop_tools_msgs__cpp
[11.874s] [ 12%] Built target teleop_tools_msgs__rosidl_generator_c
[11.875s] [ 22%] Built target teleop_tools_msgs__rosidl_typesupport_introspection_c
[11.875s] [ 32%] Built target teleop_tools_msgs__rosidl_typesupport_introspection_cpp
[11.875s] [ 41%] Built target teleop_tools_msgs__rosidl_typesupport_cpp
[11.876s] [ 58%] Built target teleop_tools_msgs__rosidl_typesupport_c
[11.876s] [ 61%] Built target teleop_tools_msgs__rosidl_typesupport_fastrtps_cpp
[11.877s] [ 70%] Built target teleop_tools_msgs__rosidl_typesupport_fastrtps_c
[11.877s] [ 70%] Built target teleop_tools_msgs
[11.880s] [ 74%] Built target teleop_tools_msgs__py
[11.885s] [ 80%] Built target teleop_tools_msgs__python
[11.888s] [ 87%] Built target teleop_tools_msgs__rosidl_typesupport_c__pyext
[11.897s] [ 93%] Built target teleop_tools_msgs__rosidl_typesupport_introspection_c__pyext
[11.901s] [100%] Built target teleop_tools_msgs__rosidl_typesupport_fastrtps_c__pyext
[11.920s] Invoked command in '/home/deepspeed/ICRA2024/f1tenth_ws/build/teleop_tools_msgs' returned '0': CMAKE_PREFIX_PATH=${CMAKE_PREFIX_PATH}:/home/deepspeed/ICRA2024/f1tenth_ws/install/f1tenth_stack:/home/deepspeed/ICRA2024/f1tenth_ws/install/joy_teleop:/home/deepspeed/ICRA2024/f1tenth_ws/install/mouse_teleop:/home/deepspeed/ICRA2024/f1tenth_ws/install/key_teleop:/home/deepspeed/ICRA2024/f1tenth_ws/install/automatic_emergency_braking:/opt/ros/foxy /usr/bin/cmake --build /home/deepspeed/ICRA2024/f1tenth_ws/build/teleop_tools_msgs -- -j6 -l6
[12.459s] Invoking command in '/home/deepspeed/ICRA2024/f1tenth_ws/build/teleop_tools_msgs': CMAKE_PREFIX_PATH=${CMAKE_PREFIX_PATH}:/home/deepspeed/ICRA2024/f1tenth_ws/install/f1tenth_stack:/home/deepspeed/ICRA2024/f1tenth_ws/install/joy_teleop:/home/deepspeed/ICRA2024/f1tenth_ws/install/mouse_teleop:/home/deepspeed/ICRA2024/f1tenth_ws/install/key_teleop:/home/deepspeed/ICRA2024/f1tenth_ws/install/automatic_emergency_braking:/opt/ros/foxy /usr/bin/cmake --install /home/deepspeed/ICRA2024/f1tenth_ws/build/teleop_tools_msgs
[12.659s] -- Install configuration: ""
[12.661s] -- Up-to-date: /home/deepspeed/ICRA2024/f1tenth_ws/install/teleop_tools_msgs/share/ament_index/resource_index/rosidl_interfaces/teleop_tools_msgs
[12.663s] -- Up-to-date: /home/deepspeed/ICRA2024/f1tenth_ws/install/teleop_tools_msgs/include/teleop_tools_msgs
[12.663s] -- Up-to-date: /home/deepspeed/ICRA2024/f1tenth_ws/install/teleop_tools_msgs/include/teleop_tools_msgs/msg
[12.668s] -- Up-to-date: /home/deepspeed/ICRA2024/f1tenth_ws/install/teleop_tools_msgs/include/teleop_tools_msgs/msg/rosidl_generator_c__visibility_control.h
[12.669s] -- Up-to-date: /home/deepspeed/ICRA2024/f1tenth_ws/install/teleop_tools_msgs/include/teleop_tools_msgs/action
[12.670s] -- Up-to-date: /home/deepspeed/ICRA2024/f1tenth_ws/install/teleop_tools_msgs/include/teleop_tools_msgs/action/detail
[12.670s] -- Up-to-date: /home/deepspeed/ICRA2024/f1tenth_ws/install/teleop_tools_msgs/include/teleop_tools_msgs/action/detail/increment__functions.c
[12.671s] -- Up-to-date: /home/deepspeed/ICRA2024/f1tenth_ws/install/teleop_tools_msgs/include/teleop_tools_msgs/action/detail/increment__struct.h
[12.671s] -- Up-to-date: /home/deepspeed/ICRA2024/f1tenth_ws/install/teleop_tools_msgs/include/teleop_tools_msgs/action/detail/increment__functions.h
[12.672s] -- Up-to-date: /home/deepspeed/ICRA2024/f1tenth_ws/install/teleop_tools_msgs/include/teleop_tools_msgs/action/detail/increment__type_support.h
[12.672s] -- Up-to-date: /home/deepspeed/ICRA2024/f1tenth_ws/install/teleop_tools_msgs/include/teleop_tools_msgs/action/increment.h
[12.673s] -- Up-to-date: /home/deepspeed/ICRA2024/f1tenth_ws/install/teleop_tools_msgs/share/teleop_tools_msgs/environment/library_path.sh
[12.673s] -- Up-to-date: /home/deepspeed/ICRA2024/f1tenth_ws/install/teleop_tools_msgs/share/teleop_tools_msgs/environment/library_path.dsv
[12.673s] -- Up-to-date: /home/deepspeed/ICRA2024/f1tenth_ws/install/teleop_tools_msgs/lib/libteleop_tools_msgs__rosidl_generator_c.so
[12.674s] -- Up-to-date: /home/deepspeed/ICRA2024/f1tenth_ws/install/teleop_tools_msgs/include/teleop_tools_msgs
[12.674s] -- Up-to-date: /home/deepspeed/ICRA2024/f1tenth_ws/install/teleop_tools_msgs/include/teleop_tools_msgs/msg
[12.675s] -- Up-to-date: /home/deepspeed/ICRA2024/f1tenth_ws/install/teleop_tools_msgs/include/teleop_tools_msgs/msg/rosidl_typesupport_fastrtps_c__visibility_control.h
[12.689s] -- Up-to-date: /home/deepspeed/ICRA2024/f1tenth_ws/install/teleop_tools_msgs/include/teleop_tools_msgs/action
[12.691s] -- Up-to-date: /home/deepspeed/ICRA2024/f1tenth_ws/install/teleop_tools_msgs/include/teleop_tools_msgs/action/detail
[12.691s] -- Up-to-date: /home/deepspeed/ICRA2024/f1tenth_ws/install/teleop_tools_msgs/include/teleop_tools_msgs/action/detail/increment__rosidl_typesupport_fastrtps_c.h
[12.692s] -- Up-to-date: /home/deepspeed/ICRA2024/f1tenth_ws/install/teleop_tools_msgs/lib/libteleop_tools_msgs__rosidl_typesupport_fastrtps_c.so
[12.695s] -- Up-to-date: /home/deepspeed/ICRA2024/f1tenth_ws/install/teleop_tools_msgs/include/teleop_tools_msgs
[12.704s] -- Up-to-date: /home/deepspeed/ICRA2024/f1tenth_ws/install/teleop_tools_msgs/include/teleop_tools_msgs/msg
[12.706s] -- Up-to-date: /home/deepspeed/ICRA2024/f1tenth_ws/install/teleop_tools_msgs/include/teleop_tools_msgs/msg/rosidl_typesupport_fastrtps_cpp__visibility_control.h
[12.709s] -- Up-to-date: /home/deepspeed/ICRA2024/f1tenth_ws/install/teleop_tools_msgs/include/teleop_tools_msgs/action
[12.710s] -- Up-to-date: /home/deepspeed/ICRA2024/f1tenth_ws/install/teleop_tools_msgs/include/teleop_tools_msgs/action/detail
[12.711s] -- Up-to-date: /home/deepspeed/ICRA2024/f1tenth_ws/install/teleop_tools_msgs/include/teleop_tools_msgs/action/detail/dds_fastrtps
[12.715s] -- Up-to-date: /home/deepspeed/ICRA2024/f1tenth_ws/install/teleop_tools_msgs/include/teleop_tools_msgs/action/detail/increment__rosidl_typesupport_fastrtps_cpp.hpp
[12.715s] -- Up-to-date: /home/deepspeed/ICRA2024/f1tenth_ws/install/teleop_tools_msgs/lib/libteleop_tools_msgs__rosidl_typesupport_fastrtps_cpp.so
[12.716s] -- Up-to-date: /home/deepspeed/ICRA2024/f1tenth_ws/install/teleop_tools_msgs/include/teleop_tools_msgs
[12.716s] -- Up-to-date: /home/deepspeed/ICRA2024/f1tenth_ws/install/teleop_tools_msgs/include/teleop_tools_msgs/msg
[12.717s] -- Up-to-date: /home/deepspeed/ICRA2024/f1tenth_ws/install/teleop_tools_msgs/include/teleop_tools_msgs/msg/rosidl_typesupport_introspection_c__visibility_control.h
[12.720s] -- Up-to-date: /home/deepspeed/ICRA2024/f1tenth_ws/install/teleop_tools_msgs/include/teleop_tools_msgs/action
[12.723s] -- Up-to-date: /home/deepspeed/ICRA2024/f1tenth_ws/install/teleop_tools_msgs/include/teleop_tools_msgs/action/detail
[12.723s] -- Up-to-date: /home/deepspeed/ICRA2024/f1tenth_ws/install/teleop_tools_msgs/include/teleop_tools_msgs/action/detail/increment__type_support.c
[12.723s] -- Up-to-date: /home/deepspeed/ICRA2024/f1tenth_ws/install/teleop_tools_msgs/include/teleop_tools_msgs/action/detail/increment__rosidl_typesupport_introspection_c.h
[12.760s] -- Up-to-date: /home/deepspeed/ICRA2024/f1tenth_ws/install/teleop_tools_msgs/lib/libteleop_tools_msgs__rosidl_typesupport_introspection_c.so
[12.787s] -- Up-to-date: /home/deepspeed/ICRA2024/f1tenth_ws/install/teleop_tools_msgs/lib/libteleop_tools_msgs__rosidl_typesupport_c.so
[12.791s] -- Up-to-date: /home/deepspeed/ICRA2024/f1tenth_ws/install/teleop_tools_msgs/include/teleop_tools_msgs
[12.794s] -- Up-to-date: /home/deepspeed/ICRA2024/f1tenth_ws/install/teleop_tools_msgs/include/teleop_tools_msgs/msg
[12.796s] -- Up-to-date: /home/deepspeed/ICRA2024/f1tenth_ws/install/teleop_tools_msgs/include/teleop_tools_msgs/msg/rosidl_generator_cpp__visibility_control.hpp
[12.797s] -- Up-to-date: /home/deepspeed/ICRA2024/f1tenth_ws/install/teleop_tools_msgs/include/teleop_tools_msgs/action
[12.799s] -- Up-to-date: /home/deepspeed/ICRA2024/f1tenth_ws/install/teleop_tools_msgs/include/teleop_tools_msgs/action/detail
[12.801s] -- Up-to-date: /home/deepspeed/ICRA2024/f1tenth_ws/install/teleop_tools_msgs/include/teleop_tools_msgs/action/detail/increment__struct.hpp
[12.803s] -- Up-to-date: /home/deepspeed/ICRA2024/f1tenth_ws/install/teleop_tools_msgs/include/teleop_tools_msgs/action/detail/increment__type_support.hpp
[12.805s] -- Up-to-date: /home/deepspeed/ICRA2024/f1tenth_ws/install/teleop_tools_msgs/include/teleop_tools_msgs/action/detail/increment__traits.hpp
[12.816s] -- Up-to-date: /home/deepspeed/ICRA2024/f1tenth_ws/install/teleop_tools_msgs/include/teleop_tools_msgs/action/detail/increment__builder.hpp
[12.818s] -- Up-to-date: /home/deepspeed/ICRA2024/f1tenth_ws/install/teleop_tools_msgs/include/teleop_tools_msgs/action/increment.hpp
[12.820s] -- Up-to-date: /home/deepspeed/ICRA2024/f1tenth_ws/install/teleop_tools_msgs/include/teleop_tools_msgs
[12.822s] -- Up-to-date: /home/deepspeed/ICRA2024/f1tenth_ws/install/teleop_tools_msgs/include/teleop_tools_msgs/action
[12.826s] -- Up-to-date: /home/deepspeed/ICRA2024/f1tenth_ws/install/teleop_tools_msgs/include/teleop_tools_msgs/action/detail
[12.829s] -- Up-to-date: /home/deepspeed/ICRA2024/f1tenth_ws/install/teleop_tools_msgs/include/teleop_tools_msgs/action/detail/increment__rosidl_typesupport_introspection_cpp.hpp
[12.830s] -- Up-to-date: /home/deepspeed/ICRA2024/f1tenth_ws/install/teleop_tools_msgs/include/teleop_tools_msgs/action/detail/increment__type_support.cpp
[12.849s] -- Up-to-date: /home/deepspeed/ICRA2024/f1tenth_ws/install/teleop_tools_msgs/lib/libteleop_tools_msgs__rosidl_typesupport_introspection_cpp.so
[12.853s] -- Up-to-date: /home/deepspeed/ICRA2024/f1tenth_ws/install/teleop_tools_msgs/lib/libteleop_tools_msgs__rosidl_typesupport_cpp.so
[12.881s] -- Up-to-date: /home/deepspeed/ICRA2024/f1tenth_ws/install/teleop_tools_msgs/share/teleop_tools_msgs/environment/pythonpath.sh
[12.900s] -- Up-to-date: /home/deepspeed/ICRA2024/f1tenth_ws/install/teleop_tools_msgs/share/teleop_tools_msgs/environment/pythonpath.dsv
[12.908s] -- Up-to-date: /home/deepspeed/ICRA2024/f1tenth_ws/install/teleop_tools_msgs/lib/python3.8/site-packages/teleop_tools_msgs/__init__.py
[13.275s] -- Up-to-date: /home/deepspeed/ICRA2024/f1tenth_ws/install/teleop_tools_msgs/lib/python3.8/site-packages/teleop_tools_msgs/action
[13.417s] -- Up-to-date: /home/deepspeed/ICRA2024/f1tenth_ws/install/teleop_tools_msgs/lib/python3.8/site-packages/teleop_tools_msgs/action/_increment.py
[13.419s] -- Up-to-date: /home/deepspeed/ICRA2024/f1tenth_ws/install/teleop_tools_msgs/lib/python3.8/site-packages/teleop_tools_msgs/action/_increment_s.c
[13.419s] -- Up-to-date: /home/deepspeed/ICRA2024/f1tenth_ws/install/teleop_tools_msgs/lib/python3.8/site-packages/teleop_tools_msgs/action/__init__.py
[13.424s] -- Up-to-date: /home/deepspeed/ICRA2024/f1tenth_ws/install/teleop_tools_msgs/lib/python3.8/site-packages/teleop_tools_msgs/teleop_tools_msgs_s__rosidl_typesupport_fastrtps_c.cpython-38-aarch64-linux-gnu.so
[13.425s] -- Up-to-date: /home/deepspeed/ICRA2024/f1tenth_ws/install/teleop_tools_msgs/lib/python3.8/site-packages/teleop_tools_msgs/teleop_tools_msgs_s__rosidl_typesupport_introspection_c.cpython-38-aarch64-linux-gnu.so
[13.431s] -- Up-to-date: /home/deepspeed/ICRA2024/f1tenth_ws/install/teleop_tools_msgs/lib/python3.8/site-packages/teleop_tools_msgs/teleop_tools_msgs_s__rosidl_typesupport_c.cpython-38-aarch64-linux-gnu.so
[13.441s] -- Up-to-date: /home/deepspeed/ICRA2024/f1tenth_ws/install/teleop_tools_msgs/lib/libteleop_tools_msgs__python.so
[13.448s] -- Up-to-date: /home/deepspeed/ICRA2024/f1tenth_ws/install/teleop_tools_msgs/share/teleop_tools_msgs/action/Increment.idl
[13.448s] -- Up-to-date: /home/deepspeed/ICRA2024/f1tenth_ws/install/teleop_tools_msgs/share/teleop_tools_msgs/action/Increment.action
[13.449s] -- Up-to-date: /home/deepspeed/ICRA2024/f1tenth_ws/install/teleop_tools_msgs/share/ament_index/resource_index/package_run_dependencies/teleop_tools_msgs
[13.452s] -- Up-to-date: /home/deepspeed/ICRA2024/f1tenth_ws/install/teleop_tools_msgs/share/ament_index/resource_index/parent_prefix_path/teleop_tools_msgs
[13.453s] -- Up-to-date: /home/deepspeed/ICRA2024/f1tenth_ws/install/teleop_tools_msgs/share/teleop_tools_msgs/environment/ament_prefix_path.sh
[13.454s] -- Up-to-date: /home/deepspeed/ICRA2024/f1tenth_ws/install/teleop_tools_msgs/share/teleop_tools_msgs/environment/ament_prefix_path.dsv
[13.458s] -- Up-to-date: /home/deepspeed/ICRA2024/f1tenth_ws/install/teleop_tools_msgs/share/teleop_tools_msgs/environment/path.sh
[13.461s] -- Up-to-date: /home/deepspeed/ICRA2024/f1tenth_ws/install/teleop_tools_msgs/share/teleop_tools_msgs/environment/path.dsv
[13.462s] -- Up-to-date: /home/deepspeed/ICRA2024/f1tenth_ws/install/teleop_tools_msgs/share/teleop_tools_msgs/local_setup.bash
[13.467s] -- Up-to-date: /home/deepspeed/ICRA2024/f1tenth_ws/install/teleop_tools_msgs/share/teleop_tools_msgs/local_setup.sh
[13.469s] -- Up-to-date: /home/deepspeed/ICRA2024/f1tenth_ws/install/teleop_tools_msgs/share/teleop_tools_msgs/local_setup.zsh
[13.470s] -- Up-to-date: /home/deepspeed/ICRA2024/f1tenth_ws/install/teleop_tools_msgs/share/teleop_tools_msgs/local_setup.dsv
[13.474s] -- Installing: /home/deepspeed/ICRA2024/f1tenth_ws/install/teleop_tools_msgs/share/teleop_tools_msgs/package.dsv
[13.486s] -- Up-to-date: /home/deepspeed/ICRA2024/f1tenth_ws/install/teleop_tools_msgs/share/ament_index/resource_index/packages/teleop_tools_msgs
[13.496s] -- Up-to-date: /home/deepspeed/ICRA2024/f1tenth_ws/install/teleop_tools_msgs/share/teleop_tools_msgs/cmake/teleop_tools_msgs__rosidl_generator_cExport.cmake
[13.497s] -- Up-to-date: /home/deepspeed/ICRA2024/f1tenth_ws/install/teleop_tools_msgs/share/teleop_tools_msgs/cmake/teleop_tools_msgs__rosidl_generator_cExport-noconfig.cmake
[13.498s] -- Up-to-date: /home/deepspeed/ICRA2024/f1tenth_ws/install/teleop_tools_msgs/share/teleop_tools_msgs/cmake/teleop_tools_msgs__rosidl_typesupport_introspection_cExport.cmake
[13.498s] -- Up-to-date: /home/deepspeed/ICRA2024/f1tenth_ws/install/teleop_tools_msgs/share/teleop_tools_msgs/cmake/teleop_tools_msgs__rosidl_typesupport_introspection_cExport-noconfig.cmake
[13.499s] -- Up-to-date: /home/deepspeed/ICRA2024/f1tenth_ws/install/teleop_tools_msgs/share/teleop_tools_msgs/cmake/teleop_tools_msgs__rosidl_typesupport_cExport.cmake
[13.499s] -- Up-to-date: /home/deepspeed/ICRA2024/f1tenth_ws/install/teleop_tools_msgs/share/teleop_tools_msgs/cmake/teleop_tools_msgs__rosidl_typesupport_cExport-noconfig.cmake
[13.501s] -- Up-to-date: /home/deepspeed/ICRA2024/f1tenth_ws/install/teleop_tools_msgs/share/teleop_tools_msgs/cmake/teleop_tools_msgs__rosidl_generator_cppExport.cmake
[13.503s] -- Up-to-date: /home/deepspeed/ICRA2024/f1tenth_ws/install/teleop_tools_msgs/share/teleop_tools_msgs/cmake/teleop_tools_msgs__rosidl_typesupport_introspection_cppExport.cmake
[13.504s] -- Up-to-date: /home/deepspeed/ICRA2024/f1tenth_ws/install/teleop_tools_msgs/share/teleop_tools_msgs/cmake/teleop_tools_msgs__rosidl_typesupport_introspection_cppExport-noconfig.cmake
[13.505s] -- Up-to-date: /home/deepspeed/ICRA2024/f1tenth_ws/install/teleop_tools_msgs/share/teleop_tools_msgs/cmake/teleop_tools_msgs__rosidl_typesupport_cppExport.cmake
[13.505s] -- Up-to-date: /home/deepspeed/ICRA2024/f1tenth_ws/install/teleop_tools_msgs/share/teleop_tools_msgs/cmake/teleop_tools_msgs__rosidl_typesupport_cppExport-noconfig.cmake
[13.506s] -- Up-to-date: /home/deepspeed/ICRA2024/f1tenth_ws/install/teleop_tools_msgs/share/teleop_tools_msgs/cmake/rosidl_cmake-extras.cmake
[13.506s] -- Up-to-date: /home/deepspeed/ICRA2024/f1tenth_ws/install/teleop_tools_msgs/share/teleop_tools_msgs/cmake/ament_cmake_export_dependencies-extras.cmake
[13.507s] -- Up-to-date: /home/deepspeed/ICRA2024/f1tenth_ws/install/teleop_tools_msgs/share/teleop_tools_msgs/cmake/ament_cmake_export_libraries-extras.cmake
[13.507s] -- Up-to-date: /home/deepspeed/ICRA2024/f1tenth_ws/install/teleop_tools_msgs/share/teleop_tools_msgs/cmake/ament_cmake_export_targets-extras.cmake
[13.508s] -- Up-to-date: /home/deepspeed/ICRA2024/f1tenth_ws/install/teleop_tools_msgs/share/teleop_tools_msgs/cmake/ament_cmake_export_include_directories-extras.cmake
[13.509s] -- Up-to-date: /home/deepspeed/ICRA2024/f1tenth_ws/install/teleop_tools_msgs/share/teleop_tools_msgs/cmake/rosidl_cmake_export_typesupport_libraries-extras.cmake
[13.509s] -- Up-to-date: /home/deepspeed/ICRA2024/f1tenth_ws/install/teleop_tools_msgs/share/teleop_tools_msgs/cmake/rosidl_cmake_export_typesupport_targets-extras.cmake
[13.510s] -- Up-to-date: /home/deepspeed/ICRA2024/f1tenth_ws/install/teleop_tools_msgs/share/teleop_tools_msgs/cmake/teleop_tools_msgsConfig.cmake
[13.511s] -- Up-to-date: /home/deepspeed/ICRA2024/f1tenth_ws/install/teleop_tools_msgs/share/teleop_tools_msgs/cmake/teleop_tools_msgsConfig-version.cmake
[13.511s] -- Up-to-date: /home/deepspeed/ICRA2024/f1tenth_ws/install/teleop_tools_msgs/share/teleop_tools_msgs/package.xml
[13.769s] Invoked command in '/home/deepspeed/ICRA2024/f1tenth_ws/build/teleop_tools_msgs' returned '0': CMAKE_PREFIX_PATH=${CMAKE_PREFIX_PATH}:/home/deepspeed/ICRA2024/f1tenth_ws/install/f1tenth_stack:/home/deepspeed/ICRA2024/f1tenth_ws/install/joy_teleop:/home/deepspeed/ICRA2024/f1tenth_ws/install/mouse_teleop:/home/deepspeed/ICRA2024/f1tenth_ws/install/key_teleop:/home/deepspeed/ICRA2024/f1tenth_ws/install/automatic_emergency_braking:/opt/ros/foxy /usr/bin/cmake --install /home/deepspeed/ICRA2024/f1tenth_ws/build/teleop_tools_msgs
