[15.901s] Invoking command in '/home/deepspeed/ICRA2024/f1tenth_ws/src/f1tenth_system/teleop_tools/key_teleop': PYTHONPATH=/home/deepspeed/ICRA2024/f1tenth_ws/build/key_teleop/prefix_override:/home/deepspeed/ICRA2024/f1tenth_ws/install/key_teleop/lib/python3.8/site-packages:${PYTHONPATH} /usr/bin/python3 setup.py egg_info --egg-base ../../../../build/key_teleop build --build-base /home/deepspeed/ICRA2024/f1tenth_ws/build/key_teleop/build install --record /home/deepspeed/ICRA2024/f1tenth_ws/build/key_teleop/install.log --install-scripts $base/lib/key_teleop --single-version-externally-managed
[17.169s] running egg_info
[17.172s] writing ../../../../build/key_teleop/key_teleop.egg-info/PKG-INFO
[17.238s] writing dependency_links to ../../../../build/key_teleop/key_teleop.egg-info/dependency_links.txt
[17.239s] writing entry points to ../../../../build/key_teleop/key_teleop.egg-info/entry_points.txt
[17.241s] writing requirements to ../../../../build/key_teleop/key_teleop.egg-info/requires.txt
[17.244s] writing top-level names to ../../../../build/key_teleop/key_teleop.egg-info/top_level.txt
[17.439s] reading manifest file '../../../../build/key_teleop/key_teleop.egg-info/SOURCES.txt'
[17.579s] writing manifest file '../../../../build/key_teleop/key_teleop.egg-info/SOURCES.txt'
[17.582s] running build
[17.583s] running build_py
[17.597s] running install
[17.617s] running install_lib
[17.624s] running install_data
[17.629s] running install_egg_info
[17.637s] removing '/home/deepspeed/ICRA2024/f1tenth_ws/install/key_teleop/lib/python3.8/site-packages/key_teleop-0.3.0-py3.8.egg-info' (and everything under it)
[17.643s] Copying ../../../../build/key_teleop/key_teleop.egg-info to /home/deepspeed/ICRA2024/f1tenth_ws/install/key_teleop/lib/python3.8/site-packages/key_teleop-0.3.0-py3.8.egg-info
[17.763s] running install_scripts
[17.852s] Installing key_teleop script to /home/deepspeed/ICRA2024/f1tenth_ws/install/key_teleop/lib/key_teleop
[18.006s] writing list of installed files to '/home/deepspeed/ICRA2024/f1tenth_ws/build/key_teleop/install.log'
[19.918s] Invoked command in '/home/deepspeed/ICRA2024/f1tenth_ws/src/f1tenth_system/teleop_tools/key_teleop' returned '0': PYTHONPATH=/home/deepspeed/ICRA2024/f1tenth_ws/build/key_teleop/prefix_override:/home/deepspeed/ICRA2024/f1tenth_ws/install/key_teleop/lib/python3.8/site-packages:${PYTHONPATH} /usr/bin/python3 setup.py egg_info --egg-base ../../../../build/key_teleop build --build-base /home/deepspeed/ICRA2024/f1tenth_ws/build/key_teleop/build install --record /home/deepspeed/ICRA2024/f1tenth_ws/build/key_teleop/install.log --install-scripts $base/lib/key_teleop --single-version-externally-managed
