[10.059s] Invoking command in '/home/deepspeed/ICRA2024/f1tenth_ws/src/f1tenth_system/teleop_tools/joy_teleop': CMAKE_PREFIX_PATH=/home/deepspeed/ICRA2024/f1tenth_ws/install/teleop_tools_msgs:/home/deepspeed/ICRA2024/f1tenth_ws/install/vesc:/home/deepspeed/ICRA2024/f1tenth_ws/install/vesc_driver:/home/deepspeed/ICRA2024/f1tenth_ws/install/vesc_ackermann:/home/deepspeed/ICRA2024/f1tenth_ws/install/vesc_msgs:/home/deepspeed/ICRA2024/f1tenth_ws/install/teleop_tools:/home/deepspeed/ICRA2024/f1tenth_ws/install/ackermann_mux LD_LIBRARY_PATH=/home/deepspeed/ICRA2024/f1tenth_ws/install/teleop_tools_msgs/lib:/home/deepspeed/ICRA2024/f1tenth_ws/install/vesc_driver/lib:/home/deepspeed/ICRA2024/f1tenth_ws/install/vesc_ackermann/lib:/home/deepspeed/ICRA2024/f1tenth_ws/install/vesc_msgs/lib:/opt/ros/foxy/opt/yaml_cpp_vendor/lib:/opt/ros/foxy/opt/rviz_ogre_vendor/lib:/opt/ros/foxy/lib/aarch64-linux-gnu:/opt/ros/foxy/lib PYTHONPATH=/home/deepspeed/ICRA2024/f1tenth_ws/build/joy_teleop/prefix_override:/home/deepspeed/ICRA2024/f1tenth_ws/install/joy_teleop/lib/python3.8/site-packages:/home/deepspeed/ICRA2024/f1tenth_ws/install/teleop_tools_msgs/lib/python3.8/site-packages:/home/deepspeed/ICRA2024/f1tenth_ws/install/f1tenth_stack/lib/python3.8/site-packages:/home/deepspeed/ICRA2024/f1tenth_ws/install/vesc_msgs/lib/python3.8/site-packages:/home/deepspeed/ICRA2024/f1tenth_ws/install/joy_teleop/lib/python3.8/site-packages:/home/deepspeed/ICRA2024/f1tenth_ws/install/mouse_teleop/lib/python3.8/site-packages:/home/deepspeed/ICRA2024/f1tenth_ws/install/key_teleop/lib/python3.8/site-packages:/home/deepspeed/ICRA2024/f1tenth_ws/install/automatic_emergency_braking/lib/python3.8/site-packages:/opt/ros/foxy/lib/python3.8/site-packages /usr/bin/python3 setup.py egg_info --egg-base ../../../../build/joy_teleop build --build-base /home/deepspeed/ICRA2024/f1tenth_ws/build/joy_teleop/build install --record /home/deepspeed/ICRA2024/f1tenth_ws/build/joy_teleop/install.log --install-scripts $base/lib/joy_teleop --single-version-externally-managed
[11.144s] running egg_info
[11.145s] writing ../../../../build/joy_teleop/joy_teleop.egg-info/PKG-INFO
[11.151s] writing dependency_links to ../../../../build/joy_teleop/joy_teleop.egg-info/dependency_links.txt
[11.153s] writing entry points to ../../../../build/joy_teleop/joy_teleop.egg-info/entry_points.txt
[11.154s] writing requirements to ../../../../build/joy_teleop/joy_teleop.egg-info/requires.txt
[11.156s] writing top-level names to ../../../../build/joy_teleop/joy_teleop.egg-info/top_level.txt
[11.326s] reading manifest file '../../../../build/joy_teleop/joy_teleop.egg-info/SOURCES.txt'
[11.332s] writing manifest file '../../../../build/joy_teleop/joy_teleop.egg-info/SOURCES.txt'
[11.333s] running build
[11.334s] running build_py
[11.341s] running install
[11.345s] running install_lib
[11.353s] running install_data
[11.357s] running install_egg_info
[11.365s] removing '/home/deepspeed/ICRA2024/f1tenth_ws/install/joy_teleop/lib/python3.8/site-packages/joy_teleop-0.3.0-py3.8.egg-info' (and everything under it)
[11.366s] Copying ../../../../build/joy_teleop/joy_teleop.egg-info to /home/deepspeed/ICRA2024/f1tenth_ws/install/joy_teleop/lib/python3.8/site-packages/joy_teleop-0.3.0-py3.8.egg-info
[11.375s] running install_scripts
[11.458s] Installing incrementer_server script to /home/deepspeed/ICRA2024/f1tenth_ws/install/joy_teleop/lib/joy_teleop
[11.460s] Installing joy_teleop script to /home/deepspeed/ICRA2024/f1tenth_ws/install/joy_teleop/lib/joy_teleop
[11.463s] writing list of installed files to '/home/deepspeed/ICRA2024/f1tenth_ws/build/joy_teleop/install.log'
[11.646s] Invoked command in '/home/deepspeed/ICRA2024/f1tenth_ws/src/f1tenth_system/teleop_tools/joy_teleop' returned '0': CMAKE_PREFIX_PATH=/home/deepspeed/ICRA2024/f1tenth_ws/install/teleop_tools_msgs:/home/deepspeed/ICRA2024/f1tenth_ws/install/vesc:/home/deepspeed/ICRA2024/f1tenth_ws/install/vesc_driver:/home/deepspeed/ICRA2024/f1tenth_ws/install/vesc_ackermann:/home/deepspeed/ICRA2024/f1tenth_ws/install/vesc_msgs:/home/deepspeed/ICRA2024/f1tenth_ws/install/teleop_tools:/home/deepspeed/ICRA2024/f1tenth_ws/install/ackermann_mux LD_LIBRARY_PATH=/home/deepspeed/ICRA2024/f1tenth_ws/install/teleop_tools_msgs/lib:/home/deepspeed/ICRA2024/f1tenth_ws/install/vesc_driver/lib:/home/deepspeed/ICRA2024/f1tenth_ws/install/vesc_ackermann/lib:/home/deepspeed/ICRA2024/f1tenth_ws/install/vesc_msgs/lib:/opt/ros/foxy/opt/yaml_cpp_vendor/lib:/opt/ros/foxy/opt/rviz_ogre_vendor/lib:/opt/ros/foxy/lib/aarch64-linux-gnu:/opt/ros/foxy/lib PYTHONPATH=/home/deepspeed/ICRA2024/f1tenth_ws/build/joy_teleop/prefix_override:/home/deepspeed/ICRA2024/f1tenth_ws/install/joy_teleop/lib/python3.8/site-packages:/home/deepspeed/ICRA2024/f1tenth_ws/install/teleop_tools_msgs/lib/python3.8/site-packages:/home/deepspeed/ICRA2024/f1tenth_ws/install/f1tenth_stack/lib/python3.8/site-packages:/home/deepspeed/ICRA2024/f1tenth_ws/install/vesc_msgs/lib/python3.8/site-packages:/home/deepspeed/ICRA2024/f1tenth_ws/install/joy_teleop/lib/python3.8/site-packages:/home/deepspeed/ICRA2024/f1tenth_ws/install/mouse_teleop/lib/python3.8/site-packages:/home/deepspeed/ICRA2024/f1tenth_ws/install/key_teleop/lib/python3.8/site-packages:/home/deepspeed/ICRA2024/f1tenth_ws/install/automatic_emergency_braking/lib/python3.8/site-packages:/opt/ros/foxy/lib/python3.8/site-packages /usr/bin/python3 setup.py egg_info --egg-base ../../../../build/joy_teleop build --build-base /home/deepspeed/ICRA2024/f1tenth_ws/build/joy_teleop/build install --record /home/deepspeed/ICRA2024/f1tenth_ws/build/joy_teleop/install.log --install-scripts $base/lib/joy_teleop --single-version-externally-managed
