[11.201s] Invoking command in '/home/deepspeed/ICRA2024/f1tenth_ws/src/f1tenth_system/teleop_tools/key_teleop': PYTHONPATH=/home/deepspeed/ICRA2024/f1tenth_ws/build/key_teleop/prefix_override:/home/deepspeed/ICRA2024/f1tenth_ws/install/key_teleop/lib/python3.8/site-packages:${PYTHONPATH} /usr/bin/python3 setup.py egg_info --egg-base ../../../../build/key_teleop build --build-base /home/deepspeed/ICRA2024/f1tenth_ws/build/key_teleop/build install --record /home/deepspeed/ICRA2024/f1tenth_ws/build/key_teleop/install.log --install-scripts $base/lib/key_teleop --single-version-externally-managed
[12.625s] running egg_info
[12.628s] creating ../../../../build/key_teleop/key_teleop.egg-info
[12.630s] writing ../../../../build/key_teleop/key_teleop.egg-info/PKG-INFO
[12.631s] writing dependency_links to ../../../../build/key_teleop/key_teleop.egg-info/dependency_links.txt
[12.632s] writing entry points to ../../../../build/key_teleop/key_teleop.egg-info/entry_points.txt
[12.632s] writing requirements to ../../../../build/key_teleop/key_teleop.egg-info/requires.txt
[12.633s] writing top-level names to ../../../../build/key_teleop/key_teleop.egg-info/top_level.txt
[12.640s] writing manifest file '../../../../build/key_teleop/key_teleop.egg-info/SOURCES.txt'
[12.830s] reading manifest file '../../../../build/key_teleop/key_teleop.egg-info/SOURCES.txt'
[12.835s] writing manifest file '../../../../build/key_teleop/key_teleop.egg-info/SOURCES.txt'
[12.836s] running build
[12.837s] running build_py
[12.838s] creating /home/deepspeed/ICRA2024/f1tenth_ws/build/key_teleop/build
[12.838s] creating /home/deepspeed/ICRA2024/f1tenth_ws/build/key_teleop/build/lib
[12.839s] creating /home/deepspeed/ICRA2024/f1tenth_ws/build/key_teleop/build/lib/key_teleop
[12.975s] copying key_teleop/key_teleop.py -> /home/deepspeed/ICRA2024/f1tenth_ws/build/key_teleop/build/lib/key_teleop
[12.978s] copying key_teleop/__init__.py -> /home/deepspeed/ICRA2024/f1tenth_ws/build/key_teleop/build/lib/key_teleop
[12.979s] running install
[12.979s] running install_lib
[12.980s] creating /home/deepspeed/ICRA2024/f1tenth_ws/install/key_teleop/lib/python3.8/site-packages/key_teleop
[12.980s] copying /home/deepspeed/ICRA2024/f1tenth_ws/build/key_teleop/build/lib/key_teleop/key_teleop.py -> /home/deepspeed/ICRA2024/f1tenth_ws/install/key_teleop/lib/python3.8/site-packages/key_teleop
[12.980s] copying /home/deepspeed/ICRA2024/f1tenth_ws/build/key_teleop/build/lib/key_teleop/__init__.py -> /home/deepspeed/ICRA2024/f1tenth_ws/install/key_teleop/lib/python3.8/site-packages/key_teleop
[12.981s] byte-compiling /home/deepspeed/ICRA2024/f1tenth_ws/install/key_teleop/lib/python3.8/site-packages/key_teleop/key_teleop.py to key_teleop.cpython-38.pyc
[12.982s] byte-compiling /home/deepspeed/ICRA2024/f1tenth_ws/install/key_teleop/lib/python3.8/site-packages/key_teleop/__init__.py to __init__.cpython-38.pyc
[12.982s] running install_data
[12.982s] copying package.xml -> /home/deepspeed/ICRA2024/f1tenth_ws/install/key_teleop/share/key_teleop
[12.987s] creating /home/deepspeed/ICRA2024/f1tenth_ws/install/key_teleop/share/key_teleop/config
[12.990s] copying config/key_teleop.yaml -> /home/deepspeed/ICRA2024/f1tenth_ws/install/key_teleop/share/key_teleop/config
[12.990s] creating /home/deepspeed/ICRA2024/f1tenth_ws/install/key_teleop/share/ament_index
[12.991s] creating /home/deepspeed/ICRA2024/f1tenth_ws/install/key_teleop/share/ament_index/resource_index
[12.992s] creating /home/deepspeed/ICRA2024/f1tenth_ws/install/key_teleop/share/ament_index/resource_index/packages
[12.993s] copying resource/key_teleop -> /home/deepspeed/ICRA2024/f1tenth_ws/install/key_teleop/share/ament_index/resource_index/packages
[12.994s] running install_egg_info
[12.995s] Copying ../../../../build/key_teleop/key_teleop.egg-info to /home/deepspeed/ICRA2024/f1tenth_ws/install/key_teleop/lib/python3.8/site-packages/key_teleop-0.3.0-py3.8.egg-info
[12.995s] running install_scripts
[13.106s] Installing key_teleop script to /home/deepspeed/ICRA2024/f1tenth_ws/install/key_teleop/lib/key_teleop
[13.107s] writing list of installed files to '/home/deepspeed/ICRA2024/f1tenth_ws/build/key_teleop/install.log'
[14.376s] Invoked command in '/home/deepspeed/ICRA2024/f1tenth_ws/src/f1tenth_system/teleop_tools/key_teleop' returned '0': PYTHONPATH=/home/deepspeed/ICRA2024/f1tenth_ws/build/key_teleop/prefix_override:/home/deepspeed/ICRA2024/f1tenth_ws/install/key_teleop/lib/python3.8/site-packages:${PYTHONPATH} /usr/bin/python3 setup.py egg_info --egg-base ../../../../build/key_teleop build --build-base /home/deepspeed/ICRA2024/f1tenth_ws/build/key_teleop/build install --record /home/deepspeed/ICRA2024/f1tenth_ws/build/key_teleop/install.log --install-scripts $base/lib/key_teleop --single-version-externally-managed
