[15.821s] Invoking command in '/home/deepspeed/ICRA2024/f1tenth_ws/src/automatic_emergency_braking': PYTHONPATH=/home/deepspeed/ICRA2024/f1tenth_ws/build/automatic_emergency_braking/prefix_override:/home/deepspeed/ICRA2024/f1tenth_ws/install/automatic_emergency_braking/lib/python3.8/site-packages:${PYTHONPATH} /usr/bin/python3 setup.py egg_info --egg-base ../../build/automatic_emergency_braking build --build-base /home/deepspeed/ICRA2024/f1tenth_ws/build/automatic_emergency_braking/build install --record /home/deepspeed/ICRA2024/f1tenth_ws/build/automatic_emergency_braking/install.log --install-scripts $base/lib/automatic_emergency_braking --single-version-externally-managed
[17.016s] running egg_info
[17.018s] writing ../../build/automatic_emergency_braking/automatic_emergency_braking.egg-info/PKG-INFO
[17.025s] writing dependency_links to ../../build/automatic_emergency_braking/automatic_emergency_braking.egg-info/dependency_links.txt
[17.032s] writing entry points to ../../build/automatic_emergency_braking/automatic_emergency_braking.egg-info/entry_points.txt
[17.042s] writing requirements to ../../build/automatic_emergency_braking/automatic_emergency_braking.egg-info/requires.txt
[17.048s] writing top-level names to ../../build/automatic_emergency_braking/automatic_emergency_braking.egg-info/top_level.txt
[17.251s] reading manifest file '../../build/automatic_emergency_braking/automatic_emergency_braking.egg-info/SOURCES.txt'
[17.269s] writing manifest file '../../build/automatic_emergency_braking/automatic_emergency_braking.egg-info/SOURCES.txt'
[17.271s] running build
[17.273s] running build_py
[17.280s] running install
[17.286s] running install_lib
[17.293s] running install_data
[17.296s] running install_egg_info
[17.302s] removing '/home/deepspeed/ICRA2024/f1tenth_ws/install/automatic_emergency_braking/lib/python3.8/site-packages/automatic_emergency_braking-0.0.0-py3.8.egg-info' (and everything under it)
[17.307s] Copying ../../build/automatic_emergency_braking/automatic_emergency_braking.egg-info to /home/deepspeed/ICRA2024/f1tenth_ws/install/automatic_emergency_braking/lib/python3.8/site-packages/automatic_emergency_braking-0.0.0-py3.8.egg-info
[17.314s] running install_scripts
[17.382s] Installing AEB script to /home/deepspeed/ICRA2024/f1tenth_ws/install/automatic_emergency_braking/lib/automatic_emergency_braking
[17.526s] writing list of installed files to '/home/deepspeed/ICRA2024/f1tenth_ws/build/automatic_emergency_braking/install.log'
[21.534s] Invoked command in '/home/deepspeed/ICRA2024/f1tenth_ws/src/automatic_emergency_braking' returned '0': PYTHONPATH=/home/deepspeed/ICRA2024/f1tenth_ws/build/automatic_emergency_braking/prefix_override:/home/deepspeed/ICRA2024/f1tenth_ws/install/automatic_emergency_braking/lib/python3.8/site-packages:${PYTHONPATH} /usr/bin/python3 setup.py egg_info --egg-base ../../build/automatic_emergency_braking build --build-base /home/deepspeed/ICRA2024/f1tenth_ws/build/automatic_emergency_braking/build install --record /home/deepspeed/ICRA2024/f1tenth_ws/build/automatic_emergency_braking/install.log --install-scripts $base/lib/automatic_emergency_braking --single-version-externally-managed
