[10.560s] Invoking command in '/home/deepspeed/ICRA2024/f1tenth_ws/src/automatic_emergency_braking': PYTHONPATH=/home/deepspeed/ICRA2024/f1tenth_ws/build/automatic_emergency_braking/prefix_override:/home/deepspeed/ICRA2024/f1tenth_ws/install/automatic_emergency_braking/lib/python3.8/site-packages:${PYTHONPATH} /usr/bin/python3 setup.py egg_info --egg-base ../../build/automatic_emergency_braking build --build-base /home/deepspeed/ICRA2024/f1tenth_ws/build/automatic_emergency_braking/build install --record /home/deepspeed/ICRA2024/f1tenth_ws/build/automatic_emergency_braking/install.log --install-scripts $base/lib/automatic_emergency_braking --single-version-externally-managed
[12.402s] running egg_info
[12.402s] creating ../../build/automatic_emergency_braking/automatic_emergency_braking.egg-info
[12.403s] writing ../../build/automatic_emergency_braking/automatic_emergency_braking.egg-info/PKG-INFO
[12.403s] writing dependency_links to ../../build/automatic_emergency_braking/automatic_emergency_braking.egg-info/dependency_links.txt
[12.404s] writing entry points to ../../build/automatic_emergency_braking/automatic_emergency_braking.egg-info/entry_points.txt
[12.404s] writing requirements to ../../build/automatic_emergency_braking/automatic_emergency_braking.egg-info/requires.txt
[12.405s] writing top-level names to ../../build/automatic_emergency_braking/automatic_emergency_braking.egg-info/top_level.txt
[12.405s] writing manifest file '../../build/automatic_emergency_braking/automatic_emergency_braking.egg-info/SOURCES.txt'
[12.406s] reading manifest file '../../build/automatic_emergency_braking/automatic_emergency_braking.egg-info/SOURCES.txt'
[12.406s] writing manifest file '../../build/automatic_emergency_braking/automatic_emergency_braking.egg-info/SOURCES.txt'
[12.407s] running build
[12.407s] running build_py
[12.408s] creating /home/deepspeed/ICRA2024/f1tenth_ws/build/automatic_emergency_braking/build
[12.408s] creating /home/deepspeed/ICRA2024/f1tenth_ws/build/automatic_emergency_braking/build/lib
[12.413s] creating /home/deepspeed/ICRA2024/f1tenth_ws/build/automatic_emergency_braking/build/lib/automatic_emergency_braking
[12.414s] copying automatic_emergency_braking/automatic_emergency_braking.py -> /home/deepspeed/ICRA2024/f1tenth_ws/build/automatic_emergency_braking/build/lib/automatic_emergency_braking
[12.415s] copying automatic_emergency_braking/__init__.py -> /home/deepspeed/ICRA2024/f1tenth_ws/build/automatic_emergency_braking/build/lib/automatic_emergency_braking
[12.416s] running install
[12.416s] running install_lib
[12.416s] creating /home/deepspeed/ICRA2024/f1tenth_ws/install/automatic_emergency_braking/lib/python3.8/site-packages/automatic_emergency_braking
[12.417s] copying /home/deepspeed/ICRA2024/f1tenth_ws/build/automatic_emergency_braking/build/lib/automatic_emergency_braking/automatic_emergency_braking.py -> /home/deepspeed/ICRA2024/f1tenth_ws/install/automatic_emergency_braking/lib/python3.8/site-packages/automatic_emergency_braking
[12.417s] copying /home/deepspeed/ICRA2024/f1tenth_ws/build/automatic_emergency_braking/build/lib/automatic_emergency_braking/__init__.py -> /home/deepspeed/ICRA2024/f1tenth_ws/install/automatic_emergency_braking/lib/python3.8/site-packages/automatic_emergency_braking
[12.418s] byte-compiling /home/deepspeed/ICRA2024/f1tenth_ws/install/automatic_emergency_braking/lib/python3.8/site-packages/automatic_emergency_braking/automatic_emergency_braking.py to automatic_emergency_braking.cpython-38.pyc
[12.418s] byte-compiling /home/deepspeed/ICRA2024/f1tenth_ws/install/automatic_emergency_braking/lib/python3.8/site-packages/automatic_emergency_braking/__init__.py to __init__.cpython-38.pyc
[12.419s] running install_data
[12.419s] creating /home/deepspeed/ICRA2024/f1tenth_ws/install/automatic_emergency_braking/share/ament_index
[12.420s] creating /home/deepspeed/ICRA2024/f1tenth_ws/install/automatic_emergency_braking/share/ament_index/resource_index
[12.421s] creating /home/deepspeed/ICRA2024/f1tenth_ws/install/automatic_emergency_braking/share/ament_index/resource_index/packages
[12.422s] copying resource/automatic_emergency_braking -> /home/deepspeed/ICRA2024/f1tenth_ws/install/automatic_emergency_braking/share/ament_index/resource_index/packages
[12.422s] copying package.xml -> /home/deepspeed/ICRA2024/f1tenth_ws/install/automatic_emergency_braking/share/automatic_emergency_braking
[12.423s] running install_egg_info
[12.423s] Copying ../../build/automatic_emergency_braking/automatic_emergency_braking.egg-info to /home/deepspeed/ICRA2024/f1tenth_ws/install/automatic_emergency_braking/lib/python3.8/site-packages/automatic_emergency_braking-0.0.0-py3.8.egg-info
[12.424s] running install_scripts
[12.424s] Installing AEB script to /home/deepspeed/ICRA2024/f1tenth_ws/install/automatic_emergency_braking/lib/automatic_emergency_braking
[12.424s] writing list of installed files to '/home/deepspeed/ICRA2024/f1tenth_ws/build/automatic_emergency_braking/install.log'
[13.098s] Invoked command in '/home/deepspeed/ICRA2024/f1tenth_ws/src/automatic_emergency_braking' returned '0': PYTHONPATH=/home/deepspeed/ICRA2024/f1tenth_ws/build/automatic_emergency_braking/prefix_override:/home/deepspeed/ICRA2024/f1tenth_ws/install/automatic_emergency_braking/lib/python3.8/site-packages:${PYTHONPATH} /usr/bin/python3 setup.py egg_info --egg-base ../../build/automatic_emergency_braking build --build-base /home/deepspeed/ICRA2024/f1tenth_ws/build/automatic_emergency_braking/build install --record /home/deepspeed/ICRA2024/f1tenth_ws/build/automatic_emergency_braking/install.log --install-scripts $base/lib/automatic_emergency_braking --single-version-externally-managed
