[3.087s] Invoking command in '/home/deepspeed/ICRA2024/f1tenth_ws/build/teleop_tools_msgs': CMAKE_PREFIX_PATH=/opt/ros/foxy /usr/bin/cmake /home/deepspeed/ICRA2024/f1tenth_ws/src/f1tenth_system/teleop_tools/teleop_tools_msgs -DCMAKE_INSTALL_PREFIX=/home/deepspeed/ICRA2024/f1tenth_ws/install/teleop_tools_msgs
[8.579s] -- The C compiler identification is GNU 9.4.0
[8.580s] -- The CXX compiler identification is GNU 9.4.0
[8.580s] -- Check for working C compiler: /usr/bin/cc
[8.580s] -- Check for working C compiler: /usr/bin/cc -- works
[8.581s] -- Detecting C compiler ABI info
[8.581s] -- Detecting C compiler ABI info - done
[8.582s] -- Detecting C compile features
[8.582s] -- Detecting C compile features - done
[8.582s] -- Check for working CXX compiler: /usr/bin/c++
[8.583s] -- Check for working CXX compiler: /usr/bin/c++ -- works
[8.583s] -- Detecting CXX compiler ABI info
[8.583s] -- Detecting CXX compiler ABI info - done
[8.584s] -- Detecting CXX compile features
[8.584s] -- Detecting CXX compile features - done
[8.585s] -- Found ament_cmake: 0.9.12 (/opt/ros/foxy/share/ament_cmake/cmake)
[8.585s] -- Found PythonInterp: /usr/bin/python3 (found suitable version "3.8.10", minimum required is "3") 
[8.585s] -- Using PYTHON_EXECUTABLE: /usr/bin/python3
[9.632s] -- Found rosidl_default_generators: 1.0.1 (/opt/ros/foxy/share/rosidl_default_generators/cmake)
[9.656s] -- Using all available rosidl_typesupport_c: rosidl_typesupport_fastrtps_c;rosidl_typesupport_introspection_c
[9.705s] -- Found rosidl_adapter: 1.3.1 (/opt/ros/foxy/share/rosidl_adapter/cmake)
[10.788s] -- Found OpenSSL: /usr/lib/aarch64-linux-gnu/libcrypto.so (found version "1.1.1f")  
[10.976s] -- Found FastRTPS: /opt/ros/foxy/include  
[11.467s] -- Using all available rosidl_typesupport_cpp: rosidl_typesupport_fastrtps_cpp;rosidl_typesupport_introspection_cpp
[11.662s] -- Found ament_lint_auto: 0.9.8 (/opt/ros/foxy/share/ament_lint_auto/cmake)
[12.220s] -- Found PythonInterp: /usr/bin/python3 (found version "3.8.10") 
[13.258s] -- Found ament_cmake_ros: 0.9.2 (/opt/ros/foxy/share/ament_cmake_ros/cmake)
[14.201s] -- Using all available rosidl_typesupport_c: rosidl_typesupport_fastrtps_c;rosidl_typesupport_introspection_c
[14.413s] -- Using all available rosidl_typesupport_cpp: rosidl_typesupport_fastrtps_cpp;rosidl_typesupport_introspection_cpp
[14.573s] -- Found PythonInterp: /usr/bin/python3 (found suitable version "3.8.10", minimum required is "3.5") 
[14.580s] -- Found python_cmake_module: 0.8.1 (/opt/ros/foxy/share/python_cmake_module/cmake)
[14.761s] -- Found PythonLibs: /usr/lib/aarch64-linux-gnu/libpython3.8.so (found suitable version "3.8.10", minimum required is "3.5") 
[14.761s] -- Using PYTHON_EXECUTABLE: /usr/bin/python3
[14.762s] -- Using PYTHON_INCLUDE_DIRS: /usr/include/python3.8
[14.763s] -- Using PYTHON_LIBRARIES: /usr/lib/aarch64-linux-gnu/libpython3.8.so
[14.899s] -- Found PythonExtra: .so  
[15.237s] -- Added test 'copyright' to check source files copyright and LICENSE
[15.249s] -- Added test 'lint_cmake' to check CMake code style
[15.258s] -- Added test 'xmllint' to check XML markup files
[15.315s] -- Configuring done
[15.719s] -- Generating done
[15.738s] -- Build files have been written to: /home/deepspeed/ICRA2024/f1tenth_ws/build/teleop_tools_msgs
[15.981s] Invoked command in '/home/deepspeed/ICRA2024/f1tenth_ws/build/teleop_tools_msgs' returned '0': CMAKE_PREFIX_PATH=/opt/ros/foxy /usr/bin/cmake /home/deepspeed/ICRA2024/f1tenth_ws/src/f1tenth_system/teleop_tools/teleop_tools_msgs -DCMAKE_INSTALL_PREFIX=/home/deepspeed/ICRA2024/f1tenth_ws/install/teleop_tools_msgs
[16.001s] Invoking command in '/home/deepspeed/ICRA2024/f1tenth_ws/build/teleop_tools_msgs': CMAKE_PREFIX_PATH=/opt/ros/foxy /usr/bin/cmake --build /home/deepspeed/ICRA2024/f1tenth_ws/build/teleop_tools_msgs -- -j6 -l6
[16.246s] [35m[1mScanning dependencies of target teleop_tools_msgs__cpp[0m
[16.248s] [  3%] [34m[1mGenerating C code for ROS interfaces[0m
[16.308s] [  6%] [34m[1mGenerating C++ code for ROS interfaces[0m
[18.353s] [35m[1mScanning dependencies of target teleop_tools_msgs__rosidl_generator_c[0m
[18.397s] [  6%] Built target teleop_tools_msgs__cpp
[18.470s] [  9%] [32mBuilding C object CMakeFiles/teleop_tools_msgs__rosidl_generator_c.dir/rosidl_generator_c/teleop_tools_msgs/action/detail/increment__functions.c.o[0m
[18.483s] [ 12%] [34m[1mGenerating C++ introspection for ROS interfaces[0m
[18.537s] [ 16%] [34m[1mGenerating C++ type support dispatch for ROS interfaces[0m
[18.541s] [ 19%] [34m[1mGenerating C++ type support for eProsima Fast-RTPS[0m
[19.614s] [ 22%] [32m[1mLinking C shared library libteleop_tools_msgs__rosidl_generator_c.so[0m
[20.092s] [35m[1mScanning dependencies of target teleop_tools_msgs__rosidl_typesupport_cpp[0m
[20.226s] [ 22%] Built target teleop_tools_msgs__rosidl_generator_c
[20.275s] [35m[1mScanning dependencies of target teleop_tools_msgs__rosidl_typesupport_introspection_cpp[0m
[20.298s] [ 25%] [34m[1mGenerating C introspection for ROS interfaces[0m
[20.351s] [ 29%] [34m[1mGenerating C type support dispatch for ROS interfaces[0m
[20.424s] [ 32%] [32mBuilding CXX object CMakeFiles/teleop_tools_msgs__rosidl_typesupport_cpp.dir/rosidl_typesupport_cpp/teleop_tools_msgs/action/increment__type_support.cpp.o[0m
[20.470s] [ 35%] [32mBuilding CXX object CMakeFiles/teleop_tools_msgs__rosidl_typesupport_introspection_cpp.dir/rosidl_typesupport_introspection_cpp/teleop_tools_msgs/action/detail/increment__type_support.cpp.o[0m
[20.621s] [35m[1mScanning dependencies of target teleop_tools_msgs__rosidl_typesupport_fastrtps_cpp[0m
[20.835s] [ 38%] [32mBuilding CXX object CMakeFiles/teleop_tools_msgs__rosidl_typesupport_fastrtps_cpp.dir/rosidl_typesupport_fastrtps_cpp/teleop_tools_msgs/action/detail/dds_fastrtps/increment__type_support.cpp.o[0m
[22.398s] [35m[1mScanning dependencies of target teleop_tools_msgs__rosidl_typesupport_c[0m
[22.598s] [ 41%] [32mBuilding CXX object CMakeFiles/teleop_tools_msgs__rosidl_typesupport_c.dir/rosidl_typesupport_c/teleop_tools_msgs/action/increment__type_support.cpp.o[0m
[23.327s] [ 45%] [32m[1mLinking CXX shared library libteleop_tools_msgs__rosidl_typesupport_c.so[0m
[23.514s] [35m[1mScanning dependencies of target teleop_tools_msgs__rosidl_typesupport_introspection_c[0m
[23.770s] [ 48%] [32mBuilding C object CMakeFiles/teleop_tools_msgs__rosidl_typesupport_introspection_c.dir/rosidl_typesupport_introspection_c/teleop_tools_msgs/action/detail/increment__type_support.c.o[0m
[24.001s] [ 48%] Built target teleop_tools_msgs__rosidl_typesupport_c
[24.718s] [ 51%] [32m[1mLinking C shared library libteleop_tools_msgs__rosidl_typesupport_introspection_c.so[0m
[25.087s] [ 51%] Built target teleop_tools_msgs__rosidl_typesupport_introspection_c
[25.672s] [ 54%] [32m[1mLinking CXX shared library libteleop_tools_msgs__rosidl_typesupport_introspection_cpp.so[0m
[25.679s] [ 58%] [32m[1mLinking CXX shared library libteleop_tools_msgs__rosidl_typesupport_cpp.so[0m
[26.283s] [ 58%] Built target teleop_tools_msgs__rosidl_typesupport_cpp
[26.369s] [ 58%] Built target teleop_tools_msgs__rosidl_typesupport_introspection_cpp
[28.316s] [ 61%] [32m[1mLinking CXX shared library libteleop_tools_msgs__rosidl_typesupport_fastrtps_cpp.so[0m
[29.526s] [ 61%] Built target teleop_tools_msgs__rosidl_typesupport_fastrtps_cpp
[29.670s] [ 64%] [34m[1mGenerating C type support for eProsima Fast-RTPS[0m
[33.086s] [35m[1mScanning dependencies of target teleop_tools_msgs__rosidl_typesupport_fastrtps_c[0m
[33.476s] [ 67%] [32mBuilding CXX object CMakeFiles/teleop_tools_msgs__rosidl_typesupport_fastrtps_c.dir/rosidl_typesupport_fastrtps_c/teleop_tools_msgs/action/detail/increment__type_support_c.cpp.o[0m
[37.576s] [ 70%] [32m[1mLinking CXX shared library libteleop_tools_msgs__rosidl_typesupport_fastrtps_c.so[0m
[38.144s] [ 70%] Built target teleop_tools_msgs__rosidl_typesupport_fastrtps_c
[38.249s] [35m[1mScanning dependencies of target teleop_tools_msgs[0m
[38.321s] [ 70%] Built target teleop_tools_msgs
[38.385s] [35m[1mScanning dependencies of target teleop_tools_msgs__py[0m
[38.452s] [ 74%] [34m[1mGenerating Python code for ROS interfaces[0m
[45.239s] [ 74%] Built target teleop_tools_msgs__py
[45.301s] [35m[1mScanning dependencies of target teleop_tools_msgs__python[0m
[45.801s] [ 77%] [32mBuilding C object CMakeFiles/teleop_tools_msgs__python.dir/rosidl_generator_py/teleop_tools_msgs/action/_increment_s.c.o[0m
[47.145s] [ 80%] [32m[1mLinking C shared library rosidl_generator_py/teleop_tools_msgs/libteleop_tools_msgs__python.so[0m
[47.448s] [ 80%] Built target teleop_tools_msgs__python
[47.530s] [35m[1mScanning dependencies of target teleop_tools_msgs__rosidl_typesupport_c__pyext[0m
[47.544s] [35m[1mScanning dependencies of target teleop_tools_msgs__rosidl_typesupport_introspection_c__pyext[0m
[47.586s] [35m[1mScanning dependencies of target teleop_tools_msgs__rosidl_typesupport_fastrtps_c__pyext[0m
[47.698s] [ 83%] [32mBuilding C object CMakeFiles/teleop_tools_msgs__rosidl_typesupport_c__pyext.dir/rosidl_generator_py/teleop_tools_msgs/_teleop_tools_msgs_s.ep.rosidl_typesupport_c.c.o[0m
[47.762s] [ 87%] [32mBuilding C object CMakeFiles/teleop_tools_msgs__rosidl_typesupport_introspection_c__pyext.dir/rosidl_generator_py/teleop_tools_msgs/_teleop_tools_msgs_s.ep.rosidl_typesupport_introspection_c.c.o[0m
[47.851s] [ 90%] [32mBuilding C object CMakeFiles/teleop_tools_msgs__rosidl_typesupport_fastrtps_c__pyext.dir/rosidl_generator_py/teleop_tools_msgs/_teleop_tools_msgs_s.ep.rosidl_typesupport_fastrtps_c.c.o[0m
[48.609s] [ 93%] [32m[1mLinking C shared library rosidl_generator_py/teleop_tools_msgs/teleop_tools_msgs_s__rosidl_typesupport_introspection_c.cpython-38-aarch64-linux-gnu.so[0m
[48.621s] [ 96%] [32m[1mLinking C shared library rosidl_generator_py/teleop_tools_msgs/teleop_tools_msgs_s__rosidl_typesupport_c.cpython-38-aarch64-linux-gnu.so[0m
[48.838s] [100%] [32m[1mLinking CXX shared library rosidl_generator_py/teleop_tools_msgs/teleop_tools_msgs_s__rosidl_typesupport_fastrtps_c.cpython-38-aarch64-linux-gnu.so[0m
[48.886s] [100%] Built target teleop_tools_msgs__rosidl_typesupport_c__pyext
[48.914s] [100%] Built target teleop_tools_msgs__rosidl_typesupport_introspection_c__pyext
[49.260s] [100%] Built target teleop_tools_msgs__rosidl_typesupport_fastrtps_c__pyext
[49.412s] Invoked command in '/home/deepspeed/ICRA2024/f1tenth_ws/build/teleop_tools_msgs' returned '0': CMAKE_PREFIX_PATH=/opt/ros/foxy /usr/bin/cmake --build /home/deepspeed/ICRA2024/f1tenth_ws/build/teleop_tools_msgs -- -j6 -l6
[49.820s] Invoking command in '/home/deepspeed/ICRA2024/f1tenth_ws/build/teleop_tools_msgs': CMAKE_PREFIX_PATH=/opt/ros/foxy /usr/bin/cmake --install /home/deepspeed/ICRA2024/f1tenth_ws/build/teleop_tools_msgs
[49.912s] -- Install configuration: ""
[49.916s] -- Installing: /home/deepspeed/ICRA2024/f1tenth_ws/install/teleop_tools_msgs/share/ament_index/resource_index/rosidl_interfaces/teleop_tools_msgs
[49.919s] -- Installing: /home/deepspeed/ICRA2024/f1tenth_ws/install/teleop_tools_msgs/include/teleop_tools_msgs
[49.922s] -- Installing: /home/deepspeed/ICRA2024/f1tenth_ws/install/teleop_tools_msgs/include/teleop_tools_msgs/msg
[49.923s] -- Installing: /home/deepspeed/ICRA2024/f1tenth_ws/install/teleop_tools_msgs/include/teleop_tools_msgs/msg/rosidl_generator_c__visibility_control.h
[49.925s] -- Installing: /home/deepspeed/ICRA2024/f1tenth_ws/install/teleop_tools_msgs/include/teleop_tools_msgs/action
[49.927s] -- Installing: /home/deepspeed/ICRA2024/f1tenth_ws/install/teleop_tools_msgs/include/teleop_tools_msgs/action/detail
[49.928s] -- Installing: /home/deepspeed/ICRA2024/f1tenth_ws/install/teleop_tools_msgs/include/teleop_tools_msgs/action/detail/increment__functions.c
[49.933s] -- Installing: /home/deepspeed/ICRA2024/f1tenth_ws/install/teleop_tools_msgs/include/teleop_tools_msgs/action/detail/increment__struct.h
[49.935s] -- Installing: /home/deepspeed/ICRA2024/f1tenth_ws/install/teleop_tools_msgs/include/teleop_tools_msgs/action/detail/increment__functions.h
[49.938s] -- Installing: /home/deepspeed/ICRA2024/f1tenth_ws/install/teleop_tools_msgs/include/teleop_tools_msgs/action/detail/increment__type_support.h
[49.940s] -- Installing: /home/deepspeed/ICRA2024/f1tenth_ws/install/teleop_tools_msgs/include/teleop_tools_msgs/action/increment.h
[49.944s] -- Installing: /home/deepspeed/ICRA2024/f1tenth_ws/install/teleop_tools_msgs/share/teleop_tools_msgs/environment/library_path.sh
[49.947s] -- Installing: /home/deepspeed/ICRA2024/f1tenth_ws/install/teleop_tools_msgs/share/teleop_tools_msgs/environment/library_path.dsv
[49.951s] -- Installing: /home/deepspeed/ICRA2024/f1tenth_ws/install/teleop_tools_msgs/lib/libteleop_tools_msgs__rosidl_generator_c.so
[49.956s] -- Set runtime path of "/home/deepspeed/ICRA2024/f1tenth_ws/install/teleop_tools_msgs/lib/libteleop_tools_msgs__rosidl_generator_c.so" to ""
[49.957s] -- Up-to-date: /home/deepspeed/ICRA2024/f1tenth_ws/install/teleop_tools_msgs/include/teleop_tools_msgs
[49.961s] -- Up-to-date: /home/deepspeed/ICRA2024/f1tenth_ws/install/teleop_tools_msgs/include/teleop_tools_msgs/msg
[49.963s] -- Installing: /home/deepspeed/ICRA2024/f1tenth_ws/install/teleop_tools_msgs/include/teleop_tools_msgs/msg/rosidl_typesupport_fastrtps_c__visibility_control.h
[49.965s] -- Up-to-date: /home/deepspeed/ICRA2024/f1tenth_ws/install/teleop_tools_msgs/include/teleop_tools_msgs/action
[49.966s] -- Up-to-date: /home/deepspeed/ICRA2024/f1tenth_ws/install/teleop_tools_msgs/include/teleop_tools_msgs/action/detail
[49.968s] -- Installing: /home/deepspeed/ICRA2024/f1tenth_ws/install/teleop_tools_msgs/include/teleop_tools_msgs/action/detail/increment__rosidl_typesupport_fastrtps_c.h
[49.970s] -- Installing: /home/deepspeed/ICRA2024/f1tenth_ws/install/teleop_tools_msgs/lib/libteleop_tools_msgs__rosidl_typesupport_fastrtps_c.so
[49.975s] -- Set runtime path of "/home/deepspeed/ICRA2024/f1tenth_ws/install/teleop_tools_msgs/lib/libteleop_tools_msgs__rosidl_typesupport_fastrtps_c.so" to ""
[49.976s] -- Up-to-date: /home/deepspeed/ICRA2024/f1tenth_ws/install/teleop_tools_msgs/include/teleop_tools_msgs
[49.976s] -- Up-to-date: /home/deepspeed/ICRA2024/f1tenth_ws/install/teleop_tools_msgs/include/teleop_tools_msgs/msg
[49.977s] -- Installing: /home/deepspeed/ICRA2024/f1tenth_ws/install/teleop_tools_msgs/include/teleop_tools_msgs/msg/rosidl_typesupport_fastrtps_cpp__visibility_control.h
[49.977s] -- Up-to-date: /home/deepspeed/ICRA2024/f1tenth_ws/install/teleop_tools_msgs/include/teleop_tools_msgs/action
[49.978s] -- Up-to-date: /home/deepspeed/ICRA2024/f1tenth_ws/install/teleop_tools_msgs/include/teleop_tools_msgs/action/detail
[49.979s] -- Installing: /home/deepspeed/ICRA2024/f1tenth_ws/install/teleop_tools_msgs/include/teleop_tools_msgs/action/detail/dds_fastrtps
[49.979s] -- Installing: /home/deepspeed/ICRA2024/f1tenth_ws/install/teleop_tools_msgs/include/teleop_tools_msgs/action/detail/increment__rosidl_typesupport_fastrtps_cpp.hpp
[49.981s] -- Installing: /home/deepspeed/ICRA2024/f1tenth_ws/install/teleop_tools_msgs/lib/libteleop_tools_msgs__rosidl_typesupport_fastrtps_cpp.so
[49.988s] -- Set runtime path of "/home/deepspeed/ICRA2024/f1tenth_ws/install/teleop_tools_msgs/lib/libteleop_tools_msgs__rosidl_typesupport_fastrtps_cpp.so" to ""
[49.989s] -- Up-to-date: /home/deepspeed/ICRA2024/f1tenth_ws/install/teleop_tools_msgs/include/teleop_tools_msgs
[49.990s] -- Up-to-date: /home/deepspeed/ICRA2024/f1tenth_ws/install/teleop_tools_msgs/include/teleop_tools_msgs/msg
[49.990s] -- Installing: /home/deepspeed/ICRA2024/f1tenth_ws/install/teleop_tools_msgs/include/teleop_tools_msgs/msg/rosidl_typesupport_introspection_c__visibility_control.h
[49.991s] -- Up-to-date: /home/deepspeed/ICRA2024/f1tenth_ws/install/teleop_tools_msgs/include/teleop_tools_msgs/action
[49.992s] -- Up-to-date: /home/deepspeed/ICRA2024/f1tenth_ws/install/teleop_tools_msgs/include/teleop_tools_msgs/action/detail
[49.992s] -- Installing: /home/deepspeed/ICRA2024/f1tenth_ws/install/teleop_tools_msgs/include/teleop_tools_msgs/action/detail/increment__type_support.c
[49.993s] -- Installing: /home/deepspeed/ICRA2024/f1tenth_ws/install/teleop_tools_msgs/include/teleop_tools_msgs/action/detail/increment__rosidl_typesupport_introspection_c.h
[49.995s] -- Installing: /home/deepspeed/ICRA2024/f1tenth_ws/install/teleop_tools_msgs/lib/libteleop_tools_msgs__rosidl_typesupport_introspection_c.so
[49.999s] -- Set runtime path of "/home/deepspeed/ICRA2024/f1tenth_ws/install/teleop_tools_msgs/lib/libteleop_tools_msgs__rosidl_typesupport_introspection_c.so" to ""
[50.000s] -- Installing: /home/deepspeed/ICRA2024/f1tenth_ws/install/teleop_tools_msgs/lib/libteleop_tools_msgs__rosidl_typesupport_c.so
[50.004s] -- Set runtime path of "/home/deepspeed/ICRA2024/f1tenth_ws/install/teleop_tools_msgs/lib/libteleop_tools_msgs__rosidl_typesupport_c.so" to ""
[50.005s] -- Up-to-date: /home/deepspeed/ICRA2024/f1tenth_ws/install/teleop_tools_msgs/include/teleop_tools_msgs
[50.005s] -- Up-to-date: /home/deepspeed/ICRA2024/f1tenth_ws/install/teleop_tools_msgs/include/teleop_tools_msgs/msg
[50.008s] -- Installing: /home/deepspeed/ICRA2024/f1tenth_ws/install/teleop_tools_msgs/include/teleop_tools_msgs/msg/rosidl_generator_cpp__visibility_control.hpp
[50.008s] -- Up-to-date: /home/deepspeed/ICRA2024/f1tenth_ws/install/teleop_tools_msgs/include/teleop_tools_msgs/action
[50.009s] -- Up-to-date: /home/deepspeed/ICRA2024/f1tenth_ws/install/teleop_tools_msgs/include/teleop_tools_msgs/action/detail
[50.009s] -- Installing: /home/deepspeed/ICRA2024/f1tenth_ws/install/teleop_tools_msgs/include/teleop_tools_msgs/action/detail/increment__struct.hpp
[50.010s] -- Installing: /home/deepspeed/ICRA2024/f1tenth_ws/install/teleop_tools_msgs/include/teleop_tools_msgs/action/detail/increment__type_support.hpp
[50.011s] -- Installing: /home/deepspeed/ICRA2024/f1tenth_ws/install/teleop_tools_msgs/include/teleop_tools_msgs/action/detail/increment__traits.hpp
[50.012s] -- Installing: /home/deepspeed/ICRA2024/f1tenth_ws/install/teleop_tools_msgs/include/teleop_tools_msgs/action/detail/increment__builder.hpp
[50.013s] -- Installing: /home/deepspeed/ICRA2024/f1tenth_ws/install/teleop_tools_msgs/include/teleop_tools_msgs/action/increment.hpp
[50.015s] -- Up-to-date: /home/deepspeed/ICRA2024/f1tenth_ws/install/teleop_tools_msgs/include/teleop_tools_msgs
[50.015s] -- Up-to-date: /home/deepspeed/ICRA2024/f1tenth_ws/install/teleop_tools_msgs/include/teleop_tools_msgs/action
[50.016s] -- Up-to-date: /home/deepspeed/ICRA2024/f1tenth_ws/install/teleop_tools_msgs/include/teleop_tools_msgs/action/detail
[50.017s] -- Installing: /home/deepspeed/ICRA2024/f1tenth_ws/install/teleop_tools_msgs/include/teleop_tools_msgs/action/detail/increment__rosidl_typesupport_introspection_cpp.hpp
[50.017s] -- Installing: /home/deepspeed/ICRA2024/f1tenth_ws/install/teleop_tools_msgs/include/teleop_tools_msgs/action/detail/increment__type_support.cpp
[50.019s] -- Installing: /home/deepspeed/ICRA2024/f1tenth_ws/install/teleop_tools_msgs/lib/libteleop_tools_msgs__rosidl_typesupport_introspection_cpp.so
[50.023s] -- Set runtime path of "/home/deepspeed/ICRA2024/f1tenth_ws/install/teleop_tools_msgs/lib/libteleop_tools_msgs__rosidl_typesupport_introspection_cpp.so" to ""
[50.024s] -- Installing: /home/deepspeed/ICRA2024/f1tenth_ws/install/teleop_tools_msgs/lib/libteleop_tools_msgs__rosidl_typesupport_cpp.so
[50.028s] -- Set runtime path of "/home/deepspeed/ICRA2024/f1tenth_ws/install/teleop_tools_msgs/lib/libteleop_tools_msgs__rosidl_typesupport_cpp.so" to ""
[50.028s] -- Installing: /home/deepspeed/ICRA2024/f1tenth_ws/install/teleop_tools_msgs/share/teleop_tools_msgs/environment/pythonpath.sh
[50.030s] -- Installing: /home/deepspeed/ICRA2024/f1tenth_ws/install/teleop_tools_msgs/share/teleop_tools_msgs/environment/pythonpath.dsv
[50.032s] -- Installing: /home/deepspeed/ICRA2024/f1tenth_ws/install/teleop_tools_msgs/lib/python3.8/site-packages/teleop_tools_msgs/__init__.py
[50.288s] Compiling '/home/deepspeed/ICRA2024/f1tenth_ws/install/teleop_tools_msgs/lib/python3.8/site-packages/teleop_tools_msgs/__init__.py'...
[50.318s] -- Installing: /home/deepspeed/ICRA2024/f1tenth_ws/install/teleop_tools_msgs/lib/python3.8/site-packages/teleop_tools_msgs/action
[50.319s] -- Installing: /home/deepspeed/ICRA2024/f1tenth_ws/install/teleop_tools_msgs/lib/python3.8/site-packages/teleop_tools_msgs/action/_increment.py
[50.321s] -- Installing: /home/deepspeed/ICRA2024/f1tenth_ws/install/teleop_tools_msgs/lib/python3.8/site-packages/teleop_tools_msgs/action/_increment_s.c
[50.331s] -- Installing: /home/deepspeed/ICRA2024/f1tenth_ws/install/teleop_tools_msgs/lib/python3.8/site-packages/teleop_tools_msgs/action/__init__.py
[50.342s] -- Installing: /home/deepspeed/ICRA2024/f1tenth_ws/install/teleop_tools_msgs/lib/python3.8/site-packages/teleop_tools_msgs/teleop_tools_msgs_s__rosidl_typesupport_fastrtps_c.cpython-38-aarch64-linux-gnu.so
[50.348s] -- Set runtime path of "/home/deepspeed/ICRA2024/f1tenth_ws/install/teleop_tools_msgs/lib/python3.8/site-packages/teleop_tools_msgs/teleop_tools_msgs_s__rosidl_typesupport_fastrtps_c.cpython-38-aarch64-linux-gnu.so" to ""
[50.352s] -- Installing: /home/deepspeed/ICRA2024/f1tenth_ws/install/teleop_tools_msgs/lib/python3.8/site-packages/teleop_tools_msgs/teleop_tools_msgs_s__rosidl_typesupport_introspection_c.cpython-38-aarch64-linux-gnu.so
[50.359s] -- Set runtime path of "/home/deepspeed/ICRA2024/f1tenth_ws/install/teleop_tools_msgs/lib/python3.8/site-packages/teleop_tools_msgs/teleop_tools_msgs_s__rosidl_typesupport_introspection_c.cpython-38-aarch64-linux-gnu.so" to ""
[50.361s] -- Installing: /home/deepspeed/ICRA2024/f1tenth_ws/install/teleop_tools_msgs/lib/python3.8/site-packages/teleop_tools_msgs/teleop_tools_msgs_s__rosidl_typesupport_c.cpython-38-aarch64-linux-gnu.so
[50.367s] -- Set runtime path of "/home/deepspeed/ICRA2024/f1tenth_ws/install/teleop_tools_msgs/lib/python3.8/site-packages/teleop_tools_msgs/teleop_tools_msgs_s__rosidl_typesupport_c.cpython-38-aarch64-linux-gnu.so" to ""
[50.375s] -- Installing: /home/deepspeed/ICRA2024/f1tenth_ws/install/teleop_tools_msgs/lib/libteleop_tools_msgs__python.so
[50.382s] -- Set runtime path of "/home/deepspeed/ICRA2024/f1tenth_ws/install/teleop_tools_msgs/lib/libteleop_tools_msgs__python.so" to ""
[50.384s] -- Installing: /home/deepspeed/ICRA2024/f1tenth_ws/install/teleop_tools_msgs/share/teleop_tools_msgs/action/Increment.idl
[50.387s] -- Installing: /home/deepspeed/ICRA2024/f1tenth_ws/install/teleop_tools_msgs/share/teleop_tools_msgs/action/Increment.action
[50.389s] -- Installing: /home/deepspeed/ICRA2024/f1tenth_ws/install/teleop_tools_msgs/share/ament_index/resource_index/package_run_dependencies/teleop_tools_msgs
[50.392s] -- Installing: /home/deepspeed/ICRA2024/f1tenth_ws/install/teleop_tools_msgs/share/ament_index/resource_index/parent_prefix_path/teleop_tools_msgs
[50.396s] -- Installing: /home/deepspeed/ICRA2024/f1tenth_ws/install/teleop_tools_msgs/share/teleop_tools_msgs/environment/ament_prefix_path.sh
[50.399s] -- Installing: /home/deepspeed/ICRA2024/f1tenth_ws/install/teleop_tools_msgs/share/teleop_tools_msgs/environment/ament_prefix_path.dsv
[50.401s] -- Installing: /home/deepspeed/ICRA2024/f1tenth_ws/install/teleop_tools_msgs/share/teleop_tools_msgs/environment/path.sh
[50.403s] -- Installing: /home/deepspeed/ICRA2024/f1tenth_ws/install/teleop_tools_msgs/share/teleop_tools_msgs/environment/path.dsv
[50.407s] -- Installing: /home/deepspeed/ICRA2024/f1tenth_ws/install/teleop_tools_msgs/share/teleop_tools_msgs/local_setup.bash
[50.410s] -- Installing: /home/deepspeed/ICRA2024/f1tenth_ws/install/teleop_tools_msgs/share/teleop_tools_msgs/local_setup.sh
[50.413s] -- Installing: /home/deepspeed/ICRA2024/f1tenth_ws/install/teleop_tools_msgs/share/teleop_tools_msgs/local_setup.zsh
[50.416s] -- Installing: /home/deepspeed/ICRA2024/f1tenth_ws/install/teleop_tools_msgs/share/teleop_tools_msgs/local_setup.dsv
[50.418s] -- Installing: /home/deepspeed/ICRA2024/f1tenth_ws/install/teleop_tools_msgs/share/teleop_tools_msgs/package.dsv
[50.421s] -- Installing: /home/deepspeed/ICRA2024/f1tenth_ws/install/teleop_tools_msgs/share/ament_index/resource_index/packages/teleop_tools_msgs
[50.424s] -- Installing: /home/deepspeed/ICRA2024/f1tenth_ws/install/teleop_tools_msgs/share/teleop_tools_msgs/cmake/teleop_tools_msgs__rosidl_generator_cExport.cmake
[50.426s] -- Installing: /home/deepspeed/ICRA2024/f1tenth_ws/install/teleop_tools_msgs/share/teleop_tools_msgs/cmake/teleop_tools_msgs__rosidl_generator_cExport-noconfig.cmake
[50.430s] -- Installing: /home/deepspeed/ICRA2024/f1tenth_ws/install/teleop_tools_msgs/share/teleop_tools_msgs/cmake/teleop_tools_msgs__rosidl_typesupport_introspection_cExport.cmake
[50.432s] -- Installing: /home/deepspeed/ICRA2024/f1tenth_ws/install/teleop_tools_msgs/share/teleop_tools_msgs/cmake/teleop_tools_msgs__rosidl_typesupport_introspection_cExport-noconfig.cmake
[50.435s] -- Installing: /home/deepspeed/ICRA2024/f1tenth_ws/install/teleop_tools_msgs/share/teleop_tools_msgs/cmake/teleop_tools_msgs__rosidl_typesupport_cExport.cmake
[50.440s] -- Installing: /home/deepspeed/ICRA2024/f1tenth_ws/install/teleop_tools_msgs/share/teleop_tools_msgs/cmake/teleop_tools_msgs__rosidl_typesupport_cExport-noconfig.cmake
[50.444s] -- Installing: /home/deepspeed/ICRA2024/f1tenth_ws/install/teleop_tools_msgs/share/teleop_tools_msgs/cmake/teleop_tools_msgs__rosidl_generator_cppExport.cmake
[50.445s] -- Installing: /home/deepspeed/ICRA2024/f1tenth_ws/install/teleop_tools_msgs/share/teleop_tools_msgs/cmake/teleop_tools_msgs__rosidl_typesupport_introspection_cppExport.cmake
[50.447s] -- Installing: /home/deepspeed/ICRA2024/f1tenth_ws/install/teleop_tools_msgs/share/teleop_tools_msgs/cmake/teleop_tools_msgs__rosidl_typesupport_introspection_cppExport-noconfig.cmake
[50.448s] -- Installing: /home/deepspeed/ICRA2024/f1tenth_ws/install/teleop_tools_msgs/share/teleop_tools_msgs/cmake/teleop_tools_msgs__rosidl_typesupport_cppExport.cmake
[50.449s] -- Installing: /home/deepspeed/ICRA2024/f1tenth_ws/install/teleop_tools_msgs/share/teleop_tools_msgs/cmake/teleop_tools_msgs__rosidl_typesupport_cppExport-noconfig.cmake
[50.450s] -- Installing: /home/deepspeed/ICRA2024/f1tenth_ws/install/teleop_tools_msgs/share/teleop_tools_msgs/cmake/rosidl_cmake-extras.cmake
[50.451s] -- Installing: /home/deepspeed/ICRA2024/f1tenth_ws/install/teleop_tools_msgs/share/teleop_tools_msgs/cmake/ament_cmake_export_dependencies-extras.cmake
[50.452s] -- Installing: /home/deepspeed/ICRA2024/f1tenth_ws/install/teleop_tools_msgs/share/teleop_tools_msgs/cmake/ament_cmake_export_libraries-extras.cmake
[50.453s] -- Installing: /home/deepspeed/ICRA2024/f1tenth_ws/install/teleop_tools_msgs/share/teleop_tools_msgs/cmake/ament_cmake_export_targets-extras.cmake
[50.455s] -- Installing: /home/deepspeed/ICRA2024/f1tenth_ws/install/teleop_tools_msgs/share/teleop_tools_msgs/cmake/ament_cmake_export_include_directories-extras.cmake
[50.456s] -- Installing: /home/deepspeed/ICRA2024/f1tenth_ws/install/teleop_tools_msgs/share/teleop_tools_msgs/cmake/rosidl_cmake_export_typesupport_libraries-extras.cmake
[50.457s] -- Installing: /home/deepspeed/ICRA2024/f1tenth_ws/install/teleop_tools_msgs/share/teleop_tools_msgs/cmake/rosidl_cmake_export_typesupport_targets-extras.cmake
[50.458s] -- Installing: /home/deepspeed/ICRA2024/f1tenth_ws/install/teleop_tools_msgs/share/teleop_tools_msgs/cmake/teleop_tools_msgsConfig.cmake
[50.459s] -- Installing: /home/deepspeed/ICRA2024/f1tenth_ws/install/teleop_tools_msgs/share/teleop_tools_msgs/cmake/teleop_tools_msgsConfig-version.cmake
[50.461s] -- Installing: /home/deepspeed/ICRA2024/f1tenth_ws/install/teleop_tools_msgs/share/teleop_tools_msgs/package.xml
[50.476s] Invoked command in '/home/deepspeed/ICRA2024/f1tenth_ws/build/teleop_tools_msgs' returned '0': CMAKE_PREFIX_PATH=/opt/ros/foxy /usr/bin/cmake --install /home/deepspeed/ICRA2024/f1tenth_ws/build/teleop_tools_msgs
