[4.026s] Invoking command in '/home/deepspeed/ICRA2024/f1tenth_ws/build/teleop_tools_msgs': CMAKE_PREFIX_PATH=${CMAKE_PREFIX_PATH}:/home/deepspeed/ICRA2024/f1tenth_ws/install/f1tenth_stack:/home/deepspeed/ICRA2024/f1tenth_ws/install/joy_teleop:/home/deepspeed/ICRA2024/f1tenth_ws/install/mouse_teleop:/home/deepspeed/ICRA2024/f1tenth_ws/install/key_teleop:/home/deepspeed/ICRA2024/f1tenth_ws/install/automatic_emergency_braking:/opt/ros/foxy /usr/bin/cmake --build /home/deepspeed/ICRA2024/f1tenth_ws/build/teleop_tools_msgs -- -j6 -l6
[9.766s] [  3%] Built target teleop_tools_msgs__cpp
[9.767s] [ 12%] Built target teleop_tools_msgs__rosidl_generator_c
[9.767s] [ 29%] Built target teleop_tools_msgs__rosidl_typesupport_introspection_cpp
[9.771s] [ 32%] Built target teleop_tools_msgs__rosidl_typesupport_cpp
[9.774s] [ 41%] Built target teleop_tools_msgs__rosidl_typesupport_fastrtps_cpp
[9.775s] [ 51%] Built target teleop_tools_msgs__rosidl_typesupport_c
[9.776s] [ 61%] Built target teleop_tools_msgs__rosidl_typesupport_introspection_c
[9.786s] [ 70%] Built target teleop_tools_msgs__rosidl_typesupport_fastrtps_c
[9.787s] [ 70%] Built target teleop_tools_msgs
[9.787s] [ 74%] Built target teleop_tools_msgs__py
[9.787s] [ 80%] Built target teleop_tools_msgs__python
[9.788s] [ 87%] Built target teleop_tools_msgs__rosidl_typesupport_introspection_c__pyext
[9.789s] [ 93%] Built target teleop_tools_msgs__rosidl_typesupport_c__pyext
[9.789s] [100%] Built target teleop_tools_msgs__rosidl_typesupport_fastrtps_c__pyext
[9.809s] Invoked command in '/home/deepspeed/ICRA2024/f1tenth_ws/build/teleop_tools_msgs' returned '0': CMAKE_PREFIX_PATH=${CMAKE_PREFIX_PATH}:/home/deepspeed/ICRA2024/f1tenth_ws/install/f1tenth_stack:/home/deepspeed/ICRA2024/f1tenth_ws/install/joy_teleop:/home/deepspeed/ICRA2024/f1tenth_ws/install/mouse_teleop:/home/deepspeed/ICRA2024/f1tenth_ws/install/key_teleop:/home/deepspeed/ICRA2024/f1tenth_ws/install/automatic_emergency_braking:/opt/ros/foxy /usr/bin/cmake --build /home/deepspeed/ICRA2024/f1tenth_ws/build/teleop_tools_msgs -- -j6 -l6
[10.220s] Invoking command in '/home/deepspeed/ICRA2024/f1tenth_ws/build/teleop_tools_msgs': CMAKE_PREFIX_PATH=${CMAKE_PREFIX_PATH}:/home/deepspeed/ICRA2024/f1tenth_ws/install/f1tenth_stack:/home/deepspeed/ICRA2024/f1tenth_ws/install/joy_teleop:/home/deepspeed/ICRA2024/f1tenth_ws/install/mouse_teleop:/home/deepspeed/ICRA2024/f1tenth_ws/install/key_teleop:/home/deepspeed/ICRA2024/f1tenth_ws/install/automatic_emergency_braking:/opt/ros/foxy /usr/bin/cmake --install /home/deepspeed/ICRA2024/f1tenth_ws/build/teleop_tools_msgs
[10.388s] -- Install configuration: ""
[10.389s] -- Up-to-date: /home/deepspeed/ICRA2024/f1tenth_ws/install/teleop_tools_msgs/share/ament_index/resource_index/rosidl_interfaces/teleop_tools_msgs
[10.389s] -- Up-to-date: /home/deepspeed/ICRA2024/f1tenth_ws/install/teleop_tools_msgs/include/teleop_tools_msgs
[10.389s] -- Up-to-date: /home/deepspeed/ICRA2024/f1tenth_ws/install/teleop_tools_msgs/include/teleop_tools_msgs/msg
[10.390s] -- Up-to-date: /home/deepspeed/ICRA2024/f1tenth_ws/install/teleop_tools_msgs/include/teleop_tools_msgs/msg/rosidl_generator_c__visibility_control.h
[10.390s] -- Up-to-date: /home/deepspeed/ICRA2024/f1tenth_ws/install/teleop_tools_msgs/include/teleop_tools_msgs/action
[10.391s] -- Up-to-date: /home/deepspeed/ICRA2024/f1tenth_ws/install/teleop_tools_msgs/include/teleop_tools_msgs/action/detail
[10.391s] -- Up-to-date: /home/deepspeed/ICRA2024/f1tenth_ws/install/teleop_tools_msgs/include/teleop_tools_msgs/action/detail/increment__functions.c
[10.431s] -- Up-to-date: /home/deepspeed/ICRA2024/f1tenth_ws/install/teleop_tools_msgs/include/teleop_tools_msgs/action/detail/increment__struct.h
[10.432s] -- Up-to-date: /home/deepspeed/ICRA2024/f1tenth_ws/install/teleop_tools_msgs/include/teleop_tools_msgs/action/detail/increment__functions.h
[10.433s] -- Up-to-date: /home/deepspeed/ICRA2024/f1tenth_ws/install/teleop_tools_msgs/include/teleop_tools_msgs/action/detail/increment__type_support.h
[10.433s] -- Up-to-date: /home/deepspeed/ICRA2024/f1tenth_ws/install/teleop_tools_msgs/include/teleop_tools_msgs/action/increment.h
[10.434s] -- Up-to-date: /home/deepspeed/ICRA2024/f1tenth_ws/install/teleop_tools_msgs/share/teleop_tools_msgs/environment/library_path.sh
[10.435s] -- Up-to-date: /home/deepspeed/ICRA2024/f1tenth_ws/install/teleop_tools_msgs/share/teleop_tools_msgs/environment/library_path.dsv
[10.435s] -- Up-to-date: /home/deepspeed/ICRA2024/f1tenth_ws/install/teleop_tools_msgs/lib/libteleop_tools_msgs__rosidl_generator_c.so
[10.436s] -- Up-to-date: /home/deepspeed/ICRA2024/f1tenth_ws/install/teleop_tools_msgs/include/teleop_tools_msgs
[10.436s] -- Up-to-date: /home/deepspeed/ICRA2024/f1tenth_ws/install/teleop_tools_msgs/include/teleop_tools_msgs/msg
[10.437s] -- Up-to-date: /home/deepspeed/ICRA2024/f1tenth_ws/install/teleop_tools_msgs/include/teleop_tools_msgs/msg/rosidl_typesupport_fastrtps_c__visibility_control.h
[10.437s] -- Up-to-date: /home/deepspeed/ICRA2024/f1tenth_ws/install/teleop_tools_msgs/include/teleop_tools_msgs/action
[10.437s] -- Up-to-date: /home/deepspeed/ICRA2024/f1tenth_ws/install/teleop_tools_msgs/include/teleop_tools_msgs/action/detail
[10.438s] -- Up-to-date: /home/deepspeed/ICRA2024/f1tenth_ws/install/teleop_tools_msgs/include/teleop_tools_msgs/action/detail/increment__rosidl_typesupport_fastrtps_c.h
[10.438s] -- Up-to-date: /home/deepspeed/ICRA2024/f1tenth_ws/install/teleop_tools_msgs/lib/libteleop_tools_msgs__rosidl_typesupport_fastrtps_c.so
[10.439s] -- Up-to-date: /home/deepspeed/ICRA2024/f1tenth_ws/install/teleop_tools_msgs/include/teleop_tools_msgs
[10.439s] -- Up-to-date: /home/deepspeed/ICRA2024/f1tenth_ws/install/teleop_tools_msgs/include/teleop_tools_msgs/msg
[10.439s] -- Up-to-date: /home/deepspeed/ICRA2024/f1tenth_ws/install/teleop_tools_msgs/include/teleop_tools_msgs/msg/rosidl_typesupport_fastrtps_cpp__visibility_control.h
[10.440s] -- Up-to-date: /home/deepspeed/ICRA2024/f1tenth_ws/install/teleop_tools_msgs/include/teleop_tools_msgs/action
[10.453s] -- Up-to-date: /home/deepspeed/ICRA2024/f1tenth_ws/install/teleop_tools_msgs/include/teleop_tools_msgs/action/detail
[10.453s] -- Up-to-date: /home/deepspeed/ICRA2024/f1tenth_ws/install/teleop_tools_msgs/include/teleop_tools_msgs/action/detail/dds_fastrtps
[10.454s] -- Up-to-date: /home/deepspeed/ICRA2024/f1tenth_ws/install/teleop_tools_msgs/include/teleop_tools_msgs/action/detail/increment__rosidl_typesupport_fastrtps_cpp.hpp
[10.454s] -- Up-to-date: /home/deepspeed/ICRA2024/f1tenth_ws/install/teleop_tools_msgs/lib/libteleop_tools_msgs__rosidl_typesupport_fastrtps_cpp.so
[10.455s] -- Up-to-date: /home/deepspeed/ICRA2024/f1tenth_ws/install/teleop_tools_msgs/include/teleop_tools_msgs
[10.455s] -- Up-to-date: /home/deepspeed/ICRA2024/f1tenth_ws/install/teleop_tools_msgs/include/teleop_tools_msgs/msg
[10.456s] -- Up-to-date: /home/deepspeed/ICRA2024/f1tenth_ws/install/teleop_tools_msgs/include/teleop_tools_msgs/msg/rosidl_typesupport_introspection_c__visibility_control.h
[10.456s] -- Up-to-date: /home/deepspeed/ICRA2024/f1tenth_ws/install/teleop_tools_msgs/include/teleop_tools_msgs/action
[10.457s] -- Up-to-date: /home/deepspeed/ICRA2024/f1tenth_ws/install/teleop_tools_msgs/include/teleop_tools_msgs/action/detail
[10.457s] -- Up-to-date: /home/deepspeed/ICRA2024/f1tenth_ws/install/teleop_tools_msgs/include/teleop_tools_msgs/action/detail/increment__type_support.c
[10.457s] -- Up-to-date: /home/deepspeed/ICRA2024/f1tenth_ws/install/teleop_tools_msgs/include/teleop_tools_msgs/action/detail/increment__rosidl_typesupport_introspection_c.h
[10.458s] -- Up-to-date: /home/deepspeed/ICRA2024/f1tenth_ws/install/teleop_tools_msgs/lib/libteleop_tools_msgs__rosidl_typesupport_introspection_c.so
[10.458s] -- Up-to-date: /home/deepspeed/ICRA2024/f1tenth_ws/install/teleop_tools_msgs/lib/libteleop_tools_msgs__rosidl_typesupport_c.so
[10.459s] -- Up-to-date: /home/deepspeed/ICRA2024/f1tenth_ws/install/teleop_tools_msgs/include/teleop_tools_msgs
[10.459s] -- Up-to-date: /home/deepspeed/ICRA2024/f1tenth_ws/install/teleop_tools_msgs/include/teleop_tools_msgs/msg
[10.459s] -- Up-to-date: /home/deepspeed/ICRA2024/f1tenth_ws/install/teleop_tools_msgs/include/teleop_tools_msgs/msg/rosidl_generator_cpp__visibility_control.hpp
[10.460s] -- Up-to-date: /home/deepspeed/ICRA2024/f1tenth_ws/install/teleop_tools_msgs/include/teleop_tools_msgs/action
[10.460s] -- Up-to-date: /home/deepspeed/ICRA2024/f1tenth_ws/install/teleop_tools_msgs/include/teleop_tools_msgs/action/detail
[10.461s] -- Up-to-date: /home/deepspeed/ICRA2024/f1tenth_ws/install/teleop_tools_msgs/include/teleop_tools_msgs/action/detail/increment__struct.hpp
[10.461s] -- Up-to-date: /home/deepspeed/ICRA2024/f1tenth_ws/install/teleop_tools_msgs/include/teleop_tools_msgs/action/detail/increment__type_support.hpp
[10.461s] -- Up-to-date: /home/deepspeed/ICRA2024/f1tenth_ws/install/teleop_tools_msgs/include/teleop_tools_msgs/action/detail/increment__traits.hpp
[10.462s] -- Up-to-date: /home/deepspeed/ICRA2024/f1tenth_ws/install/teleop_tools_msgs/include/teleop_tools_msgs/action/detail/increment__builder.hpp
[10.462s] -- Up-to-date: /home/deepspeed/ICRA2024/f1tenth_ws/install/teleop_tools_msgs/include/teleop_tools_msgs/action/increment.hpp
[10.463s] -- Up-to-date: /home/deepspeed/ICRA2024/f1tenth_ws/install/teleop_tools_msgs/include/teleop_tools_msgs
[10.463s] -- Up-to-date: /home/deepspeed/ICRA2024/f1tenth_ws/install/teleop_tools_msgs/include/teleop_tools_msgs/action
[10.463s] -- Up-to-date: /home/deepspeed/ICRA2024/f1tenth_ws/install/teleop_tools_msgs/include/teleop_tools_msgs/action/detail
[10.464s] -- Up-to-date: /home/deepspeed/ICRA2024/f1tenth_ws/install/teleop_tools_msgs/include/teleop_tools_msgs/action/detail/increment__rosidl_typesupport_introspection_cpp.hpp
[10.464s] -- Up-to-date: /home/deepspeed/ICRA2024/f1tenth_ws/install/teleop_tools_msgs/include/teleop_tools_msgs/action/detail/increment__type_support.cpp
[10.465s] -- Up-to-date: /home/deepspeed/ICRA2024/f1tenth_ws/install/teleop_tools_msgs/lib/libteleop_tools_msgs__rosidl_typesupport_introspection_cpp.so
[10.466s] -- Up-to-date: /home/deepspeed/ICRA2024/f1tenth_ws/install/teleop_tools_msgs/lib/libteleop_tools_msgs__rosidl_typesupport_cpp.so
[10.467s] -- Up-to-date: /home/deepspeed/ICRA2024/f1tenth_ws/install/teleop_tools_msgs/share/teleop_tools_msgs/environment/pythonpath.sh
[10.479s] -- Up-to-date: /home/deepspeed/ICRA2024/f1tenth_ws/install/teleop_tools_msgs/share/teleop_tools_msgs/environment/pythonpath.dsv
[10.480s] -- Up-to-date: /home/deepspeed/ICRA2024/f1tenth_ws/install/teleop_tools_msgs/lib/python3.8/site-packages/teleop_tools_msgs/__init__.py
[10.660s] -- Up-to-date: /home/deepspeed/ICRA2024/f1tenth_ws/install/teleop_tools_msgs/lib/python3.8/site-packages/teleop_tools_msgs/action
[10.661s] -- Up-to-date: /home/deepspeed/ICRA2024/f1tenth_ws/install/teleop_tools_msgs/lib/python3.8/site-packages/teleop_tools_msgs/action/_increment.py
[10.662s] -- Up-to-date: /home/deepspeed/ICRA2024/f1tenth_ws/install/teleop_tools_msgs/lib/python3.8/site-packages/teleop_tools_msgs/action/_increment_s.c
[10.662s] -- Up-to-date: /home/deepspeed/ICRA2024/f1tenth_ws/install/teleop_tools_msgs/lib/python3.8/site-packages/teleop_tools_msgs/action/__init__.py
[10.664s] -- Up-to-date: /home/deepspeed/ICRA2024/f1tenth_ws/install/teleop_tools_msgs/lib/python3.8/site-packages/teleop_tools_msgs/teleop_tools_msgs_s__rosidl_typesupport_fastrtps_c.cpython-38-aarch64-linux-gnu.so
[10.670s] -- Up-to-date: /home/deepspeed/ICRA2024/f1tenth_ws/install/teleop_tools_msgs/lib/python3.8/site-packages/teleop_tools_msgs/teleop_tools_msgs_s__rosidl_typesupport_introspection_c.cpython-38-aarch64-linux-gnu.so
[10.674s] -- Up-to-date: /home/deepspeed/ICRA2024/f1tenth_ws/install/teleop_tools_msgs/lib/python3.8/site-packages/teleop_tools_msgs/teleop_tools_msgs_s__rosidl_typesupport_c.cpython-38-aarch64-linux-gnu.so
[10.678s] -- Up-to-date: /home/deepspeed/ICRA2024/f1tenth_ws/install/teleop_tools_msgs/lib/libteleop_tools_msgs__python.so
[10.680s] -- Up-to-date: /home/deepspeed/ICRA2024/f1tenth_ws/install/teleop_tools_msgs/share/teleop_tools_msgs/action/Increment.idl
[10.681s] -- Up-to-date: /home/deepspeed/ICRA2024/f1tenth_ws/install/teleop_tools_msgs/share/teleop_tools_msgs/action/Increment.action
[10.681s] -- Up-to-date: /home/deepspeed/ICRA2024/f1tenth_ws/install/teleop_tools_msgs/share/ament_index/resource_index/package_run_dependencies/teleop_tools_msgs
[10.682s] -- Up-to-date: /home/deepspeed/ICRA2024/f1tenth_ws/install/teleop_tools_msgs/share/ament_index/resource_index/parent_prefix_path/teleop_tools_msgs
[10.682s] -- Up-to-date: /home/deepspeed/ICRA2024/f1tenth_ws/install/teleop_tools_msgs/share/teleop_tools_msgs/environment/ament_prefix_path.sh
[10.683s] -- Up-to-date: /home/deepspeed/ICRA2024/f1tenth_ws/install/teleop_tools_msgs/share/teleop_tools_msgs/environment/ament_prefix_path.dsv
[10.686s] -- Up-to-date: /home/deepspeed/ICRA2024/f1tenth_ws/install/teleop_tools_msgs/share/teleop_tools_msgs/environment/path.sh
[10.687s] -- Up-to-date: /home/deepspeed/ICRA2024/f1tenth_ws/install/teleop_tools_msgs/share/teleop_tools_msgs/environment/path.dsv
[10.687s] -- Up-to-date: /home/deepspeed/ICRA2024/f1tenth_ws/install/teleop_tools_msgs/share/teleop_tools_msgs/local_setup.bash
[10.688s] -- Up-to-date: /home/deepspeed/ICRA2024/f1tenth_ws/install/teleop_tools_msgs/share/teleop_tools_msgs/local_setup.sh
[10.689s] -- Up-to-date: /home/deepspeed/ICRA2024/f1tenth_ws/install/teleop_tools_msgs/share/teleop_tools_msgs/local_setup.zsh
[10.689s] -- Up-to-date: /home/deepspeed/ICRA2024/f1tenth_ws/install/teleop_tools_msgs/share/teleop_tools_msgs/local_setup.dsv
[10.690s] -- Installing: /home/deepspeed/ICRA2024/f1tenth_ws/install/teleop_tools_msgs/share/teleop_tools_msgs/package.dsv
[10.690s] -- Up-to-date: /home/deepspeed/ICRA2024/f1tenth_ws/install/teleop_tools_msgs/share/ament_index/resource_index/packages/teleop_tools_msgs
[10.691s] -- Up-to-date: /home/deepspeed/ICRA2024/f1tenth_ws/install/teleop_tools_msgs/share/teleop_tools_msgs/cmake/teleop_tools_msgs__rosidl_generator_cExport.cmake
[10.691s] -- Up-to-date: /home/deepspeed/ICRA2024/f1tenth_ws/install/teleop_tools_msgs/share/teleop_tools_msgs/cmake/teleop_tools_msgs__rosidl_generator_cExport-noconfig.cmake
[10.692s] -- Up-to-date: /home/deepspeed/ICRA2024/f1tenth_ws/install/teleop_tools_msgs/share/teleop_tools_msgs/cmake/teleop_tools_msgs__rosidl_typesupport_introspection_cExport.cmake
[10.693s] -- Up-to-date: /home/deepspeed/ICRA2024/f1tenth_ws/install/teleop_tools_msgs/share/teleop_tools_msgs/cmake/teleop_tools_msgs__rosidl_typesupport_introspection_cExport-noconfig.cmake
[10.693s] -- Up-to-date: /home/deepspeed/ICRA2024/f1tenth_ws/install/teleop_tools_msgs/share/teleop_tools_msgs/cmake/teleop_tools_msgs__rosidl_typesupport_cExport.cmake
[10.694s] -- Up-to-date: /home/deepspeed/ICRA2024/f1tenth_ws/install/teleop_tools_msgs/share/teleop_tools_msgs/cmake/teleop_tools_msgs__rosidl_typesupport_cExport-noconfig.cmake
[10.694s] -- Up-to-date: /home/deepspeed/ICRA2024/f1tenth_ws/install/teleop_tools_msgs/share/teleop_tools_msgs/cmake/teleop_tools_msgs__rosidl_generator_cppExport.cmake
[10.695s] -- Up-to-date: /home/deepspeed/ICRA2024/f1tenth_ws/install/teleop_tools_msgs/share/teleop_tools_msgs/cmake/teleop_tools_msgs__rosidl_typesupport_introspection_cppExport.cmake
[10.696s] -- Up-to-date: /home/deepspeed/ICRA2024/f1tenth_ws/install/teleop_tools_msgs/share/teleop_tools_msgs/cmake/teleop_tools_msgs__rosidl_typesupport_introspection_cppExport-noconfig.cmake
[10.698s] -- Up-to-date: /home/deepspeed/ICRA2024/f1tenth_ws/install/teleop_tools_msgs/share/teleop_tools_msgs/cmake/teleop_tools_msgs__rosidl_typesupport_cppExport.cmake
[10.699s] -- Up-to-date: /home/deepspeed/ICRA2024/f1tenth_ws/install/teleop_tools_msgs/share/teleop_tools_msgs/cmake/teleop_tools_msgs__rosidl_typesupport_cppExport-noconfig.cmake
[10.717s] -- Up-to-date: /home/deepspeed/ICRA2024/f1tenth_ws/install/teleop_tools_msgs/share/teleop_tools_msgs/cmake/rosidl_cmake-extras.cmake
[10.717s] -- Up-to-date: /home/deepspeed/ICRA2024/f1tenth_ws/install/teleop_tools_msgs/share/teleop_tools_msgs/cmake/ament_cmake_export_dependencies-extras.cmake
[10.718s] -- Up-to-date: /home/deepspeed/ICRA2024/f1tenth_ws/install/teleop_tools_msgs/share/teleop_tools_msgs/cmake/ament_cmake_export_libraries-extras.cmake
[10.718s] -- Up-to-date: /home/deepspeed/ICRA2024/f1tenth_ws/install/teleop_tools_msgs/share/teleop_tools_msgs/cmake/ament_cmake_export_targets-extras.cmake
[10.719s] -- Up-to-date: /home/deepspeed/ICRA2024/f1tenth_ws/install/teleop_tools_msgs/share/teleop_tools_msgs/cmake/ament_cmake_export_include_directories-extras.cmake
[10.719s] -- Up-to-date: /home/deepspeed/ICRA2024/f1tenth_ws/install/teleop_tools_msgs/share/teleop_tools_msgs/cmake/rosidl_cmake_export_typesupport_libraries-extras.cmake
[10.720s] -- Up-to-date: /home/deepspeed/ICRA2024/f1tenth_ws/install/teleop_tools_msgs/share/teleop_tools_msgs/cmake/rosidl_cmake_export_typesupport_targets-extras.cmake
[10.720s] -- Up-to-date: /home/deepspeed/ICRA2024/f1tenth_ws/install/teleop_tools_msgs/share/teleop_tools_msgs/cmake/teleop_tools_msgsConfig.cmake
[10.721s] -- Up-to-date: /home/deepspeed/ICRA2024/f1tenth_ws/install/teleop_tools_msgs/share/teleop_tools_msgs/cmake/teleop_tools_msgsConfig-version.cmake
[10.721s] -- Up-to-date: /home/deepspeed/ICRA2024/f1tenth_ws/install/teleop_tools_msgs/share/teleop_tools_msgs/package.xml
[11.214s] Invoked command in '/home/deepspeed/ICRA2024/f1tenth_ws/build/teleop_tools_msgs' returned '0': CMAKE_PREFIX_PATH=${CMAKE_PREFIX_PATH}:/home/deepspeed/ICRA2024/f1tenth_ws/install/f1tenth_stack:/home/deepspeed/ICRA2024/f1tenth_ws/install/joy_teleop:/home/deepspeed/ICRA2024/f1tenth_ws/install/mouse_teleop:/home/deepspeed/ICRA2024/f1tenth_ws/install/key_teleop:/home/deepspeed/ICRA2024/f1tenth_ws/install/automatic_emergency_braking:/opt/ros/foxy /usr/bin/cmake --install /home/deepspeed/ICRA2024/f1tenth_ws/build/teleop_tools_msgs
