[4.658s] Invoking command in '/home/deepspeed/ICRA2024/f1tenth_ws/build/vesc_msgs': CMAKE_PREFIX_PATH=${CMAKE_PREFIX_PATH}:/home/deepspeed/ICRA2024/f1tenth_ws/install/f1tenth_stack:/home/deepspeed/ICRA2024/f1tenth_ws/install/joy_teleop:/home/deepspeed/ICRA2024/f1tenth_ws/install/mouse_teleop:/home/deepspeed/ICRA2024/f1tenth_ws/install/key_teleop:/home/deepspeed/ICRA2024/f1tenth_ws/install/automatic_emergency_braking:/opt/ros/foxy /usr/bin/cmake --build /home/deepspeed/ICRA2024/f1tenth_ws/build/vesc_msgs -- -j6 -l6
[10.638s] [  1%] Built target vesc_msgs__cpp
[10.644s] [ 12%] Built target vesc_msgs__rosidl_generator_c
[10.647s] [ 23%] Built target vesc_msgs__rosidl_typesupport_cpp
[10.649s] [ 34%] Built target vesc_msgs__rosidl_typesupport_introspection_cpp
[10.651s] [ 45%] Built target vesc_msgs__rosidl_typesupport_c
[10.652s] [ 56%] Built target vesc_msgs__rosidl_typesupport_introspection_c
[10.654s] [ 67%] Built target vesc_msgs__rosidl_typesupport_fastrtps_cpp
[10.655s] [ 78%] Built target vesc_msgs__rosidl_typesupport_fastrtps_c
[10.656s] [ 78%] Built target vesc_msgs
[10.658s] [ 80%] Built target vesc_msgs__py
[10.668s] [ 89%] Built target vesc_msgs__python
[10.671s] [ 96%] Built target vesc_msgs__rosidl_typesupport_fastrtps_c__pyext
[10.672s] [ 96%] Built target vesc_msgs__rosidl_typesupport_introspection_c__pyext
[10.675s] [100%] Built target vesc_msgs__rosidl_typesupport_c__pyext
[10.729s] Invoked command in '/home/deepspeed/ICRA2024/f1tenth_ws/build/vesc_msgs' returned '0': CMAKE_PREFIX_PATH=${CMAKE_PREFIX_PATH}:/home/deepspeed/ICRA2024/f1tenth_ws/install/f1tenth_stack:/home/deepspeed/ICRA2024/f1tenth_ws/install/joy_teleop:/home/deepspeed/ICRA2024/f1tenth_ws/install/mouse_teleop:/home/deepspeed/ICRA2024/f1tenth_ws/install/key_teleop:/home/deepspeed/ICRA2024/f1tenth_ws/install/automatic_emergency_braking:/opt/ros/foxy /usr/bin/cmake --build /home/deepspeed/ICRA2024/f1tenth_ws/build/vesc_msgs -- -j6 -l6
[12.998s] Invoking command in '/home/deepspeed/ICRA2024/f1tenth_ws/build/vesc_msgs': CMAKE_PREFIX_PATH=${CMAKE_PREFIX_PATH}:/home/deepspeed/ICRA2024/f1tenth_ws/install/f1tenth_stack:/home/deepspeed/ICRA2024/f1tenth_ws/install/joy_teleop:/home/deepspeed/ICRA2024/f1tenth_ws/install/mouse_teleop:/home/deepspeed/ICRA2024/f1tenth_ws/install/key_teleop:/home/deepspeed/ICRA2024/f1tenth_ws/install/automatic_emergency_braking:/opt/ros/foxy /usr/bin/cmake --install /home/deepspeed/ICRA2024/f1tenth_ws/build/vesc_msgs
[13.067s] -- Install configuration: ""
[13.070s] -- Up-to-date: /home/deepspeed/ICRA2024/f1tenth_ws/install/vesc_msgs/share/ament_index/resource_index/rosidl_interfaces/vesc_msgs
[13.071s] -- Up-to-date: /home/deepspeed/ICRA2024/f1tenth_ws/install/vesc_msgs/include/vesc_msgs
[13.072s] -- Up-to-date: /home/deepspeed/ICRA2024/f1tenth_ws/install/vesc_msgs/include/vesc_msgs/msg
[13.074s] -- Up-to-date: /home/deepspeed/ICRA2024/f1tenth_ws/install/vesc_msgs/include/vesc_msgs/msg/vesc_state.h
[13.075s] -- Up-to-date: /home/deepspeed/ICRA2024/f1tenth_ws/install/vesc_msgs/include/vesc_msgs/msg/detail
[13.077s] -- Up-to-date: /home/deepspeed/ICRA2024/f1tenth_ws/install/vesc_msgs/include/vesc_msgs/msg/detail/vesc_state_stamped__type_support.h
[13.079s] -- Up-to-date: /home/deepspeed/ICRA2024/f1tenth_ws/install/vesc_msgs/include/vesc_msgs/msg/detail/vesc_state_stamped__struct.h
[13.080s] -- Up-to-date: /home/deepspeed/ICRA2024/f1tenth_ws/install/vesc_msgs/include/vesc_msgs/msg/detail/vesc_imu__struct.h
[13.081s] -- Up-to-date: /home/deepspeed/ICRA2024/f1tenth_ws/install/vesc_msgs/include/vesc_msgs/msg/detail/vesc_state__struct.h
[13.085s] -- Up-to-date: /home/deepspeed/ICRA2024/f1tenth_ws/install/vesc_msgs/include/vesc_msgs/msg/detail/vesc_imu__functions.c
[13.086s] -- Up-to-date: /home/deepspeed/ICRA2024/f1tenth_ws/install/vesc_msgs/include/vesc_msgs/msg/detail/vesc_state__type_support.h
[13.088s] -- Up-to-date: /home/deepspeed/ICRA2024/f1tenth_ws/install/vesc_msgs/include/vesc_msgs/msg/detail/vesc_imu_stamped__functions.c
[13.089s] -- Up-to-date: /home/deepspeed/ICRA2024/f1tenth_ws/install/vesc_msgs/include/vesc_msgs/msg/detail/vesc_imu__functions.h
[13.090s] -- Up-to-date: /home/deepspeed/ICRA2024/f1tenth_ws/install/vesc_msgs/include/vesc_msgs/msg/detail/vesc_state__functions.c
[13.092s] -- Up-to-date: /home/deepspeed/ICRA2024/f1tenth_ws/install/vesc_msgs/include/vesc_msgs/msg/detail/vesc_state_stamped__functions.c
[13.096s] -- Up-to-date: /home/deepspeed/ICRA2024/f1tenth_ws/install/vesc_msgs/include/vesc_msgs/msg/detail/vesc_imu_stamped__struct.h
[13.098s] -- Up-to-date: /home/deepspeed/ICRA2024/f1tenth_ws/install/vesc_msgs/include/vesc_msgs/msg/detail/vesc_imu_stamped__functions.h
[13.100s] -- Up-to-date: /home/deepspeed/ICRA2024/f1tenth_ws/install/vesc_msgs/include/vesc_msgs/msg/detail/vesc_imu_stamped__type_support.h
[13.103s] -- Up-to-date: /home/deepspeed/ICRA2024/f1tenth_ws/install/vesc_msgs/include/vesc_msgs/msg/detail/vesc_imu__type_support.h
[13.106s] -- Up-to-date: /home/deepspeed/ICRA2024/f1tenth_ws/install/vesc_msgs/include/vesc_msgs/msg/detail/vesc_state_stamped__functions.h
[13.109s] -- Up-to-date: /home/deepspeed/ICRA2024/f1tenth_ws/install/vesc_msgs/include/vesc_msgs/msg/detail/vesc_state__functions.h
[13.111s] -- Up-to-date: /home/deepspeed/ICRA2024/f1tenth_ws/install/vesc_msgs/include/vesc_msgs/msg/vesc_state_stamped.h
[13.112s] -- Up-to-date: /home/deepspeed/ICRA2024/f1tenth_ws/install/vesc_msgs/include/vesc_msgs/msg/rosidl_generator_c__visibility_control.h
[13.114s] -- Up-to-date: /home/deepspeed/ICRA2024/f1tenth_ws/install/vesc_msgs/include/vesc_msgs/msg/vesc_imu_stamped.h
[13.115s] -- Up-to-date: /home/deepspeed/ICRA2024/f1tenth_ws/install/vesc_msgs/include/vesc_msgs/msg/vesc_imu.h
[13.118s] -- Up-to-date: /home/deepspeed/ICRA2024/f1tenth_ws/install/vesc_msgs/share/vesc_msgs/environment/library_path.sh
[13.120s] -- Up-to-date: /home/deepspeed/ICRA2024/f1tenth_ws/install/vesc_msgs/share/vesc_msgs/environment/library_path.dsv
[13.121s] -- Up-to-date: /home/deepspeed/ICRA2024/f1tenth_ws/install/vesc_msgs/lib/libvesc_msgs__rosidl_generator_c.so
[13.122s] -- Up-to-date: /home/deepspeed/ICRA2024/f1tenth_ws/install/vesc_msgs/include/vesc_msgs
[13.126s] -- Up-to-date: /home/deepspeed/ICRA2024/f1tenth_ws/install/vesc_msgs/include/vesc_msgs/msg
[13.127s] -- Up-to-date: /home/deepspeed/ICRA2024/f1tenth_ws/install/vesc_msgs/include/vesc_msgs/msg/detail
[13.128s] -- Up-to-date: /home/deepspeed/ICRA2024/f1tenth_ws/install/vesc_msgs/include/vesc_msgs/msg/detail/vesc_state__rosidl_typesupport_fastrtps_c.h
[13.129s] -- Up-to-date: /home/deepspeed/ICRA2024/f1tenth_ws/install/vesc_msgs/include/vesc_msgs/msg/detail/vesc_imu__rosidl_typesupport_fastrtps_c.h
[13.131s] -- Up-to-date: /home/deepspeed/ICRA2024/f1tenth_ws/install/vesc_msgs/include/vesc_msgs/msg/detail/vesc_state_stamped__rosidl_typesupport_fastrtps_c.h
[13.134s] -- Up-to-date: /home/deepspeed/ICRA2024/f1tenth_ws/install/vesc_msgs/include/vesc_msgs/msg/detail/vesc_imu_stamped__rosidl_typesupport_fastrtps_c.h
[13.137s] -- Up-to-date: /home/deepspeed/ICRA2024/f1tenth_ws/install/vesc_msgs/include/vesc_msgs/msg/rosidl_typesupport_fastrtps_c__visibility_control.h
[13.138s] -- Up-to-date: /home/deepspeed/ICRA2024/f1tenth_ws/install/vesc_msgs/lib/libvesc_msgs__rosidl_typesupport_fastrtps_c.so
[13.139s] -- Up-to-date: /home/deepspeed/ICRA2024/f1tenth_ws/install/vesc_msgs/include/vesc_msgs
[13.140s] -- Up-to-date: /home/deepspeed/ICRA2024/f1tenth_ws/install/vesc_msgs/include/vesc_msgs/msg
[13.142s] -- Up-to-date: /home/deepspeed/ICRA2024/f1tenth_ws/install/vesc_msgs/include/vesc_msgs/msg/detail
[13.142s] -- Up-to-date: /home/deepspeed/ICRA2024/f1tenth_ws/install/vesc_msgs/include/vesc_msgs/msg/detail/vesc_state_stamped__rosidl_typesupport_fastrtps_cpp.hpp
[13.144s] -- Up-to-date: /home/deepspeed/ICRA2024/f1tenth_ws/install/vesc_msgs/include/vesc_msgs/msg/detail/vesc_imu__rosidl_typesupport_fastrtps_cpp.hpp
[13.145s] -- Up-to-date: /home/deepspeed/ICRA2024/f1tenth_ws/install/vesc_msgs/include/vesc_msgs/msg/detail/dds_fastrtps
[13.146s] -- Up-to-date: /home/deepspeed/ICRA2024/f1tenth_ws/install/vesc_msgs/include/vesc_msgs/msg/detail/vesc_state__rosidl_typesupport_fastrtps_cpp.hpp
[13.147s] -- Up-to-date: /home/deepspeed/ICRA2024/f1tenth_ws/install/vesc_msgs/include/vesc_msgs/msg/detail/vesc_imu_stamped__rosidl_typesupport_fastrtps_cpp.hpp
[13.149s] -- Up-to-date: /home/deepspeed/ICRA2024/f1tenth_ws/install/vesc_msgs/include/vesc_msgs/msg/rosidl_typesupport_fastrtps_cpp__visibility_control.h
[13.151s] -- Up-to-date: /home/deepspeed/ICRA2024/f1tenth_ws/install/vesc_msgs/lib/libvesc_msgs__rosidl_typesupport_fastrtps_cpp.so
[13.152s] -- Up-to-date: /home/deepspeed/ICRA2024/f1tenth_ws/install/vesc_msgs/include/vesc_msgs
[13.154s] -- Up-to-date: /home/deepspeed/ICRA2024/f1tenth_ws/install/vesc_msgs/include/vesc_msgs/msg
[13.155s] -- Up-to-date: /home/deepspeed/ICRA2024/f1tenth_ws/install/vesc_msgs/include/vesc_msgs/msg/rosidl_typesupport_introspection_c__visibility_control.h
[13.158s] -- Up-to-date: /home/deepspeed/ICRA2024/f1tenth_ws/install/vesc_msgs/include/vesc_msgs/msg/detail
[13.158s] -- Up-to-date: /home/deepspeed/ICRA2024/f1tenth_ws/install/vesc_msgs/include/vesc_msgs/msg/detail/vesc_state__rosidl_typesupport_introspection_c.h
[13.163s] -- Up-to-date: /home/deepspeed/ICRA2024/f1tenth_ws/install/vesc_msgs/include/vesc_msgs/msg/detail/vesc_imu_stamped__rosidl_typesupport_introspection_c.h
[13.164s] -- Up-to-date: /home/deepspeed/ICRA2024/f1tenth_ws/install/vesc_msgs/include/vesc_msgs/msg/detail/vesc_imu_stamped__type_support.c
[13.166s] -- Up-to-date: /home/deepspeed/ICRA2024/f1tenth_ws/install/vesc_msgs/include/vesc_msgs/msg/detail/vesc_imu__rosidl_typesupport_introspection_c.h
[13.168s] -- Up-to-date: /home/deepspeed/ICRA2024/f1tenth_ws/install/vesc_msgs/include/vesc_msgs/msg/detail/vesc_state_stamped__type_support.c
[13.168s] -- Up-to-date: /home/deepspeed/ICRA2024/f1tenth_ws/install/vesc_msgs/include/vesc_msgs/msg/detail/vesc_imu__type_support.c
[13.171s] -- Up-to-date: /home/deepspeed/ICRA2024/f1tenth_ws/install/vesc_msgs/include/vesc_msgs/msg/detail/vesc_state_stamped__rosidl_typesupport_introspection_c.h
[13.171s] -- Up-to-date: /home/deepspeed/ICRA2024/f1tenth_ws/install/vesc_msgs/include/vesc_msgs/msg/detail/vesc_state__type_support.c
[13.172s] -- Up-to-date: /home/deepspeed/ICRA2024/f1tenth_ws/install/vesc_msgs/lib/libvesc_msgs__rosidl_typesupport_introspection_c.so
[13.173s] -- Up-to-date: /home/deepspeed/ICRA2024/f1tenth_ws/install/vesc_msgs/lib/libvesc_msgs__rosidl_typesupport_c.so
[13.174s] -- Up-to-date: /home/deepspeed/ICRA2024/f1tenth_ws/install/vesc_msgs/include/vesc_msgs
[13.175s] -- Up-to-date: /home/deepspeed/ICRA2024/f1tenth_ws/install/vesc_msgs/include/vesc_msgs/msg
[13.175s] -- Up-to-date: /home/deepspeed/ICRA2024/f1tenth_ws/install/vesc_msgs/include/vesc_msgs/msg/detail
[13.176s] -- Up-to-date: /home/deepspeed/ICRA2024/f1tenth_ws/install/vesc_msgs/include/vesc_msgs/msg/detail/vesc_imu_stamped__type_support.hpp
[13.176s] -- Up-to-date: /home/deepspeed/ICRA2024/f1tenth_ws/install/vesc_msgs/include/vesc_msgs/msg/detail/vesc_imu__builder.hpp
[13.177s] -- Up-to-date: /home/deepspeed/ICRA2024/f1tenth_ws/install/vesc_msgs/include/vesc_msgs/msg/detail/vesc_imu__struct.hpp
[13.177s] -- Up-to-date: /home/deepspeed/ICRA2024/f1tenth_ws/install/vesc_msgs/include/vesc_msgs/msg/detail/vesc_imu_stamped__traits.hpp
[13.178s] -- Up-to-date: /home/deepspeed/ICRA2024/f1tenth_ws/install/vesc_msgs/include/vesc_msgs/msg/detail/vesc_imu__type_support.hpp
[13.178s] -- Up-to-date: /home/deepspeed/ICRA2024/f1tenth_ws/install/vesc_msgs/include/vesc_msgs/msg/detail/vesc_state_stamped__builder.hpp
[13.180s] -- Up-to-date: /home/deepspeed/ICRA2024/f1tenth_ws/install/vesc_msgs/include/vesc_msgs/msg/detail/vesc_state__traits.hpp
[13.183s] -- Up-to-date: /home/deepspeed/ICRA2024/f1tenth_ws/install/vesc_msgs/include/vesc_msgs/msg/detail/vesc_state__type_support.hpp
[13.184s] -- Up-to-date: /home/deepspeed/ICRA2024/f1tenth_ws/install/vesc_msgs/include/vesc_msgs/msg/detail/vesc_state_stamped__struct.hpp
[13.190s] -- Up-to-date: /home/deepspeed/ICRA2024/f1tenth_ws/install/vesc_msgs/include/vesc_msgs/msg/detail/vesc_imu__traits.hpp
[13.191s] -- Up-to-date: /home/deepspeed/ICRA2024/f1tenth_ws/install/vesc_msgs/include/vesc_msgs/msg/detail/vesc_imu_stamped__builder.hpp
[13.195s] -- Up-to-date: /home/deepspeed/ICRA2024/f1tenth_ws/install/vesc_msgs/include/vesc_msgs/msg/detail/vesc_state__struct.hpp
[13.197s] -- Up-to-date: /home/deepspeed/ICRA2024/f1tenth_ws/install/vesc_msgs/include/vesc_msgs/msg/detail/vesc_state_stamped__type_support.hpp
[13.198s] -- Up-to-date: /home/deepspeed/ICRA2024/f1tenth_ws/install/vesc_msgs/include/vesc_msgs/msg/detail/vesc_imu_stamped__struct.hpp
[13.199s] -- Up-to-date: /home/deepspeed/ICRA2024/f1tenth_ws/install/vesc_msgs/include/vesc_msgs/msg/detail/vesc_state_stamped__traits.hpp
[13.201s] -- Up-to-date: /home/deepspeed/ICRA2024/f1tenth_ws/install/vesc_msgs/include/vesc_msgs/msg/detail/vesc_state__builder.hpp
[13.202s] -- Up-to-date: /home/deepspeed/ICRA2024/f1tenth_ws/install/vesc_msgs/include/vesc_msgs/msg/vesc_imu.hpp
[13.204s] -- Up-to-date: /home/deepspeed/ICRA2024/f1tenth_ws/install/vesc_msgs/include/vesc_msgs/msg/vesc_imu_stamped.hpp
[13.206s] -- Up-to-date: /home/deepspeed/ICRA2024/f1tenth_ws/install/vesc_msgs/include/vesc_msgs/msg/vesc_state_stamped.hpp
[13.209s] -- Up-to-date: /home/deepspeed/ICRA2024/f1tenth_ws/install/vesc_msgs/include/vesc_msgs/msg/rosidl_generator_cpp__visibility_control.hpp
[13.210s] -- Up-to-date: /home/deepspeed/ICRA2024/f1tenth_ws/install/vesc_msgs/include/vesc_msgs/msg/vesc_state.hpp
[13.212s] -- Up-to-date: /home/deepspeed/ICRA2024/f1tenth_ws/install/vesc_msgs/include/vesc_msgs
[13.216s] -- Up-to-date: /home/deepspeed/ICRA2024/f1tenth_ws/install/vesc_msgs/include/vesc_msgs/msg
[13.219s] -- Up-to-date: /home/deepspeed/ICRA2024/f1tenth_ws/install/vesc_msgs/include/vesc_msgs/msg/detail
[13.220s] -- Up-to-date: /home/deepspeed/ICRA2024/f1tenth_ws/install/vesc_msgs/include/vesc_msgs/msg/detail/vesc_state_stamped__type_support.cpp
[13.222s] -- Up-to-date: /home/deepspeed/ICRA2024/f1tenth_ws/install/vesc_msgs/include/vesc_msgs/msg/detail/vesc_imu_stamped__rosidl_typesupport_introspection_cpp.hpp
[13.223s] -- Up-to-date: /home/deepspeed/ICRA2024/f1tenth_ws/install/vesc_msgs/include/vesc_msgs/msg/detail/vesc_imu__type_support.cpp
[13.225s] -- Up-to-date: /home/deepspeed/ICRA2024/f1tenth_ws/install/vesc_msgs/include/vesc_msgs/msg/detail/vesc_imu_stamped__type_support.cpp
[13.227s] -- Up-to-date: /home/deepspeed/ICRA2024/f1tenth_ws/install/vesc_msgs/include/vesc_msgs/msg/detail/vesc_state_stamped__rosidl_typesupport_introspection_cpp.hpp
[13.228s] -- Up-to-date: /home/deepspeed/ICRA2024/f1tenth_ws/install/vesc_msgs/include/vesc_msgs/msg/detail/vesc_imu__rosidl_typesupport_introspection_cpp.hpp
[13.230s] -- Up-to-date: /home/deepspeed/ICRA2024/f1tenth_ws/install/vesc_msgs/include/vesc_msgs/msg/detail/vesc_state__type_support.cpp
[13.231s] -- Up-to-date: /home/deepspeed/ICRA2024/f1tenth_ws/install/vesc_msgs/include/vesc_msgs/msg/detail/vesc_state__rosidl_typesupport_introspection_cpp.hpp
[13.234s] -- Up-to-date: /home/deepspeed/ICRA2024/f1tenth_ws/install/vesc_msgs/lib/libvesc_msgs__rosidl_typesupport_introspection_cpp.so
[13.241s] -- Up-to-date: /home/deepspeed/ICRA2024/f1tenth_ws/install/vesc_msgs/lib/libvesc_msgs__rosidl_typesupport_cpp.so
[13.242s] -- Up-to-date: /home/deepspeed/ICRA2024/f1tenth_ws/install/vesc_msgs/share/vesc_msgs/environment/pythonpath.sh
[13.244s] -- Up-to-date: /home/deepspeed/ICRA2024/f1tenth_ws/install/vesc_msgs/share/vesc_msgs/environment/pythonpath.dsv
[13.244s] -- Up-to-date: /home/deepspeed/ICRA2024/f1tenth_ws/install/vesc_msgs/lib/python3.8/site-packages/vesc_msgs/__init__.py
[13.312s] -- Up-to-date: /home/deepspeed/ICRA2024/f1tenth_ws/install/vesc_msgs/lib/python3.8/site-packages/vesc_msgs/msg
[13.315s] -- Up-to-date: /home/deepspeed/ICRA2024/f1tenth_ws/install/vesc_msgs/lib/python3.8/site-packages/vesc_msgs/msg/_vesc_state.py
[13.322s] -- Up-to-date: /home/deepspeed/ICRA2024/f1tenth_ws/install/vesc_msgs/lib/python3.8/site-packages/vesc_msgs/msg/_vesc_state_stamped_s.c
[13.323s] -- Up-to-date: /home/deepspeed/ICRA2024/f1tenth_ws/install/vesc_msgs/lib/python3.8/site-packages/vesc_msgs/msg/_vesc_imu_s.c
[13.323s] -- Up-to-date: /home/deepspeed/ICRA2024/f1tenth_ws/install/vesc_msgs/lib/python3.8/site-packages/vesc_msgs/msg/_vesc_imu.py
[13.324s] -- Up-to-date: /home/deepspeed/ICRA2024/f1tenth_ws/install/vesc_msgs/lib/python3.8/site-packages/vesc_msgs/msg/_vesc_imu_stamped.py
[13.324s] -- Up-to-date: /home/deepspeed/ICRA2024/f1tenth_ws/install/vesc_msgs/lib/python3.8/site-packages/vesc_msgs/msg/_vesc_state_s.c
[13.325s] -- Up-to-date: /home/deepspeed/ICRA2024/f1tenth_ws/install/vesc_msgs/lib/python3.8/site-packages/vesc_msgs/msg/_vesc_imu_stamped_s.c
[13.326s] -- Up-to-date: /home/deepspeed/ICRA2024/f1tenth_ws/install/vesc_msgs/lib/python3.8/site-packages/vesc_msgs/msg/_vesc_state_stamped.py
[13.327s] -- Up-to-date: /home/deepspeed/ICRA2024/f1tenth_ws/install/vesc_msgs/lib/python3.8/site-packages/vesc_msgs/msg/__init__.py
[13.329s] -- Up-to-date: /home/deepspeed/ICRA2024/f1tenth_ws/install/vesc_msgs/lib/python3.8/site-packages/vesc_msgs/vesc_msgs_s__rosidl_typesupport_fastrtps_c.cpython-38-aarch64-linux-gnu.so
[13.331s] -- Up-to-date: /home/deepspeed/ICRA2024/f1tenth_ws/install/vesc_msgs/lib/python3.8/site-packages/vesc_msgs/vesc_msgs_s__rosidl_typesupport_introspection_c.cpython-38-aarch64-linux-gnu.so
[13.338s] -- Up-to-date: /home/deepspeed/ICRA2024/f1tenth_ws/install/vesc_msgs/lib/python3.8/site-packages/vesc_msgs/vesc_msgs_s__rosidl_typesupport_c.cpython-38-aarch64-linux-gnu.so
[13.343s] -- Up-to-date: /home/deepspeed/ICRA2024/f1tenth_ws/install/vesc_msgs/lib/libvesc_msgs__python.so
[13.343s] -- Up-to-date: /home/deepspeed/ICRA2024/f1tenth_ws/install/vesc_msgs/share/vesc_msgs/msg/VescState.idl
[13.344s] -- Up-to-date: /home/deepspeed/ICRA2024/f1tenth_ws/install/vesc_msgs/share/vesc_msgs/msg/VescStateStamped.idl
[13.345s] -- Up-to-date: /home/deepspeed/ICRA2024/f1tenth_ws/install/vesc_msgs/share/vesc_msgs/msg/VescImu.idl
[13.346s] -- Up-to-date: /home/deepspeed/ICRA2024/f1tenth_ws/install/vesc_msgs/share/vesc_msgs/msg/VescImuStamped.idl
[13.346s] -- Up-to-date: /home/deepspeed/ICRA2024/f1tenth_ws/install/vesc_msgs/share/vesc_msgs/msg/VescState.msg
[13.347s] -- Up-to-date: /home/deepspeed/ICRA2024/f1tenth_ws/install/vesc_msgs/share/vesc_msgs/msg/VescStateStamped.msg
[13.349s] -- Up-to-date: /home/deepspeed/ICRA2024/f1tenth_ws/install/vesc_msgs/share/vesc_msgs/msg/VescImu.msg
[13.350s] -- Up-to-date: /home/deepspeed/ICRA2024/f1tenth_ws/install/vesc_msgs/share/vesc_msgs/msg/VescImuStamped.msg
[13.352s] -- Up-to-date: /home/deepspeed/ICRA2024/f1tenth_ws/install/vesc_msgs/share/ament_index/resource_index/package_run_dependencies/vesc_msgs
[13.353s] -- Up-to-date: /home/deepspeed/ICRA2024/f1tenth_ws/install/vesc_msgs/share/ament_index/resource_index/parent_prefix_path/vesc_msgs
[13.353s] -- Up-to-date: /home/deepspeed/ICRA2024/f1tenth_ws/install/vesc_msgs/share/vesc_msgs/environment/ament_prefix_path.sh
[13.354s] -- Up-to-date: /home/deepspeed/ICRA2024/f1tenth_ws/install/vesc_msgs/share/vesc_msgs/environment/ament_prefix_path.dsv
[13.355s] -- Up-to-date: /home/deepspeed/ICRA2024/f1tenth_ws/install/vesc_msgs/share/vesc_msgs/environment/path.sh
[13.355s] -- Up-to-date: /home/deepspeed/ICRA2024/f1tenth_ws/install/vesc_msgs/share/vesc_msgs/environment/path.dsv
[13.356s] -- Up-to-date: /home/deepspeed/ICRA2024/f1tenth_ws/install/vesc_msgs/share/vesc_msgs/local_setup.bash
[13.357s] -- Up-to-date: /home/deepspeed/ICRA2024/f1tenth_ws/install/vesc_msgs/share/vesc_msgs/local_setup.sh
[13.358s] -- Up-to-date: /home/deepspeed/ICRA2024/f1tenth_ws/install/vesc_msgs/share/vesc_msgs/local_setup.zsh
[13.358s] -- Up-to-date: /home/deepspeed/ICRA2024/f1tenth_ws/install/vesc_msgs/share/vesc_msgs/local_setup.dsv
[13.359s] -- Installing: /home/deepspeed/ICRA2024/f1tenth_ws/install/vesc_msgs/share/vesc_msgs/package.dsv
[13.359s] -- Up-to-date: /home/deepspeed/ICRA2024/f1tenth_ws/install/vesc_msgs/share/ament_index/resource_index/packages/vesc_msgs
[13.361s] -- Up-to-date: /home/deepspeed/ICRA2024/f1tenth_ws/install/vesc_msgs/share/vesc_msgs/cmake/vesc_msgs__rosidl_generator_cExport.cmake
[13.362s] -- Up-to-date: /home/deepspeed/ICRA2024/f1tenth_ws/install/vesc_msgs/share/vesc_msgs/cmake/vesc_msgs__rosidl_generator_cExport-noconfig.cmake
[13.363s] -- Up-to-date: /home/deepspeed/ICRA2024/f1tenth_ws/install/vesc_msgs/share/vesc_msgs/cmake/vesc_msgs__rosidl_typesupport_introspection_cExport.cmake
[13.364s] -- Up-to-date: /home/deepspeed/ICRA2024/f1tenth_ws/install/vesc_msgs/share/vesc_msgs/cmake/vesc_msgs__rosidl_typesupport_introspection_cExport-noconfig.cmake
[13.365s] -- Up-to-date: /home/deepspeed/ICRA2024/f1tenth_ws/install/vesc_msgs/share/vesc_msgs/cmake/vesc_msgs__rosidl_typesupport_cExport.cmake
[13.366s] -- Up-to-date: /home/deepspeed/ICRA2024/f1tenth_ws/install/vesc_msgs/share/vesc_msgs/cmake/vesc_msgs__rosidl_typesupport_cExport-noconfig.cmake
[13.366s] -- Up-to-date: /home/deepspeed/ICRA2024/f1tenth_ws/install/vesc_msgs/share/vesc_msgs/cmake/vesc_msgs__rosidl_generator_cppExport.cmake
[13.367s] -- Up-to-date: /home/deepspeed/ICRA2024/f1tenth_ws/install/vesc_msgs/share/vesc_msgs/cmake/vesc_msgs__rosidl_typesupport_introspection_cppExport.cmake
[13.368s] -- Up-to-date: /home/deepspeed/ICRA2024/f1tenth_ws/install/vesc_msgs/share/vesc_msgs/cmake/vesc_msgs__rosidl_typesupport_introspection_cppExport-noconfig.cmake
[13.370s] -- Up-to-date: /home/deepspeed/ICRA2024/f1tenth_ws/install/vesc_msgs/share/vesc_msgs/cmake/vesc_msgs__rosidl_typesupport_cppExport.cmake
[13.371s] -- Up-to-date: /home/deepspeed/ICRA2024/f1tenth_ws/install/vesc_msgs/share/vesc_msgs/cmake/vesc_msgs__rosidl_typesupport_cppExport-noconfig.cmake
[13.372s] -- Up-to-date: /home/deepspeed/ICRA2024/f1tenth_ws/install/vesc_msgs/share/vesc_msgs/cmake/rosidl_cmake-extras.cmake
[13.374s] -- Up-to-date: /home/deepspeed/ICRA2024/f1tenth_ws/install/vesc_msgs/share/vesc_msgs/cmake/ament_cmake_export_dependencies-extras.cmake
[13.375s] -- Up-to-date: /home/deepspeed/ICRA2024/f1tenth_ws/install/vesc_msgs/share/vesc_msgs/cmake/ament_cmake_export_libraries-extras.cmake
[13.376s] -- Up-to-date: /home/deepspeed/ICRA2024/f1tenth_ws/install/vesc_msgs/share/vesc_msgs/cmake/ament_cmake_export_targets-extras.cmake
[13.378s] -- Up-to-date: /home/deepspeed/ICRA2024/f1tenth_ws/install/vesc_msgs/share/vesc_msgs/cmake/ament_cmake_export_include_directories-extras.cmake
[13.379s] -- Up-to-date: /home/deepspeed/ICRA2024/f1tenth_ws/install/vesc_msgs/share/vesc_msgs/cmake/rosidl_cmake_export_typesupport_libraries-extras.cmake
[13.380s] -- Up-to-date: /home/deepspeed/ICRA2024/f1tenth_ws/install/vesc_msgs/share/vesc_msgs/cmake/rosidl_cmake_export_typesupport_targets-extras.cmake
[13.382s] -- Up-to-date: /home/deepspeed/ICRA2024/f1tenth_ws/install/vesc_msgs/share/vesc_msgs/cmake/vesc_msgsConfig.cmake
[13.383s] -- Up-to-date: /home/deepspeed/ICRA2024/f1tenth_ws/install/vesc_msgs/share/vesc_msgs/cmake/vesc_msgsConfig-version.cmake
[13.385s] -- Up-to-date: /home/deepspeed/ICRA2024/f1tenth_ws/install/vesc_msgs/share/vesc_msgs/package.xml
[13.935s] Invoked command in '/home/deepspeed/ICRA2024/f1tenth_ws/build/vesc_msgs' returned '0': CMAKE_PREFIX_PATH=${CMAKE_PREFIX_PATH}:/home/deepspeed/ICRA2024/f1tenth_ws/install/f1tenth_stack:/home/deepspeed/ICRA2024/f1tenth_ws/install/joy_teleop:/home/deepspeed/ICRA2024/f1tenth_ws/install/mouse_teleop:/home/deepspeed/ICRA2024/f1tenth_ws/install/key_teleop:/home/deepspeed/ICRA2024/f1tenth_ws/install/automatic_emergency_braking:/opt/ros/foxy /usr/bin/cmake --install /home/deepspeed/ICRA2024/f1tenth_ws/build/vesc_msgs
