[4.614s] Invoking command in '/home/deepspeed/ICRA2024/f1tenth_ws/build/vesc_msgs': CMAKE_PREFIX_PATH=${CMAKE_PREFIX_PATH}:/home/deepspeed/ICRA2024/f1tenth_ws/install/f1tenth_stack:/home/deepspeed/ICRA2024/f1tenth_ws/install/joy_teleop:/home/deepspeed/ICRA2024/f1tenth_ws/install/mouse_teleop:/home/deepspeed/ICRA2024/f1tenth_ws/install/key_teleop:/home/deepspeed/ICRA2024/f1tenth_ws/install/automatic_emergency_braking:/opt/ros/foxy /usr/bin/cmake --build /home/deepspeed/ICRA2024/f1tenth_ws/build/vesc_msgs -- -j6 -l6
[10.719s] [  1%] Built target vesc_msgs__cpp
[10.723s] [ 12%] Built target vesc_msgs__rosidl_generator_c
[10.726s] [ 23%] Built target vesc_msgs__rosidl_typesupport_c
[10.728s] [ 34%] Built target vesc_msgs__rosidl_typesupport_introspection_cpp
[10.730s] [ 45%] Built target vesc_msgs__rosidl_typesupport_cpp
[10.731s] [ 56%] Built target vesc_msgs__rosidl_typesupport_introspection_c
[10.734s] [ 67%] Built target vesc_msgs__rosidl_typesupport_fastrtps_cpp
[10.735s] [ 78%] Built target vesc_msgs__rosidl_typesupport_fastrtps_c
[10.736s] [ 78%] Built target vesc_msgs
[10.744s] [ 80%] Built target vesc_msgs__py
[10.748s] [ 89%] Built target vesc_msgs__python
[10.756s] [ 94%] Built target vesc_msgs__rosidl_typesupport_c__pyext
[10.764s] [ 96%] Built target vesc_msgs__rosidl_typesupport_fastrtps_c__pyext
[10.768s] [100%] Built target vesc_msgs__rosidl_typesupport_introspection_c__pyext
[10.807s] Invoked command in '/home/deepspeed/ICRA2024/f1tenth_ws/build/vesc_msgs' returned '0': CMAKE_PREFIX_PATH=${CMAKE_PREFIX_PATH}:/home/deepspeed/ICRA2024/f1tenth_ws/install/f1tenth_stack:/home/deepspeed/ICRA2024/f1tenth_ws/install/joy_teleop:/home/deepspeed/ICRA2024/f1tenth_ws/install/mouse_teleop:/home/deepspeed/ICRA2024/f1tenth_ws/install/key_teleop:/home/deepspeed/ICRA2024/f1tenth_ws/install/automatic_emergency_braking:/opt/ros/foxy /usr/bin/cmake --build /home/deepspeed/ICRA2024/f1tenth_ws/build/vesc_msgs -- -j6 -l6
[13.243s] Invoking command in '/home/deepspeed/ICRA2024/f1tenth_ws/build/vesc_msgs': CMAKE_PREFIX_PATH=${CMAKE_PREFIX_PATH}:/home/deepspeed/ICRA2024/f1tenth_ws/install/f1tenth_stack:/home/deepspeed/ICRA2024/f1tenth_ws/install/joy_teleop:/home/deepspeed/ICRA2024/f1tenth_ws/install/mouse_teleop:/home/deepspeed/ICRA2024/f1tenth_ws/install/key_teleop:/home/deepspeed/ICRA2024/f1tenth_ws/install/automatic_emergency_braking:/opt/ros/foxy /usr/bin/cmake --install /home/deepspeed/ICRA2024/f1tenth_ws/build/vesc_msgs
[13.307s] -- Install configuration: ""
[13.310s] -- Up-to-date: /home/deepspeed/ICRA2024/f1tenth_ws/install/vesc_msgs/share/ament_index/resource_index/rosidl_interfaces/vesc_msgs
[13.311s] -- Up-to-date: /home/deepspeed/ICRA2024/f1tenth_ws/install/vesc_msgs/include/vesc_msgs
[13.312s] -- Up-to-date: /home/deepspeed/ICRA2024/f1tenth_ws/install/vesc_msgs/include/vesc_msgs/msg
[13.314s] -- Up-to-date: /home/deepspeed/ICRA2024/f1tenth_ws/install/vesc_msgs/include/vesc_msgs/msg/vesc_state.h
[13.315s] -- Up-to-date: /home/deepspeed/ICRA2024/f1tenth_ws/install/vesc_msgs/include/vesc_msgs/msg/detail
[13.318s] -- Up-to-date: /home/deepspeed/ICRA2024/f1tenth_ws/install/vesc_msgs/include/vesc_msgs/msg/detail/vesc_state_stamped__type_support.h
[13.318s] -- Up-to-date: /home/deepspeed/ICRA2024/f1tenth_ws/install/vesc_msgs/include/vesc_msgs/msg/detail/vesc_state_stamped__struct.h
[13.319s] -- Up-to-date: /home/deepspeed/ICRA2024/f1tenth_ws/install/vesc_msgs/include/vesc_msgs/msg/detail/vesc_imu__struct.h
[13.320s] -- Up-to-date: /home/deepspeed/ICRA2024/f1tenth_ws/install/vesc_msgs/include/vesc_msgs/msg/detail/vesc_state__struct.h
[13.320s] -- Up-to-date: /home/deepspeed/ICRA2024/f1tenth_ws/install/vesc_msgs/include/vesc_msgs/msg/detail/vesc_imu__functions.c
[13.321s] -- Up-to-date: /home/deepspeed/ICRA2024/f1tenth_ws/install/vesc_msgs/include/vesc_msgs/msg/detail/vesc_state__type_support.h
[13.321s] -- Up-to-date: /home/deepspeed/ICRA2024/f1tenth_ws/install/vesc_msgs/include/vesc_msgs/msg/detail/vesc_imu_stamped__functions.c
[13.322s] -- Up-to-date: /home/deepspeed/ICRA2024/f1tenth_ws/install/vesc_msgs/include/vesc_msgs/msg/detail/vesc_imu__functions.h
[13.324s] -- Up-to-date: /home/deepspeed/ICRA2024/f1tenth_ws/install/vesc_msgs/include/vesc_msgs/msg/detail/vesc_state__functions.c
[13.330s] -- Up-to-date: /home/deepspeed/ICRA2024/f1tenth_ws/install/vesc_msgs/include/vesc_msgs/msg/detail/vesc_state_stamped__functions.c
[13.333s] -- Up-to-date: /home/deepspeed/ICRA2024/f1tenth_ws/install/vesc_msgs/include/vesc_msgs/msg/detail/vesc_imu_stamped__struct.h
[13.336s] -- Up-to-date: /home/deepspeed/ICRA2024/f1tenth_ws/install/vesc_msgs/include/vesc_msgs/msg/detail/vesc_imu_stamped__functions.h
[13.338s] -- Up-to-date: /home/deepspeed/ICRA2024/f1tenth_ws/install/vesc_msgs/include/vesc_msgs/msg/detail/vesc_imu_stamped__type_support.h
[13.341s] -- Up-to-date: /home/deepspeed/ICRA2024/f1tenth_ws/install/vesc_msgs/include/vesc_msgs/msg/detail/vesc_imu__type_support.h
[13.345s] -- Up-to-date: /home/deepspeed/ICRA2024/f1tenth_ws/install/vesc_msgs/include/vesc_msgs/msg/detail/vesc_state_stamped__functions.h
[13.348s] -- Up-to-date: /home/deepspeed/ICRA2024/f1tenth_ws/install/vesc_msgs/include/vesc_msgs/msg/detail/vesc_state__functions.h
[13.353s] -- Up-to-date: /home/deepspeed/ICRA2024/f1tenth_ws/install/vesc_msgs/include/vesc_msgs/msg/vesc_state_stamped.h
[13.354s] -- Up-to-date: /home/deepspeed/ICRA2024/f1tenth_ws/install/vesc_msgs/include/vesc_msgs/msg/rosidl_generator_c__visibility_control.h
[13.355s] -- Up-to-date: /home/deepspeed/ICRA2024/f1tenth_ws/install/vesc_msgs/include/vesc_msgs/msg/vesc_imu_stamped.h
[13.357s] -- Up-to-date: /home/deepspeed/ICRA2024/f1tenth_ws/install/vesc_msgs/include/vesc_msgs/msg/vesc_imu.h
[13.358s] -- Up-to-date: /home/deepspeed/ICRA2024/f1tenth_ws/install/vesc_msgs/share/vesc_msgs/environment/library_path.sh
[13.359s] -- Up-to-date: /home/deepspeed/ICRA2024/f1tenth_ws/install/vesc_msgs/share/vesc_msgs/environment/library_path.dsv
[13.360s] -- Up-to-date: /home/deepspeed/ICRA2024/f1tenth_ws/install/vesc_msgs/lib/libvesc_msgs__rosidl_generator_c.so
[13.360s] -- Up-to-date: /home/deepspeed/ICRA2024/f1tenth_ws/install/vesc_msgs/include/vesc_msgs
[13.364s] -- Up-to-date: /home/deepspeed/ICRA2024/f1tenth_ws/install/vesc_msgs/include/vesc_msgs/msg
[13.365s] -- Up-to-date: /home/deepspeed/ICRA2024/f1tenth_ws/install/vesc_msgs/include/vesc_msgs/msg/detail
[13.366s] -- Up-to-date: /home/deepspeed/ICRA2024/f1tenth_ws/install/vesc_msgs/include/vesc_msgs/msg/detail/vesc_state__rosidl_typesupport_fastrtps_c.h
[13.367s] -- Up-to-date: /home/deepspeed/ICRA2024/f1tenth_ws/install/vesc_msgs/include/vesc_msgs/msg/detail/vesc_imu__rosidl_typesupport_fastrtps_c.h
[13.368s] -- Up-to-date: /home/deepspeed/ICRA2024/f1tenth_ws/install/vesc_msgs/include/vesc_msgs/msg/detail/vesc_state_stamped__rosidl_typesupport_fastrtps_c.h
[13.368s] -- Up-to-date: /home/deepspeed/ICRA2024/f1tenth_ws/install/vesc_msgs/include/vesc_msgs/msg/detail/vesc_imu_stamped__rosidl_typesupport_fastrtps_c.h
[13.369s] -- Up-to-date: /home/deepspeed/ICRA2024/f1tenth_ws/install/vesc_msgs/include/vesc_msgs/msg/rosidl_typesupport_fastrtps_c__visibility_control.h
[13.369s] -- Up-to-date: /home/deepspeed/ICRA2024/f1tenth_ws/install/vesc_msgs/lib/libvesc_msgs__rosidl_typesupport_fastrtps_c.so
[13.370s] -- Up-to-date: /home/deepspeed/ICRA2024/f1tenth_ws/install/vesc_msgs/include/vesc_msgs
[13.371s] -- Up-to-date: /home/deepspeed/ICRA2024/f1tenth_ws/install/vesc_msgs/include/vesc_msgs/msg
[13.372s] -- Up-to-date: /home/deepspeed/ICRA2024/f1tenth_ws/install/vesc_msgs/include/vesc_msgs/msg/detail
[13.373s] -- Up-to-date: /home/deepspeed/ICRA2024/f1tenth_ws/install/vesc_msgs/include/vesc_msgs/msg/detail/vesc_state_stamped__rosidl_typesupport_fastrtps_cpp.hpp
[13.375s] -- Up-to-date: /home/deepspeed/ICRA2024/f1tenth_ws/install/vesc_msgs/include/vesc_msgs/msg/detail/vesc_imu__rosidl_typesupport_fastrtps_cpp.hpp
[13.375s] -- Up-to-date: /home/deepspeed/ICRA2024/f1tenth_ws/install/vesc_msgs/include/vesc_msgs/msg/detail/dds_fastrtps
[13.377s] -- Up-to-date: /home/deepspeed/ICRA2024/f1tenth_ws/install/vesc_msgs/include/vesc_msgs/msg/detail/vesc_state__rosidl_typesupport_fastrtps_cpp.hpp
[13.378s] -- Up-to-date: /home/deepspeed/ICRA2024/f1tenth_ws/install/vesc_msgs/include/vesc_msgs/msg/detail/vesc_imu_stamped__rosidl_typesupport_fastrtps_cpp.hpp
[13.380s] -- Up-to-date: /home/deepspeed/ICRA2024/f1tenth_ws/install/vesc_msgs/include/vesc_msgs/msg/rosidl_typesupport_fastrtps_cpp__visibility_control.h
[13.381s] -- Up-to-date: /home/deepspeed/ICRA2024/f1tenth_ws/install/vesc_msgs/lib/libvesc_msgs__rosidl_typesupport_fastrtps_cpp.so
[13.382s] -- Up-to-date: /home/deepspeed/ICRA2024/f1tenth_ws/install/vesc_msgs/include/vesc_msgs
[13.384s] -- Up-to-date: /home/deepspeed/ICRA2024/f1tenth_ws/install/vesc_msgs/include/vesc_msgs/msg
[13.384s] -- Up-to-date: /home/deepspeed/ICRA2024/f1tenth_ws/install/vesc_msgs/include/vesc_msgs/msg/rosidl_typesupport_introspection_c__visibility_control.h
[13.385s] -- Up-to-date: /home/deepspeed/ICRA2024/f1tenth_ws/install/vesc_msgs/include/vesc_msgs/msg/detail
[13.385s] -- Up-to-date: /home/deepspeed/ICRA2024/f1tenth_ws/install/vesc_msgs/include/vesc_msgs/msg/detail/vesc_state__rosidl_typesupport_introspection_c.h
[13.385s] -- Up-to-date: /home/deepspeed/ICRA2024/f1tenth_ws/install/vesc_msgs/include/vesc_msgs/msg/detail/vesc_imu_stamped__rosidl_typesupport_introspection_c.h
[13.386s] -- Up-to-date: /home/deepspeed/ICRA2024/f1tenth_ws/install/vesc_msgs/include/vesc_msgs/msg/detail/vesc_imu_stamped__type_support.c
[13.387s] -- Up-to-date: /home/deepspeed/ICRA2024/f1tenth_ws/install/vesc_msgs/include/vesc_msgs/msg/detail/vesc_imu__rosidl_typesupport_introspection_c.h
[13.388s] -- Up-to-date: /home/deepspeed/ICRA2024/f1tenth_ws/install/vesc_msgs/include/vesc_msgs/msg/detail/vesc_state_stamped__type_support.c
[13.388s] -- Up-to-date: /home/deepspeed/ICRA2024/f1tenth_ws/install/vesc_msgs/include/vesc_msgs/msg/detail/vesc_imu__type_support.c
[13.389s] -- Up-to-date: /home/deepspeed/ICRA2024/f1tenth_ws/install/vesc_msgs/include/vesc_msgs/msg/detail/vesc_state_stamped__rosidl_typesupport_introspection_c.h
[13.389s] -- Up-to-date: /home/deepspeed/ICRA2024/f1tenth_ws/install/vesc_msgs/include/vesc_msgs/msg/detail/vesc_state__type_support.c
[13.389s] -- Up-to-date: /home/deepspeed/ICRA2024/f1tenth_ws/install/vesc_msgs/lib/libvesc_msgs__rosidl_typesupport_introspection_c.so
[13.390s] -- Up-to-date: /home/deepspeed/ICRA2024/f1tenth_ws/install/vesc_msgs/lib/libvesc_msgs__rosidl_typesupport_c.so
[13.392s] -- Up-to-date: /home/deepspeed/ICRA2024/f1tenth_ws/install/vesc_msgs/include/vesc_msgs
[13.392s] -- Up-to-date: /home/deepspeed/ICRA2024/f1tenth_ws/install/vesc_msgs/include/vesc_msgs/msg
[13.393s] -- Up-to-date: /home/deepspeed/ICRA2024/f1tenth_ws/install/vesc_msgs/include/vesc_msgs/msg/detail
[13.393s] -- Up-to-date: /home/deepspeed/ICRA2024/f1tenth_ws/install/vesc_msgs/include/vesc_msgs/msg/detail/vesc_imu_stamped__type_support.hpp
[13.394s] -- Up-to-date: /home/deepspeed/ICRA2024/f1tenth_ws/install/vesc_msgs/include/vesc_msgs/msg/detail/vesc_imu__builder.hpp
[13.395s] -- Up-to-date: /home/deepspeed/ICRA2024/f1tenth_ws/install/vesc_msgs/include/vesc_msgs/msg/detail/vesc_imu__struct.hpp
[13.397s] -- Up-to-date: /home/deepspeed/ICRA2024/f1tenth_ws/install/vesc_msgs/include/vesc_msgs/msg/detail/vesc_imu_stamped__traits.hpp
[13.397s] -- Up-to-date: /home/deepspeed/ICRA2024/f1tenth_ws/install/vesc_msgs/include/vesc_msgs/msg/detail/vesc_imu__type_support.hpp
[13.399s] -- Up-to-date: /home/deepspeed/ICRA2024/f1tenth_ws/install/vesc_msgs/include/vesc_msgs/msg/detail/vesc_state_stamped__builder.hpp
[13.400s] -- Up-to-date: /home/deepspeed/ICRA2024/f1tenth_ws/install/vesc_msgs/include/vesc_msgs/msg/detail/vesc_state__traits.hpp
[13.402s] -- Up-to-date: /home/deepspeed/ICRA2024/f1tenth_ws/install/vesc_msgs/include/vesc_msgs/msg/detail/vesc_state__type_support.hpp
[13.402s] -- Up-to-date: /home/deepspeed/ICRA2024/f1tenth_ws/install/vesc_msgs/include/vesc_msgs/msg/detail/vesc_state_stamped__struct.hpp
[13.402s] -- Up-to-date: /home/deepspeed/ICRA2024/f1tenth_ws/install/vesc_msgs/include/vesc_msgs/msg/detail/vesc_imu__traits.hpp
[13.403s] -- Up-to-date: /home/deepspeed/ICRA2024/f1tenth_ws/install/vesc_msgs/include/vesc_msgs/msg/detail/vesc_imu_stamped__builder.hpp
[13.403s] -- Up-to-date: /home/deepspeed/ICRA2024/f1tenth_ws/install/vesc_msgs/include/vesc_msgs/msg/detail/vesc_state__struct.hpp
[13.404s] -- Up-to-date: /home/deepspeed/ICRA2024/f1tenth_ws/install/vesc_msgs/include/vesc_msgs/msg/detail/vesc_state_stamped__type_support.hpp
[13.404s] -- Up-to-date: /home/deepspeed/ICRA2024/f1tenth_ws/install/vesc_msgs/include/vesc_msgs/msg/detail/vesc_imu_stamped__struct.hpp
[13.404s] -- Up-to-date: /home/deepspeed/ICRA2024/f1tenth_ws/install/vesc_msgs/include/vesc_msgs/msg/detail/vesc_state_stamped__traits.hpp
[13.405s] -- Up-to-date: /home/deepspeed/ICRA2024/f1tenth_ws/install/vesc_msgs/include/vesc_msgs/msg/detail/vesc_state__builder.hpp
[13.409s] -- Up-to-date: /home/deepspeed/ICRA2024/f1tenth_ws/install/vesc_msgs/include/vesc_msgs/msg/vesc_imu.hpp
[13.410s] -- Up-to-date: /home/deepspeed/ICRA2024/f1tenth_ws/install/vesc_msgs/include/vesc_msgs/msg/vesc_imu_stamped.hpp
[13.411s] -- Up-to-date: /home/deepspeed/ICRA2024/f1tenth_ws/install/vesc_msgs/include/vesc_msgs/msg/vesc_state_stamped.hpp
[13.412s] -- Up-to-date: /home/deepspeed/ICRA2024/f1tenth_ws/install/vesc_msgs/include/vesc_msgs/msg/rosidl_generator_cpp__visibility_control.hpp
[13.414s] -- Up-to-date: /home/deepspeed/ICRA2024/f1tenth_ws/install/vesc_msgs/include/vesc_msgs/msg/vesc_state.hpp
[13.415s] -- Up-to-date: /home/deepspeed/ICRA2024/f1tenth_ws/install/vesc_msgs/include/vesc_msgs
[13.416s] -- Up-to-date: /home/deepspeed/ICRA2024/f1tenth_ws/install/vesc_msgs/include/vesc_msgs/msg
[13.417s] -- Up-to-date: /home/deepspeed/ICRA2024/f1tenth_ws/install/vesc_msgs/include/vesc_msgs/msg/detail
[13.418s] -- Up-to-date: /home/deepspeed/ICRA2024/f1tenth_ws/install/vesc_msgs/include/vesc_msgs/msg/detail/vesc_state_stamped__type_support.cpp
[13.419s] -- Up-to-date: /home/deepspeed/ICRA2024/f1tenth_ws/install/vesc_msgs/include/vesc_msgs/msg/detail/vesc_imu_stamped__rosidl_typesupport_introspection_cpp.hpp
[13.420s] -- Up-to-date: /home/deepspeed/ICRA2024/f1tenth_ws/install/vesc_msgs/include/vesc_msgs/msg/detail/vesc_imu__type_support.cpp
[13.420s] -- Up-to-date: /home/deepspeed/ICRA2024/f1tenth_ws/install/vesc_msgs/include/vesc_msgs/msg/detail/vesc_imu_stamped__type_support.cpp
[13.421s] -- Up-to-date: /home/deepspeed/ICRA2024/f1tenth_ws/install/vesc_msgs/include/vesc_msgs/msg/detail/vesc_state_stamped__rosidl_typesupport_introspection_cpp.hpp
[13.422s] -- Up-to-date: /home/deepspeed/ICRA2024/f1tenth_ws/install/vesc_msgs/include/vesc_msgs/msg/detail/vesc_imu__rosidl_typesupport_introspection_cpp.hpp
[13.423s] -- Up-to-date: /home/deepspeed/ICRA2024/f1tenth_ws/install/vesc_msgs/include/vesc_msgs/msg/detail/vesc_state__type_support.cpp
[13.425s] -- Up-to-date: /home/deepspeed/ICRA2024/f1tenth_ws/install/vesc_msgs/include/vesc_msgs/msg/detail/vesc_state__rosidl_typesupport_introspection_cpp.hpp
[13.430s] -- Up-to-date: /home/deepspeed/ICRA2024/f1tenth_ws/install/vesc_msgs/lib/libvesc_msgs__rosidl_typesupport_introspection_cpp.so
[13.430s] -- Up-to-date: /home/deepspeed/ICRA2024/f1tenth_ws/install/vesc_msgs/lib/libvesc_msgs__rosidl_typesupport_cpp.so
[13.431s] -- Up-to-date: /home/deepspeed/ICRA2024/f1tenth_ws/install/vesc_msgs/share/vesc_msgs/environment/pythonpath.sh
[13.435s] -- Up-to-date: /home/deepspeed/ICRA2024/f1tenth_ws/install/vesc_msgs/share/vesc_msgs/environment/pythonpath.dsv
[13.439s] -- Up-to-date: /home/deepspeed/ICRA2024/f1tenth_ws/install/vesc_msgs/lib/python3.8/site-packages/vesc_msgs/__init__.py
[13.557s] -- Up-to-date: /home/deepspeed/ICRA2024/f1tenth_ws/install/vesc_msgs/lib/python3.8/site-packages/vesc_msgs/msg
[13.560s] -- Up-to-date: /home/deepspeed/ICRA2024/f1tenth_ws/install/vesc_msgs/lib/python3.8/site-packages/vesc_msgs/msg/_vesc_state.py
[13.562s] -- Up-to-date: /home/deepspeed/ICRA2024/f1tenth_ws/install/vesc_msgs/lib/python3.8/site-packages/vesc_msgs/msg/_vesc_state_stamped_s.c
[13.564s] -- Up-to-date: /home/deepspeed/ICRA2024/f1tenth_ws/install/vesc_msgs/lib/python3.8/site-packages/vesc_msgs/msg/_vesc_imu_s.c
[13.565s] -- Up-to-date: /home/deepspeed/ICRA2024/f1tenth_ws/install/vesc_msgs/lib/python3.8/site-packages/vesc_msgs/msg/_vesc_imu.py
[13.566s] -- Up-to-date: /home/deepspeed/ICRA2024/f1tenth_ws/install/vesc_msgs/lib/python3.8/site-packages/vesc_msgs/msg/_vesc_imu_stamped.py
[13.567s] -- Up-to-date: /home/deepspeed/ICRA2024/f1tenth_ws/install/vesc_msgs/lib/python3.8/site-packages/vesc_msgs/msg/_vesc_state_s.c
[13.569s] -- Up-to-date: /home/deepspeed/ICRA2024/f1tenth_ws/install/vesc_msgs/lib/python3.8/site-packages/vesc_msgs/msg/_vesc_imu_stamped_s.c
[13.570s] -- Up-to-date: /home/deepspeed/ICRA2024/f1tenth_ws/install/vesc_msgs/lib/python3.8/site-packages/vesc_msgs/msg/_vesc_state_stamped.py
[13.571s] -- Up-to-date: /home/deepspeed/ICRA2024/f1tenth_ws/install/vesc_msgs/lib/python3.8/site-packages/vesc_msgs/msg/__init__.py
[13.571s] -- Up-to-date: /home/deepspeed/ICRA2024/f1tenth_ws/install/vesc_msgs/lib/python3.8/site-packages/vesc_msgs/vesc_msgs_s__rosidl_typesupport_fastrtps_c.cpython-38-aarch64-linux-gnu.so
[13.572s] -- Up-to-date: /home/deepspeed/ICRA2024/f1tenth_ws/install/vesc_msgs/lib/python3.8/site-packages/vesc_msgs/vesc_msgs_s__rosidl_typesupport_introspection_c.cpython-38-aarch64-linux-gnu.so
[13.572s] -- Up-to-date: /home/deepspeed/ICRA2024/f1tenth_ws/install/vesc_msgs/lib/python3.8/site-packages/vesc_msgs/vesc_msgs_s__rosidl_typesupport_c.cpython-38-aarch64-linux-gnu.so
[13.573s] -- Up-to-date: /home/deepspeed/ICRA2024/f1tenth_ws/install/vesc_msgs/lib/libvesc_msgs__python.so
[13.575s] -- Up-to-date: /home/deepspeed/ICRA2024/f1tenth_ws/install/vesc_msgs/share/vesc_msgs/msg/VescState.idl
[13.577s] -- Up-to-date: /home/deepspeed/ICRA2024/f1tenth_ws/install/vesc_msgs/share/vesc_msgs/msg/VescStateStamped.idl
[13.579s] -- Up-to-date: /home/deepspeed/ICRA2024/f1tenth_ws/install/vesc_msgs/share/vesc_msgs/msg/VescImu.idl
[13.580s] -- Up-to-date: /home/deepspeed/ICRA2024/f1tenth_ws/install/vesc_msgs/share/vesc_msgs/msg/VescImuStamped.idl
[13.582s] -- Up-to-date: /home/deepspeed/ICRA2024/f1tenth_ws/install/vesc_msgs/share/vesc_msgs/msg/VescState.msg
[13.583s] -- Up-to-date: /home/deepspeed/ICRA2024/f1tenth_ws/install/vesc_msgs/share/vesc_msgs/msg/VescStateStamped.msg
[13.586s] -- Up-to-date: /home/deepspeed/ICRA2024/f1tenth_ws/install/vesc_msgs/share/vesc_msgs/msg/VescImu.msg
[13.587s] -- Up-to-date: /home/deepspeed/ICRA2024/f1tenth_ws/install/vesc_msgs/share/vesc_msgs/msg/VescImuStamped.msg
[13.588s] -- Up-to-date: /home/deepspeed/ICRA2024/f1tenth_ws/install/vesc_msgs/share/ament_index/resource_index/package_run_dependencies/vesc_msgs
[13.592s] -- Up-to-date: /home/deepspeed/ICRA2024/f1tenth_ws/install/vesc_msgs/share/ament_index/resource_index/parent_prefix_path/vesc_msgs
[13.593s] -- Up-to-date: /home/deepspeed/ICRA2024/f1tenth_ws/install/vesc_msgs/share/vesc_msgs/environment/ament_prefix_path.sh
[13.595s] -- Up-to-date: /home/deepspeed/ICRA2024/f1tenth_ws/install/vesc_msgs/share/vesc_msgs/environment/ament_prefix_path.dsv
[13.597s] -- Up-to-date: /home/deepspeed/ICRA2024/f1tenth_ws/install/vesc_msgs/share/vesc_msgs/environment/path.sh
[13.598s] -- Up-to-date: /home/deepspeed/ICRA2024/f1tenth_ws/install/vesc_msgs/share/vesc_msgs/environment/path.dsv
[13.600s] -- Up-to-date: /home/deepspeed/ICRA2024/f1tenth_ws/install/vesc_msgs/share/vesc_msgs/local_setup.bash
[13.601s] -- Up-to-date: /home/deepspeed/ICRA2024/f1tenth_ws/install/vesc_msgs/share/vesc_msgs/local_setup.sh
[13.602s] -- Up-to-date: /home/deepspeed/ICRA2024/f1tenth_ws/install/vesc_msgs/share/vesc_msgs/local_setup.zsh
[13.604s] -- Up-to-date: /home/deepspeed/ICRA2024/f1tenth_ws/install/vesc_msgs/share/vesc_msgs/local_setup.dsv
[13.606s] -- Installing: /home/deepspeed/ICRA2024/f1tenth_ws/install/vesc_msgs/share/vesc_msgs/package.dsv
[13.608s] -- Up-to-date: /home/deepspeed/ICRA2024/f1tenth_ws/install/vesc_msgs/share/ament_index/resource_index/packages/vesc_msgs
[13.609s] -- Up-to-date: /home/deepspeed/ICRA2024/f1tenth_ws/install/vesc_msgs/share/vesc_msgs/cmake/vesc_msgs__rosidl_generator_cExport.cmake
[13.611s] -- Up-to-date: /home/deepspeed/ICRA2024/f1tenth_ws/install/vesc_msgs/share/vesc_msgs/cmake/vesc_msgs__rosidl_generator_cExport-noconfig.cmake
[13.612s] -- Up-to-date: /home/deepspeed/ICRA2024/f1tenth_ws/install/vesc_msgs/share/vesc_msgs/cmake/vesc_msgs__rosidl_typesupport_introspection_cExport.cmake
[13.613s] -- Up-to-date: /home/deepspeed/ICRA2024/f1tenth_ws/install/vesc_msgs/share/vesc_msgs/cmake/vesc_msgs__rosidl_typesupport_introspection_cExport-noconfig.cmake
[13.614s] -- Up-to-date: /home/deepspeed/ICRA2024/f1tenth_ws/install/vesc_msgs/share/vesc_msgs/cmake/vesc_msgs__rosidl_typesupport_cExport.cmake
[13.616s] -- Up-to-date: /home/deepspeed/ICRA2024/f1tenth_ws/install/vesc_msgs/share/vesc_msgs/cmake/vesc_msgs__rosidl_typesupport_cExport-noconfig.cmake
[13.617s] -- Up-to-date: /home/deepspeed/ICRA2024/f1tenth_ws/install/vesc_msgs/share/vesc_msgs/cmake/vesc_msgs__rosidl_generator_cppExport.cmake
[13.618s] -- Up-to-date: /home/deepspeed/ICRA2024/f1tenth_ws/install/vesc_msgs/share/vesc_msgs/cmake/vesc_msgs__rosidl_typesupport_introspection_cppExport.cmake
[13.620s] -- Up-to-date: /home/deepspeed/ICRA2024/f1tenth_ws/install/vesc_msgs/share/vesc_msgs/cmake/vesc_msgs__rosidl_typesupport_introspection_cppExport-noconfig.cmake
[13.622s] -- Up-to-date: /home/deepspeed/ICRA2024/f1tenth_ws/install/vesc_msgs/share/vesc_msgs/cmake/vesc_msgs__rosidl_typesupport_cppExport.cmake
[13.624s] -- Up-to-date: /home/deepspeed/ICRA2024/f1tenth_ws/install/vesc_msgs/share/vesc_msgs/cmake/vesc_msgs__rosidl_typesupport_cppExport-noconfig.cmake
[13.626s] -- Up-to-date: /home/deepspeed/ICRA2024/f1tenth_ws/install/vesc_msgs/share/vesc_msgs/cmake/rosidl_cmake-extras.cmake
[13.630s] -- Up-to-date: /home/deepspeed/ICRA2024/f1tenth_ws/install/vesc_msgs/share/vesc_msgs/cmake/ament_cmake_export_dependencies-extras.cmake
[13.631s] -- Up-to-date: /home/deepspeed/ICRA2024/f1tenth_ws/install/vesc_msgs/share/vesc_msgs/cmake/ament_cmake_export_libraries-extras.cmake
[13.633s] -- Up-to-date: /home/deepspeed/ICRA2024/f1tenth_ws/install/vesc_msgs/share/vesc_msgs/cmake/ament_cmake_export_targets-extras.cmake
[13.634s] -- Up-to-date: /home/deepspeed/ICRA2024/f1tenth_ws/install/vesc_msgs/share/vesc_msgs/cmake/ament_cmake_export_include_directories-extras.cmake
[13.636s] -- Up-to-date: /home/deepspeed/ICRA2024/f1tenth_ws/install/vesc_msgs/share/vesc_msgs/cmake/rosidl_cmake_export_typesupport_libraries-extras.cmake
[13.637s] -- Up-to-date: /home/deepspeed/ICRA2024/f1tenth_ws/install/vesc_msgs/share/vesc_msgs/cmake/rosidl_cmake_export_typesupport_targets-extras.cmake
[13.638s] -- Up-to-date: /home/deepspeed/ICRA2024/f1tenth_ws/install/vesc_msgs/share/vesc_msgs/cmake/vesc_msgsConfig.cmake
[13.639s] -- Up-to-date: /home/deepspeed/ICRA2024/f1tenth_ws/install/vesc_msgs/share/vesc_msgs/cmake/vesc_msgsConfig-version.cmake
[13.641s] -- Up-to-date: /home/deepspeed/ICRA2024/f1tenth_ws/install/vesc_msgs/share/vesc_msgs/package.xml
[14.188s] Invoked command in '/home/deepspeed/ICRA2024/f1tenth_ws/build/vesc_msgs' returned '0': CMAKE_PREFIX_PATH=${CMAKE_PREFIX_PATH}:/home/deepspeed/ICRA2024/f1tenth_ws/install/f1tenth_stack:/home/deepspeed/ICRA2024/f1tenth_ws/install/joy_teleop:/home/deepspeed/ICRA2024/f1tenth_ws/install/mouse_teleop:/home/deepspeed/ICRA2024/f1tenth_ws/install/key_teleop:/home/deepspeed/ICRA2024/f1tenth_ws/install/automatic_emergency_braking:/opt/ros/foxy /usr/bin/cmake --install /home/deepspeed/ICRA2024/f1tenth_ws/build/vesc_msgs
