[4.748s] Invoking command in '/home/deepspeed/ICRA2024/f1tenth_ws/build/vesc_msgs': CMAKE_PREFIX_PATH=${CMAKE_PREFIX_PATH}:/home/deepspeed/ICRA2024/f1tenth_ws/install/f1tenth_stack:/home/deepspeed/ICRA2024/f1tenth_ws/install/joy_teleop:/home/deepspeed/ICRA2024/f1tenth_ws/install/mouse_teleop:/home/deepspeed/ICRA2024/f1tenth_ws/install/key_teleop:/home/deepspeed/ICRA2024/f1tenth_ws/install/automatic_emergency_braking:/opt/ros/foxy /usr/bin/cmake --build /home/deepspeed/ICRA2024/f1tenth_ws/build/vesc_msgs -- -j6 -l6
[10.701s] [  1%] Built target vesc_msgs__cpp
[10.703s] [ 12%] Built target vesc_msgs__rosidl_generator_c
[10.705s] [ 23%] Built target vesc_msgs__rosidl_typesupport_cpp
[10.709s] [ 45%] Built target vesc_msgs__rosidl_typesupport_c
[10.711s] [ 45%] Built target vesc_msgs__rosidl_typesupport_introspection_cpp
[10.713s] [ 56%] Built target vesc_msgs__rosidl_typesupport_fastrtps_cpp
[10.714s] [ 67%] Built target vesc_msgs__rosidl_typesupport_introspection_c
[10.717s] [ 78%] Built target vesc_msgs__rosidl_typesupport_fastrtps_c
[10.723s] [ 78%] Built target vesc_msgs
[10.729s] [ 80%] Built target vesc_msgs__py
[10.733s] [ 89%] Built target vesc_msgs__python
[10.735s] [ 94%] Built target vesc_msgs__rosidl_typesupport_introspection_c__pyext
[10.743s] [ 96%] Built target vesc_msgs__rosidl_typesupport_c__pyext
[10.746s] [100%] Built target vesc_msgs__rosidl_typesupport_fastrtps_c__pyext
[10.775s] Invoked command in '/home/deepspeed/ICRA2024/f1tenth_ws/build/vesc_msgs' returned '0': CMAKE_PREFIX_PATH=${CMAKE_PREFIX_PATH}:/home/deepspeed/ICRA2024/f1tenth_ws/install/f1tenth_stack:/home/deepspeed/ICRA2024/f1tenth_ws/install/joy_teleop:/home/deepspeed/ICRA2024/f1tenth_ws/install/mouse_teleop:/home/deepspeed/ICRA2024/f1tenth_ws/install/key_teleop:/home/deepspeed/ICRA2024/f1tenth_ws/install/automatic_emergency_braking:/opt/ros/foxy /usr/bin/cmake --build /home/deepspeed/ICRA2024/f1tenth_ws/build/vesc_msgs -- -j6 -l6
[11.964s] Invoking command in '/home/deepspeed/ICRA2024/f1tenth_ws/build/vesc_msgs': CMAKE_PREFIX_PATH=${CMAKE_PREFIX_PATH}:/home/deepspeed/ICRA2024/f1tenth_ws/install/f1tenth_stack:/home/deepspeed/ICRA2024/f1tenth_ws/install/joy_teleop:/home/deepspeed/ICRA2024/f1tenth_ws/install/mouse_teleop:/home/deepspeed/ICRA2024/f1tenth_ws/install/key_teleop:/home/deepspeed/ICRA2024/f1tenth_ws/install/automatic_emergency_braking:/opt/ros/foxy /usr/bin/cmake --install /home/deepspeed/ICRA2024/f1tenth_ws/build/vesc_msgs
[12.100s] -- Install configuration: ""
[12.100s] -- Up-to-date: /home/deepspeed/ICRA2024/f1tenth_ws/install/vesc_msgs/share/ament_index/resource_index/rosidl_interfaces/vesc_msgs
[12.101s] -- Up-to-date: /home/deepspeed/ICRA2024/f1tenth_ws/install/vesc_msgs/include/vesc_msgs
[12.102s] -- Up-to-date: /home/deepspeed/ICRA2024/f1tenth_ws/install/vesc_msgs/include/vesc_msgs/msg
[12.104s] -- Up-to-date: /home/deepspeed/ICRA2024/f1tenth_ws/install/vesc_msgs/include/vesc_msgs/msg/vesc_state.h
[12.104s] -- Up-to-date: /home/deepspeed/ICRA2024/f1tenth_ws/install/vesc_msgs/include/vesc_msgs/msg/detail
[12.105s] -- Up-to-date: /home/deepspeed/ICRA2024/f1tenth_ws/install/vesc_msgs/include/vesc_msgs/msg/detail/vesc_state_stamped__type_support.h
[12.106s] -- Up-to-date: /home/deepspeed/ICRA2024/f1tenth_ws/install/vesc_msgs/include/vesc_msgs/msg/detail/vesc_state_stamped__struct.h
[12.106s] -- Up-to-date: /home/deepspeed/ICRA2024/f1tenth_ws/install/vesc_msgs/include/vesc_msgs/msg/detail/vesc_imu__struct.h
[12.107s] -- Up-to-date: /home/deepspeed/ICRA2024/f1tenth_ws/install/vesc_msgs/include/vesc_msgs/msg/detail/vesc_state__struct.h
[12.107s] -- Up-to-date: /home/deepspeed/ICRA2024/f1tenth_ws/install/vesc_msgs/include/vesc_msgs/msg/detail/vesc_imu__functions.c
[12.108s] -- Up-to-date: /home/deepspeed/ICRA2024/f1tenth_ws/install/vesc_msgs/include/vesc_msgs/msg/detail/vesc_state__type_support.h
[12.108s] -- Up-to-date: /home/deepspeed/ICRA2024/f1tenth_ws/install/vesc_msgs/include/vesc_msgs/msg/detail/vesc_imu_stamped__functions.c
[12.108s] -- Up-to-date: /home/deepspeed/ICRA2024/f1tenth_ws/install/vesc_msgs/include/vesc_msgs/msg/detail/vesc_imu__functions.h
[12.109s] -- Up-to-date: /home/deepspeed/ICRA2024/f1tenth_ws/install/vesc_msgs/include/vesc_msgs/msg/detail/vesc_state__functions.c
[12.110s] -- Up-to-date: /home/deepspeed/ICRA2024/f1tenth_ws/install/vesc_msgs/include/vesc_msgs/msg/detail/vesc_state_stamped__functions.c
[12.111s] -- Up-to-date: /home/deepspeed/ICRA2024/f1tenth_ws/install/vesc_msgs/include/vesc_msgs/msg/detail/vesc_imu_stamped__struct.h
[12.119s] -- Up-to-date: /home/deepspeed/ICRA2024/f1tenth_ws/install/vesc_msgs/include/vesc_msgs/msg/detail/vesc_imu_stamped__functions.h
[12.120s] -- Up-to-date: /home/deepspeed/ICRA2024/f1tenth_ws/install/vesc_msgs/include/vesc_msgs/msg/detail/vesc_imu_stamped__type_support.h
[12.122s] -- Up-to-date: /home/deepspeed/ICRA2024/f1tenth_ws/install/vesc_msgs/include/vesc_msgs/msg/detail/vesc_imu__type_support.h
[12.123s] -- Up-to-date: /home/deepspeed/ICRA2024/f1tenth_ws/install/vesc_msgs/include/vesc_msgs/msg/detail/vesc_state_stamped__functions.h
[12.124s] -- Up-to-date: /home/deepspeed/ICRA2024/f1tenth_ws/install/vesc_msgs/include/vesc_msgs/msg/detail/vesc_state__functions.h
[12.124s] -- Up-to-date: /home/deepspeed/ICRA2024/f1tenth_ws/install/vesc_msgs/include/vesc_msgs/msg/vesc_state_stamped.h
[12.125s] -- Up-to-date: /home/deepspeed/ICRA2024/f1tenth_ws/install/vesc_msgs/include/vesc_msgs/msg/rosidl_generator_c__visibility_control.h
[12.125s] -- Up-to-date: /home/deepspeed/ICRA2024/f1tenth_ws/install/vesc_msgs/include/vesc_msgs/msg/vesc_imu_stamped.h
[12.126s] -- Up-to-date: /home/deepspeed/ICRA2024/f1tenth_ws/install/vesc_msgs/include/vesc_msgs/msg/vesc_imu.h
[12.126s] -- Up-to-date: /home/deepspeed/ICRA2024/f1tenth_ws/install/vesc_msgs/share/vesc_msgs/environment/library_path.sh
[12.127s] -- Up-to-date: /home/deepspeed/ICRA2024/f1tenth_ws/install/vesc_msgs/share/vesc_msgs/environment/library_path.dsv
[12.145s] -- Up-to-date: /home/deepspeed/ICRA2024/f1tenth_ws/install/vesc_msgs/lib/libvesc_msgs__rosidl_generator_c.so
[12.151s] -- Up-to-date: /home/deepspeed/ICRA2024/f1tenth_ws/install/vesc_msgs/include/vesc_msgs
[12.153s] -- Up-to-date: /home/deepspeed/ICRA2024/f1tenth_ws/install/vesc_msgs/include/vesc_msgs/msg
[12.153s] -- Up-to-date: /home/deepspeed/ICRA2024/f1tenth_ws/install/vesc_msgs/include/vesc_msgs/msg/detail
[12.154s] -- Up-to-date: /home/deepspeed/ICRA2024/f1tenth_ws/install/vesc_msgs/include/vesc_msgs/msg/detail/vesc_state__rosidl_typesupport_fastrtps_c.h
[12.154s] -- Up-to-date: /home/deepspeed/ICRA2024/f1tenth_ws/install/vesc_msgs/include/vesc_msgs/msg/detail/vesc_imu__rosidl_typesupport_fastrtps_c.h
[12.155s] -- Up-to-date: /home/deepspeed/ICRA2024/f1tenth_ws/install/vesc_msgs/include/vesc_msgs/msg/detail/vesc_state_stamped__rosidl_typesupport_fastrtps_c.h
[12.155s] -- Up-to-date: /home/deepspeed/ICRA2024/f1tenth_ws/install/vesc_msgs/include/vesc_msgs/msg/detail/vesc_imu_stamped__rosidl_typesupport_fastrtps_c.h
[12.160s] -- Up-to-date: /home/deepspeed/ICRA2024/f1tenth_ws/install/vesc_msgs/include/vesc_msgs/msg/rosidl_typesupport_fastrtps_c__visibility_control.h
[12.173s] -- Up-to-date: /home/deepspeed/ICRA2024/f1tenth_ws/install/vesc_msgs/lib/libvesc_msgs__rosidl_typesupport_fastrtps_c.so
[12.177s] -- Up-to-date: /home/deepspeed/ICRA2024/f1tenth_ws/install/vesc_msgs/include/vesc_msgs
[12.178s] -- Up-to-date: /home/deepspeed/ICRA2024/f1tenth_ws/install/vesc_msgs/include/vesc_msgs/msg
[12.178s] -- Up-to-date: /home/deepspeed/ICRA2024/f1tenth_ws/install/vesc_msgs/include/vesc_msgs/msg/detail
[12.179s] -- Up-to-date: /home/deepspeed/ICRA2024/f1tenth_ws/install/vesc_msgs/include/vesc_msgs/msg/detail/vesc_state_stamped__rosidl_typesupport_fastrtps_cpp.hpp
[12.179s] -- Up-to-date: /home/deepspeed/ICRA2024/f1tenth_ws/install/vesc_msgs/include/vesc_msgs/msg/detail/vesc_imu__rosidl_typesupport_fastrtps_cpp.hpp
[12.180s] -- Up-to-date: /home/deepspeed/ICRA2024/f1tenth_ws/install/vesc_msgs/include/vesc_msgs/msg/detail/dds_fastrtps
[12.180s] -- Up-to-date: /home/deepspeed/ICRA2024/f1tenth_ws/install/vesc_msgs/include/vesc_msgs/msg/detail/vesc_state__rosidl_typesupport_fastrtps_cpp.hpp
[12.181s] -- Up-to-date: /home/deepspeed/ICRA2024/f1tenth_ws/install/vesc_msgs/include/vesc_msgs/msg/detail/vesc_imu_stamped__rosidl_typesupport_fastrtps_cpp.hpp
[12.181s] -- Up-to-date: /home/deepspeed/ICRA2024/f1tenth_ws/install/vesc_msgs/include/vesc_msgs/msg/rosidl_typesupport_fastrtps_cpp__visibility_control.h
[12.181s] -- Up-to-date: /home/deepspeed/ICRA2024/f1tenth_ws/install/vesc_msgs/lib/libvesc_msgs__rosidl_typesupport_fastrtps_cpp.so
[12.182s] -- Up-to-date: /home/deepspeed/ICRA2024/f1tenth_ws/install/vesc_msgs/include/vesc_msgs
[12.182s] -- Up-to-date: /home/deepspeed/ICRA2024/f1tenth_ws/install/vesc_msgs/include/vesc_msgs/msg
[12.204s] -- Up-to-date: /home/deepspeed/ICRA2024/f1tenth_ws/install/vesc_msgs/include/vesc_msgs/msg/rosidl_typesupport_introspection_c__visibility_control.h
[12.204s] -- Up-to-date: /home/deepspeed/ICRA2024/f1tenth_ws/install/vesc_msgs/include/vesc_msgs/msg/detail
[12.205s] -- Up-to-date: /home/deepspeed/ICRA2024/f1tenth_ws/install/vesc_msgs/include/vesc_msgs/msg/detail/vesc_state__rosidl_typesupport_introspection_c.h
[12.205s] -- Up-to-date: /home/deepspeed/ICRA2024/f1tenth_ws/install/vesc_msgs/include/vesc_msgs/msg/detail/vesc_imu_stamped__rosidl_typesupport_introspection_c.h
[12.206s] -- Up-to-date: /home/deepspeed/ICRA2024/f1tenth_ws/install/vesc_msgs/include/vesc_msgs/msg/detail/vesc_imu_stamped__type_support.c
[12.206s] -- Up-to-date: /home/deepspeed/ICRA2024/f1tenth_ws/install/vesc_msgs/include/vesc_msgs/msg/detail/vesc_imu__rosidl_typesupport_introspection_c.h
[12.207s] -- Up-to-date: /home/deepspeed/ICRA2024/f1tenth_ws/install/vesc_msgs/include/vesc_msgs/msg/detail/vesc_state_stamped__type_support.c
[12.207s] -- Up-to-date: /home/deepspeed/ICRA2024/f1tenth_ws/install/vesc_msgs/include/vesc_msgs/msg/detail/vesc_imu__type_support.c
[12.208s] -- Up-to-date: /home/deepspeed/ICRA2024/f1tenth_ws/install/vesc_msgs/include/vesc_msgs/msg/detail/vesc_state_stamped__rosidl_typesupport_introspection_c.h
[12.208s] -- Up-to-date: /home/deepspeed/ICRA2024/f1tenth_ws/install/vesc_msgs/include/vesc_msgs/msg/detail/vesc_state__type_support.c
[12.209s] -- Up-to-date: /home/deepspeed/ICRA2024/f1tenth_ws/install/vesc_msgs/lib/libvesc_msgs__rosidl_typesupport_introspection_c.so
[12.209s] -- Up-to-date: /home/deepspeed/ICRA2024/f1tenth_ws/install/vesc_msgs/lib/libvesc_msgs__rosidl_typesupport_c.so
[12.210s] -- Up-to-date: /home/deepspeed/ICRA2024/f1tenth_ws/install/vesc_msgs/include/vesc_msgs
[12.210s] -- Up-to-date: /home/deepspeed/ICRA2024/f1tenth_ws/install/vesc_msgs/include/vesc_msgs/msg
[12.211s] -- Up-to-date: /home/deepspeed/ICRA2024/f1tenth_ws/install/vesc_msgs/include/vesc_msgs/msg/detail
[12.211s] -- Up-to-date: /home/deepspeed/ICRA2024/f1tenth_ws/install/vesc_msgs/include/vesc_msgs/msg/detail/vesc_imu_stamped__type_support.hpp
[12.212s] -- Up-to-date: /home/deepspeed/ICRA2024/f1tenth_ws/install/vesc_msgs/include/vesc_msgs/msg/detail/vesc_imu__builder.hpp
[12.212s] -- Up-to-date: /home/deepspeed/ICRA2024/f1tenth_ws/install/vesc_msgs/include/vesc_msgs/msg/detail/vesc_imu__struct.hpp
[12.213s] -- Up-to-date: /home/deepspeed/ICRA2024/f1tenth_ws/install/vesc_msgs/include/vesc_msgs/msg/detail/vesc_imu_stamped__traits.hpp
[12.213s] -- Up-to-date: /home/deepspeed/ICRA2024/f1tenth_ws/install/vesc_msgs/include/vesc_msgs/msg/detail/vesc_imu__type_support.hpp
[12.214s] -- Up-to-date: /home/deepspeed/ICRA2024/f1tenth_ws/install/vesc_msgs/include/vesc_msgs/msg/detail/vesc_state_stamped__builder.hpp
[12.214s] -- Up-to-date: /home/deepspeed/ICRA2024/f1tenth_ws/install/vesc_msgs/include/vesc_msgs/msg/detail/vesc_state__traits.hpp
[12.215s] -- Up-to-date: /home/deepspeed/ICRA2024/f1tenth_ws/install/vesc_msgs/include/vesc_msgs/msg/detail/vesc_state__type_support.hpp
[12.216s] -- Up-to-date: /home/deepspeed/ICRA2024/f1tenth_ws/install/vesc_msgs/include/vesc_msgs/msg/detail/vesc_state_stamped__struct.hpp
[12.216s] -- Up-to-date: /home/deepspeed/ICRA2024/f1tenth_ws/install/vesc_msgs/include/vesc_msgs/msg/detail/vesc_imu__traits.hpp
[12.218s] -- Up-to-date: /home/deepspeed/ICRA2024/f1tenth_ws/install/vesc_msgs/include/vesc_msgs/msg/detail/vesc_imu_stamped__builder.hpp
[12.218s] -- Up-to-date: /home/deepspeed/ICRA2024/f1tenth_ws/install/vesc_msgs/include/vesc_msgs/msg/detail/vesc_state__struct.hpp
[12.219s] -- Up-to-date: /home/deepspeed/ICRA2024/f1tenth_ws/install/vesc_msgs/include/vesc_msgs/msg/detail/vesc_state_stamped__type_support.hpp
[12.219s] -- Up-to-date: /home/deepspeed/ICRA2024/f1tenth_ws/install/vesc_msgs/include/vesc_msgs/msg/detail/vesc_imu_stamped__struct.hpp
[12.220s] -- Up-to-date: /home/deepspeed/ICRA2024/f1tenth_ws/install/vesc_msgs/include/vesc_msgs/msg/detail/vesc_state_stamped__traits.hpp
[12.220s] -- Up-to-date: /home/deepspeed/ICRA2024/f1tenth_ws/install/vesc_msgs/include/vesc_msgs/msg/detail/vesc_state__builder.hpp
[12.221s] -- Up-to-date: /home/deepspeed/ICRA2024/f1tenth_ws/install/vesc_msgs/include/vesc_msgs/msg/vesc_imu.hpp
[12.221s] -- Up-to-date: /home/deepspeed/ICRA2024/f1tenth_ws/install/vesc_msgs/include/vesc_msgs/msg/vesc_imu_stamped.hpp
[12.222s] -- Up-to-date: /home/deepspeed/ICRA2024/f1tenth_ws/install/vesc_msgs/include/vesc_msgs/msg/vesc_state_stamped.hpp
[12.222s] -- Up-to-date: /home/deepspeed/ICRA2024/f1tenth_ws/install/vesc_msgs/include/vesc_msgs/msg/rosidl_generator_cpp__visibility_control.hpp
[12.222s] -- Up-to-date: /home/deepspeed/ICRA2024/f1tenth_ws/install/vesc_msgs/include/vesc_msgs/msg/vesc_state.hpp
[12.232s] -- Up-to-date: /home/deepspeed/ICRA2024/f1tenth_ws/install/vesc_msgs/include/vesc_msgs
[12.234s] -- Up-to-date: /home/deepspeed/ICRA2024/f1tenth_ws/install/vesc_msgs/include/vesc_msgs/msg
[12.235s] -- Up-to-date: /home/deepspeed/ICRA2024/f1tenth_ws/install/vesc_msgs/include/vesc_msgs/msg/detail
[12.235s] -- Up-to-date: /home/deepspeed/ICRA2024/f1tenth_ws/install/vesc_msgs/include/vesc_msgs/msg/detail/vesc_state_stamped__type_support.cpp
[12.236s] -- Up-to-date: /home/deepspeed/ICRA2024/f1tenth_ws/install/vesc_msgs/include/vesc_msgs/msg/detail/vesc_imu_stamped__rosidl_typesupport_introspection_cpp.hpp
[12.236s] -- Up-to-date: /home/deepspeed/ICRA2024/f1tenth_ws/install/vesc_msgs/include/vesc_msgs/msg/detail/vesc_imu__type_support.cpp
[12.237s] -- Up-to-date: /home/deepspeed/ICRA2024/f1tenth_ws/install/vesc_msgs/include/vesc_msgs/msg/detail/vesc_imu_stamped__type_support.cpp
[12.237s] -- Up-to-date: /home/deepspeed/ICRA2024/f1tenth_ws/install/vesc_msgs/include/vesc_msgs/msg/detail/vesc_state_stamped__rosidl_typesupport_introspection_cpp.hpp
[12.237s] -- Up-to-date: /home/deepspeed/ICRA2024/f1tenth_ws/install/vesc_msgs/include/vesc_msgs/msg/detail/vesc_imu__rosidl_typesupport_introspection_cpp.hpp
[12.238s] -- Up-to-date: /home/deepspeed/ICRA2024/f1tenth_ws/install/vesc_msgs/include/vesc_msgs/msg/detail/vesc_state__type_support.cpp
[12.238s] -- Up-to-date: /home/deepspeed/ICRA2024/f1tenth_ws/install/vesc_msgs/include/vesc_msgs/msg/detail/vesc_state__rosidl_typesupport_introspection_cpp.hpp
[12.239s] -- Up-to-date: /home/deepspeed/ICRA2024/f1tenth_ws/install/vesc_msgs/lib/libvesc_msgs__rosidl_typesupport_introspection_cpp.so
[12.239s] -- Up-to-date: /home/deepspeed/ICRA2024/f1tenth_ws/install/vesc_msgs/lib/libvesc_msgs__rosidl_typesupport_cpp.so
[12.241s] -- Up-to-date: /home/deepspeed/ICRA2024/f1tenth_ws/install/vesc_msgs/share/vesc_msgs/environment/pythonpath.sh
[12.241s] -- Up-to-date: /home/deepspeed/ICRA2024/f1tenth_ws/install/vesc_msgs/share/vesc_msgs/environment/pythonpath.dsv
[12.242s] -- Up-to-date: /home/deepspeed/ICRA2024/f1tenth_ws/install/vesc_msgs/lib/python3.8/site-packages/vesc_msgs/__init__.py
[12.356s] -- Up-to-date: /home/deepspeed/ICRA2024/f1tenth_ws/install/vesc_msgs/lib/python3.8/site-packages/vesc_msgs/msg
[12.356s] -- Up-to-date: /home/deepspeed/ICRA2024/f1tenth_ws/install/vesc_msgs/lib/python3.8/site-packages/vesc_msgs/msg/_vesc_state.py
[12.357s] -- Up-to-date: /home/deepspeed/ICRA2024/f1tenth_ws/install/vesc_msgs/lib/python3.8/site-packages/vesc_msgs/msg/_vesc_state_stamped_s.c
[12.358s] -- Up-to-date: /home/deepspeed/ICRA2024/f1tenth_ws/install/vesc_msgs/lib/python3.8/site-packages/vesc_msgs/msg/_vesc_imu_s.c
[12.359s] -- Up-to-date: /home/deepspeed/ICRA2024/f1tenth_ws/install/vesc_msgs/lib/python3.8/site-packages/vesc_msgs/msg/_vesc_imu.py
[12.360s] -- Up-to-date: /home/deepspeed/ICRA2024/f1tenth_ws/install/vesc_msgs/lib/python3.8/site-packages/vesc_msgs/msg/_vesc_imu_stamped.py
[12.360s] -- Up-to-date: /home/deepspeed/ICRA2024/f1tenth_ws/install/vesc_msgs/lib/python3.8/site-packages/vesc_msgs/msg/_vesc_state_s.c
[12.361s] -- Up-to-date: /home/deepspeed/ICRA2024/f1tenth_ws/install/vesc_msgs/lib/python3.8/site-packages/vesc_msgs/msg/_vesc_imu_stamped_s.c
[12.371s] -- Up-to-date: /home/deepspeed/ICRA2024/f1tenth_ws/install/vesc_msgs/lib/python3.8/site-packages/vesc_msgs/msg/_vesc_state_stamped.py
[12.373s] -- Up-to-date: /home/deepspeed/ICRA2024/f1tenth_ws/install/vesc_msgs/lib/python3.8/site-packages/vesc_msgs/msg/__init__.py
[12.375s] -- Up-to-date: /home/deepspeed/ICRA2024/f1tenth_ws/install/vesc_msgs/lib/python3.8/site-packages/vesc_msgs/vesc_msgs_s__rosidl_typesupport_fastrtps_c.cpython-38-aarch64-linux-gnu.so
[12.378s] -- Up-to-date: /home/deepspeed/ICRA2024/f1tenth_ws/install/vesc_msgs/lib/python3.8/site-packages/vesc_msgs/vesc_msgs_s__rosidl_typesupport_introspection_c.cpython-38-aarch64-linux-gnu.so
[12.395s] -- Up-to-date: /home/deepspeed/ICRA2024/f1tenth_ws/install/vesc_msgs/lib/python3.8/site-packages/vesc_msgs/vesc_msgs_s__rosidl_typesupport_c.cpython-38-aarch64-linux-gnu.so
[12.397s] -- Up-to-date: /home/deepspeed/ICRA2024/f1tenth_ws/install/vesc_msgs/lib/libvesc_msgs__python.so
[12.397s] -- Up-to-date: /home/deepspeed/ICRA2024/f1tenth_ws/install/vesc_msgs/share/vesc_msgs/msg/VescState.idl
[12.399s] -- Up-to-date: /home/deepspeed/ICRA2024/f1tenth_ws/install/vesc_msgs/share/vesc_msgs/msg/VescStateStamped.idl
[12.400s] -- Up-to-date: /home/deepspeed/ICRA2024/f1tenth_ws/install/vesc_msgs/share/vesc_msgs/msg/VescImu.idl
[12.401s] -- Up-to-date: /home/deepspeed/ICRA2024/f1tenth_ws/install/vesc_msgs/share/vesc_msgs/msg/VescImuStamped.idl
[12.401s] -- Up-to-date: /home/deepspeed/ICRA2024/f1tenth_ws/install/vesc_msgs/share/vesc_msgs/msg/VescState.msg
[12.402s] -- Up-to-date: /home/deepspeed/ICRA2024/f1tenth_ws/install/vesc_msgs/share/vesc_msgs/msg/VescStateStamped.msg
[12.402s] -- Up-to-date: /home/deepspeed/ICRA2024/f1tenth_ws/install/vesc_msgs/share/vesc_msgs/msg/VescImu.msg
[12.403s] -- Up-to-date: /home/deepspeed/ICRA2024/f1tenth_ws/install/vesc_msgs/share/vesc_msgs/msg/VescImuStamped.msg
[12.409s] -- Up-to-date: /home/deepspeed/ICRA2024/f1tenth_ws/install/vesc_msgs/share/ament_index/resource_index/package_run_dependencies/vesc_msgs
[12.410s] -- Up-to-date: /home/deepspeed/ICRA2024/f1tenth_ws/install/vesc_msgs/share/ament_index/resource_index/parent_prefix_path/vesc_msgs
[12.411s] -- Up-to-date: /home/deepspeed/ICRA2024/f1tenth_ws/install/vesc_msgs/share/vesc_msgs/environment/ament_prefix_path.sh
[12.411s] -- Up-to-date: /home/deepspeed/ICRA2024/f1tenth_ws/install/vesc_msgs/share/vesc_msgs/environment/ament_prefix_path.dsv
[12.412s] -- Up-to-date: /home/deepspeed/ICRA2024/f1tenth_ws/install/vesc_msgs/share/vesc_msgs/environment/path.sh
[12.413s] -- Up-to-date: /home/deepspeed/ICRA2024/f1tenth_ws/install/vesc_msgs/share/vesc_msgs/environment/path.dsv
[12.413s] -- Up-to-date: /home/deepspeed/ICRA2024/f1tenth_ws/install/vesc_msgs/share/vesc_msgs/local_setup.bash
[12.423s] -- Up-to-date: /home/deepspeed/ICRA2024/f1tenth_ws/install/vesc_msgs/share/vesc_msgs/local_setup.sh
[12.424s] -- Up-to-date: /home/deepspeed/ICRA2024/f1tenth_ws/install/vesc_msgs/share/vesc_msgs/local_setup.zsh
[12.424s] -- Up-to-date: /home/deepspeed/ICRA2024/f1tenth_ws/install/vesc_msgs/share/vesc_msgs/local_setup.dsv
[12.425s] -- Installing: /home/deepspeed/ICRA2024/f1tenth_ws/install/vesc_msgs/share/vesc_msgs/package.dsv
[12.425s] -- Up-to-date: /home/deepspeed/ICRA2024/f1tenth_ws/install/vesc_msgs/share/ament_index/resource_index/packages/vesc_msgs
[12.432s] -- Up-to-date: /home/deepspeed/ICRA2024/f1tenth_ws/install/vesc_msgs/share/vesc_msgs/cmake/vesc_msgs__rosidl_generator_cExport.cmake
[12.432s] -- Up-to-date: /home/deepspeed/ICRA2024/f1tenth_ws/install/vesc_msgs/share/vesc_msgs/cmake/vesc_msgs__rosidl_generator_cExport-noconfig.cmake
[12.433s] -- Up-to-date: /home/deepspeed/ICRA2024/f1tenth_ws/install/vesc_msgs/share/vesc_msgs/cmake/vesc_msgs__rosidl_typesupport_introspection_cExport.cmake
[12.433s] -- Up-to-date: /home/deepspeed/ICRA2024/f1tenth_ws/install/vesc_msgs/share/vesc_msgs/cmake/vesc_msgs__rosidl_typesupport_introspection_cExport-noconfig.cmake
[12.434s] -- Up-to-date: /home/deepspeed/ICRA2024/f1tenth_ws/install/vesc_msgs/share/vesc_msgs/cmake/vesc_msgs__rosidl_typesupport_cExport.cmake
[12.434s] -- Up-to-date: /home/deepspeed/ICRA2024/f1tenth_ws/install/vesc_msgs/share/vesc_msgs/cmake/vesc_msgs__rosidl_typesupport_cExport-noconfig.cmake
[12.435s] -- Up-to-date: /home/deepspeed/ICRA2024/f1tenth_ws/install/vesc_msgs/share/vesc_msgs/cmake/vesc_msgs__rosidl_generator_cppExport.cmake
[12.435s] -- Up-to-date: /home/deepspeed/ICRA2024/f1tenth_ws/install/vesc_msgs/share/vesc_msgs/cmake/vesc_msgs__rosidl_typesupport_introspection_cppExport.cmake
[12.436s] -- Up-to-date: /home/deepspeed/ICRA2024/f1tenth_ws/install/vesc_msgs/share/vesc_msgs/cmake/vesc_msgs__rosidl_typesupport_introspection_cppExport-noconfig.cmake
[12.436s] -- Up-to-date: /home/deepspeed/ICRA2024/f1tenth_ws/install/vesc_msgs/share/vesc_msgs/cmake/vesc_msgs__rosidl_typesupport_cppExport.cmake
[12.437s] -- Up-to-date: /home/deepspeed/ICRA2024/f1tenth_ws/install/vesc_msgs/share/vesc_msgs/cmake/vesc_msgs__rosidl_typesupport_cppExport-noconfig.cmake
[12.438s] -- Up-to-date: /home/deepspeed/ICRA2024/f1tenth_ws/install/vesc_msgs/share/vesc_msgs/cmake/rosidl_cmake-extras.cmake
[12.439s] -- Up-to-date: /home/deepspeed/ICRA2024/f1tenth_ws/install/vesc_msgs/share/vesc_msgs/cmake/ament_cmake_export_dependencies-extras.cmake
[12.439s] -- Up-to-date: /home/deepspeed/ICRA2024/f1tenth_ws/install/vesc_msgs/share/vesc_msgs/cmake/ament_cmake_export_libraries-extras.cmake
[12.440s] -- Up-to-date: /home/deepspeed/ICRA2024/f1tenth_ws/install/vesc_msgs/share/vesc_msgs/cmake/ament_cmake_export_targets-extras.cmake
[12.440s] -- Up-to-date: /home/deepspeed/ICRA2024/f1tenth_ws/install/vesc_msgs/share/vesc_msgs/cmake/ament_cmake_export_include_directories-extras.cmake
[12.465s] -- Up-to-date: /home/deepspeed/ICRA2024/f1tenth_ws/install/vesc_msgs/share/vesc_msgs/cmake/rosidl_cmake_export_typesupport_libraries-extras.cmake
[12.468s] -- Up-to-date: /home/deepspeed/ICRA2024/f1tenth_ws/install/vesc_msgs/share/vesc_msgs/cmake/rosidl_cmake_export_typesupport_targets-extras.cmake
[12.470s] -- Up-to-date: /home/deepspeed/ICRA2024/f1tenth_ws/install/vesc_msgs/share/vesc_msgs/cmake/vesc_msgsConfig.cmake
[12.473s] -- Up-to-date: /home/deepspeed/ICRA2024/f1tenth_ws/install/vesc_msgs/share/vesc_msgs/cmake/vesc_msgsConfig-version.cmake
[12.474s] -- Up-to-date: /home/deepspeed/ICRA2024/f1tenth_ws/install/vesc_msgs/share/vesc_msgs/package.xml
[13.169s] Invoked command in '/home/deepspeed/ICRA2024/f1tenth_ws/build/vesc_msgs' returned '0': CMAKE_PREFIX_PATH=${CMAKE_PREFIX_PATH}:/home/deepspeed/ICRA2024/f1tenth_ws/install/f1tenth_stack:/home/deepspeed/ICRA2024/f1tenth_ws/install/joy_teleop:/home/deepspeed/ICRA2024/f1tenth_ws/install/mouse_teleop:/home/deepspeed/ICRA2024/f1tenth_ws/install/key_teleop:/home/deepspeed/ICRA2024/f1tenth_ws/install/automatic_emergency_braking:/opt/ros/foxy /usr/bin/cmake --install /home/deepspeed/ICRA2024/f1tenth_ws/build/vesc_msgs
