[14.786s] Invoking command in '/home/deepspeed/ICRA2024/f1tenth_ws/src/f1tenth_system/teleop_tools/mouse_teleop': PYTHONPATH=/home/deepspeed/ICRA2024/f1tenth_ws/build/mouse_teleop/prefix_override:/home/deepspeed/ICRA2024/f1tenth_ws/install/mouse_teleop/lib/python3.8/site-packages:${PYTHONPATH} /usr/bin/python3 setup.py egg_info --egg-base ../../../../build/mouse_teleop build --build-base /home/deepspeed/ICRA2024/f1tenth_ws/build/mouse_teleop/build install --record /home/deepspeed/ICRA2024/f1tenth_ws/build/mouse_teleop/install.log --install-scripts $base/lib/mouse_teleop --single-version-externally-managed
[16.016s] running egg_info
[16.017s] writing ../../../../build/mouse_teleop/mouse_teleop.egg-info/PKG-INFO
[16.036s] writing dependency_links to ../../../../build/mouse_teleop/mouse_teleop.egg-info/dependency_links.txt
[16.040s] writing entry points to ../../../../build/mouse_teleop/mouse_teleop.egg-info/entry_points.txt
[16.043s] writing requirements to ../../../../build/mouse_teleop/mouse_teleop.egg-info/requires.txt
[16.047s] writing top-level names to ../../../../build/mouse_teleop/mouse_teleop.egg-info/top_level.txt
[16.224s] reading manifest file '../../../../build/mouse_teleop/mouse_teleop.egg-info/SOURCES.txt'
[16.265s] writing manifest file '../../../../build/mouse_teleop/mouse_teleop.egg-info/SOURCES.txt'
[16.267s] running build
[16.270s] running build_py
[16.277s] running install
[16.287s] running install_lib
[16.294s] running install_data
[16.301s] running install_egg_info
[16.308s] removing '/home/deepspeed/ICRA2024/f1tenth_ws/install/mouse_teleop/lib/python3.8/site-packages/mouse_teleop-0.3.0-py3.8.egg-info' (and everything under it)
[16.313s] Copying ../../../../build/mouse_teleop/mouse_teleop.egg-info to /home/deepspeed/ICRA2024/f1tenth_ws/install/mouse_teleop/lib/python3.8/site-packages/mouse_teleop-0.3.0-py3.8.egg-info
[16.318s] running install_scripts
[16.390s] Installing mouse_teleop script to /home/deepspeed/ICRA2024/f1tenth_ws/install/mouse_teleop/lib/mouse_teleop
[16.530s] writing list of installed files to '/home/deepspeed/ICRA2024/f1tenth_ws/build/mouse_teleop/install.log'
[21.052s] Invoked command in '/home/deepspeed/ICRA2024/f1tenth_ws/src/f1tenth_system/teleop_tools/mouse_teleop' returned '0': PYTHONPATH=/home/deepspeed/ICRA2024/f1tenth_ws/build/mouse_teleop/prefix_override:/home/deepspeed/ICRA2024/f1tenth_ws/install/mouse_teleop/lib/python3.8/site-packages:${PYTHONPATH} /usr/bin/python3 setup.py egg_info --egg-base ../../../../build/mouse_teleop build --build-base /home/deepspeed/ICRA2024/f1tenth_ws/build/mouse_teleop/build install --record /home/deepspeed/ICRA2024/f1tenth_ws/build/mouse_teleop/install.log --install-scripts $base/lib/mouse_teleop --single-version-externally-managed
